<?xml version="1.0" encoding="UTF-8"?>
<testsuite xmlns:xsi="http://www.w3.org/2001/XMLSchema-instance" xsi:noNamespaceSchemaLocation="https://maven.apache.org/surefire/maven-surefire-plugin/xsd/surefire-test-report-3.0.xsd" version="3.0" name="TestSuite" time="35,783.239" tests="152" errors="0" skipped="0" failures="31">
  <properties>
    <property name="sun.desktop" value="windows"/>
    <property name="awt.toolkit" value="sun.awt.windows.WToolkit"/>
    <property name="testNGFile" value="SanityTestXSS.xml"/>
    <property name="java.specification.version" value="1.8"/>
    <property name="file.encoding.pkg" value="sun.io"/>
    <property name="sun.cpu.isalist" value="amd64"/>
    <property name="sun.jnu.encoding" value="Cp1252"/>
    <property name="java.class.path" value="E:\Naveenkumar-11568\REPORTSautomation\ScriptVersions\Script6\target\test-classes;E:\Naveenkumar-11568\REPORTSautomation\ScriptVersions\Script6\target\classes;C:\Users\NThimmaiah\.m2\repository\com\iSafe\maven\iSafe\1.0\iSafe-1.0.jar;C:\Users\NThimmaiah\.m2\repository\org\json\json\20180130\json-20180130.jar;C:\Users\NThimmaiah\.m2\repository\org\apache\clerezza\ext\org.json.simple\0.4\org.json.simple-0.4.jar;C:\Users\NThimmaiah\.m2\repository\com\googlecode\json-simple\json-simple\1.1\json-simple-1.1.jar;C:\Users\NThimmaiah\.m2\repository\org\apache\directory\studio\org.apache.commons.lang\2.6\org.apache.commons.lang-2.6.jar;C:\Users\NThimmaiah\.m2\repository\commons-lang\commons-lang\2.6\commons-lang-2.6.jar;C:\Users\NThimmaiah\.m2\repository\org\apache\poi\poi\3.17\poi-3.17.jar;C:\Users\NThimmaiah\.m2\repository\commons-codec\commons-codec\1.10\commons-codec-1.10.jar;C:\Users\NThimmaiah\.m2\repository\org\apache\commons\commons-collections4\4.1\commons-collections4-4.1.jar;C:\Users\NThimmaiah\.m2\repository\org\apache\poi\poi-ooxml\3.17\poi-ooxml-3.17.jar;C:\Users\NThimmaiah\.m2\repository\org\apache\poi\poi-ooxml-schemas\3.17\poi-ooxml-schemas-3.17.jar;C:\Users\NThimmaiah\.m2\repository\org\apache\xmlbeans\xmlbeans\2.6.0\xmlbeans-2.6.0.jar;C:\Users\NThimmaiah\.m2\repository\stax\stax-api\1.0.1\stax-api-1.0.1.jar;C:\Users\NThimmaiah\.m2\repository\com\github\virtuald\curvesapi\1.04\curvesapi-1.04.jar;C:\Users\NThimmaiah\.m2\repository\org\seleniumhq\selenium\selenium-java\3.6.0\selenium-java-3.6.0.jar;C:\Users\NThimmaiah\.m2\repository\org\seleniumhq\selenium\selenium-api\3.6.0\selenium-api-3.6.0.jar;C:\Users\NThimmaiah\.m2\repository\org\seleniumhq\selenium\selenium-edge-driver\3.6.0\selenium-edge-driver-3.6.0.jar;C:\Users\NThimmaiah\.m2\repository\org\seleniumhq\selenium\selenium-firefox-driver\3.6.0\selenium-firefox-driver-3.6.0.jar;C:\Users\NThimmaiah\.m2\repository\org\seleniumhq\selenium\selenium-ie-driver\3.6.0\selenium-ie-driver-3.6.0.jar;C:\Users\NThimmaiah\.m2\repository\org\seleniumhq\selenium\selenium-opera-driver\3.6.0\selenium-opera-driver-3.6.0.jar;C:\Users\NThimmaiah\.m2\repository\org\seleniumhq\selenium\selenium-remote-driver\3.6.0\selenium-remote-driver-3.6.0.jar;C:\Users\NThimmaiah\.m2\repository\org\seleniumhq\selenium\selenium-safari-driver\3.6.0\selenium-safari-driver-3.6.0.jar;C:\Users\NThimmaiah\.m2\repository\org\seleniumhq\selenium\selenium-support\3.6.0\selenium-support-3.6.0.jar;C:\Users\NThimmaiah\.m2\repository\net\bytebuddy\byte-buddy\1.7.5\byte-buddy-1.7.5.jar;C:\Users\NThimmaiah\.m2\repository\org\apache\commons\commons-exec\1.3\commons-exec-1.3.jar;C:\Users\NThimmaiah\.m2\repository\commons-logging\commons-logging\1.2\commons-logging-1.2.jar;C:\Users\NThimmaiah\.m2\repository\com\google\code\gson\gson\2.8.0\gson-2.8.0.jar;C:\Users\NThimmaiah\.m2\repository\com\google\guava\guava\23.0\guava-23.0.jar;C:\Users\NThimmaiah\.m2\repository\com\google\code\findbugs\jsr305\1.3.9\jsr305-1.3.9.jar;C:\Users\NThimmaiah\.m2\repository\com\google\errorprone\error_prone_annotations\2.0.18\error_prone_annotations-2.0.18.jar;C:\Users\NThimmaiah\.m2\repository\com\google\j2objc\j2objc-annotations\1.1\j2objc-annotations-1.1.jar;C:\Users\NThimmaiah\.m2\repository\org\codehaus\mojo\animal-sniffer-annotations\1.14\animal-sniffer-annotations-1.14.jar;C:\Users\NThimmaiah\.m2\repository\org\apache\httpcomponents\httpclient\4.5.3\httpclient-4.5.3.jar;C:\Users\NThimmaiah\.m2\repository\org\apache\httpcomponents\httpcore\4.4.6\httpcore-4.4.6.jar;C:\Users\NThimmaiah\.m2\repository\net\java\dev\jna\jna\4.1.0\jna-4.1.0.jar;C:\Users\NThimmaiah\.m2\repository\net\java\dev\jna\jna-platform\4.1.0\jna-platform-4.1.0.jar;C:\Users\NThimmaiah\.m2\repository\org\testng\testng\6.10\testng-6.10.jar;C:\Users\NThimmaiah\.m2\repository\com\beust\jcommander\1.48\jcommander-1.48.jar;C:\Users\NThimmaiah\.m2\repository\io\appium\java-client\5.0.0-BETA6\java-client-5.0.0-BETA6.jar;C:\Users\NThimmaiah\.m2\repository\cglib\cglib\3.2.4\cglib-3.2.4.jar;C:\Users\NThimmaiah\.m2\repository\org\ow2\asm\asm\5.1\asm-5.1.jar;C:\Users\NThimmaiah\.m2\repository\org\apache\ant\ant\1.9.6\ant-1.9.6.jar;C:\Users\NThimmaiah\.m2\repository\org\apache\ant\ant-launcher\1.9.6\ant-launcher-1.9.6.jar;C:\Users\NThimmaiah\.m2\repository\commons-validator\commons-validator\1.5.1\commons-validator-1.5.1.jar;C:\Users\NThimmaiah\.m2\repository\commons-beanutils\commons-beanutils\1.9.2\commons-beanutils-1.9.2.jar;C:\Users\NThimmaiah\.m2\repository\commons-digester\commons-digester\1.8.1\commons-digester-1.8.1.jar;C:\Users\NThimmaiah\.m2\repository\commons-collections\commons-collections\3.2.2\commons-collections-3.2.2.jar;C:\Users\NThimmaiah\.m2\repository\org\apache\commons\commons-lang3\3.5\commons-lang3-3.5.jar;C:\Users\NThimmaiah\.m2\repository\commons-io\commons-io\2.5\commons-io-2.5.jar;C:\Users\NThimmaiah\.m2\repository\org\springframework\spring-context\4.3.5.RELEASE\spring-context-4.3.5.RELEASE.jar;C:\Users\NThimmaiah\.m2\repository\org\springframework\spring-aop\4.3.5.RELEASE\spring-aop-4.3.5.RELEASE.jar;C:\Users\NThimmaiah\.m2\repository\org\springframework\spring-beans\4.3.5.RELEASE\spring-beans-4.3.5.RELEASE.jar;C:\Users\NThimmaiah\.m2\repository\org\springframework\spring-core\4.3.5.RELEASE\spring-core-4.3.5.RELEASE.jar;C:\Users\NThimmaiah\.m2\repository\org\springframework\spring-expression\4.3.5.RELEASE\spring-expression-4.3.5.RELEASE.jar;C:\Users\NThimmaiah\.m2\repository\org\aspectj\aspectjweaver\1.8.10\aspectjweaver-1.8.10.jar;C:\Users\NThimmaiah\.m2\repository\log4j\log4j\1.2.17\log4j-1.2.17.jar;C:\Users\NThimmaiah\.m2\repository\net\sourceforge\jexcelapi\jxl\2.6.12\jxl-2.6.12.jar;C:\Users\NThimmaiah\.m2\repository\javax\mail\javax.mail-api\1.6.0-rc2\javax.mail-api-1.6.0-rc2.jar;C:\Users\NThimmaiah\.m2\repository\org\seleniumhq\selenium\selenium-chrome-driver\3.4.0\selenium-chrome-driver-3.4.0.jar;C:\Users\NThimmaiah\.m2\repository\cglib\cglib-nodep\3.2.4\cglib-nodep-3.2.4.jar;"/>
    <property name="java.vm.vendor" value="Oracle Corporation"/>
    <property name="screenshotPath" value="E:\Naveenkumar-11568\REPORTSautomation\ScriptVersions\Script6/SureFireReports/20201119-164031/Screenshots"/>
    <property name="sun.arch.data.model" value="64"/>
    <property name="user.variant" value=""/>
    <property name="java.vendor.url" value="http://java.oracle.com/"/>
    <property name="user.timezone" value="Asia/Calcutta"/>
    <property name="environmentName" value="LOCAL"/>
    <property name="java.vm.specification.version" value="1.8"/>
    <property name="os.name" value="Windows 10"/>
    <property name="user.country" value="IN"/>
    <property name="sun.java.launcher" value="SUN_STANDARD"/>
    <property name="suiteName" value=""/>
    <property name="environmentURL" value="https://qat.xcmsolutions.com/xcmv2"/>
    <property name="sun.boot.library.path" value="C:\Program Files\Java\jre1.8.0_191\bin"/>
    <property name="sun.java.command" value="C:\Users\NThimmaiah\AppData\Local\Temp\surefire587413899771600373\surefirebooter109919121582407056.jar C:\Users\NThimmaiah\AppData\Local\Temp\surefire587413899771600373 2020-11-19T22-10-34_724-jvmRun1 surefire5719925067011297951tmp surefire_02306586775215914117tmp"/>
    <property name="surefire.test.class.path" value="E:\Naveenkumar-11568\REPORTSautomation\ScriptVersions\Script6\target\test-classes;E:\Naveenkumar-11568\REPORTSautomation\ScriptVersions\Script6\target\classes;C:\Users\NThimmaiah\.m2\repository\com\iSafe\maven\iSafe\1.0\iSafe-1.0.jar;C:\Users\NThimmaiah\.m2\repository\org\json\json\20180130\json-20180130.jar;C:\Users\NThimmaiah\.m2\repository\org\apache\clerezza\ext\org.json.simple\0.4\org.json.simple-0.4.jar;C:\Users\NThimmaiah\.m2\repository\com\googlecode\json-simple\json-simple\1.1\json-simple-1.1.jar;C:\Users\NThimmaiah\.m2\repository\org\apache\directory\studio\org.apache.commons.lang\2.6\org.apache.commons.lang-2.6.jar;C:\Users\NThimmaiah\.m2\repository\commons-lang\commons-lang\2.6\commons-lang-2.6.jar;C:\Users\NThimmaiah\.m2\repository\org\apache\poi\poi\3.17\poi-3.17.jar;C:\Users\NThimmaiah\.m2\repository\commons-codec\commons-codec\1.10\commons-codec-1.10.jar;C:\Users\NThimmaiah\.m2\repository\org\apache\commons\commons-collections4\4.1\commons-collections4-4.1.jar;C:\Users\NThimmaiah\.m2\repository\org\apache\poi\poi-ooxml\3.17\poi-ooxml-3.17.jar;C:\Users\NThimmaiah\.m2\repository\org\apache\poi\poi-ooxml-schemas\3.17\poi-ooxml-schemas-3.17.jar;C:\Users\NThimmaiah\.m2\repository\org\apache\xmlbeans\xmlbeans\2.6.0\xmlbeans-2.6.0.jar;C:\Users\NThimmaiah\.m2\repository\stax\stax-api\1.0.1\stax-api-1.0.1.jar;C:\Users\NThimmaiah\.m2\repository\com\github\virtuald\curvesapi\1.04\curvesapi-1.04.jar;C:\Users\NThimmaiah\.m2\repository\org\seleniumhq\selenium\selenium-java\3.6.0\selenium-java-3.6.0.jar;C:\Users\NThimmaiah\.m2\repository\org\seleniumhq\selenium\selenium-api\3.6.0\selenium-api-3.6.0.jar;C:\Users\NThimmaiah\.m2\repository\org\seleniumhq\selenium\selenium-edge-driver\3.6.0\selenium-edge-driver-3.6.0.jar;C:\Users\NThimmaiah\.m2\repository\org\seleniumhq\selenium\selenium-firefox-driver\3.6.0\selenium-firefox-driver-3.6.0.jar;C:\Users\NThimmaiah\.m2\repository\org\seleniumhq\selenium\selenium-ie-driver\3.6.0\selenium-ie-driver-3.6.0.jar;C:\Users\NThimmaiah\.m2\repository\org\seleniumhq\selenium\selenium-opera-driver\3.6.0\selenium-opera-driver-3.6.0.jar;C:\Users\NThimmaiah\.m2\repository\org\seleniumhq\selenium\selenium-remote-driver\3.6.0\selenium-remote-driver-3.6.0.jar;C:\Users\NThimmaiah\.m2\repository\org\seleniumhq\selenium\selenium-safari-driver\3.6.0\selenium-safari-driver-3.6.0.jar;C:\Users\NThimmaiah\.m2\repository\org\seleniumhq\selenium\selenium-support\3.6.0\selenium-support-3.6.0.jar;C:\Users\NThimmaiah\.m2\repository\net\bytebuddy\byte-buddy\1.7.5\byte-buddy-1.7.5.jar;C:\Users\NThimmaiah\.m2\repository\org\apache\commons\commons-exec\1.3\commons-exec-1.3.jar;C:\Users\NThimmaiah\.m2\repository\commons-logging\commons-logging\1.2\commons-logging-1.2.jar;C:\Users\NThimmaiah\.m2\repository\com\google\code\gson\gson\2.8.0\gson-2.8.0.jar;C:\Users\NThimmaiah\.m2\repository\com\google\guava\guava\23.0\guava-23.0.jar;C:\Users\NThimmaiah\.m2\repository\com\google\code\findbugs\jsr305\1.3.9\jsr305-1.3.9.jar;C:\Users\NThimmaiah\.m2\repository\com\google\errorprone\error_prone_annotations\2.0.18\error_prone_annotations-2.0.18.jar;C:\Users\NThimmaiah\.m2\repository\com\google\j2objc\j2objc-annotations\1.1\j2objc-annotations-1.1.jar;C:\Users\NThimmaiah\.m2\repository\org\codehaus\mojo\animal-sniffer-annotations\1.14\animal-sniffer-annotations-1.14.jar;C:\Users\NThimmaiah\.m2\repository\org\apache\httpcomponents\httpclient\4.5.3\httpclient-4.5.3.jar;C:\Users\NThimmaiah\.m2\repository\org\apache\httpcomponents\httpcore\4.4.6\httpcore-4.4.6.jar;C:\Users\NThimmaiah\.m2\repository\net\java\dev\jna\jna\4.1.0\jna-4.1.0.jar;C:\Users\NThimmaiah\.m2\repository\net\java\dev\jna\jna-platform\4.1.0\jna-platform-4.1.0.jar;C:\Users\NThimmaiah\.m2\repository\org\testng\testng\6.10\testng-6.10.jar;C:\Users\NThimmaiah\.m2\repository\com\beust\jcommander\1.48\jcommander-1.48.jar;C:\Users\NThimmaiah\.m2\repository\io\appium\java-client\5.0.0-BETA6\java-client-5.0.0-BETA6.jar;C:\Users\NThimmaiah\.m2\repository\cglib\cglib\3.2.4\cglib-3.2.4.jar;C:\Users\NThimmaiah\.m2\repository\org\ow2\asm\asm\5.1\asm-5.1.jar;C:\Users\NThimmaiah\.m2\repository\org\apache\ant\ant\1.9.6\ant-1.9.6.jar;C:\Users\NThimmaiah\.m2\repository\org\apache\ant\ant-launcher\1.9.6\ant-launcher-1.9.6.jar;C:\Users\NThimmaiah\.m2\repository\commons-validator\commons-validator\1.5.1\commons-validator-1.5.1.jar;C:\Users\NThimmaiah\.m2\repository\commons-beanutils\commons-beanutils\1.9.2\commons-beanutils-1.9.2.jar;C:\Users\NThimmaiah\.m2\repository\commons-digester\commons-digester\1.8.1\commons-digester-1.8.1.jar;C:\Users\NThimmaiah\.m2\repository\commons-collections\commons-collections\3.2.2\commons-collections-3.2.2.jar;C:\Users\NThimmaiah\.m2\repository\org\apache\commons\commons-lang3\3.5\commons-lang3-3.5.jar;C:\Users\NThimmaiah\.m2\repository\commons-io\commons-io\2.5\commons-io-2.5.jar;C:\Users\NThimmaiah\.m2\repository\org\springframework\spring-context\4.3.5.RELEASE\spring-context-4.3.5.RELEASE.jar;C:\Users\NThimmaiah\.m2\repository\org\springframework\spring-aop\4.3.5.RELEASE\spring-aop-4.3.5.RELEASE.jar;C:\Users\NThimmaiah\.m2\repository\org\springframework\spring-beans\4.3.5.RELEASE\spring-beans-4.3.5.RELEASE.jar;C:\Users\NThimmaiah\.m2\repository\org\springframework\spring-core\4.3.5.RELEASE\spring-core-4.3.5.RELEASE.jar;C:\Users\NThimmaiah\.m2\repository\org\springframework\spring-expression\4.3.5.RELEASE\spring-expression-4.3.5.RELEASE.jar;C:\Users\NThimmaiah\.m2\repository\org\aspectj\aspectjweaver\1.8.10\aspectjweaver-1.8.10.jar;C:\Users\NThimmaiah\.m2\repository\log4j\log4j\1.2.17\log4j-1.2.17.jar;C:\Users\NThimmaiah\.m2\repository\net\sourceforge\jexcelapi\jxl\2.6.12\jxl-2.6.12.jar;C:\Users\NThimmaiah\.m2\repository\javax\mail\javax.mail-api\1.6.0-rc2\javax.mail-api-1.6.0-rc2.jar;C:\Users\NThimmaiah\.m2\repository\org\seleniumhq\selenium\selenium-chrome-driver\3.4.0\selenium-chrome-driver-3.4.0.jar;C:\Users\NThimmaiah\.m2\repository\cglib\cglib-nodep\3.2.4\cglib-nodep-3.2.4.jar;"/>
    <property name="sun.cpu.endian" value="little"/>
    <property name="user.home" value="C:\Users\NThimmaiah"/>
    <property name="user.language" value="en"/>
    <property name="java.specification.vendor" value="Oracle Corporation"/>
    <property name="java.home" value="C:\Program Files\Java\jre1.8.0_191"/>
    <property name="basedir" value="E:\Naveenkumar-11568\REPORTSautomation\ScriptVersions\Script6"/>
    <property name="file.separator" value="\"/>
    <property name="line.separator" value="&#10;"/>
    <property name="java.vm.specification.vendor" value="Oracle Corporation"/>
    <property name="java.specification.name" value="Java Platform API Specification"/>
    <property name="java.awt.graphicsenv" value="sun.awt.Win32GraphicsEnvironment"/>
    <property name="surefire.real.class.path" value="C:\Users\NThimmaiah\AppData\Local\Temp\surefire587413899771600373\surefirebooter109919121582407056.jar"/>
    <property name="sun.boot.class.path" value="C:\Program Files\Java\jre1.8.0_191\lib\resources.jar;C:\Program Files\Java\jre1.8.0_191\lib\rt.jar;C:\Program Files\Java\jre1.8.0_191\lib\sunrsasign.jar;C:\Program Files\Java\jre1.8.0_191\lib\jsse.jar;C:\Program Files\Java\jre1.8.0_191\lib\jce.jar;C:\Program Files\Java\jre1.8.0_191\lib\charsets.jar;C:\Program Files\Java\jre1.8.0_191\lib\jfr.jar;C:\Program Files\Java\jre1.8.0_191\classes"/>
    <property name="user.script" value=""/>
    <property name="sun.management.compiler" value="HotSpot 64-Bit Tiered Compilers"/>
    <property name="java.runtime.version" value="1.8.0_191-b12"/>
    <property name="user.name" value="NThimmaiah"/>
    <property name="path.separator" value=";"/>
    <property name="os.version" value="10.0"/>
    <property name="java.endorsed.dirs" value="C:\Program Files\Java\jre1.8.0_191\lib\endorsed"/>
    <property name="java.runtime.name" value="Java(TM) SE Runtime Environment"/>
    <property name="file.encoding" value="Cp1252"/>
    <property name="java.vm.name" value="Java HotSpot(TM) 64-Bit Server VM"/>
    <property name="localRepository" value="C:\Users\NThimmaiah\.m2\repository"/>
    <property name="java.vendor.url.bug" value="http://bugreport.sun.com/bugreport/"/>
    <property name="java.io.tmpdir" value="C:\Users\NTHIMM~1\AppData\Local\Temp\"/>
    <property name="java.version" value="1.8.0_191"/>
    <property name="user.dir" value="E:\Naveenkumar-11568\REPORTSautomation\ScriptVersions\Script6"/>
    <property name="os.arch" value="amd64"/>
    <property name="java.vm.specification.name" value="Java Virtual Machine Specification"/>
    <property name="java.awt.printerjob" value="sun.awt.windows.WPrinterJob"/>
    <property name="sun.os.patch.level" value=""/>
    <property name="java.library.path" value="C:\Program Files\Java\jre1.8.0_191\bin;C:\WINDOWS\Sun\Java\bin;C:\WINDOWS\system32;C:\WINDOWS;C:/Program Files/Java/jre1.8.0_191/bin/server;C:/Program Files/Java/jre1.8.0_191/bin;C:/Program Files/Java/jre1.8.0_191/lib/amd64;C:\Program Files (x86)\Common Files\Oracle\Java\javapath;C:\WINDOWS\system32;C:\WINDOWS;C:\WINDOWS\System32\Wbem;C:\WINDOWS\System32\WindowsPowerShell\v1.0\;C:\WINDOWS\System32\OpenSSH\;C:\Program Files (x86)\Microsoft SQL Server\Client SDK\ODBC\130\Tools\Binn\;C:\Program Files (x86)\Microsoft SQL Server\140\Tools\Binn\;C:\Program Files (x86)\Microsoft SQL Server\140\DTS\Binn\;C:\Program Files (x86)\Microsoft SQL Server\140\Tools\Binn\ManagementStudio\;C:\Program Files\Java\jdk1.8.0_191\bin;E:\XCMFrameWork\apache-maven-3.6.1\bin;C:\Program Files\dotnet\;C:\Program Files\Microsoft SQL Server\130\Tools\Binn\;C:\Program Files\nodejs\;C:\Users\NThimmaiah\AppData\Local\Programs\Python\Python38\Scripts\;C:\Users\NThimmaiah\AppData\Local\Programs\Python\Python38\;C:\Users\NThimmaiah\AppData\Local\Microsoft\WindowsApps;C:\Users\NThimmaiah\AppData\Local\Programs\Microsoft VS Code\bin;C:\Users\NThimmaiah\AppData\Local\Programs\Git\cmd;;C:\Users\NThimmaiah\AppData\Local\JetBrains\PyCharm Community Edition 2019.3.1\bin;;C:\Users\NThimmaiah\AppData\Roaming\npm;E:\AutoBackup\eclipse-java-2019-03-R-win32-x86_64\eclipse;;."/>
    <property name="java.vm.info" value="mixed mode"/>
    <property name="java.vendor" value="Oracle Corporation"/>
    <property name="java.vm.version" value="25.191-b12"/>
    <property name="java.ext.dirs" value="C:\Program Files\Java\jre1.8.0_191\lib\ext;C:\WINDOWS\Sun\Java\lib\ext"/>
    <property name="sun.io.unicode.encoding" value="UnicodeLittle"/>
    <property name="java.class.version" value="52.0"/>
  </properties>
  <testcase name="TC_Login" classname="TestCases.TestCases" time="9.362"/>
  <testcase name="TDR_EFS_01" classname="TestCases.TestCases" time="87.053"/>
  <testcase name="TDR_EFS_02" classname="TestCases.TestCases" time="162.785"/>
  <testcase name="TDR_EFS_03" classname="TestCases.TestCases" time="167.87"/>
  <testcase name="TDR_EFS_04" classname="TestCases.TestCases" time="148.354"/>
  <testcase name="TDR_EFS_05" classname="TestCases.TestCases" time="73.153"/>
  <testcase name="TDR_EFS_06" classname="TestCases.TestCases" time="519.538"/>
  <testcase name="TDR_EFS_07" classname="TestCases.TestCases" time="185.34"/>
  <testcase name="TDR_EFS_08" classname="TestCases.TestCases" time="163.191"/>
  <testcase name="TDR_EFS_09" classname="TestCases.TestCases" time="158.238"/>
  <testcase name="TDR_EFS_10" classname="TestCases.TestCases" time="82.109"/>
  <testcase name="TDR_EFS_11" classname="TestCases.TestCases" time="204.243"/>
  <testcase name="TDR_EFS_12" classname="TestCases.TestCases" time="262.475"/>
  <testcase name="TDR_EFS_13" classname="TestCases.TestCases" time="390.404">
    <failure type="java.lang.AssertionError:">java.lang.AssertionError: null
	at TestCases.TestCases.TestEnd(TestCases.java:10774)
	at TestCases.TestCases.TDR_EFS_13(TestCases.java:1256)
</failure>
    <system-out><![CDATA[TDR_EFS_13 Started...
Screenshot path: E:\Naveenkumar-11568\REPORTSautomation\ScriptVersions\Script6/SureFireReports/20201119-164031/Screenshots/
2540254 [TestNG] ERROR ./TestResults/2020_11_19_10_10_48_PM/LogFile.log  - Task Details - eFile StatusReport not generated -Issue in the Report.
{} doesn't contain key name -TDR_EFS_13
]]></system-out>
  </testcase>
  <testcase name="TDR_EFS_14" classname="TestCases.TestCases" time="160.22"/>
  <testcase name="TDR_EFS_15" classname="TestCases.TestCases" time="167.336"/>
  <testcase name="TDR_EFS_16" classname="TestCases.TestCases" time="173.121"/>
  <testcase name="TDR_EFS_17" classname="TestCases.TestCases" time="123.651">
    <failure type="java.lang.AssertionError:">java.lang.AssertionError: null
	at TestCases.TestCases.TestEnd(TestCases.java:10774)
	at TestCases.TestCases.TDR_EFS_17(TestCases.java:1320)
</failure>
    <system-out><![CDATA[TDR_EFS_17 Started...
Screenshot path: E:\Naveenkumar-11568\REPORTSautomation\ScriptVersions\Script6/SureFireReports/20201119-164031/Screenshots/
3213397 [TestNG] ERROR ./TestResults/2020_11_19_10_10_48_PM/LogFile.log  - Exception:Cannot locate option with index: 1
For documentation on this error, please visit: http://seleniumhq.org/exceptions/no_such_element.html
Build info: version: '3.6.0', revision: '6fbf3ec767', time: '2017-09-27T15:28:36.4Z'
System info: host: 'XPITAX-11568', ip: '192.168.0.105', os.name: 'Windows 10', os.arch: 'amd64', os.version: '10.0', java.version: '1.8.0_191'
Driver info: driver.version: unknown
Screenshot path: E:\Naveenkumar-11568\REPORTSautomation\ScriptVersions\Script6/SureFireReports/20201119-164031/Screenshots/
3216522 [TestNG] ERROR ./TestResults/2020_11_19_10_10_48_PM/LogFile.log  - Exception:Cannot locate option with index: 1
For documentation on this error, please visit: http://seleniumhq.org/exceptions/no_such_element.html
Build info: version: '3.6.0', revision: '6fbf3ec767', time: '2017-09-27T15:28:36.4Z'
System info: host: 'XPITAX-11568', ip: '192.168.0.105', os.name: 'Windows 10', os.arch: 'amd64', os.version: '10.0', java.version: '1.8.0_191'
Driver info: driver.version: unknown
Screenshot path: E:\Naveenkumar-11568\REPORTSautomation\ScriptVersions\Script6/SureFireReports/20201119-164031/Screenshots/
3219462 [TestNG] ERROR ./TestResults/2020_11_19_10_10_48_PM/LogFile.log  - Exception:Cannot locate option with index: 1
For documentation on this error, please visit: http://seleniumhq.org/exceptions/no_such_element.html
Build info: version: '3.6.0', revision: '6fbf3ec767', time: '2017-09-27T15:28:36.4Z'
System info: host: 'XPITAX-11568', ip: '192.168.0.105', os.name: 'Windows 10', os.arch: 'amd64', os.version: '10.0', java.version: '1.8.0_191'
Driver info: driver.version: unknown
{} doesn't contain key name -TDR_EFS_17
]]></system-out>
  </testcase>
  <testcase name="TDR_DET_01" classname="TestCases.TestCases" time="162.29"/>
  <testcase name="TDR_DET_02" classname="TestCases.TestCases" time="171.585"/>
  <testcase name="TDR_DET_03" classname="TestCases.TestCases" time="174.761"/>
  <testcase name="TDR_DET_04" classname="TestCases.TestCases" time="157.601"/>
  <testcase name="TDR_DET_05" classname="TestCases.TestCases" time="80.911"/>
  <testcase name="TDR_DET_06" classname="TestCases.TestCases" time="823.949"/>
  <testcase name="TDR_DET_07" classname="TestCases.TestCases" time="195.129"/>
  <testcase name="TDR_DET_08" classname="TestCases.TestCases" time="173.154"/>
  <testcase name="TDR_DET_09" classname="TestCases.TestCases" time="158.935"/>
  <testcase name="TDR_DET_10" classname="TestCases.TestCases" time="83.426"/>
  <testcase name="TDR_DET_11" classname="TestCases.TestCases" time="289.52"/>
  <testcase name="TDR_DET_12" classname="TestCases.TestCases" time="267.878"/>
  <testcase name="TDR_DET_13" classname="TestCases.TestCases" time="262.619"/>
  <testcase name="TDR_DET_14" classname="TestCases.TestCases" time="162.22"/>
  <testcase name="TDR_DET_15" classname="TestCases.TestCases" time="171.448"/>
  <testcase name="TDR_DET_16" classname="TestCases.TestCases" time="177.314"/>
  <testcase name="TDR_DET_17" classname="TestCases.TestCases" time="107.447"/>
  <testcase name="TDR_SBS_001" classname="TestCases.TestCases" time="323.592">
    <failure type="java.lang.AssertionError:">java.lang.AssertionError: null
	at TestCases.TestCases.TestEnd(TestCases.java:10774)
	at TestCases.TestCases.TDR_SBS_001(TestCases.java:2147)
</failure>
    <system-out><![CDATA[TDR_SBS_001 Started...
Screenshot path: E:\Naveenkumar-11568\REPORTSautomation\ScriptVersions\Script6/SureFireReports/20201119-164031/Screenshots/
7056744 [TestNG] ERROR ./TestResults/2020_11_19_10_10_48_PM/LogFile.log  - The given window "2" is failed to open
{} doesn't contain key name -TDR_SBS_001
]]></system-out>
  </testcase>
  <testcase name="TDR_SBS_002" classname="TestCases.TestCases" time="287.307">
    <failure type="java.lang.AssertionError:">java.lang.AssertionError: null
	at TestCases.TestCases.TestEnd(TestCases.java:10774)
	at TestCases.TestCases.TDR_SBS_002(TestCases.java:2162)
</failure>
    <system-out><![CDATA[TDR_SBS_002 Started...
Screenshot path: E:\Naveenkumar-11568\REPORTSautomation\ScriptVersions\Script6/SureFireReports/20201119-164031/Screenshots/
7330584 [TestNG] ERROR ./TestResults/2020_11_19_10_10_48_PM/LogFile.log  - Failed to  enter the Who has Task
Screenshot path: E:\Naveenkumar-11568\REPORTSautomation\ScriptVersions\Script6/SureFireReports/20201119-164031/Screenshots/
7333078 [TestNG] ERROR ./TestResults/2020_11_19_10_10_48_PM/LogFile.log  - Failed to  enter the Select Category
Screenshot path: E:\Naveenkumar-11568\REPORTSautomation\ScriptVersions\Script6/SureFireReports/20201119-164031/Screenshots/
7335602 [TestNG] ERROR ./TestResults/2020_11_19_10_10_48_PM/LogFile.log  - Failed to  enter the Fiscal Year
Screenshot path: E:\Naveenkumar-11568\REPORTSautomation\ScriptVersions\Script6/SureFireReports/20201119-164031/Screenshots/
7344011 [TestNG] ERROR ./TestResults/2020_11_19_10_10_48_PM/LogFile.log  - The given window "2" is failed to open
{} doesn't contain key name -TDR_SBS_002
]]></system-out>
  </testcase>
  <testcase name="TDR_SBS_003" classname="TestCases.TestCases" time="298.225">
    <failure type="java.lang.AssertionError:">java.lang.AssertionError: null
	at TestCases.TestCases.TestEnd(TestCases.java:10774)
	at TestCases.TestCases.TDR_SBS_003(TestCases.java:2177)
</failure>
    <system-out><![CDATA[TDR_SBS_003 Started...
Screenshot path: E:\Naveenkumar-11568\REPORTSautomation\ScriptVersions\Script6/SureFireReports/20201119-164031/Screenshots/
7619638 [TestNG] ERROR ./TestResults/2020_11_19_10_10_48_PM/LogFile.log  - Failed to Select the drop down Value
Screenshot path: E:\Naveenkumar-11568\REPORTSautomation\ScriptVersions\Script6/SureFireReports/20201119-164031/Screenshots/
7622121 [TestNG] ERROR ./TestResults/2020_11_19_10_10_48_PM/LogFile.log  - Failed to  enter the Select Category
Screenshot path: E:\Naveenkumar-11568\REPORTSautomation\ScriptVersions\Script6/SureFireReports/20201119-164031/Screenshots/
7624483 [TestNG] ERROR ./TestResults/2020_11_19_10_10_48_PM/LogFile.log  - Failed to  enter the Type of Task
Screenshot path: E:\Naveenkumar-11568\REPORTSautomation\ScriptVersions\Script6/SureFireReports/20201119-164031/Screenshots/
7642279 [TestNG] ERROR ./TestResults/2020_11_19_10_10_48_PM/LogFile.log  - The given window "2" is failed to open
{} doesn't contain key name -TDR_SBS_003
]]></system-out>
  </testcase>
  <testcase name="TDR_SBS_004" classname="TestCases.TestCases" time="172.741">
    <failure type="java.lang.AssertionError:">java.lang.AssertionError: null
	at TestCases.TestCases.TestEnd(TestCases.java:10774)
	at TestCases.TestCases.TDR_SBS_004(TestCases.java:2192)
</failure>
    <system-out><![CDATA[TDR_SBS_004 Started...
Screenshot path: E:\Naveenkumar-11568\REPORTSautomation\ScriptVersions\Script6/SureFireReports/20201119-164031/Screenshots/
7917307 [TestNG] ERROR ./TestResults/2020_11_19_10_10_48_PM/LogFile.log  - Failed to  enter the Select Category
Screenshot path: E:\Naveenkumar-11568\REPORTSautomation\ScriptVersions\Script6/SureFireReports/20201119-164031/Screenshots/
7919786 [TestNG] ERROR ./TestResults/2020_11_19_10_10_48_PM/LogFile.log  - Failed to  enter the Type of Task
Screenshot path: E:\Naveenkumar-11568\REPORTSautomation\ScriptVersions\Script6/SureFireReports/20201119-164031/Screenshots/
7931506 [TestNG] ERROR ./TestResults/2020_11_19_10_10_48_PM/LogFile.log  - Unable to find the System Wide radio button label.
{} doesn't contain key name -TDR_SBS_004
]]></system-out>
  </testcase>
  <testcase name="TDR_SBS_005" classname="TestCases.TestCases" time="53.61">
    <failure type="java.lang.AssertionError:">java.lang.AssertionError: null
	at TestCases.TestCases.TestEnd(TestCases.java:10774)
	at TestCases.TestCases.TDR_SBS_005(TestCases.java:2207)
</failure>
    <system-out><![CDATA[TDR_SBS_005 Started...
Screenshot path: E:\Naveenkumar-11568\REPORTSautomation\ScriptVersions\Script6/SureFireReports/20201119-164031/Screenshots/
7970903 [TestNG] ERROR ./TestResults/2020_11_19_10_10_48_PM/LogFile.log  - Failed to  enter the Select Category
Screenshot path: E:\Naveenkumar-11568\REPORTSautomation\ScriptVersions\Script6/SureFireReports/20201119-164031/Screenshots/
7973307 [TestNG] ERROR ./TestResults/2020_11_19_10_10_48_PM/LogFile.log  - Failed to  enter the Type of Task
Screenshot path: E:\Naveenkumar-11568\REPORTSautomation\ScriptVersions\Script6/SureFireReports/20201119-164031/Screenshots/
7985000 [TestNG] ERROR ./TestResults/2020_11_19_10_10_48_PM/LogFile.log  - Unable to find the My Reports radio button label.
{} doesn't contain key name -TDR_SBS_005
]]></system-out>
  </testcase>
  <testcase name="TDR_SBS_006" classname="TestCases.TestCases" time="112.511">
    <failure type="java.lang.AssertionError:">java.lang.AssertionError: null
	at TestCases.TestCases.TestEnd(TestCases.java:10774)
	at TestCases.TestCases.TDR_SBS_006(TestCases.java:2222)
</failure>
    <system-out><![CDATA[TDR_SBS_006 Started...
Screenshot path: E:\Naveenkumar-11568\REPORTSautomation\ScriptVersions\Script6/SureFireReports/20201119-164031/Screenshots/
8069908 [TestNG] ERROR ./TestResults/2020_11_19_10_10_48_PM/LogFile.log  - Unable to find the System Wide radio button label.
Screenshot path: E:\Naveenkumar-11568\REPORTSautomation\ScriptVersions\Script6/SureFireReports/20201119-164031/Screenshots/
8095127 [TestNG] ERROR ./TestResults/2020_11_19_10_10_48_PM/LogFile.log  - Exception:no such element: Unable to locate element: {"method":"xpath","selector":"//input[@type='reset' or @value='Reset']"}
  (Session info: chrome=86.0.4240.198)
  (Driver info: chromedriver=72.0.3626.69 (3c16f8a135abc0d4da2dff33804db79b849a7c38),platform=Windows NT 10.0.18362 x86_64) (WARNING: The server did not provide any stacktrace information)
Command duration or timeout: 0 milliseconds
For documentation on this error, please visit: http://seleniumhq.org/exceptions/no_such_element.html
Build info: version: '3.6.0', revision: '6fbf3ec767', time: '2017-09-27T15:28:36.4Z'
System info: host: 'XPITAX-11568', ip: '192.168.0.105', os.name: 'Windows 10', os.arch: 'amd64', os.version: '10.0', java.version: '1.8.0_191'
Driver info: org.openqa.selenium.remote.RemoteWebDriver
Capabilities [{mobileEmulationEnabled=false, timeouts={implicit=0, pageLoad=300000, script=30000}, hasTouchScreen=false, platform=XP, acceptSslCerts=false, goog:chromeOptions={debuggerAddress=localhost:51619}, acceptInsecureCerts=false, webStorageEnabled=true, browserName=chrome, takesScreenshot=true, javascriptEnabled=true, platformName=XP, setWindowRect=true, unexpectedAlertBehaviour=ignore, applicationCacheEnabled=false, rotatable=false, networkConnectionEnabled=false, chrome={chromedriverVersion=72.0.3626.69 (3c16f8a135abc0d4da2dff33804db79b849a7c38), userDataDir=C:\Users\NTHIMM~1\AppData\Local\Temp\scoped_dir4512_872}, takesHeapSnapshot=true, unhandledPromptBehavior=ignore, pageLoadStrategy=normal, databaseEnabled=false, handlesAlerts=true, version=86.0.4240.198, browserConnectionEnabled=false, proxy=Proxy(), nativeEvents=true, locationContextEnabled=true, cssSelectorsEnabled=true}]
Session ID: d7c8b9d42c2b4657e2f3c2e6a1199df7
*** Element info: {Using=xpath, value=//input[@type='reset' or @value='Reset']}
Screenshot path: E:\Naveenkumar-11568\REPORTSautomation\ScriptVersions\Script6/SureFireReports/20201119-164031/Screenshots/
8097572 [TestNG] ERROR ./TestResults/2020_11_19_10_10_48_PM/LogFile.log  - Unable to find the My Reports radio button label.
{} doesn't contain key name -TDR_SBS_006
]]></system-out>
  </testcase>
  <testcase name="TDR_SBS_007" classname="TestCases.TestCases" time="125.923">
    <failure type="java.lang.AssertionError:">java.lang.AssertionError: null
	at TestCases.TestCases.TestEnd(TestCases.java:10774)
	at TestCases.TestCases.TDR_SBS_007(TestCases.java:2237)
</failure>
    <system-out><![CDATA[TDR_SBS_007 Started...
Screenshot path: E:\Naveenkumar-11568\REPORTSautomation\ScriptVersions\Script6/SureFireReports/20201119-164031/Screenshots/
8138513 [TestNG] ERROR ./TestResults/2020_11_19_10_10_48_PM/LogFile.log  - Unable to find the System Wide radio button label.
Screenshot path: E:\Naveenkumar-11568\REPORTSautomation\ScriptVersions\Script6/SureFireReports/20201119-164031/Screenshots/
8163686 [TestNG] ERROR ./TestResults/2020_11_19_10_10_48_PM/LogFile.log  - Exception:no such element: Unable to locate element: {"method":"css selector","selector":"table[id*='GridViewreportsfirm'] tr:nth-child(0)>td:nth-child(0) input"}
  (Session info: chrome=86.0.4240.198)
  (Driver info: chromedriver=72.0.3626.69 (3c16f8a135abc0d4da2dff33804db79b849a7c38),platform=Windows NT 10.0.18362 x86_64) (WARNING: The server did not provide any stacktrace information)
Command duration or timeout: 0 milliseconds
For documentation on this error, please visit: http://seleniumhq.org/exceptions/no_such_element.html
Build info: version: '3.6.0', revision: '6fbf3ec767', time: '2017-09-27T15:28:36.4Z'
System info: host: 'XPITAX-11568', ip: '192.168.0.105', os.name: 'Windows 10', os.arch: 'amd64', os.version: '10.0', java.version: '1.8.0_191'
Driver info: org.openqa.selenium.remote.RemoteWebDriver
Capabilities [{mobileEmulationEnabled=false, timeouts={implicit=0, pageLoad=300000, script=30000}, hasTouchScreen=false, platform=XP, acceptSslCerts=false, goog:chromeOptions={debuggerAddress=localhost:51619}, acceptInsecureCerts=false, webStorageEnabled=true, browserName=chrome, takesScreenshot=true, javascriptEnabled=true, platformName=XP, setWindowRect=true, unexpectedAlertBehaviour=ignore, applicationCacheEnabled=false, rotatable=false, networkConnectionEnabled=false, chrome={chromedriverVersion=72.0.3626.69 (3c16f8a135abc0d4da2dff33804db79b849a7c38), userDataDir=C:\Users\NTHIMM~1\AppData\Local\Temp\scoped_dir4512_872}, takesHeapSnapshot=true, unhandledPromptBehavior=ignore, pageLoadStrategy=normal, databaseEnabled=false, handlesAlerts=true, version=86.0.4240.198, browserConnectionEnabled=false, proxy=Proxy(), nativeEvents=true, locationContextEnabled=true, cssSelectorsEnabled=true}]
Session ID: d7c8b9d42c2b4657e2f3c2e6a1199df7
*** Element info: {Using=css selector, value=table[id*='GridViewreportsfirm'] tr:nth-child(0)>td:nth-child(0) input}
Screenshot path: E:\Naveenkumar-11568\REPORTSautomation\ScriptVersions\Script6/SureFireReports/20201119-164031/Screenshots/
8166126 [TestNG] ERROR ./TestResults/2020_11_19_10_10_48_PM/LogFile.log  - Failed to  enter the Fiscal Year
Screenshot path: E:\Naveenkumar-11568\REPORTSautomation\ScriptVersions\Script6/SureFireReports/20201119-164031/Screenshots/
8184958 [TestNG] ERROR ./TestResults/2020_11_19_10_10_48_PM/LogFile.log  - Exception:no such element: Unable to locate element: {"method":"css selector","selector":"table[id*='GridViewreportsfirm'] tr:nth-child(0)>td:nth-child(0) input"}
  (Session info: chrome=86.0.4240.198)
  (Driver info: chromedriver=72.0.3626.69 (3c16f8a135abc0d4da2dff33804db79b849a7c38),platform=Windows NT 10.0.18362 x86_64) (WARNING: The server did not provide any stacktrace information)
Command duration or timeout: 0 milliseconds
For documentation on this error, please visit: http://seleniumhq.org/exceptions/no_such_element.html
Build info: version: '3.6.0', revision: '6fbf3ec767', time: '2017-09-27T15:28:36.4Z'
System info: host: 'XPITAX-11568', ip: '192.168.0.105', os.name: 'Windows 10', os.arch: 'amd64', os.version: '10.0', java.version: '1.8.0_191'
Driver info: org.openqa.selenium.remote.RemoteWebDriver
Capabilities [{mobileEmulationEnabled=false, timeouts={implicit=0, pageLoad=300000, script=30000}, hasTouchScreen=false, platform=XP, acceptSslCerts=false, goog:chromeOptions={debuggerAddress=localhost:51619}, acceptInsecureCerts=false, webStorageEnabled=true, browserName=chrome, takesScreenshot=true, javascriptEnabled=true, platformName=XP, setWindowRect=true, unexpectedAlertBehaviour=ignore, applicationCacheEnabled=false, rotatable=false, networkConnectionEnabled=false, chrome={chromedriverVersion=72.0.3626.69 (3c16f8a135abc0d4da2dff33804db79b849a7c38), userDataDir=C:\Users\NTHIMM~1\AppData\Local\Temp\scoped_dir4512_872}, takesHeapSnapshot=true, unhandledPromptBehavior=ignore, pageLoadStrategy=normal, databaseEnabled=false, handlesAlerts=true, version=86.0.4240.198, browserConnectionEnabled=false, proxy=Proxy(), nativeEvents=true, locationContextEnabled=true, cssSelectorsEnabled=true}]
Session ID: d7c8b9d42c2b4657e2f3c2e6a1199df7
*** Element info: {Using=css selector, value=table[id*='GridViewreportsfirm'] tr:nth-child(0)>td:nth-child(0) input}
Screenshot path: E:\Naveenkumar-11568\REPORTSautomation\ScriptVersions\Script6/SureFireReports/20201119-164031/Screenshots/
8187337 [TestNG] ERROR ./TestResults/2020_11_19_10_10_48_PM/LogFile.log  - Failed to  saved the Fiscal Year
Screenshot path: E:\Naveenkumar-11568\REPORTSautomation\ScriptVersions\Script6/SureFireReports/20201119-164031/Screenshots/
8190765 [TestNG] ERROR ./TestResults/2020_11_19_10_10_48_PM/LogFile.log  - Exception:no such element: Unable to locate element: {"method":"xpath","selector":"//input[@type='reset' or @value='Reset']"}
  (Session info: chrome=86.0.4240.198)
  (Driver info: chromedriver=72.0.3626.69 (3c16f8a135abc0d4da2dff33804db79b849a7c38),platform=Windows NT 10.0.18362 x86_64) (WARNING: The server did not provide any stacktrace information)
Command duration or timeout: 0 milliseconds
For documentation on this error, please visit: http://seleniumhq.org/exceptions/no_such_element.html
Build info: version: '3.6.0', revision: '6fbf3ec767', time: '2017-09-27T15:28:36.4Z'
System info: host: 'XPITAX-11568', ip: '192.168.0.105', os.name: 'Windows 10', os.arch: 'amd64', os.version: '10.0', java.version: '1.8.0_191'
Driver info: org.openqa.selenium.remote.RemoteWebDriver
Capabilities [{mobileEmulationEnabled=false, timeouts={implicit=0, pageLoad=300000, script=30000}, hasTouchScreen=false, platform=XP, acceptSslCerts=false, goog:chromeOptions={debuggerAddress=localhost:51619}, acceptInsecureCerts=false, webStorageEnabled=true, browserName=chrome, takesScreenshot=true, javascriptEnabled=true, platformName=XP, setWindowRect=true, unexpectedAlertBehaviour=ignore, applicationCacheEnabled=false, rotatable=false, networkConnectionEnabled=false, chrome={chromedriverVersion=72.0.3626.69 (3c16f8a135abc0d4da2dff33804db79b849a7c38), userDataDir=C:\Users\NTHIMM~1\AppData\Local\Temp\scoped_dir4512_872}, takesHeapSnapshot=true, unhandledPromptBehavior=ignore, pageLoadStrategy=normal, databaseEnabled=false, handlesAlerts=true, version=86.0.4240.198, browserConnectionEnabled=false, proxy=Proxy(), nativeEvents=true, locationContextEnabled=true, cssSelectorsEnabled=true}]
Session ID: d7c8b9d42c2b4657e2f3c2e6a1199df7
*** Element info: {Using=xpath, value=//input[@type='reset' or @value='Reset']}
Screenshot path: E:\Naveenkumar-11568\REPORTSautomation\ScriptVersions\Script6/SureFireReports/20201119-164031/Screenshots/
8193235 [TestNG] ERROR ./TestResults/2020_11_19_10_10_48_PM/LogFile.log  - Unable to find the My Reports radio button label.
Screenshot path: E:\Naveenkumar-11568\REPORTSautomation\ScriptVersions\Script6/SureFireReports/20201119-164031/Screenshots/
8218338 [TestNG] ERROR ./TestResults/2020_11_19_10_10_48_PM/LogFile.log  - Exception:no such element: Unable to locate element: {"method":"css selector","selector":"table[id$='GridViewreports'] tr:nth-child(0)>td:nth-child(0) input"}
  (Session info: chrome=86.0.4240.198)
  (Driver info: chromedriver=72.0.3626.69 (3c16f8a135abc0d4da2dff33804db79b849a7c38),platform=Windows NT 10.0.18362 x86_64) (WARNING: The server did not provide any stacktrace information)
Command duration or timeout: 0 milliseconds
For documentation on this error, please visit: http://seleniumhq.org/exceptions/no_such_element.html
Build info: version: '3.6.0', revision: '6fbf3ec767', time: '2017-09-27T15:28:36.4Z'
System info: host: 'XPITAX-11568', ip: '192.168.0.105', os.name: 'Windows 10', os.arch: 'amd64', os.version: '10.0', java.version: '1.8.0_191'
Driver info: org.openqa.selenium.remote.RemoteWebDriver
Capabilities [{mobileEmulationEnabled=false, timeouts={implicit=0, pageLoad=300000, script=30000}, hasTouchScreen=false, platform=XP, acceptSslCerts=false, goog:chromeOptions={debuggerAddress=localhost:51619}, acceptInsecureCerts=false, webStorageEnabled=true, browserName=chrome, takesScreenshot=true, javascriptEnabled=true, platformName=XP, setWindowRect=true, unexpectedAlertBehaviour=ignore, applicationCacheEnabled=false, rotatable=false, networkConnectionEnabled=false, chrome={chromedriverVersion=72.0.3626.69 (3c16f8a135abc0d4da2dff33804db79b849a7c38), userDataDir=C:\Users\NTHIMM~1\AppData\Local\Temp\scoped_dir4512_872}, takesHeapSnapshot=true, unhandledPromptBehavior=ignore, pageLoadStrategy=normal, databaseEnabled=false, handlesAlerts=true, version=86.0.4240.198, browserConnectionEnabled=false, proxy=Proxy(), nativeEvents=true, locationContextEnabled=true, cssSelectorsEnabled=true}]
Session ID: d7c8b9d42c2b4657e2f3c2e6a1199df7
*** Element info: {Using=css selector, value=table[id$='GridViewreports'] tr:nth-child(0)>td:nth-child(0) input}
Screenshot path: E:\Naveenkumar-11568\REPORTSautomation\ScriptVersions\Script6/SureFireReports/20201119-164031/Screenshots/
8220707 [TestNG] ERROR ./TestResults/2020_11_19_10_10_48_PM/LogFile.log  - Failed to  enter the Fiscal Year
Screenshot path: E:\Naveenkumar-11568\REPORTSautomation\ScriptVersions\Script6/SureFireReports/20201119-164031/Screenshots/
8239701 [TestNG] ERROR ./TestResults/2020_11_19_10_10_48_PM/LogFile.log  - Exception:no such element: Unable to locate element: {"method":"css selector","selector":"table[id$='GridViewreports'] tr:nth-child(0)>td:nth-child(0) input"}
  (Session info: chrome=86.0.4240.198)
  (Driver info: chromedriver=72.0.3626.69 (3c16f8a135abc0d4da2dff33804db79b849a7c38),platform=Windows NT 10.0.18362 x86_64) (WARNING: The server did not provide any stacktrace information)
Command duration or timeout: 0 milliseconds
For documentation on this error, please visit: http://seleniumhq.org/exceptions/no_such_element.html
Build info: version: '3.6.0', revision: '6fbf3ec767', time: '2017-09-27T15:28:36.4Z'
System info: host: 'XPITAX-11568', ip: '192.168.0.105', os.name: 'Windows 10', os.arch: 'amd64', os.version: '10.0', java.version: '1.8.0_191'
Driver info: org.openqa.selenium.remote.RemoteWebDriver
Capabilities [{mobileEmulationEnabled=false, timeouts={implicit=0, pageLoad=300000, script=30000}, hasTouchScreen=false, platform=XP, acceptSslCerts=false, goog:chromeOptions={debuggerAddress=localhost:51619}, acceptInsecureCerts=false, webStorageEnabled=true, browserName=chrome, takesScreenshot=true, javascriptEnabled=true, platformName=XP, setWindowRect=true, unexpectedAlertBehaviour=ignore, applicationCacheEnabled=false, rotatable=false, networkConnectionEnabled=false, chrome={chromedriverVersion=72.0.3626.69 (3c16f8a135abc0d4da2dff33804db79b849a7c38), userDataDir=C:\Users\NTHIMM~1\AppData\Local\Temp\scoped_dir4512_872}, takesHeapSnapshot=true, unhandledPromptBehavior=ignore, pageLoadStrategy=normal, databaseEnabled=false, handlesAlerts=true, version=86.0.4240.198, browserConnectionEnabled=false, proxy=Proxy(), nativeEvents=true, locationContextEnabled=true, cssSelectorsEnabled=true}]
Session ID: d7c8b9d42c2b4657e2f3c2e6a1199df7
*** Element info: {Using=css selector, value=table[id$='GridViewreports'] tr:nth-child(0)>td:nth-child(0) input}
Screenshot path: E:\Naveenkumar-11568\REPORTSautomation\ScriptVersions\Script6/SureFireReports/20201119-164031/Screenshots/
8242129 [TestNG] ERROR ./TestResults/2020_11_19_10_10_48_PM/LogFile.log  - Failed to  saved the Fiscal Year
{} doesn't contain key name -TDR_SBS_007
]]></system-out>
  </testcase>
  <testcase name="TDR_SBS_008" classname="TestCases.TestCases" time="433.426">
    <failure type="java.lang.AssertionError:">java.lang.AssertionError: null
	at TestCases.TestCases.TestEnd(TestCases.java:10774)
	at TestCases.TestCases.TDR_SBS_008(TestCases.java:2252)
</failure>
    <system-out><![CDATA[TDR_SBS_008 Started...
Screenshot path: E:\Naveenkumar-11568\REPORTSautomation\ScriptVersions\Script6/SureFireReports/20201119-164031/Screenshots/
8265177 [TestNG] ERROR ./TestResults/2020_11_19_10_10_48_PM/LogFile.log  - Unable to find the System Wide radio button label.
Screenshot path: E:\Naveenkumar-11568\REPORTSautomation\ScriptVersions\Script6/SureFireReports/20201119-164031/Screenshots/
8290301 [TestNG] ERROR ./TestResults/2020_11_19_10_10_48_PM/LogFile.log  - Exception:no such element: Unable to locate element: {"method":"css selector","selector":"table[id*='GridViewreportsfirm'] tr:nth-child(0)>td:nth-child(0) input"}
  (Session info: chrome=86.0.4240.198)
  (Driver info: chromedriver=72.0.3626.69 (3c16f8a135abc0d4da2dff33804db79b849a7c38),platform=Windows NT 10.0.18362 x86_64) (WARNING: The server did not provide any stacktrace information)
Command duration or timeout: 0 milliseconds
For documentation on this error, please visit: http://seleniumhq.org/exceptions/no_such_element.html
Build info: version: '3.6.0', revision: '6fbf3ec767', time: '2017-09-27T15:28:36.4Z'
System info: host: 'XPITAX-11568', ip: '192.168.0.105', os.name: 'Windows 10', os.arch: 'amd64', os.version: '10.0', java.version: '1.8.0_191'
Driver info: org.openqa.selenium.remote.RemoteWebDriver
Capabilities [{mobileEmulationEnabled=false, timeouts={implicit=0, pageLoad=300000, script=30000}, hasTouchScreen=false, platform=XP, acceptSslCerts=false, goog:chromeOptions={debuggerAddress=localhost:51619}, acceptInsecureCerts=false, webStorageEnabled=true, browserName=chrome, takesScreenshot=true, javascriptEnabled=true, platformName=XP, setWindowRect=true, unexpectedAlertBehaviour=ignore, applicationCacheEnabled=false, rotatable=false, networkConnectionEnabled=false, chrome={chromedriverVersion=72.0.3626.69 (3c16f8a135abc0d4da2dff33804db79b849a7c38), userDataDir=C:\Users\NTHIMM~1\AppData\Local\Temp\scoped_dir4512_872}, takesHeapSnapshot=true, unhandledPromptBehavior=ignore, pageLoadStrategy=normal, databaseEnabled=false, handlesAlerts=true, version=86.0.4240.198, browserConnectionEnabled=false, proxy=Proxy(), nativeEvents=true, locationContextEnabled=true, cssSelectorsEnabled=true}]
Session ID: d7c8b9d42c2b4657e2f3c2e6a1199df7
*** Element info: {Using=css selector, value=table[id*='GridViewreportsfirm'] tr:nth-child(0)>td:nth-child(0) input}
Screenshot path: E:\Naveenkumar-11568\REPORTSautomation\ScriptVersions\Script6/SureFireReports/20201119-164031/Screenshots/
8292779 [TestNG] ERROR ./TestResults/2020_11_19_10_10_48_PM/LogFile.log  - Failed to  enter the Fiscal Year
Screenshot path: E:\Naveenkumar-11568\REPORTSautomation\ScriptVersions\Script6/SureFireReports/20201119-164031/Screenshots/
8311793 [TestNG] ERROR ./TestResults/2020_11_19_10_10_48_PM/LogFile.log  - Exception:no such element: Unable to locate element: {"method":"css selector","selector":"table[id*='GridViewreportsfirm'] tr:nth-child(0)>td:nth-child(0) input"}
  (Session info: chrome=86.0.4240.198)
  (Driver info: chromedriver=72.0.3626.69 (3c16f8a135abc0d4da2dff33804db79b849a7c38),platform=Windows NT 10.0.18362 x86_64) (WARNING: The server did not provide any stacktrace information)
Command duration or timeout: 0 milliseconds
For documentation on this error, please visit: http://seleniumhq.org/exceptions/no_such_element.html
Build info: version: '3.6.0', revision: '6fbf3ec767', time: '2017-09-27T15:28:36.4Z'
System info: host: 'XPITAX-11568', ip: '192.168.0.105', os.name: 'Windows 10', os.arch: 'amd64', os.version: '10.0', java.version: '1.8.0_191'
Driver info: org.openqa.selenium.remote.RemoteWebDriver
Capabilities [{mobileEmulationEnabled=false, timeouts={implicit=0, pageLoad=300000, script=30000}, hasTouchScreen=false, platform=XP, acceptSslCerts=false, goog:chromeOptions={debuggerAddress=localhost:51619}, acceptInsecureCerts=false, webStorageEnabled=true, browserName=chrome, takesScreenshot=true, javascriptEnabled=true, platformName=XP, setWindowRect=true, unexpectedAlertBehaviour=ignore, applicationCacheEnabled=false, rotatable=false, networkConnectionEnabled=false, chrome={chromedriverVersion=72.0.3626.69 (3c16f8a135abc0d4da2dff33804db79b849a7c38), userDataDir=C:\Users\NTHIMM~1\AppData\Local\Temp\scoped_dir4512_872}, takesHeapSnapshot=true, unhandledPromptBehavior=ignore, pageLoadStrategy=normal, databaseEnabled=false, handlesAlerts=true, version=86.0.4240.198, browserConnectionEnabled=false, proxy=Proxy(), nativeEvents=true, locationContextEnabled=true, cssSelectorsEnabled=true}]
Session ID: d7c8b9d42c2b4657e2f3c2e6a1199df7
*** Element info: {Using=css selector, value=table[id*='GridViewreportsfirm'] tr:nth-child(0)>td:nth-child(0) input}
Screenshot path: E:\Naveenkumar-11568\REPORTSautomation\ScriptVersions\Script6/SureFireReports/20201119-164031/Screenshots/
8314238 [TestNG] ERROR ./TestResults/2020_11_19_10_10_48_PM/LogFile.log  - Failed to  saved the Fiscal Year
Screenshot path: E:\Naveenkumar-11568\REPORTSautomation\ScriptVersions\Script6/SureFireReports/20201119-164031/Screenshots/
8326978 [TestNG] ERROR ./TestResults/2020_11_19_10_10_48_PM/LogFile.log  - Exception:no such element: Unable to locate element: {"method":"css selector","selector":"table[id*='GridViewreportsfirm'] tr:nth-child(0)>td:nth-child(0) input"}
  (Session info: chrome=86.0.4240.198)
  (Driver info: chromedriver=72.0.3626.69 (3c16f8a135abc0d4da2dff33804db79b849a7c38),platform=Windows NT 10.0.18362 x86_64) (WARNING: The server did not provide any stacktrace information)
Command duration or timeout: 0 milliseconds
For documentation on this error, please visit: http://seleniumhq.org/exceptions/no_such_element.html
Build info: version: '3.6.0', revision: '6fbf3ec767', time: '2017-09-27T15:28:36.4Z'
System info: host: 'XPITAX-11568', ip: '192.168.0.105', os.name: 'Windows 10', os.arch: 'amd64', os.version: '10.0', java.version: '1.8.0_191'
Driver info: org.openqa.selenium.remote.RemoteWebDriver
Capabilities [{mobileEmulationEnabled=false, timeouts={implicit=0, pageLoad=300000, script=30000}, hasTouchScreen=false, platform=XP, acceptSslCerts=false, goog:chromeOptions={debuggerAddress=localhost:51619}, acceptInsecureCerts=false, webStorageEnabled=true, browserName=chrome, takesScreenshot=true, javascriptEnabled=true, platformName=XP, setWindowRect=true, unexpectedAlertBehaviour=ignore, applicationCacheEnabled=false, rotatable=false, networkConnectionEnabled=false, chrome={chromedriverVersion=72.0.3626.69 (3c16f8a135abc0d4da2dff33804db79b849a7c38), userDataDir=C:\Users\NTHIMM~1\AppData\Local\Temp\scoped_dir4512_872}, takesHeapSnapshot=true, unhandledPromptBehavior=ignore, pageLoadStrategy=normal, databaseEnabled=false, handlesAlerts=true, version=86.0.4240.198, browserConnectionEnabled=false, proxy=Proxy(), nativeEvents=true, locationContextEnabled=true, cssSelectorsEnabled=true}]
Session ID: d7c8b9d42c2b4657e2f3c2e6a1199df7
*** Element info: {Using=css selector, value=table[id*='GridViewreportsfirm'] tr:nth-child(0)>td:nth-child(0) input}
Screenshot path: E:\Naveenkumar-11568\REPORTSautomation\ScriptVersions\Script6/SureFireReports/20201119-164031/Screenshots/
8332305 [TestNG] ERROR ./TestResults/2020_11_19_10_10_48_PM/LogFile.log  - The given window "2" is failed to open
Screenshot path: E:\Naveenkumar-11568\REPORTSautomation\ScriptVersions\Script6/SureFireReports/20201119-164031/Screenshots/
8470762 [TestNG] ERROR ./TestResults/2020_11_19_10_10_48_PM/LogFile.log  - Exception:no such element: Unable to locate element: {"method":"xpath","selector":"//input[@type='reset' or @value='Reset']"}
  (Session info: chrome=86.0.4240.198)
  (Driver info: chromedriver=72.0.3626.69 (3c16f8a135abc0d4da2dff33804db79b849a7c38),platform=Windows NT 10.0.18362 x86_64) (WARNING: The server did not provide any stacktrace information)
Command duration or timeout: 0 milliseconds
For documentation on this error, please visit: http://seleniumhq.org/exceptions/no_such_element.html
Build info: version: '3.6.0', revision: '6fbf3ec767', time: '2017-09-27T15:28:36.4Z'
System info: host: 'XPITAX-11568', ip: '192.168.0.105', os.name: 'Windows 10', os.arch: 'amd64', os.version: '10.0', java.version: '1.8.0_191'
Driver info: org.openqa.selenium.remote.RemoteWebDriver
Capabilities [{mobileEmulationEnabled=false, timeouts={implicit=0, pageLoad=300000, script=30000}, hasTouchScreen=false, platform=XP, acceptSslCerts=false, goog:chromeOptions={debuggerAddress=localhost:51619}, acceptInsecureCerts=false, webStorageEnabled=true, browserName=chrome, takesScreenshot=true, javascriptEnabled=true, platformName=XP, setWindowRect=true, unexpectedAlertBehaviour=ignore, applicationCacheEnabled=false, rotatable=false, networkConnectionEnabled=false, chrome={chromedriverVersion=72.0.3626.69 (3c16f8a135abc0d4da2dff33804db79b849a7c38), userDataDir=C:\Users\NTHIMM~1\AppData\Local\Temp\scoped_dir4512_872}, takesHeapSnapshot=true, unhandledPromptBehavior=ignore, pageLoadStrategy=normal, databaseEnabled=false, handlesAlerts=true, version=86.0.4240.198, browserConnectionEnabled=false, proxy=Proxy(), nativeEvents=true, locationContextEnabled=true, cssSelectorsEnabled=true}]
Session ID: d7c8b9d42c2b4657e2f3c2e6a1199df7
*** Element info: {Using=xpath, value=//input[@type='reset' or @value='Reset']}
Screenshot path: E:\Naveenkumar-11568\REPORTSautomation\ScriptVersions\Script6/SureFireReports/20201119-164031/Screenshots/
8473270 [TestNG] ERROR ./TestResults/2020_11_19_10_10_48_PM/LogFile.log  - Unable to find the My Reports radio button label.
Screenshot path: E:\Naveenkumar-11568\REPORTSautomation\ScriptVersions\Script6/SureFireReports/20201119-164031/Screenshots/
8498492 [TestNG] ERROR ./TestResults/2020_11_19_10_10_48_PM/LogFile.log  - Exception:no such element: Unable to locate element: {"method":"css selector","selector":"table[id$='GridViewreports'] tr:nth-child(0)>td:nth-child(0) input"}
  (Session info: chrome=86.0.4240.198)
  (Driver info: chromedriver=72.0.3626.69 (3c16f8a135abc0d4da2dff33804db79b849a7c38),platform=Windows NT 10.0.18362 x86_64) (WARNING: The server did not provide any stacktrace information)
Command duration or timeout: 0 milliseconds
For documentation on this error, please visit: http://seleniumhq.org/exceptions/no_such_element.html
Build info: version: '3.6.0', revision: '6fbf3ec767', time: '2017-09-27T15:28:36.4Z'
System info: host: 'XPITAX-11568', ip: '192.168.0.105', os.name: 'Windows 10', os.arch: 'amd64', os.version: '10.0', java.version: '1.8.0_191'
Driver info: org.openqa.selenium.remote.RemoteWebDriver
Capabilities [{mobileEmulationEnabled=false, timeouts={implicit=0, pageLoad=300000, script=30000}, hasTouchScreen=false, platform=XP, acceptSslCerts=false, goog:chromeOptions={debuggerAddress=localhost:51619}, acceptInsecureCerts=false, webStorageEnabled=true, browserName=chrome, takesScreenshot=true, javascriptEnabled=true, platformName=XP, setWindowRect=true, unexpectedAlertBehaviour=ignore, applicationCacheEnabled=false, rotatable=false, networkConnectionEnabled=false, chrome={chromedriverVersion=72.0.3626.69 (3c16f8a135abc0d4da2dff33804db79b849a7c38), userDataDir=C:\Users\NTHIMM~1\AppData\Local\Temp\scoped_dir4512_872}, takesHeapSnapshot=true, unhandledPromptBehavior=ignore, pageLoadStrategy=normal, databaseEnabled=false, handlesAlerts=true, version=86.0.4240.198, browserConnectionEnabled=false, proxy=Proxy(), nativeEvents=true, locationContextEnabled=true, cssSelectorsEnabled=true}]
Session ID: d7c8b9d42c2b4657e2f3c2e6a1199df7
*** Element info: {Using=css selector, value=table[id$='GridViewreports'] tr:nth-child(0)>td:nth-child(0) input}
Screenshot path: E:\Naveenkumar-11568\REPORTSautomation\ScriptVersions\Script6/SureFireReports/20201119-164031/Screenshots/
8500971 [TestNG] ERROR ./TestResults/2020_11_19_10_10_48_PM/LogFile.log  - Failed to  enter the Fiscal Year
Screenshot path: E:\Naveenkumar-11568\REPORTSautomation\ScriptVersions\Script6/SureFireReports/20201119-164031/Screenshots/
8519962 [TestNG] ERROR ./TestResults/2020_11_19_10_10_48_PM/LogFile.log  - Exception:no such element: Unable to locate element: {"method":"css selector","selector":"table[id$='GridViewreports'] tr:nth-child(0)>td:nth-child(0) input"}
  (Session info: chrome=86.0.4240.198)
  (Driver info: chromedriver=72.0.3626.69 (3c16f8a135abc0d4da2dff33804db79b849a7c38),platform=Windows NT 10.0.18362 x86_64) (WARNING: The server did not provide any stacktrace information)
Command duration or timeout: 0 milliseconds
For documentation on this error, please visit: http://seleniumhq.org/exceptions/no_such_element.html
Build info: version: '3.6.0', revision: '6fbf3ec767', time: '2017-09-27T15:28:36.4Z'
System info: host: 'XPITAX-11568', ip: '192.168.0.105', os.name: 'Windows 10', os.arch: 'amd64', os.version: '10.0', java.version: '1.8.0_191'
Driver info: org.openqa.selenium.remote.RemoteWebDriver
Capabilities [{mobileEmulationEnabled=false, timeouts={implicit=0, pageLoad=300000, script=30000}, hasTouchScreen=false, platform=XP, acceptSslCerts=false, goog:chromeOptions={debuggerAddress=localhost:51619}, acceptInsecureCerts=false, webStorageEnabled=true, browserName=chrome, takesScreenshot=true, javascriptEnabled=true, platformName=XP, setWindowRect=true, unexpectedAlertBehaviour=ignore, applicationCacheEnabled=false, rotatable=false, networkConnectionEnabled=false, chrome={chromedriverVersion=72.0.3626.69 (3c16f8a135abc0d4da2dff33804db79b849a7c38), userDataDir=C:\Users\NTHIMM~1\AppData\Local\Temp\scoped_dir4512_872}, takesHeapSnapshot=true, unhandledPromptBehavior=ignore, pageLoadStrategy=normal, databaseEnabled=false, handlesAlerts=true, version=86.0.4240.198, browserConnectionEnabled=false, proxy=Proxy(), nativeEvents=true, locationContextEnabled=true, cssSelectorsEnabled=true}]
Session ID: d7c8b9d42c2b4657e2f3c2e6a1199df7
*** Element info: {Using=css selector, value=table[id$='GridViewreports'] tr:nth-child(0)>td:nth-child(0) input}
Screenshot path: E:\Naveenkumar-11568\REPORTSautomation\ScriptVersions\Script6/SureFireReports/20201119-164031/Screenshots/
8522377 [TestNG] ERROR ./TestResults/2020_11_19_10_10_48_PM/LogFile.log  - Failed to  saved the Fiscal Year
Screenshot path: E:\Naveenkumar-11568\REPORTSautomation\ScriptVersions\Script6/SureFireReports/20201119-164031/Screenshots/
8535110 [TestNG] ERROR ./TestResults/2020_11_19_10_10_48_PM/LogFile.log  - Exception:no such element: Unable to locate element: {"method":"css selector","selector":"table[id$='GridViewreports'] tr:nth-child(0)>td:nth-child(0) input"}
  (Session info: chrome=86.0.4240.198)
  (Driver info: chromedriver=72.0.3626.69 (3c16f8a135abc0d4da2dff33804db79b849a7c38),platform=Windows NT 10.0.18362 x86_64) (WARNING: The server did not provide any stacktrace information)
Command duration or timeout: 0 milliseconds
For documentation on this error, please visit: http://seleniumhq.org/exceptions/no_such_element.html
Build info: version: '3.6.0', revision: '6fbf3ec767', time: '2017-09-27T15:28:36.4Z'
System info: host: 'XPITAX-11568', ip: '192.168.0.105', os.name: 'Windows 10', os.arch: 'amd64', os.version: '10.0', java.version: '1.8.0_191'
Driver info: org.openqa.selenium.remote.RemoteWebDriver
Capabilities [{mobileEmulationEnabled=false, timeouts={implicit=0, pageLoad=300000, script=30000}, hasTouchScreen=false, platform=XP, acceptSslCerts=false, goog:chromeOptions={debuggerAddress=localhost:51619}, acceptInsecureCerts=false, webStorageEnabled=true, browserName=chrome, takesScreenshot=true, javascriptEnabled=true, platformName=XP, setWindowRect=true, unexpectedAlertBehaviour=ignore, applicationCacheEnabled=false, rotatable=false, networkConnectionEnabled=false, chrome={chromedriverVersion=72.0.3626.69 (3c16f8a135abc0d4da2dff33804db79b849a7c38), userDataDir=C:\Users\NTHIMM~1\AppData\Local\Temp\scoped_dir4512_872}, takesHeapSnapshot=true, unhandledPromptBehavior=ignore, pageLoadStrategy=normal, databaseEnabled=false, handlesAlerts=true, version=86.0.4240.198, browserConnectionEnabled=false, proxy=Proxy(), nativeEvents=true, locationContextEnabled=true, cssSelectorsEnabled=true}]
Session ID: d7c8b9d42c2b4657e2f3c2e6a1199df7
*** Element info: {Using=css selector, value=table[id$='GridViewreports'] tr:nth-child(0)>td:nth-child(0) input}
Screenshot path: E:\Naveenkumar-11568\REPORTSautomation\ScriptVersions\Script6/SureFireReports/20201119-164031/Screenshots/
8540469 [TestNG] ERROR ./TestResults/2020_11_19_10_10_48_PM/LogFile.log  - The given window "2" is failed to open
{} doesn't contain key name -TDR_SBS_008
]]></system-out>
  </testcase>
  <testcase name="TDR_SBS_009" classname="TestCases.TestCases" time="245.007">
    <failure type="java.lang.AssertionError:">java.lang.AssertionError: null
	at TestCases.TestCases.TestEnd(TestCases.java:10774)
	at TestCases.TestCases.TDR_SBS_009(TestCases.java:2267)
</failure>
    <system-out><![CDATA[TDR_SBS_009 Started...
Screenshot path: E:\Naveenkumar-11568\REPORTSautomation\ScriptVersions\Script6/SureFireReports/20201119-164031/Screenshots/
8866230 [TestNG] ERROR ./TestResults/2020_11_19_10_10_48_PM/LogFile.log  - Unable to find the System Wide radio button label.
Screenshot path: E:\Naveenkumar-11568\REPORTSautomation\ScriptVersions\Script6/SureFireReports/20201119-164031/Screenshots/
8895481 [TestNG] ERROR ./TestResults/2020_11_19_10_10_48_PM/LogFile.log  - Exception:no such element: Unable to locate element: {"method":"xpath","selector":"//input[@type='reset' or @value='Reset']"}
  (Session info: chrome=86.0.4240.198)
  (Driver info: chromedriver=72.0.3626.69 (3c16f8a135abc0d4da2dff33804db79b849a7c38),platform=Windows NT 10.0.18362 x86_64) (WARNING: The server did not provide any stacktrace information)
Command duration or timeout: 0 milliseconds
For documentation on this error, please visit: http://seleniumhq.org/exceptions/no_such_element.html
Build info: version: '3.6.0', revision: '6fbf3ec767', time: '2017-09-27T15:28:36.4Z'
System info: host: 'XPITAX-11568', ip: '192.168.0.105', os.name: 'Windows 10', os.arch: 'amd64', os.version: '10.0', java.version: '1.8.0_191'
Driver info: org.openqa.selenium.remote.RemoteWebDriver
Capabilities [{mobileEmulationEnabled=false, timeouts={implicit=0, pageLoad=300000, script=30000}, hasTouchScreen=false, platform=XP, acceptSslCerts=false, goog:chromeOptions={debuggerAddress=localhost:51619}, acceptInsecureCerts=false, webStorageEnabled=true, browserName=chrome, takesScreenshot=true, javascriptEnabled=true, platformName=XP, setWindowRect=true, unexpectedAlertBehaviour=ignore, applicationCacheEnabled=false, rotatable=false, networkConnectionEnabled=false, chrome={chromedriverVersion=72.0.3626.69 (3c16f8a135abc0d4da2dff33804db79b849a7c38), userDataDir=C:\Users\NTHIMM~1\AppData\Local\Temp\scoped_dir4512_872}, takesHeapSnapshot=true, unhandledPromptBehavior=ignore, pageLoadStrategy=normal, databaseEnabled=false, handlesAlerts=true, version=86.0.4240.198, browserConnectionEnabled=false, proxy=Proxy(), nativeEvents=true, locationContextEnabled=true, cssSelectorsEnabled=true}]
Session ID: d7c8b9d42c2b4657e2f3c2e6a1199df7
*** Element info: {Using=xpath, value=//input[@type='reset' or @value='Reset']}
Screenshot path: E:\Naveenkumar-11568\REPORTSautomation\ScriptVersions\Script6/SureFireReports/20201119-164031/Screenshots/
8897938 [TestNG] ERROR ./TestResults/2020_11_19_10_10_48_PM/LogFile.log  - Unable to find the My Reports radio button label.
{} doesn't contain key name -TDR_SBS_009
]]></system-out>
  </testcase>
  <testcase name="TDR_SBS_010" classname="TestCases.TestCases" time="145.98">
    <failure type="java.lang.AssertionError:">java.lang.AssertionError: null
	at TestCases.TestCases.TestEnd(TestCases.java:10774)
	at TestCases.TestCases.TDR_SBS_010(TestCases.java:2282)
</failure>
    <system-out><![CDATA[TDR_SBS_010 Started...
Screenshot path: E:\Naveenkumar-11568\REPORTSautomation\ScriptVersions\Script6/SureFireReports/20201119-164031/Screenshots/
8987455 [TestNG] ERROR ./TestResults/2020_11_19_10_10_48_PM/LogFile.log  - Unable to find the System Wide radio button label.
Screenshot path: E:\Naveenkumar-11568\REPORTSautomation\ScriptVersions\Script6/SureFireReports/20201119-164031/Screenshots/
9029070 [TestNG] ERROR ./TestResults/2020_11_19_10_10_48_PM/LogFile.log  - Exception:no such element: Unable to locate element: {"method":"xpath","selector":"//input[@type='reset' or @value='Reset']"}
  (Session info: chrome=86.0.4240.198)
  (Driver info: chromedriver=72.0.3626.69 (3c16f8a135abc0d4da2dff33804db79b849a7c38),platform=Windows NT 10.0.18362 x86_64) (WARNING: The server did not provide any stacktrace information)
Command duration or timeout: 0 milliseconds
For documentation on this error, please visit: http://seleniumhq.org/exceptions/no_such_element.html
Build info: version: '3.6.0', revision: '6fbf3ec767', time: '2017-09-27T15:28:36.4Z'
System info: host: 'XPITAX-11568', ip: '192.168.0.105', os.name: 'Windows 10', os.arch: 'amd64', os.version: '10.0', java.version: '1.8.0_191'
Driver info: org.openqa.selenium.remote.RemoteWebDriver
Capabilities [{mobileEmulationEnabled=false, timeouts={implicit=0, pageLoad=300000, script=30000}, hasTouchScreen=false, platform=XP, acceptSslCerts=false, goog:chromeOptions={debuggerAddress=localhost:51619}, acceptInsecureCerts=false, webStorageEnabled=true, browserName=chrome, takesScreenshot=true, javascriptEnabled=true, platformName=XP, setWindowRect=true, unexpectedAlertBehaviour=ignore, applicationCacheEnabled=false, rotatable=false, networkConnectionEnabled=false, chrome={chromedriverVersion=72.0.3626.69 (3c16f8a135abc0d4da2dff33804db79b849a7c38), userDataDir=C:\Users\NTHIMM~1\AppData\Local\Temp\scoped_dir4512_872}, takesHeapSnapshot=true, unhandledPromptBehavior=ignore, pageLoadStrategy=normal, databaseEnabled=false, handlesAlerts=true, version=86.0.4240.198, browserConnectionEnabled=false, proxy=Proxy(), nativeEvents=true, locationContextEnabled=true, cssSelectorsEnabled=true}]
Session ID: d7c8b9d42c2b4657e2f3c2e6a1199df7
*** Element info: {Using=xpath, value=//input[@type='reset' or @value='Reset']}
Screenshot path: E:\Naveenkumar-11568\REPORTSautomation\ScriptVersions\Script6/SureFireReports/20201119-164031/Screenshots/
9031458 [TestNG] ERROR ./TestResults/2020_11_19_10_10_48_PM/LogFile.log  - Unable to find the My Reports radio button label.
{} doesn't contain key name -TDR_SBS_010
]]></system-out>
  </testcase>
  <testcase name="TDR_SBS_011" classname="TestCases.TestCases" time="593.541">
    <failure type="java.lang.AssertionError:">java.lang.AssertionError: null
	at TestCases.TestCases.TestEnd(TestCases.java:10774)
	at TestCases.TestCases.TDR_SBS_011(TestCases.java:2297)
</failure>
    <system-out><![CDATA[TDR_SBS_011 Started...
Screenshot path: E:\Naveenkumar-11568\REPORTSautomation\ScriptVersions\Script6/SureFireReports/20201119-164031/Screenshots/
9087328 [TestNG] ERROR ./TestResults/2020_11_19_10_10_48_PM/LogFile.log  - Unable to find the Current radio button label.
Screenshot path: E:\Naveenkumar-11568\REPORTSautomation\ScriptVersions\Script6/SureFireReports/20201119-164031/Screenshots/
9089698 [TestNG] ERROR ./TestResults/2020_11_19_10_10_48_PM/LogFile.log  - Unable to find the Default radio button label.
Screenshot path: E:\Naveenkumar-11568\REPORTSautomation\ScriptVersions\Script6/SureFireReports/20201119-164031/Screenshots/
9093144 [TestNG] ERROR ./TestResults/2020_11_19_10_10_48_PM/LogFile.log  - Exception:no such element: Unable to locate element: {"method":"css selector","selector":"a[id*='chooseid']"}
  (Session info: chrome=86.0.4240.198)
  (Driver info: chromedriver=72.0.3626.69 (3c16f8a135abc0d4da2dff33804db79b849a7c38),platform=Windows NT 10.0.18362 x86_64) (WARNING: The server did not provide any stacktrace information)
Command duration or timeout: 0 milliseconds
For documentation on this error, please visit: http://seleniumhq.org/exceptions/no_such_element.html
Build info: version: '3.6.0', revision: '6fbf3ec767', time: '2017-09-27T15:28:36.4Z'
System info: host: 'XPITAX-11568', ip: '192.168.0.105', os.name: 'Windows 10', os.arch: 'amd64', os.version: '10.0', java.version: '1.8.0_191'
Driver info: org.openqa.selenium.remote.RemoteWebDriver
Capabilities [{mobileEmulationEnabled=false, timeouts={implicit=0, pageLoad=300000, script=30000}, hasTouchScreen=false, platform=XP, acceptSslCerts=false, goog:chromeOptions={debuggerAddress=localhost:51619}, acceptInsecureCerts=false, webStorageEnabled=true, browserName=chrome, takesScreenshot=true, javascriptEnabled=true, platformName=XP, setWindowRect=true, unexpectedAlertBehaviour=ignore, applicationCacheEnabled=false, rotatable=false, networkConnectionEnabled=false, chrome={chromedriverVersion=72.0.3626.69 (3c16f8a135abc0d4da2dff33804db79b849a7c38), userDataDir=C:\Users\NTHIMM~1\AppData\Local\Temp\scoped_dir4512_872}, takesHeapSnapshot=true, unhandledPromptBehavior=ignore, pageLoadStrategy=normal, databaseEnabled=false, handlesAlerts=true, version=86.0.4240.198, browserConnectionEnabled=false, proxy=Proxy(), nativeEvents=true, locationContextEnabled=true, cssSelectorsEnabled=true}]
Session ID: d7c8b9d42c2b4657e2f3c2e6a1199df7
*** Element info: {Using=css selector, value=a[id*='chooseid']}
Screenshot path: E:\Naveenkumar-11568\REPORTSautomation\ScriptVersions\Script6/SureFireReports/20201119-164031/Screenshots/
9098486 [TestNG] ERROR ./TestResults/2020_11_19_10_10_48_PM/LogFile.log  - The given window "2" is failed to open
Screenshot path: E:\Naveenkumar-11568\REPORTSautomation\ScriptVersions\Script6/SureFireReports/20201119-164031/Screenshots/
9107879 [TestNG] ERROR ./TestResults/2020_11_19_10_10_48_PM/LogFile.log  - No Column headers are displayed
Screenshot path: E:\Naveenkumar-11568\REPORTSautomation\ScriptVersions\Script6/SureFireReports/20201119-164031/Screenshots/
9133437 [TestNG] ERROR ./TestResults/2020_11_19_10_10_48_PM/LogFile.log  - The given window "2" is failed to open
Screenshot path: E:\Naveenkumar-11568\REPORTSautomation\ScriptVersions\Script6/SureFireReports/20201119-164031/Screenshots/
9279028 [TestNG] ERROR ./TestResults/2020_11_19_10_10_48_PM/LogFile.log  - Unable to find the Archive radio button label.
Screenshot path: E:\Naveenkumar-11568\REPORTSautomation\ScriptVersions\Script6/SureFireReports/20201119-164031/Screenshots/
9281423 [TestNG] ERROR ./TestResults/2020_11_19_10_10_48_PM/LogFile.log  - Unable to find the Default radio button label.
Screenshot path: E:\Naveenkumar-11568\REPORTSautomation\ScriptVersions\Script6/SureFireReports/20201119-164031/Screenshots/
9284807 [TestNG] ERROR ./TestResults/2020_11_19_10_10_48_PM/LogFile.log  - Exception:no such element: Unable to locate element: {"method":"css selector","selector":"a[id*='chooseid']"}
  (Session info: chrome=86.0.4240.198)
  (Driver info: chromedriver=72.0.3626.69 (3c16f8a135abc0d4da2dff33804db79b849a7c38),platform=Windows NT 10.0.18362 x86_64) (WARNING: The server did not provide any stacktrace information)
Command duration or timeout: 0 milliseconds
For documentation on this error, please visit: http://seleniumhq.org/exceptions/no_such_element.html
Build info: version: '3.6.0', revision: '6fbf3ec767', time: '2017-09-27T15:28:36.4Z'
System info: host: 'XPITAX-11568', ip: '192.168.0.105', os.name: 'Windows 10', os.arch: 'amd64', os.version: '10.0', java.version: '1.8.0_191'
Driver info: org.openqa.selenium.remote.RemoteWebDriver
Capabilities [{mobileEmulationEnabled=false, timeouts={implicit=0, pageLoad=300000, script=30000}, hasTouchScreen=false, platform=XP, acceptSslCerts=false, goog:chromeOptions={debuggerAddress=localhost:51619}, acceptInsecureCerts=false, webStorageEnabled=true, browserName=chrome, takesScreenshot=true, javascriptEnabled=true, platformName=XP, setWindowRect=true, unexpectedAlertBehaviour=ignore, applicationCacheEnabled=false, rotatable=false, networkConnectionEnabled=false, chrome={chromedriverVersion=72.0.3626.69 (3c16f8a135abc0d4da2dff33804db79b849a7c38), userDataDir=C:\Users\NTHIMM~1\AppData\Local\Temp\scoped_dir4512_872}, takesHeapSnapshot=true, unhandledPromptBehavior=ignore, pageLoadStrategy=normal, databaseEnabled=false, handlesAlerts=true, version=86.0.4240.198, browserConnectionEnabled=false, proxy=Proxy(), nativeEvents=true, locationContextEnabled=true, cssSelectorsEnabled=true}]
Session ID: d7c8b9d42c2b4657e2f3c2e6a1199df7
*** Element info: {Using=css selector, value=a[id*='chooseid']}
Screenshot path: E:\Naveenkumar-11568\REPORTSautomation\ScriptVersions\Script6/SureFireReports/20201119-164031/Screenshots/
9290143 [TestNG] ERROR ./TestResults/2020_11_19_10_10_48_PM/LogFile.log  - The given window "2" is failed to open
Screenshot path: E:\Naveenkumar-11568\REPORTSautomation\ScriptVersions\Script6/SureFireReports/20201119-164031/Screenshots/
9299573 [TestNG] ERROR ./TestResults/2020_11_19_10_10_48_PM/LogFile.log  - No Column headers are displayed
Screenshot path: E:\Naveenkumar-11568\REPORTSautomation\ScriptVersions\Script6/SureFireReports/20201119-164031/Screenshots/
9325141 [TestNG] ERROR ./TestResults/2020_11_19_10_10_48_PM/LogFile.log  - The given window "2" is failed to open
Screenshot path: E:\Naveenkumar-11568\REPORTSautomation\ScriptVersions\Script6/SureFireReports/20201119-164031/Screenshots/
9470798 [TestNG] ERROR ./TestResults/2020_11_19_10_10_48_PM/LogFile.log  - Unable to find the Archive radio button label.
Screenshot path: E:\Naveenkumar-11568\REPORTSautomation\ScriptVersions\Script6/SureFireReports/20201119-164031/Screenshots/
9473222 [TestNG] ERROR ./TestResults/2020_11_19_10_10_48_PM/LogFile.log  - Unable to find the Default radio button label.
Screenshot path: E:\Naveenkumar-11568\REPORTSautomation\ScriptVersions\Script6/SureFireReports/20201119-164031/Screenshots/
9476632 [TestNG] ERROR ./TestResults/2020_11_19_10_10_48_PM/LogFile.log  - Exception:no such element: Unable to locate element: {"method":"css selector","selector":"a[id*='chooseid']"}
  (Session info: chrome=86.0.4240.198)
  (Driver info: chromedriver=72.0.3626.69 (3c16f8a135abc0d4da2dff33804db79b849a7c38),platform=Windows NT 10.0.18362 x86_64) (WARNING: The server did not provide any stacktrace information)
Command duration or timeout: 0 milliseconds
For documentation on this error, please visit: http://seleniumhq.org/exceptions/no_such_element.html
Build info: version: '3.6.0', revision: '6fbf3ec767', time: '2017-09-27T15:28:36.4Z'
System info: host: 'XPITAX-11568', ip: '192.168.0.105', os.name: 'Windows 10', os.arch: 'amd64', os.version: '10.0', java.version: '1.8.0_191'
Driver info: org.openqa.selenium.remote.RemoteWebDriver
Capabilities [{mobileEmulationEnabled=false, timeouts={implicit=0, pageLoad=300000, script=30000}, hasTouchScreen=false, platform=XP, acceptSslCerts=false, goog:chromeOptions={debuggerAddress=localhost:51619}, acceptInsecureCerts=false, webStorageEnabled=true, browserName=chrome, takesScreenshot=true, javascriptEnabled=true, platformName=XP, setWindowRect=true, unexpectedAlertBehaviour=ignore, applicationCacheEnabled=false, rotatable=false, networkConnectionEnabled=false, chrome={chromedriverVersion=72.0.3626.69 (3c16f8a135abc0d4da2dff33804db79b849a7c38), userDataDir=C:\Users\NTHIMM~1\AppData\Local\Temp\scoped_dir4512_872}, takesHeapSnapshot=true, unhandledPromptBehavior=ignore, pageLoadStrategy=normal, databaseEnabled=false, handlesAlerts=true, version=86.0.4240.198, browserConnectionEnabled=false, proxy=Proxy(), nativeEvents=true, locationContextEnabled=true, cssSelectorsEnabled=true}]
Session ID: d7c8b9d42c2b4657e2f3c2e6a1199df7
*** Element info: {Using=css selector, value=a[id*='chooseid']}
Screenshot path: E:\Naveenkumar-11568\REPORTSautomation\ScriptVersions\Script6/SureFireReports/20201119-164031/Screenshots/
9481970 [TestNG] ERROR ./TestResults/2020_11_19_10_10_48_PM/LogFile.log  - The given window "2" is failed to open
Screenshot path: E:\Naveenkumar-11568\REPORTSautomation\ScriptVersions\Script6/SureFireReports/20201119-164031/Screenshots/
9491392 [TestNG] ERROR ./TestResults/2020_11_19_10_10_48_PM/LogFile.log  - No Column headers are displayed
Screenshot path: E:\Naveenkumar-11568\REPORTSautomation\ScriptVersions\Script6/SureFireReports/20201119-164031/Screenshots/
9516955 [TestNG] ERROR ./TestResults/2020_11_19_10_10_48_PM/LogFile.log  - The given window "2" is failed to open
{} doesn't contain key name -TDR_SBS_011
]]></system-out>
  </testcase>
  <testcase name="TDR_SBS_012" classname="TestCases.TestCases" time="589.387">
    <failure type="java.lang.AssertionError:">java.lang.AssertionError: null
	at TestCases.TestCases.TestEnd(TestCases.java:10774)
	at TestCases.TestCases.TDR_SBS_012(TestCases.java:2312)
</failure>
    <system-out><![CDATA[TDR_SBS_012 Started...
Screenshot path: E:\Naveenkumar-11568\REPORTSautomation\ScriptVersions\Script6/SureFireReports/20201119-164031/Screenshots/
9844906 [TestNG] ERROR ./TestResults/2020_11_19_10_10_48_PM/LogFile.log  - Unable to find the System Wide radio button label.
Screenshot path: E:\Naveenkumar-11568\REPORTSautomation\ScriptVersions\Script6/SureFireReports/20201119-164031/Screenshots/
9872852 [TestNG] ERROR ./TestResults/2020_11_19_10_10_48_PM/LogFile.log  - The given window "2" is failed to open
Screenshot path: E:\Naveenkumar-11568\REPORTSautomation\ScriptVersions\Script6/SureFireReports/20201119-164031/Screenshots/
9907623 [TestNG] ERROR ./TestResults/2020_11_19_10_10_48_PM/LogFile.log  - The given window "2" is failed to open
Screenshot path: E:\Naveenkumar-11568\REPORTSautomation\ScriptVersions\Script6/SureFireReports/20201119-164031/Screenshots/
10049225 [TestNG] ERROR ./TestResults/2020_11_19_10_10_48_PM/LogFile.log  - Exception:no such element: Unable to locate element: {"method":"xpath","selector":"//input[@type='reset' or @value='Reset']"}
  (Session info: chrome=86.0.4240.198)
  (Driver info: chromedriver=72.0.3626.69 (3c16f8a135abc0d4da2dff33804db79b849a7c38),platform=Windows NT 10.0.18362 x86_64) (WARNING: The server did not provide any stacktrace information)
Command duration or timeout: 0 milliseconds
For documentation on this error, please visit: http://seleniumhq.org/exceptions/no_such_element.html
Build info: version: '3.6.0', revision: '6fbf3ec767', time: '2017-09-27T15:28:36.4Z'
System info: host: 'XPITAX-11568', ip: '192.168.0.105', os.name: 'Windows 10', os.arch: 'amd64', os.version: '10.0', java.version: '1.8.0_191'
Driver info: org.openqa.selenium.remote.RemoteWebDriver
Capabilities [{mobileEmulationEnabled=false, timeouts={implicit=0, pageLoad=300000, script=30000}, hasTouchScreen=false, platform=XP, acceptSslCerts=false, goog:chromeOptions={debuggerAddress=localhost:51619}, acceptInsecureCerts=false, webStorageEnabled=true, browserName=chrome, takesScreenshot=true, javascriptEnabled=true, platformName=XP, setWindowRect=true, unexpectedAlertBehaviour=ignore, applicationCacheEnabled=false, rotatable=false, networkConnectionEnabled=false, chrome={chromedriverVersion=72.0.3626.69 (3c16f8a135abc0d4da2dff33804db79b849a7c38), userDataDir=C:\Users\NTHIMM~1\AppData\Local\Temp\scoped_dir4512_872}, takesHeapSnapshot=true, unhandledPromptBehavior=ignore, pageLoadStrategy=normal, databaseEnabled=false, handlesAlerts=true, version=86.0.4240.198, browserConnectionEnabled=false, proxy=Proxy(), nativeEvents=true, locationContextEnabled=true, cssSelectorsEnabled=true}]
Session ID: d7c8b9d42c2b4657e2f3c2e6a1199df7
*** Element info: {Using=xpath, value=//input[@type='reset' or @value='Reset']}
Screenshot path: E:\Naveenkumar-11568\REPORTSautomation\ScriptVersions\Script6/SureFireReports/20201119-164031/Screenshots/
10051738 [TestNG] ERROR ./TestResults/2020_11_19_10_10_48_PM/LogFile.log  - Unable to find the My Reports radio button label.
Screenshot path: E:\Naveenkumar-11568\REPORTSautomation\ScriptVersions\Script6/SureFireReports/20201119-164031/Screenshots/
10079783 [TestNG] ERROR ./TestResults/2020_11_19_10_10_48_PM/LogFile.log  - The given window "2" is failed to open
Screenshot path: E:\Naveenkumar-11568\REPORTSautomation\ScriptVersions\Script6/SureFireReports/20201119-164031/Screenshots/
10114423 [TestNG] ERROR ./TestResults/2020_11_19_10_10_48_PM/LogFile.log  - The given window "2" is failed to open
{} doesn't contain key name -TDR_SBS_012
]]></system-out>
  </testcase>
  <testcase name="TDR_SBS_013" classname="TestCases.TestCases" time="624.031">
    <failure type="java.lang.AssertionError:">java.lang.AssertionError: null
	at TestCases.TestCases.TestEnd(TestCases.java:10774)
	at TestCases.TestCases.TDR_SBS_013(TestCases.java:2327)
</failure>
    <system-out><![CDATA[TDR_SBS_013 Started...
Screenshot path: E:\Naveenkumar-11568\REPORTSautomation\ScriptVersions\Script6/SureFireReports/20201119-164031/Screenshots/
10387862 [TestNG] ERROR ./TestResults/2020_11_19_10_10_48_PM/LogFile.log  - Unable to find the Current radio button label.
Screenshot path: E:\Naveenkumar-11568\REPORTSautomation\ScriptVersions\Script6/SureFireReports/20201119-164031/Screenshots/
10390249 [TestNG] ERROR ./TestResults/2020_11_19_10_10_48_PM/LogFile.log  - Failed to validate the Fiscal Year
Screenshot path: E:\Naveenkumar-11568\REPORTSautomation\ScriptVersions\Script6/SureFireReports/20201119-164031/Screenshots/
10392653 [TestNG] ERROR ./TestResults/2020_11_19_10_10_48_PM/LogFile.log  - Failed to  enter the Fiscal Year
Screenshot path: E:\Naveenkumar-11568\REPORTSautomation\ScriptVersions\Script6/SureFireReports/20201119-164031/Screenshots/
10395129 [TestNG] ERROR ./TestResults/2020_11_19_10_10_48_PM/LogFile.log  - Failed to  enter the Type of Task
Screenshot path: E:\Naveenkumar-11568\REPORTSautomation\ScriptVersions\Script6/SureFireReports/20201119-164031/Screenshots/
10412907 [TestNG] ERROR ./TestResults/2020_11_19_10_10_48_PM/LogFile.log  - The given window "2" is failed to open
Screenshot path: E:\Naveenkumar-11568\REPORTSautomation\ScriptVersions\Script6/SureFireReports/20201119-164031/Screenshots/
10550463 [TestNG] ERROR ./TestResults/2020_11_19_10_10_48_PM/LogFile.log  - Unable to find the Archive radio button label.
Screenshot path: E:\Naveenkumar-11568\REPORTSautomation\ScriptVersions\Script6/SureFireReports/20201119-164031/Screenshots/
10552902 [TestNG] ERROR ./TestResults/2020_11_19_10_10_48_PM/LogFile.log  - Failed to validate the Fiscal Year
Screenshot path: E:\Naveenkumar-11568\REPORTSautomation\ScriptVersions\Script6/SureFireReports/20201119-164031/Screenshots/
10555376 [TestNG] ERROR ./TestResults/2020_11_19_10_10_48_PM/LogFile.log  - Failed to  enter the Fiscal Year
Screenshot path: E:\Naveenkumar-11568\REPORTSautomation\ScriptVersions\Script6/SureFireReports/20201119-164031/Screenshots/
10557892 [TestNG] ERROR ./TestResults/2020_11_19_10_10_48_PM/LogFile.log  - Failed to  enter the Type of Task
Screenshot path: E:\Naveenkumar-11568\REPORTSautomation\ScriptVersions\Script6/SureFireReports/20201119-164031/Screenshots/
10575660 [TestNG] ERROR ./TestResults/2020_11_19_10_10_48_PM/LogFile.log  - The given window "2" is failed to open
Screenshot path: E:\Naveenkumar-11568\REPORTSautomation\ScriptVersions\Script6/SureFireReports/20201119-164031/Screenshots/
10713294 [TestNG] ERROR ./TestResults/2020_11_19_10_10_48_PM/LogFile.log  - Unable to find the Archive radio button label.
Screenshot path: E:\Naveenkumar-11568\REPORTSautomation\ScriptVersions\Script6/SureFireReports/20201119-164031/Screenshots/
10715758 [TestNG] ERROR ./TestResults/2020_11_19_10_10_48_PM/LogFile.log  - Failed to validate the Fiscal Year
Screenshot path: E:\Naveenkumar-11568\REPORTSautomation\ScriptVersions\Script6/SureFireReports/20201119-164031/Screenshots/
10718256 [TestNG] ERROR ./TestResults/2020_11_19_10_10_48_PM/LogFile.log  - Failed to  enter the Fiscal Year
Screenshot path: E:\Naveenkumar-11568\REPORTSautomation\ScriptVersions\Script6/SureFireReports/20201119-164031/Screenshots/
10720684 [TestNG] ERROR ./TestResults/2020_11_19_10_10_48_PM/LogFile.log  - Failed to  enter the Type of Task
Screenshot path: E:\Naveenkumar-11568\REPORTSautomation\ScriptVersions\Script6/SureFireReports/20201119-164031/Screenshots/
10738458 [TestNG] ERROR ./TestResults/2020_11_19_10_10_48_PM/LogFile.log  - The given window "2" is failed to open
{} doesn't contain key name -TDR_SBS_013
]]></system-out>
  </testcase>
  <testcase name="TDR_SBS_014" classname="TestCases.TestCases" time="318.888">
    <failure type="java.lang.AssertionError:">java.lang.AssertionError: null
	at TestCases.TestCases.TestEnd(TestCases.java:10774)
	at TestCases.TestCases.TDR_SBS_014(TestCases.java:2342)
</failure>
    <system-out><![CDATA[TDR_SBS_014 Started...
Screenshot path: E:\Naveenkumar-11568\REPORTSautomation\ScriptVersions\Script6/SureFireReports/20201119-164031/Screenshots/
11057274 [TestNG] ERROR ./TestResults/2020_11_19_10_10_48_PM/LogFile.log  - The given window "2" is failed to open
{} doesn't contain key name -TDR_SBS_014
]]></system-out>
  </testcase>
  <testcase name="TDR_SBS_015" classname="TestCases.TestCases" time="659.807">
    <failure type="java.lang.AssertionError:">java.lang.AssertionError: null
	at TestCases.TestCases.TestEnd(TestCases.java:10774)
	at TestCases.TestCases.TDR_SBS_015(TestCases.java:2357)
</failure>
    <system-out><![CDATA[TDR_SBS_015 Started...
Screenshot path: E:\Naveenkumar-11568\REPORTSautomation\ScriptVersions\Script6/SureFireReports/20201119-164031/Screenshots/
11376649 [TestNG] ERROR ./TestResults/2020_11_19_10_10_48_PM/LogFile.log  - The given window "2" is failed to open
{} doesn't contain key name -TDR_SBS_015
]]></system-out>
  </testcase>
  <testcase name="TDR_SBS_016" classname="TestCases.TestCases" time="1,000.344">
    <failure type="java.lang.AssertionError:">java.lang.AssertionError: null
	at TestCases.TestCases.TestEnd(TestCases.java:10774)
	at TestCases.TestCases.TDR_SBS_016(TestCases.java:2372)
</failure>
    <system-out><![CDATA[TDR_SBS_016 Started...
Screenshot path: E:\Naveenkumar-11568\REPORTSautomation\ScriptVersions\Script6/SureFireReports/20201119-164031/Screenshots/
12036739 [TestNG] ERROR ./TestResults/2020_11_19_10_10_48_PM/LogFile.log  - The given window "2" is failed to open
{} doesn't contain key name -TDR_SBS_016
]]></system-out>
  </testcase>
  <testcase name="TDR_SBCE_001" classname="TestCases.TestCases" time="160.917"/>
  <testcase name="TDR_SBCE_002" classname="TestCases.TestCases" time="163.377"/>
  <testcase name="TDR_SBCE_003" classname="TestCases.TestCases" time="175.464"/>
  <testcase name="TDR_SBCE_004" classname="TestCases.TestCases" time="149.874"/>
  <testcase name="TDR_SBCE_005" classname="TestCases.TestCases" time="74.751"/>
  <testcase name="TDR_SBCE_006" classname="TestCases.TestCases" time="342.529"/>
  <testcase name="TDR_SBCE_007" classname="TestCases.TestCases" time="186.874"/>
  <testcase name="TDR_SBCE_008" classname="TestCases.TestCases" time="163.813"/>
  <testcase name="TDR_SBCE_009" classname="TestCases.TestCases" time="160.266"/>
  <testcase name="TDR_SBCE_010" classname="TestCases.TestCases" time="84.068"/>
  <testcase name="TDR_SBCE_011" classname="TestCases.TestCases" time="205.501"/>
  <testcase name="TDR_SBCE_012" classname="TestCases.TestCases" time="265.16"/>
  <testcase name="TDR_SBCE_013" classname="TestCases.TestCases" time="251.354"/>
  <testcase name="TDR_SBCE_014" classname="TestCases.TestCases" time="160.592"/>
  <testcase name="TDR_SBCE_015" classname="TestCases.TestCases" time="167.358"/>
  <testcase name="TDR_SBCE_016" classname="TestCases.TestCases" time="174.158"/>
  <testcase name="TDR_SBD_01" classname="TestCases.TestCases" time="160.906"/>
  <testcase name="TDR_SBD_02" classname="TestCases.TestCases" time="163.754"/>
  <testcase name="TDR_SBD_03" classname="TestCases.TestCases" time="171.824"/>
  <testcase name="TDR_SBD_04" classname="TestCases.TestCases" time="163.082"/>
  <testcase name="TDR_SBD_05" classname="TestCases.TestCases" time="88.057"/>
  <testcase name="TDR_SBD_06" classname="TestCases.TestCases" time="366.814"/>
  <testcase name="TDR_SBD_07" classname="TestCases.TestCases" time="185.5"/>
  <testcase name="TDR_SBD_08" classname="TestCases.TestCases" time="163.026"/>
  <testcase name="TDR_SBD_09" classname="TestCases.TestCases" time="161.264"/>
  <testcase name="TDR_SBD_10" classname="TestCases.TestCases" time="84.867"/>
  <testcase name="TDR_SBD_11" classname="TestCases.TestCases" time="206.944"/>
  <testcase name="TDR_SBD_12" classname="TestCases.TestCases" time="265.385"/>
  <testcase name="TDR_SBD_13" classname="TestCases.TestCases" time="255.914"/>
  <testcase name="TDR_SBD_14" classname="TestCases.TestCases" time="161.238"/>
  <testcase name="TDR_SBD_15" classname="TestCases.TestCases" time="168.007"/>
  <testcase name="TDR_SBD_16" classname="TestCases.TestCases" time="174.619"/>
  <testcase name="TDR_OUT_01" classname="TestCases.TestCases" time="164.691"/>
  <testcase name="TDR_OUT_02" classname="TestCases.TestCases" time="164.351"/>
  <testcase name="TDR_OUT_03" classname="TestCases.TestCases" time="169.704"/>
  <testcase name="TDR_OUT_04" classname="TestCases.TestCases" time="154.519"/>
  <testcase name="TDR_OUT_05" classname="TestCases.TestCases" time="78.988"/>
  <testcase name="TDR_OUT_06" classname="TestCases.TestCases" time="313.972"/>
  <testcase name="TDR_OUT_07" classname="TestCases.TestCases" time="188.298"/>
  <testcase name="TDR_OUT_08" classname="TestCases.TestCases" time="164.509"/>
  <testcase name="TDR_OUT_09" classname="TestCases.TestCases" time="161.948"/>
  <testcase name="TDR_OUT_10" classname="TestCases.TestCases" time="85.815"/>
  <testcase name="TDR_OUT_11" classname="TestCases.TestCases" time="200.047"/>
  <testcase name="TDR_OUT_12" classname="TestCases.TestCases" time="266.286"/>
  <testcase name="TDR_OUT_13" classname="TestCases.TestCases" time="656.498"/>
  <testcase name="TDR_OUT_14" classname="TestCases.TestCases" time="160.531"/>
  <testcase name="TDR_OUT_15" classname="TestCases.TestCases" time="167.56"/>
  <testcase name="TDR_OUT_16" classname="TestCases.TestCases" time="174.355"/>
  <testcase name="TDR_TTC_01" classname="TestCases.TestCases" time="161.121"/>
  <testcase name="TDR_TTC_02" classname="TestCases.TestCases" time="209.645"/>
  <testcase name="TDR_TTC_03" classname="TestCases.TestCases" time="260.402"/>
  <testcase name="TDR_TTC_04" classname="TestCases.TestCases" time="147.007"/>
  <testcase name="TDR_TTC_05" classname="TestCases.TestCases" time="71.819"/>
  <testcase name="TDR_TTC_06" classname="TestCases.TestCases" time="446.675"/>
  <testcase name="TDR_TTC_07" classname="TestCases.TestCases" time="192.421"/>
  <testcase name="TDR_TTC_08" classname="TestCases.TestCases" time="169.085"/>
  <testcase name="TDR_TTC_09" classname="TestCases.TestCases" time="163.371"/>
  <testcase name="TDR_TTC_10" classname="TestCases.TestCases" time="87.268"/>
  <testcase name="TDR_TTC_11" classname="TestCases.TestCases" time="206.364"/>
  <testcase name="TDR_TTC_12" classname="TestCases.TestCases" time="268.541"/>
  <testcase name="TDR_TTC_13" classname="TestCases.TestCases" time="266.894"/>
  <testcase name="TDR_TTC_14" classname="TestCases.TestCases" time="161.39"/>
  <testcase name="TDR_TTC_15" classname="TestCases.TestCases" time="168.581"/>
  <testcase name="TDR_TTC_16" classname="TestCases.TestCases" time="175.276"/>
  <testcase name="TDR_TTC_17" classname="TestCases.TestCases" time="109.537"/>
  <testcase name="TDR_BA_01" classname="TestCases.TestCases" time="219.324"/>
  <testcase name="TDR_BS_01" classname="TestCases.TestCases" time="310.104"/>
  <testcase name="TDR_EA_01" classname="TestCases.TestCases" time="215.265"/>
  <testcase name="TDR_TSA_01" classname="TestCases.TestCases" time="88.25"/>
  <testcase name="TDR_TSA_02" classname="TestCases.TestCases" time="172.76"/>
  <testcase name="TDR_TSA_03" classname="TestCases.TestCases" time="174.984"/>
  <testcase name="TDR_TSA_04" classname="TestCases.TestCases" time="156.932"/>
  <testcase name="TDR_TSA_05" classname="TestCases.TestCases" time="81.714"/>
  <testcase name="TDR_TSA_06" classname="TestCases.TestCases" time="359.953"/>
  <testcase name="TDR_TSA_07" classname="TestCases.TestCases" time="196.059"/>
  <testcase name="TDR_TSA_08" classname="TestCases.TestCases" time="175.975"/>
  <testcase name="TDR_TSA_09" classname="TestCases.TestCases" time="164.455"/>
  <testcase name="TDR_TSA_10" classname="TestCases.TestCases" time="89.129"/>
  <testcase name="TDR_TSA_11" classname="TestCases.TestCases" time="206.318"/>
  <testcase name="TDR_TSA_12" classname="TestCases.TestCases" time="273.523"/>
  <testcase name="TDR_TSA_13" classname="TestCases.TestCases" time="258.579"/>
  <testcase name="TDR_TSA_14" classname="TestCases.TestCases" time="163.009"/>
  <testcase name="TDR_TSA_15" classname="TestCases.TestCases" time="171.204"/>
  <testcase name="TDR_TSA_16" classname="TestCases.TestCases" time="178.337"/>
  <testcase name="TDR_CAS_01" classname="TestCases.TestCases" time="163.406"/>
  <testcase name="TDR_CAS_02" classname="TestCases.TestCases" time="170.959"/>
  <testcase name="TDR_CAS_03" classname="TestCases.TestCases" time="176.011"/>
  <testcase name="TDR_CAS_04" classname="TestCases.TestCases" time="158.214"/>
  <testcase name="TDR_CAS_05" classname="TestCases.TestCases" time="184.778">
    <failure type="java.lang.AssertionError:">java.lang.AssertionError: null
	at TestCases.TestCases.TestEnd(TestCases.java:10774)
	at TestCases.TestCases.TDR_CAS_05(TestCases.java:1403)
</failure>
    <system-out><![CDATA[TDR_CAS_05 Started...
Screenshot path: E:\Naveenkumar-11568\REPORTSautomation\ScriptVersions\Script6/SureFireReports/20201119-164031/Screenshots/
29635779 [TestNG] ERROR ./TestResults/2020_11_19_10_10_48_PM/LogFile.log  - Switching to frame Frame path did not happen within 30 seconds
Screenshot path: E:\Naveenkumar-11568\REPORTSautomation\ScriptVersions\Script6/SureFireReports/20201119-164031/Screenshots/
29644693 [TestNG] ERROR ./TestResults/2020_11_19_10_10_48_PM/LogFile.log  - Switching to frame Frame path did not happen within 3 seconds
Screenshot path: E:\Naveenkumar-11568\REPORTSautomation\ScriptVersions\Script6/SureFireReports/20201119-164031/Screenshots/
29653527 [TestNG] ERROR ./TestResults/2020_11_19_10_10_48_PM/LogFile.log  - Switching to frame Frame path did not happen within 3 seconds
Screenshot path: E:\Naveenkumar-11568\REPORTSautomation\ScriptVersions\Script6/SureFireReports/20201119-164031/Screenshots/
29660321 [TestNG] ERROR ./TestResults/2020_11_19_10_10_48_PM/LogFile.log  - Switching to frame Frame path did not happen within 3 seconds
Screenshot path: E:\Naveenkumar-11568\REPORTSautomation\ScriptVersions\Script6/SureFireReports/20201119-164031/Screenshots/
29667222 [TestNG] ERROR ./TestResults/2020_11_19_10_10_48_PM/LogFile.log  - Switching to frame Frame path did not happen within 3 seconds
Screenshot path: E:\Naveenkumar-11568\REPORTSautomation\ScriptVersions\Script6/SureFireReports/20201119-164031/Screenshots/
29674000 [TestNG] ERROR ./TestResults/2020_11_19_10_10_48_PM/LogFile.log  - Switching to frame Frame path did not happen within 3 seconds
Screenshot path: E:\Naveenkumar-11568\REPORTSautomation\ScriptVersions\Script6/SureFireReports/20201119-164031/Screenshots/
29680782 [TestNG] ERROR ./TestResults/2020_11_19_10_10_48_PM/LogFile.log  - Switching to frame Frame path did not happen within 3 seconds
Screenshot path: E:\Naveenkumar-11568\REPORTSautomation\ScriptVersions\Script6/SureFireReports/20201119-164031/Screenshots/
29689542 [TestNG] ERROR ./TestResults/2020_11_19_10_10_48_PM/LogFile.log  - Switching to frame Frame path did not happen within 3 seconds
Screenshot path: E:\Naveenkumar-11568\REPORTSautomation\ScriptVersions\Script6/SureFireReports/20201119-164031/Screenshots/
29696328 [TestNG] ERROR ./TestResults/2020_11_19_10_10_48_PM/LogFile.log  - Switching to frame Frame path did not happen within 3 seconds
Screenshot path: E:\Naveenkumar-11568\REPORTSautomation\ScriptVersions\Script6/SureFireReports/20201119-164031/Screenshots/
29703127 [TestNG] ERROR ./TestResults/2020_11_19_10_10_48_PM/LogFile.log  - Switching to frame Frame path did not happen within 3 seconds
Screenshot path: E:\Naveenkumar-11568\REPORTSautomation\ScriptVersions\Script6/SureFireReports/20201119-164031/Screenshots/
29709986 [TestNG] ERROR ./TestResults/2020_11_19_10_10_48_PM/LogFile.log  - Switching to frame Frame path did not happen within 3 seconds
Screenshot path: E:\Naveenkumar-11568\REPORTSautomation\ScriptVersions\Script6/SureFireReports/20201119-164031/Screenshots/
29716730 [TestNG] ERROR ./TestResults/2020_11_19_10_10_48_PM/LogFile.log  - Switching to frame Frame path did not happen within 3 seconds
Screenshot path: E:\Naveenkumar-11568\REPORTSautomation\ScriptVersions\Script6/SureFireReports/20201119-164031/Screenshots/
29723512 [TestNG] ERROR ./TestResults/2020_11_19_10_10_48_PM/LogFile.log  - Switching to frame Frame path did not happen within 3 seconds
{} doesn't contain key name -TDR_CAS_05
]]></system-out>
  </testcase>
  <testcase name="TDR_CAS_06" classname="TestCases.TestCases" time="143.598">
    <failure type="java.lang.AssertionError:">java.lang.AssertionError: null
	at TestCases.TestCases.TestEnd(TestCases.java:10774)
	at TestCases.TestCases.TDR_CAS_06(TestCases.java:1419)
</failure>
    <system-out><![CDATA[TDR_CAS_06 Started...
Screenshot path: E:\Naveenkumar-11568\REPORTSautomation\ScriptVersions\Script6/SureFireReports/20201119-164031/Screenshots/
29743637 [TestNG] ERROR ./TestResults/2020_11_19_10_10_48_PM/LogFile.log  - Exception:no such element: Unable to locate element: {"method":"css selector","selector":"a[id='reportslink']"}
  (Session info: chrome=86.0.4240.198)
  (Driver info: chromedriver=72.0.3626.69 (3c16f8a135abc0d4da2dff33804db79b849a7c38),platform=Windows NT 10.0.18362 x86_64) (WARNING: The server did not provide any stacktrace information)
Command duration or timeout: 0 milliseconds
For documentation on this error, please visit: http://seleniumhq.org/exceptions/no_such_element.html
Build info: version: '3.6.0', revision: '6fbf3ec767', time: '2017-09-27T15:28:36.4Z'
System info: host: 'XPITAX-11568', ip: '192.168.0.105', os.name: 'Windows 10', os.arch: 'amd64', os.version: '10.0', java.version: '1.8.0_191'
Driver info: org.openqa.selenium.remote.RemoteWebDriver
Capabilities [{mobileEmulationEnabled=false, timeouts={implicit=0, pageLoad=300000, script=30000}, hasTouchScreen=false, platform=XP, acceptSslCerts=false, goog:chromeOptions={debuggerAddress=localhost:51619}, acceptInsecureCerts=false, webStorageEnabled=true, browserName=chrome, takesScreenshot=true, javascriptEnabled=true, platformName=XP, setWindowRect=true, unexpectedAlertBehaviour=ignore, applicationCacheEnabled=false, rotatable=false, networkConnectionEnabled=false, chrome={chromedriverVersion=72.0.3626.69 (3c16f8a135abc0d4da2dff33804db79b849a7c38), userDataDir=C:\Users\NTHIMM~1\AppData\Local\Temp\scoped_dir4512_872}, takesHeapSnapshot=true, unhandledPromptBehavior=ignore, pageLoadStrategy=normal, databaseEnabled=false, handlesAlerts=true, version=86.0.4240.198, browserConnectionEnabled=false, proxy=Proxy(), nativeEvents=true, locationContextEnabled=true, cssSelectorsEnabled=true}]
Session ID: d7c8b9d42c2b4657e2f3c2e6a1199df7
*** Element info: {Using=css selector, value=a[id='reportslink']}
Screenshot path: E:\Naveenkumar-11568\REPORTSautomation\ScriptVersions\Script6/SureFireReports/20201119-164031/Screenshots/
29747322 [TestNG] ERROR ./TestResults/2020_11_19_10_10_48_PM/LogFile.log  - Switching to frame Frame path did not happen within 3 seconds
Screenshot path: E:\Naveenkumar-11568\REPORTSautomation\ScriptVersions\Script6/SureFireReports/20201119-164031/Screenshots/
29754098 [TestNG] ERROR ./TestResults/2020_11_19_10_10_48_PM/LogFile.log  - Switching to frame Frame path did not happen within 3 seconds
Screenshot path: E:\Naveenkumar-11568\REPORTSautomation\ScriptVersions\Script6/SureFireReports/20201119-164031/Screenshots/
29760929 [TestNG] ERROR ./TestResults/2020_11_19_10_10_48_PM/LogFile.log  - Switching to frame Frame path did not happen within 3 seconds
Screenshot path: E:\Naveenkumar-11568\REPORTSautomation\ScriptVersions\Script6/SureFireReports/20201119-164031/Screenshots/
29769728 [TestNG] ERROR ./TestResults/2020_11_19_10_10_48_PM/LogFile.log  - Switching to frame Frame path did not happen within 3 seconds
Screenshot path: E:\Naveenkumar-11568\REPORTSautomation\ScriptVersions\Script6/SureFireReports/20201119-164031/Screenshots/
29776507 [TestNG] ERROR ./TestResults/2020_11_19_10_10_48_PM/LogFile.log  - Switching to frame Frame path did not happen within 3 seconds
Screenshot path: E:\Naveenkumar-11568\REPORTSautomation\ScriptVersions\Script6/SureFireReports/20201119-164031/Screenshots/
29783275 [TestNG] ERROR ./TestResults/2020_11_19_10_10_48_PM/LogFile.log  - Switching to frame Frame path did not happen within 3 seconds
Screenshot path: E:\Naveenkumar-11568\REPORTSautomation\ScriptVersions\Script6/SureFireReports/20201119-164031/Screenshots/
29790197 [TestNG] ERROR ./TestResults/2020_11_19_10_10_48_PM/LogFile.log  - Switching to frame Frame path did not happen within 3 seconds
Screenshot path: E:\Naveenkumar-11568\REPORTSautomation\ScriptVersions\Script6/SureFireReports/20201119-164031/Screenshots/
29796954 [TestNG] ERROR ./TestResults/2020_11_19_10_10_48_PM/LogFile.log  - Switching to frame Frame path did not happen within 3 seconds
Screenshot path: E:\Naveenkumar-11568\REPORTSautomation\ScriptVersions\Script6/SureFireReports/20201119-164031/Screenshots/
29803704 [TestNG] ERROR ./TestResults/2020_11_19_10_10_48_PM/LogFile.log  - Switching to frame Frame path did not happen within 3 seconds
Screenshot path: E:\Naveenkumar-11568\REPORTSautomation\ScriptVersions\Script6/SureFireReports/20201119-164031/Screenshots/
29810423 [TestNG] ERROR ./TestResults/2020_11_19_10_10_48_PM/LogFile.log  - Switching to frame Frame path did not happen within 3 seconds
Screenshot path: E:\Naveenkumar-11568\REPORTSautomation\ScriptVersions\Script6/SureFireReports/20201119-164031/Screenshots/
29817181 [TestNG] ERROR ./TestResults/2020_11_19_10_10_48_PM/LogFile.log  - Switching to frame Frame path did not happen within 3 seconds
Screenshot path: E:\Naveenkumar-11568\REPORTSautomation\ScriptVersions\Script6/SureFireReports/20201119-164031/Screenshots/
29820860 [TestNG] ERROR ./TestResults/2020_11_19_10_10_48_PM/LogFile.log  - Exception:no such element: Unable to locate element: {"method":"xpath","selector":"//input[@type='reset' or @value='Reset']"}
  (Session info: chrome=86.0.4240.198)
  (Driver info: chromedriver=72.0.3626.69 (3c16f8a135abc0d4da2dff33804db79b849a7c38),platform=Windows NT 10.0.18362 x86_64) (WARNING: The server did not provide any stacktrace information)
Command duration or timeout: 0 milliseconds
For documentation on this error, please visit: http://seleniumhq.org/exceptions/no_such_element.html
Build info: version: '3.6.0', revision: '6fbf3ec767', time: '2017-09-27T15:28:36.4Z'
System info: host: 'XPITAX-11568', ip: '192.168.0.105', os.name: 'Windows 10', os.arch: 'amd64', os.version: '10.0', java.version: '1.8.0_191'
Driver info: org.openqa.selenium.remote.RemoteWebDriver
Capabilities [{mobileEmulationEnabled=false, timeouts={implicit=0, pageLoad=300000, script=30000}, hasTouchScreen=false, platform=XP, acceptSslCerts=false, goog:chromeOptions={debuggerAddress=localhost:51619}, acceptInsecureCerts=false, webStorageEnabled=true, browserName=chrome, takesScreenshot=true, javascriptEnabled=true, platformName=XP, setWindowRect=true, unexpectedAlertBehaviour=ignore, applicationCacheEnabled=false, rotatable=false, networkConnectionEnabled=false, chrome={chromedriverVersion=72.0.3626.69 (3c16f8a135abc0d4da2dff33804db79b849a7c38), userDataDir=C:\Users\NTHIMM~1\AppData\Local\Temp\scoped_dir4512_872}, takesHeapSnapshot=true, unhandledPromptBehavior=ignore, pageLoadStrategy=normal, databaseEnabled=false, handlesAlerts=true, version=86.0.4240.198, browserConnectionEnabled=false, proxy=Proxy(), nativeEvents=true, locationContextEnabled=true, cssSelectorsEnabled=true}]
Session ID: d7c8b9d42c2b4657e2f3c2e6a1199df7
*** Element info: {Using=xpath, value=//input[@type='reset' or @value='Reset']}
Screenshot path: E:\Naveenkumar-11568\REPORTSautomation\ScriptVersions\Script6/SureFireReports/20201119-164031/Screenshots/
29824631 [TestNG] ERROR ./TestResults/2020_11_19_10_10_48_PM/LogFile.log  - Switching to frame Frame path did not happen within 3 seconds
Screenshot path: E:\Naveenkumar-11568\REPORTSautomation\ScriptVersions\Script6/SureFireReports/20201119-164031/Screenshots/
29833355 [TestNG] ERROR ./TestResults/2020_11_19_10_10_48_PM/LogFile.log  - Switching to frame Frame path did not happen within 3 seconds
Screenshot path: E:\Naveenkumar-11568\REPORTSautomation\ScriptVersions\Script6/SureFireReports/20201119-164031/Screenshots/
29840114 [TestNG] ERROR ./TestResults/2020_11_19_10_10_48_PM/LogFile.log  - Switching to frame Frame path did not happen within 3 seconds
Screenshot path: E:\Naveenkumar-11568\REPORTSautomation\ScriptVersions\Script6/SureFireReports/20201119-164031/Screenshots/
29846914 [TestNG] ERROR ./TestResults/2020_11_19_10_10_48_PM/LogFile.log  - Switching to frame Frame path did not happen within 3 seconds
Screenshot path: E:\Naveenkumar-11568\REPORTSautomation\ScriptVersions\Script6/SureFireReports/20201119-164031/Screenshots/
29853679 [TestNG] ERROR ./TestResults/2020_11_19_10_10_48_PM/LogFile.log  - Switching to frame Frame path did not happen within 3 seconds
Screenshot path: E:\Naveenkumar-11568\REPORTSautomation\ScriptVersions\Script6/SureFireReports/20201119-164031/Screenshots/
29860430 [TestNG] ERROR ./TestResults/2020_11_19_10_10_48_PM/LogFile.log  - Switching to frame Frame path did not happen within 3 seconds
Screenshot path: E:\Naveenkumar-11568\REPORTSautomation\ScriptVersions\Script6/SureFireReports/20201119-164031/Screenshots/
29867170 [TestNG] ERROR ./TestResults/2020_11_19_10_10_48_PM/LogFile.log  - Switching to frame Frame path did not happen within 3 seconds
{} doesn't contain key name -TDR_CAS_06
]]></system-out>
  </testcase>
  <testcase name="TDR_CAS_07" classname="TestCases.TestCases" time="277.68">
    <failure type="java.lang.AssertionError:">java.lang.AssertionError: null
	at TestCases.TestCases.TestEnd(TestCases.java:10774)
	at TestCases.TestCases.TDR_CAS_07(TestCases.java:1435)
</failure>
    <system-out><![CDATA[TDR_CAS_07 Started...
Screenshot path: E:\Naveenkumar-11568\REPORTSautomation\ScriptVersions\Script6/SureFireReports/20201119-164031/Screenshots/
29888855 [TestNG] ERROR ./TestResults/2020_11_19_10_10_48_PM/LogFile.log  - Exception:no such element: Unable to locate element: {"method":"css selector","selector":"a[id='reportslink']"}
  (Session info: chrome=86.0.4240.198)
  (Driver info: chromedriver=72.0.3626.69 (3c16f8a135abc0d4da2dff33804db79b849a7c38),platform=Windows NT 10.0.18362 x86_64) (WARNING: The server did not provide any stacktrace information)
Command duration or timeout: 0 milliseconds
For documentation on this error, please visit: http://seleniumhq.org/exceptions/no_such_element.html
Build info: version: '3.6.0', revision: '6fbf3ec767', time: '2017-09-27T15:28:36.4Z'
System info: host: 'XPITAX-11568', ip: '192.168.0.105', os.name: 'Windows 10', os.arch: 'amd64', os.version: '10.0', java.version: '1.8.0_191'
Driver info: org.openqa.selenium.remote.RemoteWebDriver
Capabilities [{mobileEmulationEnabled=false, timeouts={implicit=0, pageLoad=300000, script=30000}, hasTouchScreen=false, platform=XP, acceptSslCerts=false, goog:chromeOptions={debuggerAddress=localhost:51619}, acceptInsecureCerts=false, webStorageEnabled=true, browserName=chrome, takesScreenshot=true, javascriptEnabled=true, platformName=XP, setWindowRect=true, unexpectedAlertBehaviour=ignore, applicationCacheEnabled=false, rotatable=false, networkConnectionEnabled=false, chrome={chromedriverVersion=72.0.3626.69 (3c16f8a135abc0d4da2dff33804db79b849a7c38), userDataDir=C:\Users\NTHIMM~1\AppData\Local\Temp\scoped_dir4512_872}, takesHeapSnapshot=true, unhandledPromptBehavior=ignore, pageLoadStrategy=normal, databaseEnabled=false, handlesAlerts=true, version=86.0.4240.198, browserConnectionEnabled=false, proxy=Proxy(), nativeEvents=true, locationContextEnabled=true, cssSelectorsEnabled=true}]
Session ID: d7c8b9d42c2b4657e2f3c2e6a1199df7
*** Element info: {Using=css selector, value=a[id='reportslink']}
Screenshot path: E:\Naveenkumar-11568\REPORTSautomation\ScriptVersions\Script6/SureFireReports/20201119-164031/Screenshots/
29892554 [TestNG] ERROR ./TestResults/2020_11_19_10_10_48_PM/LogFile.log  - Switching to frame Frame path did not happen within 3 seconds
Screenshot path: E:\Naveenkumar-11568\REPORTSautomation\ScriptVersions\Script6/SureFireReports/20201119-164031/Screenshots/
29899327 [TestNG] ERROR ./TestResults/2020_11_19_10_10_48_PM/LogFile.log  - Switching to frame Frame path did not happen within 3 seconds
Screenshot path: E:\Naveenkumar-11568\REPORTSautomation\ScriptVersions\Script6/SureFireReports/20201119-164031/Screenshots/
29908036 [TestNG] ERROR ./TestResults/2020_11_19_10_10_48_PM/LogFile.log  - Switching to frame Frame path did not happen within 3 seconds
Screenshot path: E:\Naveenkumar-11568\REPORTSautomation\ScriptVersions\Script6/SureFireReports/20201119-164031/Screenshots/
29914799 [TestNG] ERROR ./TestResults/2020_11_19_10_10_48_PM/LogFile.log  - Switching to frame Frame path did not happen within 3 seconds
Screenshot path: E:\Naveenkumar-11568\REPORTSautomation\ScriptVersions\Script6/SureFireReports/20201119-164031/Screenshots/
29921627 [TestNG] ERROR ./TestResults/2020_11_19_10_10_48_PM/LogFile.log  - Switching to frame Frame path did not happen within 3 seconds
Screenshot path: E:\Naveenkumar-11568\REPORTSautomation\ScriptVersions\Script6/SureFireReports/20201119-164031/Screenshots/
29928404 [TestNG] ERROR ./TestResults/2020_11_19_10_10_48_PM/LogFile.log  - Switching to frame Frame path did not happen within 3 seconds
Screenshot path: E:\Naveenkumar-11568\REPORTSautomation\ScriptVersions\Script6/SureFireReports/20201119-164031/Screenshots/
29935215 [TestNG] ERROR ./TestResults/2020_11_19_10_10_48_PM/LogFile.log  - Switching to frame Frame path did not happen within 3 seconds
Screenshot path: E:\Naveenkumar-11568\REPORTSautomation\ScriptVersions\Script6/SureFireReports/20201119-164031/Screenshots/
29942022 [TestNG] ERROR ./TestResults/2020_11_19_10_10_48_PM/LogFile.log  - Switching to frame Frame path did not happen within 3 seconds
Screenshot path: E:\Naveenkumar-11568\REPORTSautomation\ScriptVersions\Script6/SureFireReports/20201119-164031/Screenshots/
29948769 [TestNG] ERROR ./TestResults/2020_11_19_10_10_48_PM/LogFile.log  - Switching to frame Frame path did not happen within 3 seconds
Screenshot path: E:\Naveenkumar-11568\REPORTSautomation\ScriptVersions\Script6/SureFireReports/20201119-164031/Screenshots/
29955521 [TestNG] ERROR ./TestResults/2020_11_19_10_10_48_PM/LogFile.log  - Switching to frame Frame path did not happen within 3 seconds
Screenshot path: E:\Naveenkumar-11568\REPORTSautomation\ScriptVersions\Script6/SureFireReports/20201119-164031/Screenshots/
29959262 [TestNG] ERROR ./TestResults/2020_11_19_10_10_48_PM/LogFile.log  - Exception:no such element: Unable to locate element: {"method":"css selector","selector":"table[id*='GridViewreportsfirm'] tr:nth-child(0)>td:nth-child(0) input"}
  (Session info: chrome=86.0.4240.198)
  (Driver info: chromedriver=72.0.3626.69 (3c16f8a135abc0d4da2dff33804db79b849a7c38),platform=Windows NT 10.0.18362 x86_64) (WARNING: The server did not provide any stacktrace information)
Command duration or timeout: 0 milliseconds
For documentation on this error, please visit: http://seleniumhq.org/exceptions/no_such_element.html
Build info: version: '3.6.0', revision: '6fbf3ec767', time: '2017-09-27T15:28:36.4Z'
System info: host: 'XPITAX-11568', ip: '192.168.0.105', os.name: 'Windows 10', os.arch: 'amd64', os.version: '10.0', java.version: '1.8.0_191'
Driver info: org.openqa.selenium.remote.RemoteWebDriver
Capabilities [{mobileEmulationEnabled=false, timeouts={implicit=0, pageLoad=300000, script=30000}, hasTouchScreen=false, platform=XP, acceptSslCerts=false, goog:chromeOptions={debuggerAddress=localhost:51619}, acceptInsecureCerts=false, webStorageEnabled=true, browserName=chrome, takesScreenshot=true, javascriptEnabled=true, platformName=XP, setWindowRect=true, unexpectedAlertBehaviour=ignore, applicationCacheEnabled=false, rotatable=false, networkConnectionEnabled=false, chrome={chromedriverVersion=72.0.3626.69 (3c16f8a135abc0d4da2dff33804db79b849a7c38), userDataDir=C:\Users\NTHIMM~1\AppData\Local\Temp\scoped_dir4512_872}, takesHeapSnapshot=true, unhandledPromptBehavior=ignore, pageLoadStrategy=normal, databaseEnabled=false, handlesAlerts=true, version=86.0.4240.198, browserConnectionEnabled=false, proxy=Proxy(), nativeEvents=true, locationContextEnabled=true, cssSelectorsEnabled=true}]
Session ID: d7c8b9d42c2b4657e2f3c2e6a1199df7
*** Element info: {Using=css selector, value=table[id*='GridViewreportsfirm'] tr:nth-child(0)>td:nth-child(0) input}
Screenshot path: E:\Naveenkumar-11568\REPORTSautomation\ScriptVersions\Script6/SureFireReports/20201119-164031/Screenshots/
29964955 [TestNG] ERROR ./TestResults/2020_11_19_10_10_48_PM/LogFile.log  - Switching to frame Frame path did not happen within 3 seconds
Screenshot path: E:\Naveenkumar-11568\REPORTSautomation\ScriptVersions\Script6/SureFireReports/20201119-164031/Screenshots/
29971709 [TestNG] ERROR ./TestResults/2020_11_19_10_10_48_PM/LogFile.log  - Switching to frame Frame path did not happen within 3 seconds
Screenshot path: E:\Naveenkumar-11568\REPORTSautomation\ScriptVersions\Script6/SureFireReports/20201119-164031/Screenshots/
29978405 [TestNG] ERROR ./TestResults/2020_11_19_10_10_48_PM/LogFile.log  - Switching to frame Frame path did not happen within 3 seconds
Screenshot path: E:\Naveenkumar-11568\REPORTSautomation\ScriptVersions\Script6/SureFireReports/20201119-164031/Screenshots/
29985137 [TestNG] ERROR ./TestResults/2020_11_19_10_10_48_PM/LogFile.log  - Switching to frame Frame path did not happen within 3 seconds
Screenshot path: E:\Naveenkumar-11568\REPORTSautomation\ScriptVersions\Script6/SureFireReports/20201119-164031/Screenshots/
29991829 [TestNG] ERROR ./TestResults/2020_11_19_10_10_48_PM/LogFile.log  - Switching to frame Frame path did not happen within 3 seconds
Screenshot path: E:\Naveenkumar-11568\REPORTSautomation\ScriptVersions\Script6/SureFireReports/20201119-164031/Screenshots/
29998604 [TestNG] ERROR ./TestResults/2020_11_19_10_10_48_PM/LogFile.log  - Switching to frame Frame path did not happen within 3 seconds
Screenshot path: E:\Naveenkumar-11568\REPORTSautomation\ScriptVersions\Script6/SureFireReports/20201119-164031/Screenshots/
30005347 [TestNG] ERROR ./TestResults/2020_11_19_10_10_48_PM/LogFile.log  - Switching to frame Frame path did not happen within 3 seconds
Screenshot path: E:\Naveenkumar-11568\REPORTSautomation\ScriptVersions\Script6/SureFireReports/20201119-164031/Screenshots/
30009054 [TestNG] ERROR ./TestResults/2020_11_19_10_10_48_PM/LogFile.log  - Exception:no such element: Unable to locate element: {"method":"css selector","selector":"table[id*='GridViewreportsfirm'] tr:nth-child(0)>td:nth-child(0) input"}
  (Session info: chrome=86.0.4240.198)
  (Driver info: chromedriver=72.0.3626.69 (3c16f8a135abc0d4da2dff33804db79b849a7c38),platform=Windows NT 10.0.18362 x86_64) (WARNING: The server did not provide any stacktrace information)
Command duration or timeout: 0 milliseconds
For documentation on this error, please visit: http://seleniumhq.org/exceptions/no_such_element.html
Build info: version: '3.6.0', revision: '6fbf3ec767', time: '2017-09-27T15:28:36.4Z'
System info: host: 'XPITAX-11568', ip: '192.168.0.105', os.name: 'Windows 10', os.arch: 'amd64', os.version: '10.0', java.version: '1.8.0_191'
Driver info: org.openqa.selenium.remote.RemoteWebDriver
Capabilities [{mobileEmulationEnabled=false, timeouts={implicit=0, pageLoad=300000, script=30000}, hasTouchScreen=false, platform=XP, acceptSslCerts=false, goog:chromeOptions={debuggerAddress=localhost:51619}, acceptInsecureCerts=false, webStorageEnabled=true, browserName=chrome, takesScreenshot=true, javascriptEnabled=true, platformName=XP, setWindowRect=true, unexpectedAlertBehaviour=ignore, applicationCacheEnabled=false, rotatable=false, networkConnectionEnabled=false, chrome={chromedriverVersion=72.0.3626.69 (3c16f8a135abc0d4da2dff33804db79b849a7c38), userDataDir=C:\Users\NTHIMM~1\AppData\Local\Temp\scoped_dir4512_872}, takesHeapSnapshot=true, unhandledPromptBehavior=ignore, pageLoadStrategy=normal, databaseEnabled=false, handlesAlerts=true, version=86.0.4240.198, browserConnectionEnabled=false, proxy=Proxy(), nativeEvents=true, locationContextEnabled=true, cssSelectorsEnabled=true}]
Session ID: d7c8b9d42c2b4657e2f3c2e6a1199df7
*** Element info: {Using=css selector, value=table[id*='GridViewreportsfirm'] tr:nth-child(0)>td:nth-child(0) input}
Screenshot path: E:\Naveenkumar-11568\REPORTSautomation\ScriptVersions\Script6/SureFireReports/20201119-164031/Screenshots/
30014760 [TestNG] ERROR ./TestResults/2020_11_19_10_10_48_PM/LogFile.log  - Switching to frame Frame path did not happen within 3 seconds
Screenshot path: E:\Naveenkumar-11568\REPORTSautomation\ScriptVersions\Script6/SureFireReports/20201119-164031/Screenshots/
30021562 [TestNG] ERROR ./TestResults/2020_11_19_10_10_48_PM/LogFile.log  - Switching to frame Frame path did not happen within 3 seconds
Screenshot path: E:\Naveenkumar-11568\REPORTSautomation\ScriptVersions\Script6/SureFireReports/20201119-164031/Screenshots/
30025452 [TestNG] ERROR ./TestResults/2020_11_19_10_10_48_PM/LogFile.log  - Exception:no such element: Unable to locate element: {"method":"xpath","selector":"//input[@type='reset' or @value='Reset']"}
  (Session info: chrome=86.0.4240.198)
  (Driver info: chromedriver=72.0.3626.69 (3c16f8a135abc0d4da2dff33804db79b849a7c38),platform=Windows NT 10.0.18362 x86_64) (WARNING: The server did not provide any stacktrace information)
Command duration or timeout: 0 milliseconds
For documentation on this error, please visit: http://seleniumhq.org/exceptions/no_such_element.html
Build info: version: '3.6.0', revision: '6fbf3ec767', time: '2017-09-27T15:28:36.4Z'
System info: host: 'XPITAX-11568', ip: '192.168.0.105', os.name: 'Windows 10', os.arch: 'amd64', os.version: '10.0', java.version: '1.8.0_191'
Driver info: org.openqa.selenium.remote.RemoteWebDriver
Capabilities [{mobileEmulationEnabled=false, timeouts={implicit=0, pageLoad=300000, script=30000}, hasTouchScreen=false, platform=XP, acceptSslCerts=false, goog:chromeOptions={debuggerAddress=localhost:51619}, acceptInsecureCerts=false, webStorageEnabled=true, browserName=chrome, takesScreenshot=true, javascriptEnabled=true, platformName=XP, setWindowRect=true, unexpectedAlertBehaviour=ignore, applicationCacheEnabled=false, rotatable=false, networkConnectionEnabled=false, chrome={chromedriverVersion=72.0.3626.69 (3c16f8a135abc0d4da2dff33804db79b849a7c38), userDataDir=C:\Users\NTHIMM~1\AppData\Local\Temp\scoped_dir4512_872}, takesHeapSnapshot=true, unhandledPromptBehavior=ignore, pageLoadStrategy=normal, databaseEnabled=false, handlesAlerts=true, version=86.0.4240.198, browserConnectionEnabled=false, proxy=Proxy(), nativeEvents=true, locationContextEnabled=true, cssSelectorsEnabled=true}]
Session ID: d7c8b9d42c2b4657e2f3c2e6a1199df7
*** Element info: {Using=xpath, value=//input[@type='reset' or @value='Reset']}
Screenshot path: E:\Naveenkumar-11568\REPORTSautomation\ScriptVersions\Script6/SureFireReports/20201119-164031/Screenshots/
30029198 [TestNG] ERROR ./TestResults/2020_11_19_10_10_48_PM/LogFile.log  - Switching to frame Frame path did not happen within 3 seconds
Screenshot path: E:\Naveenkumar-11568\REPORTSautomation\ScriptVersions\Script6/SureFireReports/20201119-164031/Screenshots/
30037946 [TestNG] ERROR ./TestResults/2020_11_19_10_10_48_PM/LogFile.log  - Switching to frame Frame path did not happen within 3 seconds
Screenshot path: E:\Naveenkumar-11568\REPORTSautomation\ScriptVersions\Script6/SureFireReports/20201119-164031/Screenshots/
30044708 [TestNG] ERROR ./TestResults/2020_11_19_10_10_48_PM/LogFile.log  - Switching to frame Frame path did not happen within 3 seconds
Screenshot path: E:\Naveenkumar-11568\REPORTSautomation\ScriptVersions\Script6/SureFireReports/20201119-164031/Screenshots/
30051461 [TestNG] ERROR ./TestResults/2020_11_19_10_10_48_PM/LogFile.log  - Switching to frame Frame path did not happen within 3 seconds
Screenshot path: E:\Naveenkumar-11568\REPORTSautomation\ScriptVersions\Script6/SureFireReports/20201119-164031/Screenshots/
30058196 [TestNG] ERROR ./TestResults/2020_11_19_10_10_48_PM/LogFile.log  - Switching to frame Frame path did not happen within 3 seconds
Screenshot path: E:\Naveenkumar-11568\REPORTSautomation\ScriptVersions\Script6/SureFireReports/20201119-164031/Screenshots/
30065036 [TestNG] ERROR ./TestResults/2020_11_19_10_10_48_PM/LogFile.log  - Switching to frame Frame path did not happen within 3 seconds
Screenshot path: E:\Naveenkumar-11568\REPORTSautomation\ScriptVersions\Script6/SureFireReports/20201119-164031/Screenshots/
30071754 [TestNG] ERROR ./TestResults/2020_11_19_10_10_48_PM/LogFile.log  - Switching to frame Frame path did not happen within 3 seconds
Screenshot path: E:\Naveenkumar-11568\REPORTSautomation\ScriptVersions\Script6/SureFireReports/20201119-164031/Screenshots/
30078495 [TestNG] ERROR ./TestResults/2020_11_19_10_10_48_PM/LogFile.log  - Switching to frame Frame path did not happen within 3 seconds
Screenshot path: E:\Naveenkumar-11568\REPORTSautomation\ScriptVersions\Script6/SureFireReports/20201119-164031/Screenshots/
30085305 [TestNG] ERROR ./TestResults/2020_11_19_10_10_48_PM/LogFile.log  - Switching to frame Frame path did not happen within 3 seconds
Screenshot path: E:\Naveenkumar-11568\REPORTSautomation\ScriptVersions\Script6/SureFireReports/20201119-164031/Screenshots/
30088973 [TestNG] ERROR ./TestResults/2020_11_19_10_10_48_PM/LogFile.log  - Exception:no such element: Unable to locate element: {"method":"css selector","selector":"table[id$='GridViewreports'] tr:nth-child(0)>td:nth-child(0) input"}
  (Session info: chrome=86.0.4240.198)
  (Driver info: chromedriver=72.0.3626.69 (3c16f8a135abc0d4da2dff33804db79b849a7c38),platform=Windows NT 10.0.18362 x86_64) (WARNING: The server did not provide any stacktrace information)
Command duration or timeout: 0 milliseconds
For documentation on this error, please visit: http://seleniumhq.org/exceptions/no_such_element.html
Build info: version: '3.6.0', revision: '6fbf3ec767', time: '2017-09-27T15:28:36.4Z'
System info: host: 'XPITAX-11568', ip: '192.168.0.105', os.name: 'Windows 10', os.arch: 'amd64', os.version: '10.0', java.version: '1.8.0_191'
Driver info: org.openqa.selenium.remote.RemoteWebDriver
Capabilities [{mobileEmulationEnabled=false, timeouts={implicit=0, pageLoad=300000, script=30000}, hasTouchScreen=false, platform=XP, acceptSslCerts=false, goog:chromeOptions={debuggerAddress=localhost:51619}, acceptInsecureCerts=false, webStorageEnabled=true, browserName=chrome, takesScreenshot=true, javascriptEnabled=true, platformName=XP, setWindowRect=true, unexpectedAlertBehaviour=ignore, applicationCacheEnabled=false, rotatable=false, networkConnectionEnabled=false, chrome={chromedriverVersion=72.0.3626.69 (3c16f8a135abc0d4da2dff33804db79b849a7c38), userDataDir=C:\Users\NTHIMM~1\AppData\Local\Temp\scoped_dir4512_872}, takesHeapSnapshot=true, unhandledPromptBehavior=ignore, pageLoadStrategy=normal, databaseEnabled=false, handlesAlerts=true, version=86.0.4240.198, browserConnectionEnabled=false, proxy=Proxy(), nativeEvents=true, locationContextEnabled=true, cssSelectorsEnabled=true}]
Session ID: d7c8b9d42c2b4657e2f3c2e6a1199df7
*** Element info: {Using=css selector, value=table[id$='GridViewreports'] tr:nth-child(0)>td:nth-child(0) input}
Screenshot path: E:\Naveenkumar-11568\REPORTSautomation\ScriptVersions\Script6/SureFireReports/20201119-164031/Screenshots/
30094724 [TestNG] ERROR ./TestResults/2020_11_19_10_10_48_PM/LogFile.log  - Switching to frame Frame path did not happen within 3 seconds
Screenshot path: E:\Naveenkumar-11568\REPORTSautomation\ScriptVersions\Script6/SureFireReports/20201119-164031/Screenshots/
30101492 [TestNG] ERROR ./TestResults/2020_11_19_10_10_48_PM/LogFile.log  - Switching to frame Frame path did not happen within 3 seconds
Screenshot path: E:\Naveenkumar-11568\REPORTSautomation\ScriptVersions\Script6/SureFireReports/20201119-164031/Screenshots/
30108326 [TestNG] ERROR ./TestResults/2020_11_19_10_10_48_PM/LogFile.log  - Switching to frame Frame path did not happen within 3 seconds
Screenshot path: E:\Naveenkumar-11568\REPORTSautomation\ScriptVersions\Script6/SureFireReports/20201119-164031/Screenshots/
30115143 [TestNG] ERROR ./TestResults/2020_11_19_10_10_48_PM/LogFile.log  - Switching to frame Frame path did not happen within 3 seconds
Screenshot path: E:\Naveenkumar-11568\REPORTSautomation\ScriptVersions\Script6/SureFireReports/20201119-164031/Screenshots/
30121925 [TestNG] ERROR ./TestResults/2020_11_19_10_10_48_PM/LogFile.log  - Switching to frame Frame path did not happen within 3 seconds
Screenshot path: E:\Naveenkumar-11568\REPORTSautomation\ScriptVersions\Script6/SureFireReports/20201119-164031/Screenshots/
30128659 [TestNG] ERROR ./TestResults/2020_11_19_10_10_48_PM/LogFile.log  - Switching to frame Frame path did not happen within 3 seconds
Screenshot path: E:\Naveenkumar-11568\REPORTSautomation\ScriptVersions\Script6/SureFireReports/20201119-164031/Screenshots/
30135396 [TestNG] ERROR ./TestResults/2020_11_19_10_10_48_PM/LogFile.log  - Switching to frame Frame path did not happen within 3 seconds
Screenshot path: E:\Naveenkumar-11568\REPORTSautomation\ScriptVersions\Script6/SureFireReports/20201119-164031/Screenshots/
30139099 [TestNG] ERROR ./TestResults/2020_11_19_10_10_48_PM/LogFile.log  - Exception:no such element: Unable to locate element: {"method":"css selector","selector":"table[id$='GridViewreports'] tr:nth-child(0)>td:nth-child(0) input"}
  (Session info: chrome=86.0.4240.198)
  (Driver info: chromedriver=72.0.3626.69 (3c16f8a135abc0d4da2dff33804db79b849a7c38),platform=Windows NT 10.0.18362 x86_64) (WARNING: The server did not provide any stacktrace information)
Command duration or timeout: 0 milliseconds
For documentation on this error, please visit: http://seleniumhq.org/exceptions/no_such_element.html
Build info: version: '3.6.0', revision: '6fbf3ec767', time: '2017-09-27T15:28:36.4Z'
System info: host: 'XPITAX-11568', ip: '192.168.0.105', os.name: 'Windows 10', os.arch: 'amd64', os.version: '10.0', java.version: '1.8.0_191'
Driver info: org.openqa.selenium.remote.RemoteWebDriver
Capabilities [{mobileEmulationEnabled=false, timeouts={implicit=0, pageLoad=300000, script=30000}, hasTouchScreen=false, platform=XP, acceptSslCerts=false, goog:chromeOptions={debuggerAddress=localhost:51619}, acceptInsecureCerts=false, webStorageEnabled=true, browserName=chrome, takesScreenshot=true, javascriptEnabled=true, platformName=XP, setWindowRect=true, unexpectedAlertBehaviour=ignore, applicationCacheEnabled=false, rotatable=false, networkConnectionEnabled=false, chrome={chromedriverVersion=72.0.3626.69 (3c16f8a135abc0d4da2dff33804db79b849a7c38), userDataDir=C:\Users\NTHIMM~1\AppData\Local\Temp\scoped_dir4512_872}, takesHeapSnapshot=true, unhandledPromptBehavior=ignore, pageLoadStrategy=normal, databaseEnabled=false, handlesAlerts=true, version=86.0.4240.198, browserConnectionEnabled=false, proxy=Proxy(), nativeEvents=true, locationContextEnabled=true, cssSelectorsEnabled=true}]
Session ID: d7c8b9d42c2b4657e2f3c2e6a1199df7
*** Element info: {Using=css selector, value=table[id$='GridViewreports'] tr:nth-child(0)>td:nth-child(0) input}
Screenshot path: E:\Naveenkumar-11568\REPORTSautomation\ScriptVersions\Script6/SureFireReports/20201119-164031/Screenshots/
30144815 [TestNG] ERROR ./TestResults/2020_11_19_10_10_48_PM/LogFile.log  - Switching to frame Frame path did not happen within 3 seconds
{} doesn't contain key name -TDR_CAS_07
]]></system-out>
  </testcase>
  <testcase name="TDR_CAS_08" classname="TestCases.TestCases" time="614.687">
    <failure type="java.lang.AssertionError:">java.lang.AssertionError: null
	at TestCases.TestCases.TestEnd(TestCases.java:10774)
	at TestCases.TestCases.TDR_CAS_08(TestCases.java:1452)
</failure>
    <system-out><![CDATA[TDR_CAS_08 Started...
Screenshot path: E:\Naveenkumar-11568\REPORTSautomation\ScriptVersions\Script6/SureFireReports/20201119-164031/Screenshots/
30167737 [TestNG] ERROR ./TestResults/2020_11_19_10_10_48_PM/LogFile.log  - Exception:no such element: Unable to locate element: {"method":"css selector","selector":"a[id='reportslink']"}
  (Session info: chrome=86.0.4240.198)
  (Driver info: chromedriver=72.0.3626.69 (3c16f8a135abc0d4da2dff33804db79b849a7c38),platform=Windows NT 10.0.18362 x86_64) (WARNING: The server did not provide any stacktrace information)
Command duration or timeout: 0 milliseconds
For documentation on this error, please visit: http://seleniumhq.org/exceptions/no_such_element.html
Build info: version: '3.6.0', revision: '6fbf3ec767', time: '2017-09-27T15:28:36.4Z'
System info: host: 'XPITAX-11568', ip: '192.168.0.105', os.name: 'Windows 10', os.arch: 'amd64', os.version: '10.0', java.version: '1.8.0_191'
Driver info: org.openqa.selenium.remote.RemoteWebDriver
Capabilities [{mobileEmulationEnabled=false, timeouts={implicit=0, pageLoad=300000, script=30000}, hasTouchScreen=false, platform=XP, acceptSslCerts=false, goog:chromeOptions={debuggerAddress=localhost:51619}, acceptInsecureCerts=false, webStorageEnabled=true, browserName=chrome, takesScreenshot=true, javascriptEnabled=true, platformName=XP, setWindowRect=true, unexpectedAlertBehaviour=ignore, applicationCacheEnabled=false, rotatable=false, networkConnectionEnabled=false, chrome={chromedriverVersion=72.0.3626.69 (3c16f8a135abc0d4da2dff33804db79b849a7c38), userDataDir=C:\Users\NTHIMM~1\AppData\Local\Temp\scoped_dir4512_872}, takesHeapSnapshot=true, unhandledPromptBehavior=ignore, pageLoadStrategy=normal, databaseEnabled=false, handlesAlerts=true, version=86.0.4240.198, browserConnectionEnabled=false, proxy=Proxy(), nativeEvents=true, locationContextEnabled=true, cssSelectorsEnabled=true}]
Session ID: d7c8b9d42c2b4657e2f3c2e6a1199df7
*** Element info: {Using=css selector, value=a[id='reportslink']}
Screenshot path: E:\Naveenkumar-11568\REPORTSautomation\ScriptVersions\Script6/SureFireReports/20201119-164031/Screenshots/
30171383 [TestNG] ERROR ./TestResults/2020_11_19_10_10_48_PM/LogFile.log  - Switching to frame Frame path did not happen within 3 seconds
Screenshot path: E:\Naveenkumar-11568\REPORTSautomation\ScriptVersions\Script6/SureFireReports/20201119-164031/Screenshots/
30178126 [TestNG] ERROR ./TestResults/2020_11_19_10_10_48_PM/LogFile.log  - Switching to frame Frame path did not happen within 3 seconds
Screenshot path: E:\Naveenkumar-11568\REPORTSautomation\ScriptVersions\Script6/SureFireReports/20201119-164031/Screenshots/
30186837 [TestNG] ERROR ./TestResults/2020_11_19_10_10_48_PM/LogFile.log  - Switching to frame Frame path did not happen within 3 seconds
Screenshot path: E:\Naveenkumar-11568\REPORTSautomation\ScriptVersions\Script6/SureFireReports/20201119-164031/Screenshots/
30193677 [TestNG] ERROR ./TestResults/2020_11_19_10_10_48_PM/LogFile.log  - Switching to frame Frame path did not happen within 3 seconds
Screenshot path: E:\Naveenkumar-11568\REPORTSautomation\ScriptVersions\Script6/SureFireReports/20201119-164031/Screenshots/
30200470 [TestNG] ERROR ./TestResults/2020_11_19_10_10_48_PM/LogFile.log  - Switching to frame Frame path did not happen within 3 seconds
Screenshot path: E:\Naveenkumar-11568\REPORTSautomation\ScriptVersions\Script6/SureFireReports/20201119-164031/Screenshots/
30207237 [TestNG] ERROR ./TestResults/2020_11_19_10_10_48_PM/LogFile.log  - Switching to frame Frame path did not happen within 3 seconds
Screenshot path: E:\Naveenkumar-11568\REPORTSautomation\ScriptVersions\Script6/SureFireReports/20201119-164031/Screenshots/
30214013 [TestNG] ERROR ./TestResults/2020_11_19_10_10_48_PM/LogFile.log  - Switching to frame Frame path did not happen within 3 seconds
Screenshot path: E:\Naveenkumar-11568\REPORTSautomation\ScriptVersions\Script6/SureFireReports/20201119-164031/Screenshots/
30220802 [TestNG] ERROR ./TestResults/2020_11_19_10_10_48_PM/LogFile.log  - Switching to frame Frame path did not happen within 3 seconds
Screenshot path: E:\Naveenkumar-11568\REPORTSautomation\ScriptVersions\Script6/SureFireReports/20201119-164031/Screenshots/
30227540 [TestNG] ERROR ./TestResults/2020_11_19_10_10_48_PM/LogFile.log  - Switching to frame Frame path did not happen within 3 seconds
Screenshot path: E:\Naveenkumar-11568\REPORTSautomation\ScriptVersions\Script6/SureFireReports/20201119-164031/Screenshots/
30234242 [TestNG] ERROR ./TestResults/2020_11_19_10_10_48_PM/LogFile.log  - Switching to frame Frame path did not happen within 3 seconds
Screenshot path: E:\Naveenkumar-11568\REPORTSautomation\ScriptVersions\Script6/SureFireReports/20201119-164031/Screenshots/
30237979 [TestNG] ERROR ./TestResults/2020_11_19_10_10_48_PM/LogFile.log  - Exception:no such element: Unable to locate element: {"method":"css selector","selector":"table[id*='GridViewreportsfirm'] tr:nth-child(0)>td:nth-child(0) input"}
  (Session info: chrome=86.0.4240.198)
  (Driver info: chromedriver=72.0.3626.69 (3c16f8a135abc0d4da2dff33804db79b849a7c38),platform=Windows NT 10.0.18362 x86_64) (WARNING: The server did not provide any stacktrace information)
Command duration or timeout: 0 milliseconds
For documentation on this error, please visit: http://seleniumhq.org/exceptions/no_such_element.html
Build info: version: '3.6.0', revision: '6fbf3ec767', time: '2017-09-27T15:28:36.4Z'
System info: host: 'XPITAX-11568', ip: '192.168.0.105', os.name: 'Windows 10', os.arch: 'amd64', os.version: '10.0', java.version: '1.8.0_191'
Driver info: org.openqa.selenium.remote.RemoteWebDriver
Capabilities [{mobileEmulationEnabled=false, timeouts={implicit=0, pageLoad=300000, script=30000}, hasTouchScreen=false, platform=XP, acceptSslCerts=false, goog:chromeOptions={debuggerAddress=localhost:51619}, acceptInsecureCerts=false, webStorageEnabled=true, browserName=chrome, takesScreenshot=true, javascriptEnabled=true, platformName=XP, setWindowRect=true, unexpectedAlertBehaviour=ignore, applicationCacheEnabled=false, rotatable=false, networkConnectionEnabled=false, chrome={chromedriverVersion=72.0.3626.69 (3c16f8a135abc0d4da2dff33804db79b849a7c38), userDataDir=C:\Users\NTHIMM~1\AppData\Local\Temp\scoped_dir4512_872}, takesHeapSnapshot=true, unhandledPromptBehavior=ignore, pageLoadStrategy=normal, databaseEnabled=false, handlesAlerts=true, version=86.0.4240.198, browserConnectionEnabled=false, proxy=Proxy(), nativeEvents=true, locationContextEnabled=true, cssSelectorsEnabled=true}]
Session ID: d7c8b9d42c2b4657e2f3c2e6a1199df7
*** Element info: {Using=css selector, value=table[id*='GridViewreportsfirm'] tr:nth-child(0)>td:nth-child(0) input}
Screenshot path: E:\Naveenkumar-11568\REPORTSautomation\ScriptVersions\Script6/SureFireReports/20201119-164031/Screenshots/
30243678 [TestNG] ERROR ./TestResults/2020_11_19_10_10_48_PM/LogFile.log  - Switching to frame Frame path did not happen within 3 seconds
Screenshot path: E:\Naveenkumar-11568\REPORTSautomation\ScriptVersions\Script6/SureFireReports/20201119-164031/Screenshots/
30250437 [TestNG] ERROR ./TestResults/2020_11_19_10_10_48_PM/LogFile.log  - Switching to frame Frame path did not happen within 3 seconds
Screenshot path: E:\Naveenkumar-11568\REPORTSautomation\ScriptVersions\Script6/SureFireReports/20201119-164031/Screenshots/
30257238 [TestNG] ERROR ./TestResults/2020_11_19_10_10_48_PM/LogFile.log  - Switching to frame Frame path did not happen within 3 seconds
Screenshot path: E:\Naveenkumar-11568\REPORTSautomation\ScriptVersions\Script6/SureFireReports/20201119-164031/Screenshots/
30263948 [TestNG] ERROR ./TestResults/2020_11_19_10_10_48_PM/LogFile.log  - Switching to frame Frame path did not happen within 3 seconds
Screenshot path: E:\Naveenkumar-11568\REPORTSautomation\ScriptVersions\Script6/SureFireReports/20201119-164031/Screenshots/
30270690 [TestNG] ERROR ./TestResults/2020_11_19_10_10_48_PM/LogFile.log  - Switching to frame Frame path did not happen within 3 seconds
Screenshot path: E:\Naveenkumar-11568\REPORTSautomation\ScriptVersions\Script6/SureFireReports/20201119-164031/Screenshots/
30277394 [TestNG] ERROR ./TestResults/2020_11_19_10_10_48_PM/LogFile.log  - Switching to frame Frame path did not happen within 3 seconds
Screenshot path: E:\Naveenkumar-11568\REPORTSautomation\ScriptVersions\Script6/SureFireReports/20201119-164031/Screenshots/
30284120 [TestNG] ERROR ./TestResults/2020_11_19_10_10_48_PM/LogFile.log  - Switching to frame Frame path did not happen within 3 seconds
Screenshot path: E:\Naveenkumar-11568\REPORTSautomation\ScriptVersions\Script6/SureFireReports/20201119-164031/Screenshots/
30287763 [TestNG] ERROR ./TestResults/2020_11_19_10_10_48_PM/LogFile.log  - Exception:no such element: Unable to locate element: {"method":"css selector","selector":"table[id*='GridViewreportsfirm'] tr:nth-child(0)>td:nth-child(0) input"}
  (Session info: chrome=86.0.4240.198)
  (Driver info: chromedriver=72.0.3626.69 (3c16f8a135abc0d4da2dff33804db79b849a7c38),platform=Windows NT 10.0.18362 x86_64) (WARNING: The server did not provide any stacktrace information)
Command duration or timeout: 0 milliseconds
For documentation on this error, please visit: http://seleniumhq.org/exceptions/no_such_element.html
Build info: version: '3.6.0', revision: '6fbf3ec767', time: '2017-09-27T15:28:36.4Z'
System info: host: 'XPITAX-11568', ip: '192.168.0.105', os.name: 'Windows 10', os.arch: 'amd64', os.version: '10.0', java.version: '1.8.0_191'
Driver info: org.openqa.selenium.remote.RemoteWebDriver
Capabilities [{mobileEmulationEnabled=false, timeouts={implicit=0, pageLoad=300000, script=30000}, hasTouchScreen=false, platform=XP, acceptSslCerts=false, goog:chromeOptions={debuggerAddress=localhost:51619}, acceptInsecureCerts=false, webStorageEnabled=true, browserName=chrome, takesScreenshot=true, javascriptEnabled=true, platformName=XP, setWindowRect=true, unexpectedAlertBehaviour=ignore, applicationCacheEnabled=false, rotatable=false, networkConnectionEnabled=false, chrome={chromedriverVersion=72.0.3626.69 (3c16f8a135abc0d4da2dff33804db79b849a7c38), userDataDir=C:\Users\NTHIMM~1\AppData\Local\Temp\scoped_dir4512_872}, takesHeapSnapshot=true, unhandledPromptBehavior=ignore, pageLoadStrategy=normal, databaseEnabled=false, handlesAlerts=true, version=86.0.4240.198, browserConnectionEnabled=false, proxy=Proxy(), nativeEvents=true, locationContextEnabled=true, cssSelectorsEnabled=true}]
Session ID: d7c8b9d42c2b4657e2f3c2e6a1199df7
*** Element info: {Using=css selector, value=table[id*='GridViewreportsfirm'] tr:nth-child(0)>td:nth-child(0) input}
Screenshot path: E:\Naveenkumar-11568\REPORTSautomation\ScriptVersions\Script6/SureFireReports/20201119-164031/Screenshots/
30293479 [TestNG] ERROR ./TestResults/2020_11_19_10_10_48_PM/LogFile.log  - Switching to frame Frame path did not happen within 3 seconds
Screenshot path: E:\Naveenkumar-11568\REPORTSautomation\ScriptVersions\Script6/SureFireReports/20201119-164031/Screenshots/
30300235 [TestNG] ERROR ./TestResults/2020_11_19_10_10_48_PM/LogFile.log  - Switching to frame Frame path did not happen within 3 seconds
Screenshot path: E:\Naveenkumar-11568\REPORTSautomation\ScriptVersions\Script6/SureFireReports/20201119-164031/Screenshots/
30307061 [TestNG] ERROR ./TestResults/2020_11_19_10_10_48_PM/LogFile.log  - Switching to frame Frame path did not happen within 3 seconds
Screenshot path: E:\Naveenkumar-11568\REPORTSautomation\ScriptVersions\Script6/SureFireReports/20201119-164031/Screenshots/
30313770 [TestNG] ERROR ./TestResults/2020_11_19_10_10_48_PM/LogFile.log  - Switching to frame Frame path did not happen within 3 seconds
Screenshot path: E:\Naveenkumar-11568\REPORTSautomation\ScriptVersions\Script6/SureFireReports/20201119-164031/Screenshots/
30320539 [TestNG] ERROR ./TestResults/2020_11_19_10_10_48_PM/LogFile.log  - Switching to frame Frame path did not happen within 3 seconds
Screenshot path: E:\Naveenkumar-11568\REPORTSautomation\ScriptVersions\Script6/SureFireReports/20201119-164031/Screenshots/
30324143 [TestNG] ERROR ./TestResults/2020_11_19_10_10_48_PM/LogFile.log  - Exception:no such element: Unable to locate element: {"method":"css selector","selector":"table[id*='GridViewreportsfirm'] tr:nth-child(0)>td:nth-child(0) input"}
  (Session info: chrome=86.0.4240.198)
  (Driver info: chromedriver=72.0.3626.69 (3c16f8a135abc0d4da2dff33804db79b849a7c38),platform=Windows NT 10.0.18362 x86_64) (WARNING: The server did not provide any stacktrace information)
Command duration or timeout: 0 milliseconds
For documentation on this error, please visit: http://seleniumhq.org/exceptions/no_such_element.html
Build info: version: '3.6.0', revision: '6fbf3ec767', time: '2017-09-27T15:28:36.4Z'
System info: host: 'XPITAX-11568', ip: '192.168.0.105', os.name: 'Windows 10', os.arch: 'amd64', os.version: '10.0', java.version: '1.8.0_191'
Driver info: org.openqa.selenium.remote.RemoteWebDriver
Capabilities [{mobileEmulationEnabled=false, timeouts={implicit=0, pageLoad=300000, script=30000}, hasTouchScreen=false, platform=XP, acceptSslCerts=false, goog:chromeOptions={debuggerAddress=localhost:51619}, acceptInsecureCerts=false, webStorageEnabled=true, browserName=chrome, takesScreenshot=true, javascriptEnabled=true, platformName=XP, setWindowRect=true, unexpectedAlertBehaviour=ignore, applicationCacheEnabled=false, rotatable=false, networkConnectionEnabled=false, chrome={chromedriverVersion=72.0.3626.69 (3c16f8a135abc0d4da2dff33804db79b849a7c38), userDataDir=C:\Users\NTHIMM~1\AppData\Local\Temp\scoped_dir4512_872}, takesHeapSnapshot=true, unhandledPromptBehavior=ignore, pageLoadStrategy=normal, databaseEnabled=false, handlesAlerts=true, version=86.0.4240.198, browserConnectionEnabled=false, proxy=Proxy(), nativeEvents=true, locationContextEnabled=true, cssSelectorsEnabled=true}]
Session ID: d7c8b9d42c2b4657e2f3c2e6a1199df7
*** Element info: {Using=css selector, value=table[id*='GridViewreportsfirm'] tr:nth-child(0)>td:nth-child(0) input}
Screenshot path: E:\Naveenkumar-11568\REPORTSautomation\ScriptVersions\Script6/SureFireReports/20201119-164031/Screenshots/
30329753 [TestNG] ERROR ./TestResults/2020_11_19_10_10_48_PM/LogFile.log  - The given window "2" is failed to open
Screenshot path: E:\Naveenkumar-11568\REPORTSautomation\ScriptVersions\Script6/SureFireReports/20201119-164031/Screenshots/
30468528 [TestNG] ERROR ./TestResults/2020_11_19_10_10_48_PM/LogFile.log  - Switching to frame Frame path did not happen within 3 seconds
Screenshot path: E:\Naveenkumar-11568\REPORTSautomation\ScriptVersions\Script6/SureFireReports/20201119-164031/Screenshots/
30472164 [TestNG] ERROR ./TestResults/2020_11_19_10_10_48_PM/LogFile.log  - Exception:no such element: Unable to locate element: {"method":"xpath","selector":"//input[@type='reset' or @value='Reset']"}
  (Session info: chrome=86.0.4240.198)
  (Driver info: chromedriver=72.0.3626.69 (3c16f8a135abc0d4da2dff33804db79b849a7c38),platform=Windows NT 10.0.18362 x86_64) (WARNING: The server did not provide any stacktrace information)
Command duration or timeout: 0 milliseconds
For documentation on this error, please visit: http://seleniumhq.org/exceptions/no_such_element.html
Build info: version: '3.6.0', revision: '6fbf3ec767', time: '2017-09-27T15:28:36.4Z'
System info: host: 'XPITAX-11568', ip: '192.168.0.105', os.name: 'Windows 10', os.arch: 'amd64', os.version: '10.0', java.version: '1.8.0_191'
Driver info: org.openqa.selenium.remote.RemoteWebDriver
Capabilities [{mobileEmulationEnabled=false, timeouts={implicit=0, pageLoad=300000, script=30000}, hasTouchScreen=false, platform=XP, acceptSslCerts=false, goog:chromeOptions={debuggerAddress=localhost:51619}, acceptInsecureCerts=false, webStorageEnabled=true, browserName=chrome, takesScreenshot=true, javascriptEnabled=true, platformName=XP, setWindowRect=true, unexpectedAlertBehaviour=ignore, applicationCacheEnabled=false, rotatable=false, networkConnectionEnabled=false, chrome={chromedriverVersion=72.0.3626.69 (3c16f8a135abc0d4da2dff33804db79b849a7c38), userDataDir=C:\Users\NTHIMM~1\AppData\Local\Temp\scoped_dir4512_872}, takesHeapSnapshot=true, unhandledPromptBehavior=ignore, pageLoadStrategy=normal, databaseEnabled=false, handlesAlerts=true, version=86.0.4240.198, browserConnectionEnabled=false, proxy=Proxy(), nativeEvents=true, locationContextEnabled=true, cssSelectorsEnabled=true}]
Session ID: d7c8b9d42c2b4657e2f3c2e6a1199df7
*** Element info: {Using=xpath, value=//input[@type='reset' or @value='Reset']}
Screenshot path: E:\Naveenkumar-11568\REPORTSautomation\ScriptVersions\Script6/SureFireReports/20201119-164031/Screenshots/
30475802 [TestNG] ERROR ./TestResults/2020_11_19_10_10_48_PM/LogFile.log  - Switching to frame Frame path did not happen within 3 seconds
Screenshot path: E:\Naveenkumar-11568\REPORTSautomation\ScriptVersions\Script6/SureFireReports/20201119-164031/Screenshots/
30484575 [TestNG] ERROR ./TestResults/2020_11_19_10_10_48_PM/LogFile.log  - Switching to frame Frame path did not happen within 3 seconds
Screenshot path: E:\Naveenkumar-11568\REPORTSautomation\ScriptVersions\Script6/SureFireReports/20201119-164031/Screenshots/
30491375 [TestNG] ERROR ./TestResults/2020_11_19_10_10_48_PM/LogFile.log  - Switching to frame Frame path did not happen within 3 seconds
Screenshot path: E:\Naveenkumar-11568\REPORTSautomation\ScriptVersions\Script6/SureFireReports/20201119-164031/Screenshots/
30498135 [TestNG] ERROR ./TestResults/2020_11_19_10_10_48_PM/LogFile.log  - Switching to frame Frame path did not happen within 3 seconds
Screenshot path: E:\Naveenkumar-11568\REPORTSautomation\ScriptVersions\Script6/SureFireReports/20201119-164031/Screenshots/
30504906 [TestNG] ERROR ./TestResults/2020_11_19_10_10_48_PM/LogFile.log  - Switching to frame Frame path did not happen within 3 seconds
Screenshot path: E:\Naveenkumar-11568\REPORTSautomation\ScriptVersions\Script6/SureFireReports/20201119-164031/Screenshots/
30511669 [TestNG] ERROR ./TestResults/2020_11_19_10_10_48_PM/LogFile.log  - Switching to frame Frame path did not happen within 3 seconds
Screenshot path: E:\Naveenkumar-11568\REPORTSautomation\ScriptVersions\Script6/SureFireReports/20201119-164031/Screenshots/
30518394 [TestNG] ERROR ./TestResults/2020_11_19_10_10_48_PM/LogFile.log  - Switching to frame Frame path did not happen within 3 seconds
Screenshot path: E:\Naveenkumar-11568\REPORTSautomation\ScriptVersions\Script6/SureFireReports/20201119-164031/Screenshots/
30525110 [TestNG] ERROR ./TestResults/2020_11_19_10_10_48_PM/LogFile.log  - Switching to frame Frame path did not happen within 3 seconds
Screenshot path: E:\Naveenkumar-11568\REPORTSautomation\ScriptVersions\Script6/SureFireReports/20201119-164031/Screenshots/
30531863 [TestNG] ERROR ./TestResults/2020_11_19_10_10_48_PM/LogFile.log  - Switching to frame Frame path did not happen within 3 seconds
Screenshot path: E:\Naveenkumar-11568\REPORTSautomation\ScriptVersions\Script6/SureFireReports/20201119-164031/Screenshots/
30535498 [TestNG] ERROR ./TestResults/2020_11_19_10_10_48_PM/LogFile.log  - Exception:no such element: Unable to locate element: {"method":"css selector","selector":"table[id$='GridViewreports'] tr:nth-child(0)>td:nth-child(0) input"}
  (Session info: chrome=86.0.4240.198)
  (Driver info: chromedriver=72.0.3626.69 (3c16f8a135abc0d4da2dff33804db79b849a7c38),platform=Windows NT 10.0.18362 x86_64) (WARNING: The server did not provide any stacktrace information)
Command duration or timeout: 0 milliseconds
For documentation on this error, please visit: http://seleniumhq.org/exceptions/no_such_element.html
Build info: version: '3.6.0', revision: '6fbf3ec767', time: '2017-09-27T15:28:36.4Z'
System info: host: 'XPITAX-11568', ip: '192.168.0.105', os.name: 'Windows 10', os.arch: 'amd64', os.version: '10.0', java.version: '1.8.0_191'
Driver info: org.openqa.selenium.remote.RemoteWebDriver
Capabilities [{mobileEmulationEnabled=false, timeouts={implicit=0, pageLoad=300000, script=30000}, hasTouchScreen=false, platform=XP, acceptSslCerts=false, goog:chromeOptions={debuggerAddress=localhost:51619}, acceptInsecureCerts=false, webStorageEnabled=true, browserName=chrome, takesScreenshot=true, javascriptEnabled=true, platformName=XP, setWindowRect=true, unexpectedAlertBehaviour=ignore, applicationCacheEnabled=false, rotatable=false, networkConnectionEnabled=false, chrome={chromedriverVersion=72.0.3626.69 (3c16f8a135abc0d4da2dff33804db79b849a7c38), userDataDir=C:\Users\NTHIMM~1\AppData\Local\Temp\scoped_dir4512_872}, takesHeapSnapshot=true, unhandledPromptBehavior=ignore, pageLoadStrategy=normal, databaseEnabled=false, handlesAlerts=true, version=86.0.4240.198, browserConnectionEnabled=false, proxy=Proxy(), nativeEvents=true, locationContextEnabled=true, cssSelectorsEnabled=true}]
Session ID: d7c8b9d42c2b4657e2f3c2e6a1199df7
*** Element info: {Using=css selector, value=table[id$='GridViewreports'] tr:nth-child(0)>td:nth-child(0) input}
Screenshot path: E:\Naveenkumar-11568\REPORTSautomation\ScriptVersions\Script6/SureFireReports/20201119-164031/Screenshots/
30541242 [TestNG] ERROR ./TestResults/2020_11_19_10_10_48_PM/LogFile.log  - Switching to frame Frame path did not happen within 3 seconds
Screenshot path: E:\Naveenkumar-11568\REPORTSautomation\ScriptVersions\Script6/SureFireReports/20201119-164031/Screenshots/
30548039 [TestNG] ERROR ./TestResults/2020_11_19_10_10_48_PM/LogFile.log  - Switching to frame Frame path did not happen within 3 seconds
Screenshot path: E:\Naveenkumar-11568\REPORTSautomation\ScriptVersions\Script6/SureFireReports/20201119-164031/Screenshots/
30554803 [TestNG] ERROR ./TestResults/2020_11_19_10_10_48_PM/LogFile.log  - Switching to frame Frame path did not happen within 3 seconds
Screenshot path: E:\Naveenkumar-11568\REPORTSautomation\ScriptVersions\Script6/SureFireReports/20201119-164031/Screenshots/
30561574 [TestNG] ERROR ./TestResults/2020_11_19_10_10_48_PM/LogFile.log  - Switching to frame Frame path did not happen within 3 seconds
Screenshot path: E:\Naveenkumar-11568\REPORTSautomation\ScriptVersions\Script6/SureFireReports/20201119-164031/Screenshots/
30568382 [TestNG] ERROR ./TestResults/2020_11_19_10_10_48_PM/LogFile.log  - Switching to frame Frame path did not happen within 3 seconds
Screenshot path: E:\Naveenkumar-11568\REPORTSautomation\ScriptVersions\Script6/SureFireReports/20201119-164031/Screenshots/
30575133 [TestNG] ERROR ./TestResults/2020_11_19_10_10_48_PM/LogFile.log  - Switching to frame Frame path did not happen within 3 seconds
Screenshot path: E:\Naveenkumar-11568\REPORTSautomation\ScriptVersions\Script6/SureFireReports/20201119-164031/Screenshots/
30581892 [TestNG] ERROR ./TestResults/2020_11_19_10_10_48_PM/LogFile.log  - Switching to frame Frame path did not happen within 3 seconds
Screenshot path: E:\Naveenkumar-11568\REPORTSautomation\ScriptVersions\Script6/SureFireReports/20201119-164031/Screenshots/
30585567 [TestNG] ERROR ./TestResults/2020_11_19_10_10_48_PM/LogFile.log  - Exception:no such element: Unable to locate element: {"method":"css selector","selector":"table[id$='GridViewreports'] tr:nth-child(0)>td:nth-child(0) input"}
  (Session info: chrome=86.0.4240.198)
  (Driver info: chromedriver=72.0.3626.69 (3c16f8a135abc0d4da2dff33804db79b849a7c38),platform=Windows NT 10.0.18362 x86_64) (WARNING: The server did not provide any stacktrace information)
Command duration or timeout: 0 milliseconds
For documentation on this error, please visit: http://seleniumhq.org/exceptions/no_such_element.html
Build info: version: '3.6.0', revision: '6fbf3ec767', time: '2017-09-27T15:28:36.4Z'
System info: host: 'XPITAX-11568', ip: '192.168.0.105', os.name: 'Windows 10', os.arch: 'amd64', os.version: '10.0', java.version: '1.8.0_191'
Driver info: org.openqa.selenium.remote.RemoteWebDriver
Capabilities [{mobileEmulationEnabled=false, timeouts={implicit=0, pageLoad=300000, script=30000}, hasTouchScreen=false, platform=XP, acceptSslCerts=false, goog:chromeOptions={debuggerAddress=localhost:51619}, acceptInsecureCerts=false, webStorageEnabled=true, browserName=chrome, takesScreenshot=true, javascriptEnabled=true, platformName=XP, setWindowRect=true, unexpectedAlertBehaviour=ignore, applicationCacheEnabled=false, rotatable=false, networkConnectionEnabled=false, chrome={chromedriverVersion=72.0.3626.69 (3c16f8a135abc0d4da2dff33804db79b849a7c38), userDataDir=C:\Users\NTHIMM~1\AppData\Local\Temp\scoped_dir4512_872}, takesHeapSnapshot=true, unhandledPromptBehavior=ignore, pageLoadStrategy=normal, databaseEnabled=false, handlesAlerts=true, version=86.0.4240.198, browserConnectionEnabled=false, proxy=Proxy(), nativeEvents=true, locationContextEnabled=true, cssSelectorsEnabled=true}]
Session ID: d7c8b9d42c2b4657e2f3c2e6a1199df7
*** Element info: {Using=css selector, value=table[id$='GridViewreports'] tr:nth-child(0)>td:nth-child(0) input}
Screenshot path: E:\Naveenkumar-11568\REPORTSautomation\ScriptVersions\Script6/SureFireReports/20201119-164031/Screenshots/
30591249 [TestNG] ERROR ./TestResults/2020_11_19_10_10_48_PM/LogFile.log  - Switching to frame Frame path did not happen within 3 seconds
Screenshot path: E:\Naveenkumar-11568\REPORTSautomation\ScriptVersions\Script6/SureFireReports/20201119-164031/Screenshots/
30598023 [TestNG] ERROR ./TestResults/2020_11_19_10_10_48_PM/LogFile.log  - Switching to frame Frame path did not happen within 3 seconds
Screenshot path: E:\Naveenkumar-11568\REPORTSautomation\ScriptVersions\Script6/SureFireReports/20201119-164031/Screenshots/
30604752 [TestNG] ERROR ./TestResults/2020_11_19_10_10_48_PM/LogFile.log  - Switching to frame Frame path did not happen within 3 seconds
Screenshot path: E:\Naveenkumar-11568\REPORTSautomation\ScriptVersions\Script6/SureFireReports/20201119-164031/Screenshots/
30611472 [TestNG] ERROR ./TestResults/2020_11_19_10_10_48_PM/LogFile.log  - Switching to frame Frame path did not happen within 3 seconds
Screenshot path: E:\Naveenkumar-11568\REPORTSautomation\ScriptVersions\Script6/SureFireReports/20201119-164031/Screenshots/
30618276 [TestNG] ERROR ./TestResults/2020_11_19_10_10_48_PM/LogFile.log  - Switching to frame Frame path did not happen within 3 seconds
Screenshot path: E:\Naveenkumar-11568\REPORTSautomation\ScriptVersions\Script6/SureFireReports/20201119-164031/Screenshots/
30621912 [TestNG] ERROR ./TestResults/2020_11_19_10_10_48_PM/LogFile.log  - Exception:no such element: Unable to locate element: {"method":"css selector","selector":"table[id$='GridViewreports'] tr:nth-child(0)>td:nth-child(0) input"}
  (Session info: chrome=86.0.4240.198)
  (Driver info: chromedriver=72.0.3626.69 (3c16f8a135abc0d4da2dff33804db79b849a7c38),platform=Windows NT 10.0.18362 x86_64) (WARNING: The server did not provide any stacktrace information)
Command duration or timeout: 0 milliseconds
For documentation on this error, please visit: http://seleniumhq.org/exceptions/no_such_element.html
Build info: version: '3.6.0', revision: '6fbf3ec767', time: '2017-09-27T15:28:36.4Z'
System info: host: 'XPITAX-11568', ip: '192.168.0.105', os.name: 'Windows 10', os.arch: 'amd64', os.version: '10.0', java.version: '1.8.0_191'
Driver info: org.openqa.selenium.remote.RemoteWebDriver
Capabilities [{mobileEmulationEnabled=false, timeouts={implicit=0, pageLoad=300000, script=30000}, hasTouchScreen=false, platform=XP, acceptSslCerts=false, goog:chromeOptions={debuggerAddress=localhost:51619}, acceptInsecureCerts=false, webStorageEnabled=true, browserName=chrome, takesScreenshot=true, javascriptEnabled=true, platformName=XP, setWindowRect=true, unexpectedAlertBehaviour=ignore, applicationCacheEnabled=false, rotatable=false, networkConnectionEnabled=false, chrome={chromedriverVersion=72.0.3626.69 (3c16f8a135abc0d4da2dff33804db79b849a7c38), userDataDir=C:\Users\NTHIMM~1\AppData\Local\Temp\scoped_dir4512_872}, takesHeapSnapshot=true, unhandledPromptBehavior=ignore, pageLoadStrategy=normal, databaseEnabled=false, handlesAlerts=true, version=86.0.4240.198, browserConnectionEnabled=false, proxy=Proxy(), nativeEvents=true, locationContextEnabled=true, cssSelectorsEnabled=true}]
Session ID: d7c8b9d42c2b4657e2f3c2e6a1199df7
*** Element info: {Using=css selector, value=table[id$='GridViewreports'] tr:nth-child(0)>td:nth-child(0) input}
Screenshot path: E:\Naveenkumar-11568\REPORTSautomation\ScriptVersions\Script6/SureFireReports/20201119-164031/Screenshots/
30627479 [TestNG] ERROR ./TestResults/2020_11_19_10_10_48_PM/LogFile.log  - The given window "2" is failed to open
{} doesn't contain key name -TDR_CAS_08
]]></system-out>
  </testcase>
  <testcase name="TDR_CAS_09" classname="TestCases.TestCases" time="385.215">
    <failure type="java.lang.AssertionError:">java.lang.AssertionError: null
	at TestCases.TestCases.TestEnd(TestCases.java:10774)
	at TestCases.TestCases.TDR_CAS_09(TestCases.java:1469)
</failure>
    <system-out><![CDATA[TDR_CAS_09 Started...
Screenshot path: E:\Naveenkumar-11568\REPORTSautomation\ScriptVersions\Script6/SureFireReports/20201119-164031/Screenshots/
31013375 [TestNG] ERROR ./TestResults/2020_11_19_10_10_48_PM/LogFile.log  - Exception:no such element: Unable to locate element: {"method":"css selector","selector":"a[id='reportslink']"}
  (Session info: chrome=86.0.4240.198)
  (Driver info: chromedriver=72.0.3626.69 (3c16f8a135abc0d4da2dff33804db79b849a7c38),platform=Windows NT 10.0.18362 x86_64) (WARNING: The server did not provide any stacktrace information)
Command duration or timeout: 0 milliseconds
For documentation on this error, please visit: http://seleniumhq.org/exceptions/no_such_element.html
Build info: version: '3.6.0', revision: '6fbf3ec767', time: '2017-09-27T15:28:36.4Z'
System info: host: 'XPITAX-11568', ip: '192.168.0.105', os.name: 'Windows 10', os.arch: 'amd64', os.version: '10.0', java.version: '1.8.0_191'
Driver info: org.openqa.selenium.remote.RemoteWebDriver
Capabilities [{mobileEmulationEnabled=false, timeouts={implicit=0, pageLoad=300000, script=30000}, hasTouchScreen=false, platform=XP, acceptSslCerts=false, goog:chromeOptions={debuggerAddress=localhost:51619}, acceptInsecureCerts=false, webStorageEnabled=true, browserName=chrome, takesScreenshot=true, javascriptEnabled=true, platformName=XP, setWindowRect=true, unexpectedAlertBehaviour=ignore, applicationCacheEnabled=false, rotatable=false, networkConnectionEnabled=false, chrome={chromedriverVersion=72.0.3626.69 (3c16f8a135abc0d4da2dff33804db79b849a7c38), userDataDir=C:\Users\NTHIMM~1\AppData\Local\Temp\scoped_dir4512_872}, takesHeapSnapshot=true, unhandledPromptBehavior=ignore, pageLoadStrategy=normal, databaseEnabled=false, handlesAlerts=true, version=86.0.4240.198, browserConnectionEnabled=false, proxy=Proxy(), nativeEvents=true, locationContextEnabled=true, cssSelectorsEnabled=true}]
Session ID: d7c8b9d42c2b4657e2f3c2e6a1199df7
*** Element info: {Using=css selector, value=a[id='reportslink']}
Screenshot path: E:\Naveenkumar-11568\REPORTSautomation\ScriptVersions\Script6/SureFireReports/20201119-164031/Screenshots/
31017055 [TestNG] ERROR ./TestResults/2020_11_19_10_10_48_PM/LogFile.log  - Switching to frame Frame path did not happen within 3 seconds
Screenshot path: E:\Naveenkumar-11568\REPORTSautomation\ScriptVersions\Script6/SureFireReports/20201119-164031/Screenshots/
31023857 [TestNG] ERROR ./TestResults/2020_11_19_10_10_48_PM/LogFile.log  - Switching to frame Frame path did not happen within 3 seconds
Screenshot path: E:\Naveenkumar-11568\REPORTSautomation\ScriptVersions\Script6/SureFireReports/20201119-164031/Screenshots/
31030689 [TestNG] ERROR ./TestResults/2020_11_19_10_10_48_PM/LogFile.log  - Switching to frame Frame path did not happen within 3 seconds
Screenshot path: E:\Naveenkumar-11568\REPORTSautomation\ScriptVersions\Script6/SureFireReports/20201119-164031/Screenshots/
31039464 [TestNG] ERROR ./TestResults/2020_11_19_10_10_48_PM/LogFile.log  - Switching to frame Frame path did not happen within 3 seconds
Screenshot path: E:\Naveenkumar-11568\REPORTSautomation\ScriptVersions\Script6/SureFireReports/20201119-164031/Screenshots/
31046277 [TestNG] ERROR ./TestResults/2020_11_19_10_10_48_PM/LogFile.log  - Switching to frame Frame path did not happen within 3 seconds
Screenshot path: E:\Naveenkumar-11568\REPORTSautomation\ScriptVersions\Script6/SureFireReports/20201119-164031/Screenshots/
31052981 [TestNG] ERROR ./TestResults/2020_11_19_10_10_48_PM/LogFile.log  - Switching to frame Frame path did not happen within 3 seconds
Screenshot path: E:\Naveenkumar-11568\REPORTSautomation\ScriptVersions\Script6/SureFireReports/20201119-164031/Screenshots/
31059709 [TestNG] ERROR ./TestResults/2020_11_19_10_10_48_PM/LogFile.log  - Switching to frame Frame path did not happen within 3 seconds
Screenshot path: E:\Naveenkumar-11568\REPORTSautomation\ScriptVersions\Script6/SureFireReports/20201119-164031/Screenshots/
31066485 [TestNG] ERROR ./TestResults/2020_11_19_10_10_48_PM/LogFile.log  - Switching to frame Frame path did not happen within 3 seconds
Screenshot path: E:\Naveenkumar-11568\REPORTSautomation\ScriptVersions\Script6/SureFireReports/20201119-164031/Screenshots/
31073284 [TestNG] ERROR ./TestResults/2020_11_19_10_10_48_PM/LogFile.log  - Switching to frame Frame path did not happen within 3 seconds
Screenshot path: E:\Naveenkumar-11568\REPORTSautomation\ScriptVersions\Script6/SureFireReports/20201119-164031/Screenshots/
31084109 [TestNG] ERROR ./TestResults/2020_11_19_10_10_48_PM/LogFile.log  - Switching to frame Frame path did not happen within 3 seconds
Screenshot path: E:\Naveenkumar-11568\REPORTSautomation\ScriptVersions\Script6/SureFireReports/20201119-164031/Screenshots/
31090857 [TestNG] ERROR ./TestResults/2020_11_19_10_10_48_PM/LogFile.log  - Switching to frame Frame path did not happen within 3 seconds
Screenshot path: E:\Naveenkumar-11568\REPORTSautomation\ScriptVersions\Script6/SureFireReports/20201119-164031/Screenshots/
31094476 [TestNG] ERROR ./TestResults/2020_11_19_10_10_48_PM/LogFile.log  - Exception:no such element: Unable to locate element: {"method":"xpath","selector":"//input[@type='reset' or @value='Reset']"}
  (Session info: chrome=86.0.4240.198)
  (Driver info: chromedriver=72.0.3626.69 (3c16f8a135abc0d4da2dff33804db79b849a7c38),platform=Windows NT 10.0.18362 x86_64) (WARNING: The server did not provide any stacktrace information)
Command duration or timeout: 0 milliseconds
For documentation on this error, please visit: http://seleniumhq.org/exceptions/no_such_element.html
Build info: version: '3.6.0', revision: '6fbf3ec767', time: '2017-09-27T15:28:36.4Z'
System info: host: 'XPITAX-11568', ip: '192.168.0.105', os.name: 'Windows 10', os.arch: 'amd64', os.version: '10.0', java.version: '1.8.0_191'
Driver info: org.openqa.selenium.remote.RemoteWebDriver
Capabilities [{mobileEmulationEnabled=false, timeouts={implicit=0, pageLoad=300000, script=30000}, hasTouchScreen=false, platform=XP, acceptSslCerts=false, goog:chromeOptions={debuggerAddress=localhost:51619}, acceptInsecureCerts=false, webStorageEnabled=true, browserName=chrome, takesScreenshot=true, javascriptEnabled=true, platformName=XP, setWindowRect=true, unexpectedAlertBehaviour=ignore, applicationCacheEnabled=false, rotatable=false, networkConnectionEnabled=false, chrome={chromedriverVersion=72.0.3626.69 (3c16f8a135abc0d4da2dff33804db79b849a7c38), userDataDir=C:\Users\NTHIMM~1\AppData\Local\Temp\scoped_dir4512_872}, takesHeapSnapshot=true, unhandledPromptBehavior=ignore, pageLoadStrategy=normal, databaseEnabled=false, handlesAlerts=true, version=86.0.4240.198, browserConnectionEnabled=false, proxy=Proxy(), nativeEvents=true, locationContextEnabled=true, cssSelectorsEnabled=true}]
Session ID: d7c8b9d42c2b4657e2f3c2e6a1199df7
*** Element info: {Using=xpath, value=//input[@type='reset' or @value='Reset']}
Screenshot path: E:\Naveenkumar-11568\REPORTSautomation\ScriptVersions\Script6/SureFireReports/20201119-164031/Screenshots/
31098205 [TestNG] ERROR ./TestResults/2020_11_19_10_10_48_PM/LogFile.log  - Switching to frame Frame path did not happen within 3 seconds
Screenshot path: E:\Naveenkumar-11568\REPORTSautomation\ScriptVersions\Script6/SureFireReports/20201119-164031/Screenshots/
31106992 [TestNG] ERROR ./TestResults/2020_11_19_10_10_48_PM/LogFile.log  - Switching to frame Frame path did not happen within 3 seconds
Screenshot path: E:\Naveenkumar-11568\REPORTSautomation\ScriptVersions\Script6/SureFireReports/20201119-164031/Screenshots/
31113761 [TestNG] ERROR ./TestResults/2020_11_19_10_10_48_PM/LogFile.log  - Switching to frame Frame path did not happen within 3 seconds
Screenshot path: E:\Naveenkumar-11568\REPORTSautomation\ScriptVersions\Script6/SureFireReports/20201119-164031/Screenshots/
31120563 [TestNG] ERROR ./TestResults/2020_11_19_10_10_48_PM/LogFile.log  - Switching to frame Frame path did not happen within 3 seconds
Screenshot path: E:\Naveenkumar-11568\REPORTSautomation\ScriptVersions\Script6/SureFireReports/20201119-164031/Screenshots/
31127312 [TestNG] ERROR ./TestResults/2020_11_19_10_10_48_PM/LogFile.log  - Switching to frame Frame path did not happen within 3 seconds
Screenshot path: E:\Naveenkumar-11568\REPORTSautomation\ScriptVersions\Script6/SureFireReports/20201119-164031/Screenshots/
31134029 [TestNG] ERROR ./TestResults/2020_11_19_10_10_48_PM/LogFile.log  - Switching to frame Frame path did not happen within 3 seconds
Screenshot path: E:\Naveenkumar-11568\REPORTSautomation\ScriptVersions\Script6/SureFireReports/20201119-164031/Screenshots/
31140741 [TestNG] ERROR ./TestResults/2020_11_19_10_10_48_PM/LogFile.log  - Switching to frame Frame path did not happen within 3 seconds
{} doesn't contain key name -TDR_CAS_09
]]></system-out>
  </testcase>
  <testcase name="TDR_CAS_10" classname="TestCases.TestCases" time="208.741">
    <failure type="java.lang.AssertionError:">java.lang.AssertionError: null
	at TestCases.TestCases.TestEnd(TestCases.java:10774)
	at TestCases.TestCases.TDR_CAS_10(TestCases.java:1486)
</failure>
    <system-out><![CDATA[TDR_CAS_10 Started...
Screenshot path: E:\Naveenkumar-11568\REPORTSautomation\ScriptVersions\Script6/SureFireReports/20201119-164031/Screenshots/
31165594 [TestNG] ERROR ./TestResults/2020_11_19_10_10_48_PM/LogFile.log  - Exception:no such element: Unable to locate element: {"method":"css selector","selector":"a[id='reportslink']"}
  (Session info: chrome=86.0.4240.198)
  (Driver info: chromedriver=72.0.3626.69 (3c16f8a135abc0d4da2dff33804db79b849a7c38),platform=Windows NT 10.0.18362 x86_64) (WARNING: The server did not provide any stacktrace information)
Command duration or timeout: 0 milliseconds
For documentation on this error, please visit: http://seleniumhq.org/exceptions/no_such_element.html
Build info: version: '3.6.0', revision: '6fbf3ec767', time: '2017-09-27T15:28:36.4Z'
System info: host: 'XPITAX-11568', ip: '192.168.0.105', os.name: 'Windows 10', os.arch: 'amd64', os.version: '10.0', java.version: '1.8.0_191'
Driver info: org.openqa.selenium.remote.RemoteWebDriver
Capabilities [{mobileEmulationEnabled=false, timeouts={implicit=0, pageLoad=300000, script=30000}, hasTouchScreen=false, platform=XP, acceptSslCerts=false, goog:chromeOptions={debuggerAddress=localhost:51619}, acceptInsecureCerts=false, webStorageEnabled=true, browserName=chrome, takesScreenshot=true, javascriptEnabled=true, platformName=XP, setWindowRect=true, unexpectedAlertBehaviour=ignore, applicationCacheEnabled=false, rotatable=false, networkConnectionEnabled=false, chrome={chromedriverVersion=72.0.3626.69 (3c16f8a135abc0d4da2dff33804db79b849a7c38), userDataDir=C:\Users\NTHIMM~1\AppData\Local\Temp\scoped_dir4512_872}, takesHeapSnapshot=true, unhandledPromptBehavior=ignore, pageLoadStrategy=normal, databaseEnabled=false, handlesAlerts=true, version=86.0.4240.198, browserConnectionEnabled=false, proxy=Proxy(), nativeEvents=true, locationContextEnabled=true, cssSelectorsEnabled=true}]
Session ID: d7c8b9d42c2b4657e2f3c2e6a1199df7
*** Element info: {Using=css selector, value=a[id='reportslink']}
Screenshot path: E:\Naveenkumar-11568\REPORTSautomation\ScriptVersions\Script6/SureFireReports/20201119-164031/Screenshots/
31169223 [TestNG] ERROR ./TestResults/2020_11_19_10_10_48_PM/LogFile.log  - Switching to frame Frame path did not happen within 3 seconds
Screenshot path: E:\Naveenkumar-11568\REPORTSautomation\ScriptVersions\Script6/SureFireReports/20201119-164031/Screenshots/
31175976 [TestNG] ERROR ./TestResults/2020_11_19_10_10_48_PM/LogFile.log  - Switching to frame Frame path did not happen within 3 seconds
Screenshot path: E:\Naveenkumar-11568\REPORTSautomation\ScriptVersions\Script6/SureFireReports/20201119-164031/Screenshots/
31182738 [TestNG] ERROR ./TestResults/2020_11_19_10_10_48_PM/LogFile.log  - Switching to frame Frame path did not happen within 3 seconds
Screenshot path: E:\Naveenkumar-11568\REPORTSautomation\ScriptVersions\Script6/SureFireReports/20201119-164031/Screenshots/
31191564 [TestNG] ERROR ./TestResults/2020_11_19_10_10_48_PM/LogFile.log  - Switching to frame Frame path did not happen within 3 seconds
Screenshot path: E:\Naveenkumar-11568\REPORTSautomation\ScriptVersions\Script6/SureFireReports/20201119-164031/Screenshots/
31198320 [TestNG] ERROR ./TestResults/2020_11_19_10_10_48_PM/LogFile.log  - Switching to frame Frame path did not happen within 3 seconds
Screenshot path: E:\Naveenkumar-11568\REPORTSautomation\ScriptVersions\Script6/SureFireReports/20201119-164031/Screenshots/
31205178 [TestNG] ERROR ./TestResults/2020_11_19_10_10_48_PM/LogFile.log  - Switching to frame Frame path did not happen within 3 seconds
Screenshot path: E:\Naveenkumar-11568\REPORTSautomation\ScriptVersions\Script6/SureFireReports/20201119-164031/Screenshots/
31211980 [TestNG] ERROR ./TestResults/2020_11_19_10_10_48_PM/LogFile.log  - Switching to frame Frame path did not happen within 3 seconds
Screenshot path: E:\Naveenkumar-11568\REPORTSautomation\ScriptVersions\Script6/SureFireReports/20201119-164031/Screenshots/
31218835 [TestNG] ERROR ./TestResults/2020_11_19_10_10_48_PM/LogFile.log  - Switching to frame Frame path did not happen within 3 seconds
Screenshot path: E:\Naveenkumar-11568\REPORTSautomation\ScriptVersions\Script6/SureFireReports/20201119-164031/Screenshots/
31225628 [TestNG] ERROR ./TestResults/2020_11_19_10_10_48_PM/LogFile.log  - Switching to frame Frame path did not happen within 3 seconds
Screenshot path: E:\Naveenkumar-11568\REPORTSautomation\ScriptVersions\Script6/SureFireReports/20201119-164031/Screenshots/
31236358 [TestNG] ERROR ./TestResults/2020_11_19_10_10_48_PM/LogFile.log  - Switching to frame Frame path did not happen within 3 seconds
Screenshot path: E:\Naveenkumar-11568\REPORTSautomation\ScriptVersions\Script6/SureFireReports/20201119-164031/Screenshots/
31243055 [TestNG] ERROR ./TestResults/2020_11_19_10_10_48_PM/LogFile.log  - Switching to frame Frame path did not happen within 3 seconds
Screenshot path: E:\Naveenkumar-11568\REPORTSautomation\ScriptVersions\Script6/SureFireReports/20201119-164031/Screenshots/
31249775 [TestNG] ERROR ./TestResults/2020_11_19_10_10_48_PM/LogFile.log  - Switching to frame Frame path did not happen within 3 seconds
Screenshot path: E:\Naveenkumar-11568\REPORTSautomation\ScriptVersions\Script6/SureFireReports/20201119-164031/Screenshots/
31256478 [TestNG] ERROR ./TestResults/2020_11_19_10_10_48_PM/LogFile.log  - Switching to frame Frame path did not happen within 3 seconds
Screenshot path: E:\Naveenkumar-11568\REPORTSautomation\ScriptVersions\Script6/SureFireReports/20201119-164031/Screenshots/
31263229 [TestNG] ERROR ./TestResults/2020_11_19_10_10_48_PM/LogFile.log  - Switching to frame Frame path did not happen within 3 seconds
Screenshot path: E:\Naveenkumar-11568\REPORTSautomation\ScriptVersions\Script6/SureFireReports/20201119-164031/Screenshots/
31270013 [TestNG] ERROR ./TestResults/2020_11_19_10_10_48_PM/LogFile.log  - Switching to frame Frame path did not happen within 3 seconds
Screenshot path: E:\Naveenkumar-11568\REPORTSautomation\ScriptVersions\Script6/SureFireReports/20201119-164031/Screenshots/
31273754 [TestNG] ERROR ./TestResults/2020_11_19_10_10_48_PM/LogFile.log  - Exception:no such element: Unable to locate element: {"method":"xpath","selector":"//input[@type='reset' or @value='Reset']"}
  (Session info: chrome=86.0.4240.198)
  (Driver info: chromedriver=72.0.3626.69 (3c16f8a135abc0d4da2dff33804db79b849a7c38),platform=Windows NT 10.0.18362 x86_64) (WARNING: The server did not provide any stacktrace information)
Command duration or timeout: 0 milliseconds
For documentation on this error, please visit: http://seleniumhq.org/exceptions/no_such_element.html
Build info: version: '3.6.0', revision: '6fbf3ec767', time: '2017-09-27T15:28:36.4Z'
System info: host: 'XPITAX-11568', ip: '192.168.0.105', os.name: 'Windows 10', os.arch: 'amd64', os.version: '10.0', java.version: '1.8.0_191'
Driver info: org.openqa.selenium.remote.RemoteWebDriver
Capabilities [{mobileEmulationEnabled=false, timeouts={implicit=0, pageLoad=300000, script=30000}, hasTouchScreen=false, platform=XP, acceptSslCerts=false, goog:chromeOptions={debuggerAddress=localhost:51619}, acceptInsecureCerts=false, webStorageEnabled=true, browserName=chrome, takesScreenshot=true, javascriptEnabled=true, platformName=XP, setWindowRect=true, unexpectedAlertBehaviour=ignore, applicationCacheEnabled=false, rotatable=false, networkConnectionEnabled=false, chrome={chromedriverVersion=72.0.3626.69 (3c16f8a135abc0d4da2dff33804db79b849a7c38), userDataDir=C:\Users\NTHIMM~1\AppData\Local\Temp\scoped_dir4512_872}, takesHeapSnapshot=true, unhandledPromptBehavior=ignore, pageLoadStrategy=normal, databaseEnabled=false, handlesAlerts=true, version=86.0.4240.198, browserConnectionEnabled=false, proxy=Proxy(), nativeEvents=true, locationContextEnabled=true, cssSelectorsEnabled=true}]
Session ID: d7c8b9d42c2b4657e2f3c2e6a1199df7
*** Element info: {Using=xpath, value=//input[@type='reset' or @value='Reset']}
Screenshot path: E:\Naveenkumar-11568\REPORTSautomation\ScriptVersions\Script6/SureFireReports/20201119-164031/Screenshots/
31277488 [TestNG] ERROR ./TestResults/2020_11_19_10_10_48_PM/LogFile.log  - Switching to frame Frame path did not happen within 3 seconds
Screenshot path: E:\Naveenkumar-11568\REPORTSautomation\ScriptVersions\Script6/SureFireReports/20201119-164031/Screenshots/
31286267 [TestNG] ERROR ./TestResults/2020_11_19_10_10_48_PM/LogFile.log  - Switching to frame Frame path did not happen within 3 seconds
Screenshot path: E:\Naveenkumar-11568\REPORTSautomation\ScriptVersions\Script6/SureFireReports/20201119-164031/Screenshots/
31293071 [TestNG] ERROR ./TestResults/2020_11_19_10_10_48_PM/LogFile.log  - Switching to frame Frame path did not happen within 3 seconds
Screenshot path: E:\Naveenkumar-11568\REPORTSautomation\ScriptVersions\Script6/SureFireReports/20201119-164031/Screenshots/
31299835 [TestNG] ERROR ./TestResults/2020_11_19_10_10_48_PM/LogFile.log  - Switching to frame Frame path did not happen within 3 seconds
Screenshot path: E:\Naveenkumar-11568\REPORTSautomation\ScriptVersions\Script6/SureFireReports/20201119-164031/Screenshots/
31306590 [TestNG] ERROR ./TestResults/2020_11_19_10_10_48_PM/LogFile.log  - Switching to frame Frame path did not happen within 3 seconds
Screenshot path: E:\Naveenkumar-11568\REPORTSautomation\ScriptVersions\Script6/SureFireReports/20201119-164031/Screenshots/
31313363 [TestNG] ERROR ./TestResults/2020_11_19_10_10_48_PM/LogFile.log  - Switching to frame Frame path did not happen within 3 seconds
Screenshot path: E:\Naveenkumar-11568\REPORTSautomation\ScriptVersions\Script6/SureFireReports/20201119-164031/Screenshots/
31320125 [TestNG] ERROR ./TestResults/2020_11_19_10_10_48_PM/LogFile.log  - Switching to frame Frame path did not happen within 3 seconds
Screenshot path: E:\Naveenkumar-11568\REPORTSautomation\ScriptVersions\Script6/SureFireReports/20201119-164031/Screenshots/
31330913 [TestNG] ERROR ./TestResults/2020_11_19_10_10_48_PM/LogFile.log  - Switching to frame Frame path did not happen within 3 seconds
Screenshot path: E:\Naveenkumar-11568\REPORTSautomation\ScriptVersions\Script6/SureFireReports/20201119-164031/Screenshots/
31337738 [TestNG] ERROR ./TestResults/2020_11_19_10_10_48_PM/LogFile.log  - Switching to frame Frame path did not happen within 3 seconds
Screenshot path: E:\Naveenkumar-11568\REPORTSautomation\ScriptVersions\Script6/SureFireReports/20201119-164031/Screenshots/
31344566 [TestNG] ERROR ./TestResults/2020_11_19_10_10_48_PM/LogFile.log  - Switching to frame Frame path did not happen within 3 seconds
Screenshot path: E:\Naveenkumar-11568\REPORTSautomation\ScriptVersions\Script6/SureFireReports/20201119-164031/Screenshots/
31353490 [TestNG] ERROR ./TestResults/2020_11_19_10_10_48_PM/LogFile.log  - Switching to frame Frame path did not happen within 3 seconds
{} doesn't contain key name -TDR_CAS_10
]]></system-out>
  </testcase>
  <testcase name="TDR_CAS_11" classname="TestCases.TestCases" time="447.93">
    <failure type="java.lang.AssertionError:">java.lang.AssertionError: null
	at TestCases.TestCases.TestEnd(TestCases.java:10774)
	at TestCases.TestCases.TDR_CAS_11(TestCases.java:1503)
</failure>
    <system-out><![CDATA[TDR_CAS_11 Started...
Screenshot path: E:\Naveenkumar-11568\REPORTSautomation\ScriptVersions\Script6/SureFireReports/20201119-164031/Screenshots/
31371743 [TestNG] ERROR ./TestResults/2020_11_19_10_10_48_PM/LogFile.log  - Exception:no such element: Unable to locate element: {"method":"css selector","selector":"a[id='reportslink']"}
  (Session info: chrome=86.0.4240.198)
  (Driver info: chromedriver=72.0.3626.69 (3c16f8a135abc0d4da2dff33804db79b849a7c38),platform=Windows NT 10.0.18362 x86_64) (WARNING: The server did not provide any stacktrace information)
Command duration or timeout: 0 milliseconds
For documentation on this error, please visit: http://seleniumhq.org/exceptions/no_such_element.html
Build info: version: '3.6.0', revision: '6fbf3ec767', time: '2017-09-27T15:28:36.4Z'
System info: host: 'XPITAX-11568', ip: '192.168.0.105', os.name: 'Windows 10', os.arch: 'amd64', os.version: '10.0', java.version: '1.8.0_191'
Driver info: org.openqa.selenium.remote.RemoteWebDriver
Capabilities [{mobileEmulationEnabled=false, timeouts={implicit=0, pageLoad=300000, script=30000}, hasTouchScreen=false, platform=XP, acceptSslCerts=false, goog:chromeOptions={debuggerAddress=localhost:51619}, acceptInsecureCerts=false, webStorageEnabled=true, browserName=chrome, takesScreenshot=true, javascriptEnabled=true, platformName=XP, setWindowRect=true, unexpectedAlertBehaviour=ignore, applicationCacheEnabled=false, rotatable=false, networkConnectionEnabled=false, chrome={chromedriverVersion=72.0.3626.69 (3c16f8a135abc0d4da2dff33804db79b849a7c38), userDataDir=C:\Users\NTHIMM~1\AppData\Local\Temp\scoped_dir4512_872}, takesHeapSnapshot=true, unhandledPromptBehavior=ignore, pageLoadStrategy=normal, databaseEnabled=false, handlesAlerts=true, version=86.0.4240.198, browserConnectionEnabled=false, proxy=Proxy(), nativeEvents=true, locationContextEnabled=true, cssSelectorsEnabled=true}]
Session ID: d7c8b9d42c2b4657e2f3c2e6a1199df7
*** Element info: {Using=css selector, value=a[id='reportslink']}
Screenshot path: E:\Naveenkumar-11568\REPORTSautomation\ScriptVersions\Script6/SureFireReports/20201119-164031/Screenshots/
31375417 [TestNG] ERROR ./TestResults/2020_11_19_10_10_48_PM/LogFile.log  - Switching to frame Frame path did not happen within 3 seconds
Screenshot path: E:\Naveenkumar-11568\REPORTSautomation\ScriptVersions\Script6/SureFireReports/20201119-164031/Screenshots/
31382171 [TestNG] ERROR ./TestResults/2020_11_19_10_10_48_PM/LogFile.log  - Switching to frame Frame path did not happen within 3 seconds
Screenshot path: E:\Naveenkumar-11568\REPORTSautomation\ScriptVersions\Script6/SureFireReports/20201119-164031/Screenshots/
31390914 [TestNG] ERROR ./TestResults/2020_11_19_10_10_48_PM/LogFile.log  - Switching to frame Frame path did not happen within 3 seconds
Screenshot path: E:\Naveenkumar-11568\REPORTSautomation\ScriptVersions\Script6/SureFireReports/20201119-164031/Screenshots/
31399677 [TestNG] ERROR ./TestResults/2020_11_19_10_10_48_PM/LogFile.log  - Switching to frame Frame path did not happen within 3 seconds
Screenshot path: E:\Naveenkumar-11568\REPORTSautomation\ScriptVersions\Script6/SureFireReports/20201119-164031/Screenshots/
31403365 [TestNG] ERROR ./TestResults/2020_11_19_10_10_48_PM/LogFile.log  - Exception:no such element: Unable to locate element: {"method":"css selector","selector":"a[id*='chooseid']"}
  (Session info: chrome=86.0.4240.198)
  (Driver info: chromedriver=72.0.3626.69 (3c16f8a135abc0d4da2dff33804db79b849a7c38),platform=Windows NT 10.0.18362 x86_64) (WARNING: The server did not provide any stacktrace information)
Command duration or timeout: 0 milliseconds
For documentation on this error, please visit: http://seleniumhq.org/exceptions/no_such_element.html
Build info: version: '3.6.0', revision: '6fbf3ec767', time: '2017-09-27T15:28:36.4Z'
System info: host: 'XPITAX-11568', ip: '192.168.0.105', os.name: 'Windows 10', os.arch: 'amd64', os.version: '10.0', java.version: '1.8.0_191'
Driver info: org.openqa.selenium.remote.RemoteWebDriver
Capabilities [{mobileEmulationEnabled=false, timeouts={implicit=0, pageLoad=300000, script=30000}, hasTouchScreen=false, platform=XP, acceptSslCerts=false, goog:chromeOptions={debuggerAddress=localhost:51619}, acceptInsecureCerts=false, webStorageEnabled=true, browserName=chrome, takesScreenshot=true, javascriptEnabled=true, platformName=XP, setWindowRect=true, unexpectedAlertBehaviour=ignore, applicationCacheEnabled=false, rotatable=false, networkConnectionEnabled=false, chrome={chromedriverVersion=72.0.3626.69 (3c16f8a135abc0d4da2dff33804db79b849a7c38), userDataDir=C:\Users\NTHIMM~1\AppData\Local\Temp\scoped_dir4512_872}, takesHeapSnapshot=true, unhandledPromptBehavior=ignore, pageLoadStrategy=normal, databaseEnabled=false, handlesAlerts=true, version=86.0.4240.198, browserConnectionEnabled=false, proxy=Proxy(), nativeEvents=true, locationContextEnabled=true, cssSelectorsEnabled=true}]
Session ID: d7c8b9d42c2b4657e2f3c2e6a1199df7
*** Element info: {Using=css selector, value=a[id*='chooseid']}
Screenshot path: E:\Naveenkumar-11568\REPORTSautomation\ScriptVersions\Script6/SureFireReports/20201119-164031/Screenshots/
31409008 [TestNG] ERROR ./TestResults/2020_11_19_10_10_48_PM/LogFile.log  - The given window "2" is failed to open
Screenshot path: E:\Naveenkumar-11568\REPORTSautomation\ScriptVersions\Script6/SureFireReports/20201119-164031/Screenshots/
31418721 [TestNG] ERROR ./TestResults/2020_11_19_10_10_48_PM/LogFile.log  - No Column headers are displayed
Screenshot path: E:\Naveenkumar-11568\REPORTSautomation\ScriptVersions\Script6/SureFireReports/20201119-164031/Screenshots/
31439508 [TestNG] ERROR ./TestResults/2020_11_19_10_10_48_PM/LogFile.log  - Switching to frame Frame path did not happen within 3 seconds
Screenshot path: E:\Naveenkumar-11568\REPORTSautomation\ScriptVersions\Script6/SureFireReports/20201119-164031/Screenshots/
31448231 [TestNG] ERROR ./TestResults/2020_11_19_10_10_48_PM/LogFile.log  - The given window "2" is failed to open
Screenshot path: E:\Naveenkumar-11568\REPORTSautomation\ScriptVersions\Script6/SureFireReports/20201119-164031/Screenshots/
31595139 [TestNG] ERROR ./TestResults/2020_11_19_10_10_48_PM/LogFile.log  - Switching to frame Frame path did not happen within 3 seconds
Screenshot path: E:\Naveenkumar-11568\REPORTSautomation\ScriptVersions\Script6/SureFireReports/20201119-164031/Screenshots/
31603900 [TestNG] ERROR ./TestResults/2020_11_19_10_10_48_PM/LogFile.log  - Switching to frame Frame path did not happen within 3 seconds
Screenshot path: E:\Naveenkumar-11568\REPORTSautomation\ScriptVersions\Script6/SureFireReports/20201119-164031/Screenshots/
31612791 [TestNG] ERROR ./TestResults/2020_11_19_10_10_48_PM/LogFile.log  - Switching to frame Frame path did not happen within 3 seconds
Screenshot path: E:\Naveenkumar-11568\REPORTSautomation\ScriptVersions\Script6/SureFireReports/20201119-164031/Screenshots/
31616469 [TestNG] ERROR ./TestResults/2020_11_19_10_10_48_PM/LogFile.log  - Exception:no such element: Unable to locate element: {"method":"css selector","selector":"a[id*='chooseid']"}
  (Session info: chrome=86.0.4240.198)
  (Driver info: chromedriver=72.0.3626.69 (3c16f8a135abc0d4da2dff33804db79b849a7c38),platform=Windows NT 10.0.18362 x86_64) (WARNING: The server did not provide any stacktrace information)
Command duration or timeout: 0 milliseconds
For documentation on this error, please visit: http://seleniumhq.org/exceptions/no_such_element.html
Build info: version: '3.6.0', revision: '6fbf3ec767', time: '2017-09-27T15:28:36.4Z'
System info: host: 'XPITAX-11568', ip: '192.168.0.105', os.name: 'Windows 10', os.arch: 'amd64', os.version: '10.0', java.version: '1.8.0_191'
Driver info: org.openqa.selenium.remote.RemoteWebDriver
Capabilities [{mobileEmulationEnabled=false, timeouts={implicit=0, pageLoad=300000, script=30000}, hasTouchScreen=false, platform=XP, acceptSslCerts=false, goog:chromeOptions={debuggerAddress=localhost:51619}, acceptInsecureCerts=false, webStorageEnabled=true, browserName=chrome, takesScreenshot=true, javascriptEnabled=true, platformName=XP, setWindowRect=true, unexpectedAlertBehaviour=ignore, applicationCacheEnabled=false, rotatable=false, networkConnectionEnabled=false, chrome={chromedriverVersion=72.0.3626.69 (3c16f8a135abc0d4da2dff33804db79b849a7c38), userDataDir=C:\Users\NTHIMM~1\AppData\Local\Temp\scoped_dir4512_872}, takesHeapSnapshot=true, unhandledPromptBehavior=ignore, pageLoadStrategy=normal, databaseEnabled=false, handlesAlerts=true, version=86.0.4240.198, browserConnectionEnabled=false, proxy=Proxy(), nativeEvents=true, locationContextEnabled=true, cssSelectorsEnabled=true}]
Session ID: d7c8b9d42c2b4657e2f3c2e6a1199df7
*** Element info: {Using=css selector, value=a[id*='chooseid']}
Screenshot path: E:\Naveenkumar-11568\REPORTSautomation\ScriptVersions\Script6/SureFireReports/20201119-164031/Screenshots/
31622110 [TestNG] ERROR ./TestResults/2020_11_19_10_10_48_PM/LogFile.log  - The given window "2" is failed to open
Screenshot path: E:\Naveenkumar-11568\REPORTSautomation\ScriptVersions\Script6/SureFireReports/20201119-164031/Screenshots/
31631760 [TestNG] ERROR ./TestResults/2020_11_19_10_10_48_PM/LogFile.log  - No Column headers are displayed
Screenshot path: E:\Naveenkumar-11568\REPORTSautomation\ScriptVersions\Script6/SureFireReports/20201119-164031/Screenshots/
31652649 [TestNG] ERROR ./TestResults/2020_11_19_10_10_48_PM/LogFile.log  - Switching to frame Frame path did not happen within 3 seconds
Screenshot path: E:\Naveenkumar-11568\REPORTSautomation\ScriptVersions\Script6/SureFireReports/20201119-164031/Screenshots/
31661335 [TestNG] ERROR ./TestResults/2020_11_19_10_10_48_PM/LogFile.log  - The given window "2" is failed to open
{} doesn't contain key name -TDR_CAS_11
]]></system-out>
  </testcase>
  <testcase name="TDR_CAS_12" classname="TestCases.TestCases" time="754.174">
    <failure type="java.lang.AssertionError:">java.lang.AssertionError: null
	at TestCases.TestCases.TestEnd(TestCases.java:10774)
	at TestCases.TestCases.TDR_CAS_12(TestCases.java:1520)
</failure>
    <system-out><![CDATA[TDR_CAS_12 Started...
Screenshot path: E:\Naveenkumar-11568\REPORTSautomation\ScriptVersions\Script6/SureFireReports/20201119-164031/Screenshots/
32058095 [TestNG] ERROR ./TestResults/2020_11_19_10_10_48_PM/LogFile.log  - Exception:no such element: Unable to locate element: {"method":"css selector","selector":"a[id='reportslink']"}
  (Session info: chrome=86.0.4240.198)
  (Driver info: chromedriver=72.0.3626.69 (3c16f8a135abc0d4da2dff33804db79b849a7c38),platform=Windows NT 10.0.18362 x86_64) (WARNING: The server did not provide any stacktrace information)
Command duration or timeout: 0 milliseconds
For documentation on this error, please visit: http://seleniumhq.org/exceptions/no_such_element.html
Build info: version: '3.6.0', revision: '6fbf3ec767', time: '2017-09-27T15:28:36.4Z'
System info: host: 'XPITAX-11568', ip: '192.168.0.105', os.name: 'Windows 10', os.arch: 'amd64', os.version: '10.0', java.version: '1.8.0_191'
Driver info: org.openqa.selenium.remote.RemoteWebDriver
Capabilities [{mobileEmulationEnabled=false, timeouts={implicit=0, pageLoad=300000, script=30000}, hasTouchScreen=false, platform=XP, acceptSslCerts=false, goog:chromeOptions={debuggerAddress=localhost:51619}, acceptInsecureCerts=false, webStorageEnabled=true, browserName=chrome, takesScreenshot=true, javascriptEnabled=true, platformName=XP, setWindowRect=true, unexpectedAlertBehaviour=ignore, applicationCacheEnabled=false, rotatable=false, networkConnectionEnabled=false, chrome={chromedriverVersion=72.0.3626.69 (3c16f8a135abc0d4da2dff33804db79b849a7c38), userDataDir=C:\Users\NTHIMM~1\AppData\Local\Temp\scoped_dir4512_872}, takesHeapSnapshot=true, unhandledPromptBehavior=ignore, pageLoadStrategy=normal, databaseEnabled=false, handlesAlerts=true, version=86.0.4240.198, browserConnectionEnabled=false, proxy=Proxy(), nativeEvents=true, locationContextEnabled=true, cssSelectorsEnabled=true}]
Session ID: d7c8b9d42c2b4657e2f3c2e6a1199df7
*** Element info: {Using=css selector, value=a[id='reportslink']}
Screenshot path: E:\Naveenkumar-11568\REPORTSautomation\ScriptVersions\Script6/SureFireReports/20201119-164031/Screenshots/
32061738 [TestNG] ERROR ./TestResults/2020_11_19_10_10_48_PM/LogFile.log  - Switching to frame Frame path did not happen within 3 seconds
Screenshot path: E:\Naveenkumar-11568\REPORTSautomation\ScriptVersions\Script6/SureFireReports/20201119-164031/Screenshots/
32068528 [TestNG] ERROR ./TestResults/2020_11_19_10_10_48_PM/LogFile.log  - Switching to frame Frame path did not happen within 3 seconds
Screenshot path: E:\Naveenkumar-11568\REPORTSautomation\ScriptVersions\Script6/SureFireReports/20201119-164031/Screenshots/
32075329 [TestNG] ERROR ./TestResults/2020_11_19_10_10_48_PM/LogFile.log  - Switching to frame Frame path did not happen within 3 seconds
Screenshot path: E:\Naveenkumar-11568\REPORTSautomation\ScriptVersions\Script6/SureFireReports/20201119-164031/Screenshots/
32084139 [TestNG] ERROR ./TestResults/2020_11_19_10_10_48_PM/LogFile.log  - Switching to frame Frame path did not happen within 3 seconds
Screenshot path: E:\Naveenkumar-11568\REPORTSautomation\ScriptVersions\Script6/SureFireReports/20201119-164031/Screenshots/
32090932 [TestNG] ERROR ./TestResults/2020_11_19_10_10_48_PM/LogFile.log  - Switching to frame Frame path did not happen within 3 seconds
Screenshot path: E:\Naveenkumar-11568\REPORTSautomation\ScriptVersions\Script6/SureFireReports/20201119-164031/Screenshots/
32097700 [TestNG] ERROR ./TestResults/2020_11_19_10_10_48_PM/LogFile.log  - Switching to frame Frame path did not happen within 3 seconds
Screenshot path: E:\Naveenkumar-11568\REPORTSautomation\ScriptVersions\Script6/SureFireReports/20201119-164031/Screenshots/
32104446 [TestNG] ERROR ./TestResults/2020_11_19_10_10_48_PM/LogFile.log  - Switching to frame Frame path did not happen within 3 seconds
Screenshot path: E:\Naveenkumar-11568\REPORTSautomation\ScriptVersions\Script6/SureFireReports/20201119-164031/Screenshots/
32111166 [TestNG] ERROR ./TestResults/2020_11_19_10_10_48_PM/LogFile.log  - Switching to frame Frame path did not happen within 3 seconds
Screenshot path: E:\Naveenkumar-11568\REPORTSautomation\ScriptVersions\Script6/SureFireReports/20201119-164031/Screenshots/
32117952 [TestNG] ERROR ./TestResults/2020_11_19_10_10_48_PM/LogFile.log  - Switching to frame Frame path did not happen within 3 seconds
Screenshot path: E:\Naveenkumar-11568\REPORTSautomation\ScriptVersions\Script6/SureFireReports/20201119-164031/Screenshots/
32130633 [TestNG] ERROR ./TestResults/2020_11_19_10_10_48_PM/LogFile.log  - The given window "2" is failed to open
Screenshot path: E:\Naveenkumar-11568\REPORTSautomation\ScriptVersions\Script6/SureFireReports/20201119-164031/Screenshots/
32157517 [TestNG] ERROR ./TestResults/2020_11_19_10_10_48_PM/LogFile.log  - Switching to frame Frame path did not happen within 3 seconds
Screenshot path: E:\Naveenkumar-11568\REPORTSautomation\ScriptVersions\Script6/SureFireReports/20201119-164031/Screenshots/
32164339 [TestNG] ERROR ./TestResults/2020_11_19_10_10_48_PM/LogFile.log  - Switching to frame Frame path did not happen within 3 seconds
Screenshot path: E:\Naveenkumar-11568\REPORTSautomation\ScriptVersions\Script6/SureFireReports/20201119-164031/Screenshots/
32173009 [TestNG] ERROR ./TestResults/2020_11_19_10_10_48_PM/LogFile.log  - The given window "2" is failed to open
Screenshot path: E:\Naveenkumar-11568\REPORTSautomation\ScriptVersions\Script6/SureFireReports/20201119-164031/Screenshots/
32311844 [TestNG] ERROR ./TestResults/2020_11_19_10_10_48_PM/LogFile.log  - Switching to frame Frame path did not happen within 3 seconds
Screenshot path: E:\Naveenkumar-11568\REPORTSautomation\ScriptVersions\Script6/SureFireReports/20201119-164031/Screenshots/
32318628 [TestNG] ERROR ./TestResults/2020_11_19_10_10_48_PM/LogFile.log  - Switching to frame Frame path did not happen within 3 seconds
Screenshot path: E:\Naveenkumar-11568\REPORTSautomation\ScriptVersions\Script6/SureFireReports/20201119-164031/Screenshots/
32322252 [TestNG] ERROR ./TestResults/2020_11_19_10_10_48_PM/LogFile.log  - Exception:no such element: Unable to locate element: {"method":"xpath","selector":"//input[@type='reset' or @value='Reset']"}
  (Session info: chrome=86.0.4240.198)
  (Driver info: chromedriver=72.0.3626.69 (3c16f8a135abc0d4da2dff33804db79b849a7c38),platform=Windows NT 10.0.18362 x86_64) (WARNING: The server did not provide any stacktrace information)
Command duration or timeout: 0 milliseconds
For documentation on this error, please visit: http://seleniumhq.org/exceptions/no_such_element.html
Build info: version: '3.6.0', revision: '6fbf3ec767', time: '2017-09-27T15:28:36.4Z'
System info: host: 'XPITAX-11568', ip: '192.168.0.105', os.name: 'Windows 10', os.arch: 'amd64', os.version: '10.0', java.version: '1.8.0_191'
Driver info: org.openqa.selenium.remote.RemoteWebDriver
Capabilities [{mobileEmulationEnabled=false, timeouts={implicit=0, pageLoad=300000, script=30000}, hasTouchScreen=false, platform=XP, acceptSslCerts=false, goog:chromeOptions={debuggerAddress=localhost:51619}, acceptInsecureCerts=false, webStorageEnabled=true, browserName=chrome, takesScreenshot=true, javascriptEnabled=true, platformName=XP, setWindowRect=true, unexpectedAlertBehaviour=ignore, applicationCacheEnabled=false, rotatable=false, networkConnectionEnabled=false, chrome={chromedriverVersion=72.0.3626.69 (3c16f8a135abc0d4da2dff33804db79b849a7c38), userDataDir=C:\Users\NTHIMM~1\AppData\Local\Temp\scoped_dir4512_872}, takesHeapSnapshot=true, unhandledPromptBehavior=ignore, pageLoadStrategy=normal, databaseEnabled=false, handlesAlerts=true, version=86.0.4240.198, browserConnectionEnabled=false, proxy=Proxy(), nativeEvents=true, locationContextEnabled=true, cssSelectorsEnabled=true}]
Session ID: d7c8b9d42c2b4657e2f3c2e6a1199df7
*** Element info: {Using=xpath, value=//input[@type='reset' or @value='Reset']}
Screenshot path: E:\Naveenkumar-11568\REPORTSautomation\ScriptVersions\Script6/SureFireReports/20201119-164031/Screenshots/
32326012 [TestNG] ERROR ./TestResults/2020_11_19_10_10_48_PM/LogFile.log  - Switching to frame Frame path did not happen within 3 seconds
Screenshot path: E:\Naveenkumar-11568\REPORTSautomation\ScriptVersions\Script6/SureFireReports/20201119-164031/Screenshots/
32334794 [TestNG] ERROR ./TestResults/2020_11_19_10_10_48_PM/LogFile.log  - Switching to frame Frame path did not happen within 3 seconds
Screenshot path: E:\Naveenkumar-11568\REPORTSautomation\ScriptVersions\Script6/SureFireReports/20201119-164031/Screenshots/
32341544 [TestNG] ERROR ./TestResults/2020_11_19_10_10_48_PM/LogFile.log  - Switching to frame Frame path did not happen within 3 seconds
Screenshot path: E:\Naveenkumar-11568\REPORTSautomation\ScriptVersions\Script6/SureFireReports/20201119-164031/Screenshots/
32348281 [TestNG] ERROR ./TestResults/2020_11_19_10_10_48_PM/LogFile.log  - Switching to frame Frame path did not happen within 3 seconds
Screenshot path: E:\Naveenkumar-11568\REPORTSautomation\ScriptVersions\Script6/SureFireReports/20201119-164031/Screenshots/
32355039 [TestNG] ERROR ./TestResults/2020_11_19_10_10_48_PM/LogFile.log  - Switching to frame Frame path did not happen within 3 seconds
Screenshot path: E:\Naveenkumar-11568\REPORTSautomation\ScriptVersions\Script6/SureFireReports/20201119-164031/Screenshots/
32361788 [TestNG] ERROR ./TestResults/2020_11_19_10_10_48_PM/LogFile.log  - Switching to frame Frame path did not happen within 3 seconds
Screenshot path: E:\Naveenkumar-11568\REPORTSautomation\ScriptVersions\Script6/SureFireReports/20201119-164031/Screenshots/
32368586 [TestNG] ERROR ./TestResults/2020_11_19_10_10_48_PM/LogFile.log  - Switching to frame Frame path did not happen within 3 seconds
Screenshot path: E:\Naveenkumar-11568\REPORTSautomation\ScriptVersions\Script6/SureFireReports/20201119-164031/Screenshots/
32381191 [TestNG] ERROR ./TestResults/2020_11_19_10_10_48_PM/LogFile.log  - The given window "2" is failed to open
Screenshot path: E:\Naveenkumar-11568\REPORTSautomation\ScriptVersions\Script6/SureFireReports/20201119-164031/Screenshots/
32408059 [TestNG] ERROR ./TestResults/2020_11_19_10_10_48_PM/LogFile.log  - Switching to frame Frame path did not happen within 3 seconds
Screenshot path: E:\Naveenkumar-11568\REPORTSautomation\ScriptVersions\Script6/SureFireReports/20201119-164031/Screenshots/
32414848 [TestNG] ERROR ./TestResults/2020_11_19_10_10_48_PM/LogFile.log  - Switching to frame Frame path did not happen within 3 seconds
Screenshot path: E:\Naveenkumar-11568\REPORTSautomation\ScriptVersions\Script6/SureFireReports/20201119-164031/Screenshots/
32423553 [TestNG] ERROR ./TestResults/2020_11_19_10_10_48_PM/LogFile.log  - The given window "2" is failed to open
{} doesn't contain key name -TDR_CAS_12
]]></system-out>
  </testcase>
  <testcase name="TDR_CAS_13" classname="TestCases.TestCases" time="865.196">
    <failure type="java.lang.AssertionError:">java.lang.AssertionError: null
	at TestCases.TestCases.TestEnd(TestCases.java:10774)
	at TestCases.TestCases.TDR_CAS_13(TestCases.java:1537)
</failure>
    <system-out><![CDATA[TDR_CAS_13 Started...
Screenshot path: E:\Naveenkumar-11568\REPORTSautomation\ScriptVersions\Script6/SureFireReports/20201119-164031/Screenshots/
32808398 [TestNG] ERROR ./TestResults/2020_11_19_10_10_48_PM/LogFile.log  - Exception:no such element: Unable to locate element: {"method":"css selector","selector":"a[id='reportslink']"}
  (Session info: chrome=86.0.4240.198)
  (Driver info: chromedriver=72.0.3626.69 (3c16f8a135abc0d4da2dff33804db79b849a7c38),platform=Windows NT 10.0.18362 x86_64) (WARNING: The server did not provide any stacktrace information)
Command duration or timeout: 0 milliseconds
For documentation on this error, please visit: http://seleniumhq.org/exceptions/no_such_element.html
Build info: version: '3.6.0', revision: '6fbf3ec767', time: '2017-09-27T15:28:36.4Z'
System info: host: 'XPITAX-11568', ip: '192.168.0.105', os.name: 'Windows 10', os.arch: 'amd64', os.version: '10.0', java.version: '1.8.0_191'
Driver info: org.openqa.selenium.remote.RemoteWebDriver
Capabilities [{mobileEmulationEnabled=false, timeouts={implicit=0, pageLoad=300000, script=30000}, hasTouchScreen=false, platform=XP, acceptSslCerts=false, goog:chromeOptions={debuggerAddress=localhost:51619}, acceptInsecureCerts=false, webStorageEnabled=true, browserName=chrome, takesScreenshot=true, javascriptEnabled=true, platformName=XP, setWindowRect=true, unexpectedAlertBehaviour=ignore, applicationCacheEnabled=false, rotatable=false, networkConnectionEnabled=false, chrome={chromedriverVersion=72.0.3626.69 (3c16f8a135abc0d4da2dff33804db79b849a7c38), userDataDir=C:\Users\NTHIMM~1\AppData\Local\Temp\scoped_dir4512_872}, takesHeapSnapshot=true, unhandledPromptBehavior=ignore, pageLoadStrategy=normal, databaseEnabled=false, handlesAlerts=true, version=86.0.4240.198, browserConnectionEnabled=false, proxy=Proxy(), nativeEvents=true, locationContextEnabled=true, cssSelectorsEnabled=true}]
Session ID: d7c8b9d42c2b4657e2f3c2e6a1199df7
*** Element info: {Using=css selector, value=a[id='reportslink']}
Screenshot path: E:\Naveenkumar-11568\REPORTSautomation\ScriptVersions\Script6/SureFireReports/20201119-164031/Screenshots/
32812122 [TestNG] ERROR ./TestResults/2020_11_19_10_10_48_PM/LogFile.log  - Switching to frame Frame path did not happen within 3 seconds
Screenshot path: E:\Naveenkumar-11568\REPORTSautomation\ScriptVersions\Script6/SureFireReports/20201119-164031/Screenshots/
32818992 [TestNG] ERROR ./TestResults/2020_11_19_10_10_48_PM/LogFile.log  - Switching to frame Frame path did not happen within 3 seconds
Screenshot path: E:\Naveenkumar-11568\REPORTSautomation\ScriptVersions\Script6/SureFireReports/20201119-164031/Screenshots/
32829772 [TestNG] ERROR ./TestResults/2020_11_19_10_10_48_PM/LogFile.log  - Switching to frame Frame path did not happen within 3 seconds
Screenshot path: E:\Naveenkumar-11568\REPORTSautomation\ScriptVersions\Script6/SureFireReports/20201119-164031/Screenshots/
32838609 [TestNG] ERROR ./TestResults/2020_11_19_10_10_48_PM/LogFile.log  - Switching to frame Frame path did not happen within 3 seconds
Screenshot path: E:\Naveenkumar-11568\REPORTSautomation\ScriptVersions\Script6/SureFireReports/20201119-164031/Screenshots/
32847369 [TestNG] ERROR ./TestResults/2020_11_19_10_10_48_PM/LogFile.log  - Switching to frame Frame path did not happen within 3 seconds
Screenshot path: E:\Naveenkumar-11568\REPORTSautomation\ScriptVersions\Script6/SureFireReports/20201119-164031/Screenshots/
32854123 [TestNG] ERROR ./TestResults/2020_11_19_10_10_48_PM/LogFile.log  - Switching to frame Frame path did not happen within 3 seconds
Screenshot path: E:\Naveenkumar-11568\REPORTSautomation\ScriptVersions\Script6/SureFireReports/20201119-164031/Screenshots/
32860875 [TestNG] ERROR ./TestResults/2020_11_19_10_10_48_PM/LogFile.log  - Switching to frame Frame path did not happen within 3 seconds
Screenshot path: E:\Naveenkumar-11568\REPORTSautomation\ScriptVersions\Script6/SureFireReports/20201119-164031/Screenshots/
32867603 [TestNG] ERROR ./TestResults/2020_11_19_10_10_48_PM/LogFile.log  - Switching to frame Frame path did not happen within 3 seconds
Screenshot path: E:\Naveenkumar-11568\REPORTSautomation\ScriptVersions\Script6/SureFireReports/20201119-164031/Screenshots/
32874320 [TestNG] ERROR ./TestResults/2020_11_19_10_10_48_PM/LogFile.log  - Switching to frame Frame path did not happen within 3 seconds
Screenshot path: E:\Naveenkumar-11568\REPORTSautomation\ScriptVersions\Script6/SureFireReports/20201119-164031/Screenshots/
32883039 [TestNG] ERROR ./TestResults/2020_11_19_10_10_48_PM/LogFile.log  - The given window "2" is failed to open
Screenshot path: E:\Naveenkumar-11568\REPORTSautomation\ScriptVersions\Script6/SureFireReports/20201119-164031/Screenshots/
33021769 [TestNG] ERROR ./TestResults/2020_11_19_10_10_48_PM/LogFile.log  - Switching to frame Frame path did not happen within 3 seconds
Screenshot path: E:\Naveenkumar-11568\REPORTSautomation\ScriptVersions\Script6/SureFireReports/20201119-164031/Screenshots/
33032569 [TestNG] ERROR ./TestResults/2020_11_19_10_10_48_PM/LogFile.log  - Switching to frame Frame path did not happen within 3 seconds
Screenshot path: E:\Naveenkumar-11568\REPORTSautomation\ScriptVersions\Script6/SureFireReports/20201119-164031/Screenshots/
33041333 [TestNG] ERROR ./TestResults/2020_11_19_10_10_48_PM/LogFile.log  - Switching to frame Frame path did not happen within 3 seconds
Screenshot path: E:\Naveenkumar-11568\REPORTSautomation\ScriptVersions\Script6/SureFireReports/20201119-164031/Screenshots/
33050085 [TestNG] ERROR ./TestResults/2020_11_19_10_10_48_PM/LogFile.log  - Switching to frame Frame path did not happen within 3 seconds
Screenshot path: E:\Naveenkumar-11568\REPORTSautomation\ScriptVersions\Script6/SureFireReports/20201119-164031/Screenshots/
33056866 [TestNG] ERROR ./TestResults/2020_11_19_10_10_48_PM/LogFile.log  - Switching to frame Frame path did not happen within 3 seconds
Screenshot path: E:\Naveenkumar-11568\REPORTSautomation\ScriptVersions\Script6/SureFireReports/20201119-164031/Screenshots/
33063764 [TestNG] ERROR ./TestResults/2020_11_19_10_10_48_PM/LogFile.log  - Switching to frame Frame path did not happen within 3 seconds
Screenshot path: E:\Naveenkumar-11568\REPORTSautomation\ScriptVersions\Script6/SureFireReports/20201119-164031/Screenshots/
33070534 [TestNG] ERROR ./TestResults/2020_11_19_10_10_48_PM/LogFile.log  - Switching to frame Frame path did not happen within 3 seconds
Screenshot path: E:\Naveenkumar-11568\REPORTSautomation\ScriptVersions\Script6/SureFireReports/20201119-164031/Screenshots/
33077309 [TestNG] ERROR ./TestResults/2020_11_19_10_10_48_PM/LogFile.log  - Switching to frame Frame path did not happen within 3 seconds
Screenshot path: E:\Naveenkumar-11568\REPORTSautomation\ScriptVersions\Script6/SureFireReports/20201119-164031/Screenshots/
33085983 [TestNG] ERROR ./TestResults/2020_11_19_10_10_48_PM/LogFile.log  - The given window "2" is failed to open
Screenshot path: E:\Naveenkumar-11568\REPORTSautomation\ScriptVersions\Script6/SureFireReports/20201119-164031/Screenshots/
33224771 [TestNG] ERROR ./TestResults/2020_11_19_10_10_48_PM/LogFile.log  - Switching to frame Frame path did not happen within 3 seconds
Screenshot path: E:\Naveenkumar-11568\REPORTSautomation\ScriptVersions\Script6/SureFireReports/20201119-164031/Screenshots/
33235517 [TestNG] ERROR ./TestResults/2020_11_19_10_10_48_PM/LogFile.log  - Switching to frame Frame path did not happen within 3 seconds
Screenshot path: E:\Naveenkumar-11568\REPORTSautomation\ScriptVersions\Script6/SureFireReports/20201119-164031/Screenshots/
33244269 [TestNG] ERROR ./TestResults/2020_11_19_10_10_48_PM/LogFile.log  - Switching to frame Frame path did not happen within 3 seconds
Screenshot path: E:\Naveenkumar-11568\REPORTSautomation\ScriptVersions\Script6/SureFireReports/20201119-164031/Screenshots/
33253052 [TestNG] ERROR ./TestResults/2020_11_19_10_10_48_PM/LogFile.log  - Switching to frame Frame path did not happen within 3 seconds
Screenshot path: E:\Naveenkumar-11568\REPORTSautomation\ScriptVersions\Script6/SureFireReports/20201119-164031/Screenshots/
33259728 [TestNG] ERROR ./TestResults/2020_11_19_10_10_48_PM/LogFile.log  - Switching to frame Frame path did not happen within 3 seconds
Screenshot path: E:\Naveenkumar-11568\REPORTSautomation\ScriptVersions\Script6/SureFireReports/20201119-164031/Screenshots/
33266464 [TestNG] ERROR ./TestResults/2020_11_19_10_10_48_PM/LogFile.log  - Switching to frame Frame path did not happen within 3 seconds
Screenshot path: E:\Naveenkumar-11568\REPORTSautomation\ScriptVersions\Script6/SureFireReports/20201119-164031/Screenshots/
33273216 [TestNG] ERROR ./TestResults/2020_11_19_10_10_48_PM/LogFile.log  - Switching to frame Frame path did not happen within 3 seconds
Screenshot path: E:\Naveenkumar-11568\REPORTSautomation\ScriptVersions\Script6/SureFireReports/20201119-164031/Screenshots/
33279952 [TestNG] ERROR ./TestResults/2020_11_19_10_10_48_PM/LogFile.log  - Switching to frame Frame path did not happen within 3 seconds
Screenshot path: E:\Naveenkumar-11568\REPORTSautomation\ScriptVersions\Script6/SureFireReports/20201119-164031/Screenshots/
33288758 [TestNG] ERROR ./TestResults/2020_11_19_10_10_48_PM/LogFile.log  - The given window "2" is failed to open
{} doesn't contain key name -TDR_CAS_13
]]></system-out>
  </testcase>
  <testcase name="TDR_CAS_14" classname="TestCases.TestCases" time="398.43">
    <failure type="java.lang.AssertionError:">java.lang.AssertionError: null
	at TestCases.TestCases.TestEnd(TestCases.java:10774)
	at TestCases.TestCases.TDR_CAS_14(TestCases.java:1554)
</failure>
    <system-out><![CDATA[TDR_CAS_14 Started...
Screenshot path: E:\Naveenkumar-11568\REPORTSautomation\ScriptVersions\Script6/SureFireReports/20201119-164031/Screenshots/
33667932 [TestNG] ERROR ./TestResults/2020_11_19_10_10_48_PM/LogFile.log  - Exception:no such element: Unable to locate element: {"method":"css selector","selector":"a[id='reportslink']"}
  (Session info: chrome=86.0.4240.198)
  (Driver info: chromedriver=72.0.3626.69 (3c16f8a135abc0d4da2dff33804db79b849a7c38),platform=Windows NT 10.0.18362 x86_64) (WARNING: The server did not provide any stacktrace information)
Command duration or timeout: 0 milliseconds
For documentation on this error, please visit: http://seleniumhq.org/exceptions/no_such_element.html
Build info: version: '3.6.0', revision: '6fbf3ec767', time: '2017-09-27T15:28:36.4Z'
System info: host: 'XPITAX-11568', ip: '192.168.0.105', os.name: 'Windows 10', os.arch: 'amd64', os.version: '10.0', java.version: '1.8.0_191'
Driver info: org.openqa.selenium.remote.RemoteWebDriver
Capabilities [{mobileEmulationEnabled=false, timeouts={implicit=0, pageLoad=300000, script=30000}, hasTouchScreen=false, platform=XP, acceptSslCerts=false, goog:chromeOptions={debuggerAddress=localhost:51619}, acceptInsecureCerts=false, webStorageEnabled=true, browserName=chrome, takesScreenshot=true, javascriptEnabled=true, platformName=XP, setWindowRect=true, unexpectedAlertBehaviour=ignore, applicationCacheEnabled=false, rotatable=false, networkConnectionEnabled=false, chrome={chromedriverVersion=72.0.3626.69 (3c16f8a135abc0d4da2dff33804db79b849a7c38), userDataDir=C:\Users\NTHIMM~1\AppData\Local\Temp\scoped_dir4512_872}, takesHeapSnapshot=true, unhandledPromptBehavior=ignore, pageLoadStrategy=normal, databaseEnabled=false, handlesAlerts=true, version=86.0.4240.198, browserConnectionEnabled=false, proxy=Proxy(), nativeEvents=true, locationContextEnabled=true, cssSelectorsEnabled=true}]
Session ID: d7c8b9d42c2b4657e2f3c2e6a1199df7
*** Element info: {Using=css selector, value=a[id='reportslink']}
Screenshot path: E:\Naveenkumar-11568\REPORTSautomation\ScriptVersions\Script6/SureFireReports/20201119-164031/Screenshots/
33671617 [TestNG] ERROR ./TestResults/2020_11_19_10_10_48_PM/LogFile.log  - Switching to frame Frame path did not happen within 3 seconds
Screenshot path: E:\Naveenkumar-11568\REPORTSautomation\ScriptVersions\Script6/SureFireReports/20201119-164031/Screenshots/
33678421 [TestNG] ERROR ./TestResults/2020_11_19_10_10_48_PM/LogFile.log  - Switching to frame Frame path did not happen within 3 seconds
Screenshot path: E:\Naveenkumar-11568\REPORTSautomation\ScriptVersions\Script6/SureFireReports/20201119-164031/Screenshots/
33687177 [TestNG] ERROR ./TestResults/2020_11_19_10_10_48_PM/LogFile.log  - The given window "2" is failed to open
{} doesn't contain key name -TDR_CAS_14
]]></system-out>
  </testcase>
  <testcase name="TDR_CAS_15" classname="TestCases.TestCases" time="739.738">
    <failure type="java.lang.AssertionError:">java.lang.AssertionError: null
	at TestCases.TestCases.TestEnd(TestCases.java:10774)
	at TestCases.TestCases.TDR_CAS_15(TestCases.java:1570)
</failure>
    <system-out><![CDATA[TDR_CAS_15 Started...
Screenshot path: E:\Naveenkumar-11568\REPORTSautomation\ScriptVersions\Script6/SureFireReports/20201119-164031/Screenshots/
34067443 [TestNG] ERROR ./TestResults/2020_11_19_10_10_48_PM/LogFile.log  - Exception:no such element: Unable to locate element: {"method":"css selector","selector":"a[id='reportslink']"}
  (Session info: chrome=86.0.4240.198)
  (Driver info: chromedriver=72.0.3626.69 (3c16f8a135abc0d4da2dff33804db79b849a7c38),platform=Windows NT 10.0.18362 x86_64) (WARNING: The server did not provide any stacktrace information)
Command duration or timeout: 0 milliseconds
For documentation on this error, please visit: http://seleniumhq.org/exceptions/no_such_element.html
Build info: version: '3.6.0', revision: '6fbf3ec767', time: '2017-09-27T15:28:36.4Z'
System info: host: 'XPITAX-11568', ip: '192.168.0.105', os.name: 'Windows 10', os.arch: 'amd64', os.version: '10.0', java.version: '1.8.0_191'
Driver info: org.openqa.selenium.remote.RemoteWebDriver
Capabilities [{mobileEmulationEnabled=false, timeouts={implicit=0, pageLoad=300000, script=30000}, hasTouchScreen=false, platform=XP, acceptSslCerts=false, goog:chromeOptions={debuggerAddress=localhost:51619}, acceptInsecureCerts=false, webStorageEnabled=true, browserName=chrome, takesScreenshot=true, javascriptEnabled=true, platformName=XP, setWindowRect=true, unexpectedAlertBehaviour=ignore, applicationCacheEnabled=false, rotatable=false, networkConnectionEnabled=false, chrome={chromedriverVersion=72.0.3626.69 (3c16f8a135abc0d4da2dff33804db79b849a7c38), userDataDir=C:\Users\NTHIMM~1\AppData\Local\Temp\scoped_dir4512_872}, takesHeapSnapshot=true, unhandledPromptBehavior=ignore, pageLoadStrategy=normal, databaseEnabled=false, handlesAlerts=true, version=86.0.4240.198, browserConnectionEnabled=false, proxy=Proxy(), nativeEvents=true, locationContextEnabled=true, cssSelectorsEnabled=true}]
Session ID: d7c8b9d42c2b4657e2f3c2e6a1199df7
*** Element info: {Using=css selector, value=a[id='reportslink']}
Screenshot path: E:\Naveenkumar-11568\REPORTSautomation\ScriptVersions\Script6/SureFireReports/20201119-164031/Screenshots/
34071096 [TestNG] ERROR ./TestResults/2020_11_19_10_10_48_PM/LogFile.log  - Switching to frame Frame path did not happen within 3 seconds
Screenshot path: E:\Naveenkumar-11568\REPORTSautomation\ScriptVersions\Script6/SureFireReports/20201119-164031/Screenshots/
34077786 [TestNG] ERROR ./TestResults/2020_11_19_10_10_48_PM/LogFile.log  - Switching to frame Frame path did not happen within 3 seconds
Screenshot path: E:\Naveenkumar-11568\REPORTSautomation\ScriptVersions\Script6/SureFireReports/20201119-164031/Screenshots/
34086420 [TestNG] ERROR ./TestResults/2020_11_19_10_10_48_PM/LogFile.log  - The given window "2" is failed to open
{} doesn't contain key name -TDR_CAS_15
]]></system-out>
  </testcase>
  <testcase name="TDR_CAS_16" classname="TestCases.TestCases" time="1,081.173">
    <failure type="java.lang.AssertionError:">java.lang.AssertionError: null
	at TestCases.TestCases.TestEnd(TestCases.java:10774)
	at TestCases.TestCases.TDR_CAS_16(TestCases.java:1585)
</failure>
    <system-out><![CDATA[TDR_CAS_16 Started...
Screenshot path: E:\Naveenkumar-11568\REPORTSautomation\ScriptVersions\Script6/SureFireReports/20201119-164031/Screenshots/
34807844 [TestNG] ERROR ./TestResults/2020_11_19_10_10_48_PM/LogFile.log  - Exception:no such element: Unable to locate element: {"method":"css selector","selector":"a[id='reportslink']"}
  (Session info: chrome=86.0.4240.198)
  (Driver info: chromedriver=72.0.3626.69 (3c16f8a135abc0d4da2dff33804db79b849a7c38),platform=Windows NT 10.0.18362 x86_64) (WARNING: The server did not provide any stacktrace information)
Command duration or timeout: 0 milliseconds
For documentation on this error, please visit: http://seleniumhq.org/exceptions/no_such_element.html
Build info: version: '3.6.0', revision: '6fbf3ec767', time: '2017-09-27T15:28:36.4Z'
System info: host: 'XPITAX-11568', ip: '192.168.0.105', os.name: 'Windows 10', os.arch: 'amd64', os.version: '10.0', java.version: '1.8.0_191'
Driver info: org.openqa.selenium.remote.RemoteWebDriver
Capabilities [{mobileEmulationEnabled=false, timeouts={implicit=0, pageLoad=300000, script=30000}, hasTouchScreen=false, platform=XP, acceptSslCerts=false, goog:chromeOptions={debuggerAddress=localhost:51619}, acceptInsecureCerts=false, webStorageEnabled=true, browserName=chrome, takesScreenshot=true, javascriptEnabled=true, platformName=XP, setWindowRect=true, unexpectedAlertBehaviour=ignore, applicationCacheEnabled=false, rotatable=false, networkConnectionEnabled=false, chrome={chromedriverVersion=72.0.3626.69 (3c16f8a135abc0d4da2dff33804db79b849a7c38), userDataDir=C:\Users\NTHIMM~1\AppData\Local\Temp\scoped_dir4512_872}, takesHeapSnapshot=true, unhandledPromptBehavior=ignore, pageLoadStrategy=normal, databaseEnabled=false, handlesAlerts=true, version=86.0.4240.198, browserConnectionEnabled=false, proxy=Proxy(), nativeEvents=true, locationContextEnabled=true, cssSelectorsEnabled=true}]
Session ID: d7c8b9d42c2b4657e2f3c2e6a1199df7
*** Element info: {Using=css selector, value=a[id='reportslink']}
Screenshot path: E:\Naveenkumar-11568\REPORTSautomation\ScriptVersions\Script6/SureFireReports/20201119-164031/Screenshots/
34811504 [TestNG] ERROR ./TestResults/2020_11_19_10_10_48_PM/LogFile.log  - Switching to frame Frame path did not happen within 3 seconds
Screenshot path: E:\Naveenkumar-11568\REPORTSautomation\ScriptVersions\Script6/SureFireReports/20201119-164031/Screenshots/
34818332 [TestNG] ERROR ./TestResults/2020_11_19_10_10_48_PM/LogFile.log  - Switching to frame Frame path did not happen within 3 seconds
Screenshot path: E:\Naveenkumar-11568\REPORTSautomation\ScriptVersions\Script6/SureFireReports/20201119-164031/Screenshots/
34827007 [TestNG] ERROR ./TestResults/2020_11_19_10_10_48_PM/LogFile.log  - The given window "2" is failed to open
{} doesn't contain key name -TDR_CAS_16
]]></system-out>
  </testcase>
  <testcase name="TC_Logout" classname="TestCases.TestCases" time="123.03">
    <failure type="java.lang.AssertionError:">java.lang.AssertionError: null
	at TestCases.TestCases.TestEnd(TestCases.java:10774)
	at TestCases.TestCases.TC_Logout(TestCases.java:10766)
</failure>
    <system-out><![CDATA[TC_Logout Started...
Screenshot path: E:\Naveenkumar-11568\REPORTSautomation\ScriptVersions\Script6/SureFireReports/20201119-164031/Screenshots/
35766210 [TestNG] ERROR ./TestResults/2020_11_19_10_10_48_PM/LogFile.log  - Profile link failed to display in Home page
{} doesn't contain key name -TC_Logout
]]></system-out>
  </testcase>
</testsuite>