<!DOCTYPE html PUBLIC "-//W3C//DTD XHTML 1.1//EN" "http://www.w3.org/TR/xhtml11/DTD/xhtml11.dtd">
<html xmlns="http://www.w3.org/1999/xhtml"><head><title>TestNG Report</title><style type="text/css">table {margin-bottom:10px;border-collapse:collapse;empty-cells:show}th,td {border:1px solid #009;padding:.25em .5em}th {vertical-align:bottom}td {vertical-align:top}table a {font-weight:bold}.stripe td {background-color: #E6EBF9}.num {text-align:right}.passedodd td {background-color: #3F3}.passedeven td {background-color: #0A0}.skippedodd td {background-color: #DDD}.skippedeven td {background-color: #CCC}.failedodd td,.attn {background-color: #F33}.failedeven td,.stripe .attn {background-color: #D00}.stacktrace {white-space:pre;font-family:monospace}.totop {font-size:85%;text-align:center;border-bottom:2px solid #000}</style></head><body><table><tr><th>Test</th><th># Passed</th><th># Skipped</th><th># Failed</th><th>Time (ms)</th><th>Included Groups</th><th>Excluded Groups</th></tr><tr><th colspan="7">Suite</th></tr><tr><td><a href="#t0">Desktop1</a></td><td class="num">3</td><td class="num">0</td><td class="num attn">40</td><td class="num">15,980,809</td><td></td><td></td></tr></table><table><thead><tr><th>Class</th><th>Method</th><th>Start</th><th>Time (ms)</th></tr></thead><tbody><tr><th colspan="4">Suite</th></tr></tbody><tbody id="t0"><tr><th colspan="4">Desktop1 &#8212; failed</th></tr><tr class="failedeven"><td rowspan="40">TestCases.TestCases</td><td><a href="#m0">AR_CED_01</a></td><td rowspan="1">1609880064229</td><td rowspan="1">396714</td></tr><tr class="failedeven"><td><a href="#m1">AR_GD_01</a></td><td rowspan="1">1609880460947</td><td rowspan="1">396645</td></tr><tr class="failedeven"><td><a href="#m2">AR_OB_01</a></td><td rowspan="1">1609880857595</td><td rowspan="1">396867</td></tr><tr class="failedeven"><td><a href="#m3">AR_RT_01</a></td><td rowspan="1">1609881254466</td><td rowspan="1">396666</td></tr><tr class="failedeven"><td><a href="#m4">AR_SA_01</a></td><td rowspan="1">1609881651136</td><td rowspan="1">396643</td></tr><tr class="failedeven"><td><a href="#m5">AR_UD_01</a></td><td rowspan="1">1609882047783</td><td rowspan="1">396877</td></tr><tr class="failedeven"><td><a href="#m6">AR_WSM_01</a></td><td rowspan="1">1609882444661</td><td rowspan="1">396701</td></tr><tr class="failedeven"><td><a href="#m7">AR_YTCR_01</a></td><td rowspan="1">1609882841365</td><td rowspan="1">466910</td></tr><tr class="failedeven"><td><a href="#m8">CR_EDTL_01</a></td><td rowspan="1">1609878477545</td><td rowspan="1">396825</td></tr><tr class="failedeven"><td><a href="#m9">CR_ED_01</a></td><td rowspan="1">1609878080902</td><td rowspan="1">396639</td></tr><tr class="failedeven"><td><a href="#m10">CR_ESR_01</a></td><td rowspan="1">1609878874371</td><td rowspan="1">396574</td></tr><tr class="failedeven"><td><a href="#m11">CR_SOD_01</a></td><td rowspan="1">1609879667649</td><td rowspan="1">396576</td></tr><tr class="failedeven"><td><a href="#m12">CR_SO_01</a></td><td rowspan="1">1609879270949</td><td rowspan="1">396697</td></tr><tr class="failedeven"><td><a href="#m13">DDR_BDDF_01</a></td><td rowspan="1">1609870095185</td><td rowspan="1">396587</td></tr><tr class="failedeven"><td><a href="#m14">DDR_BD_01</a></td><td rowspan="1">1609869698410</td><td rowspan="1">396770</td></tr><tr class="failedeven"><td><a href="#m15">DDR_SDF_01</a></td><td rowspan="1">1609871284947</td><td rowspan="1">396751</td></tr><tr class="failedeven"><td><a href="#m16">DDR_SUM_01</a></td><td rowspan="1">1609871681699</td><td rowspan="1">396903</td></tr><tr class="failedeven"><td><a href="#m17">SR_BUD_01</a></td><td rowspan="1">1609876888581</td><td rowspan="1">396647</td></tr><tr class="failedeven"><td><a href="#m18">SR_TBS_01</a></td><td rowspan="1">1609877684108</td><td rowspan="1">396793</td></tr><tr class="failedeven"><td><a href="#m19">SR_TTT_01</a></td><td rowspan="1">1609877285232</td><td rowspan="1">398872</td></tr><tr class="failedeven"><td><a href="#m20">SR_UW_01</a></td><td rowspan="1">1609876725872</td><td rowspan="1">162705</td></tr><tr class="failedeven"><td><a href="#m21">TC_Logout</a></td><td rowspan="1">1609883308278</td><td rowspan="1">121852</td></tr><tr class="failedeven"><td><a href="#m22">TDR_BA_01</a></td><td rowspan="1">1609875648546</td><td rowspan="1">431285</td></tr><tr class="failedeven"><td><a href="#m23">TDR_BS_01</a></td><td rowspan="1">1609876384698</td><td rowspan="1">341170</td></tr><tr class="failedeven"><td><a href="#m24">TDR_CAS_01</a></td><td rowspan="1">1609872078603</td><td rowspan="1">396459</td></tr><tr class="failedeven"><td><a href="#m25">TDR_DET_01</a></td><td rowspan="1">1609872475063</td><td rowspan="1">396710</td></tr><tr class="failedeven"><td><a href="#m26">TDR_EA_01</a></td><td rowspan="1">1609876079836</td><td rowspan="1">304861</td></tr><tr class="failedeven"><td><a href="#m27">TDR_EFS_01</a></td><td rowspan="1">1609872871779</td><td rowspan="1">396670</td></tr><tr class="failedeven"><td><a href="#m28">TDR_OUT_01</a></td><td rowspan="1">1609873268453</td><td rowspan="1">396575</td></tr><tr class="failedeven"><td><a href="#m29">TDR_SBCE_001</a></td><td rowspan="1">1609873665033</td><td rowspan="1">396675</td></tr><tr class="failedeven"><td><a href="#m30">TDR_SBD_01</a></td><td rowspan="1">1609874458502</td><td rowspan="1">396774</td></tr><tr class="failedeven"><td><a href="#m31">TDR_SBS_001</a></td><td rowspan="1">1609874061711</td><td rowspan="1">396787</td></tr><tr class="failedeven"><td><a href="#m32">TDR_TSA_01</a></td><td rowspan="1">1609875251836</td><td rowspan="1">396707</td></tr><tr class="failedeven"><td><a href="#m33">TDR_TTC_01</a></td><td rowspan="1">1609874855280</td><td rowspan="1">396551</td></tr><tr class="failedeven"><td><a href="#m34">UR_CLD_01</a></td><td rowspan="1">1609868508490</td><td rowspan="1">396591</td></tr><tr class="failedeven"><td><a href="#m35">UR_CLS_01</a></td><td rowspan="1">1609868111687</td><td rowspan="1">396799</td></tr><tr class="failedeven"><td><a href="#m36">UR_IPA_01</a></td><td rowspan="1">1609867477927</td><td rowspan="1">236861</td></tr><tr class="failedeven"><td><a href="#m37">UR_IPO_01</a></td><td rowspan="1">1609867714796</td><td rowspan="1">396886</td></tr><tr class="failedeven"><td><a href="#m38">UR_MCT_01</a></td><td rowspan="1">1609868905086</td><td rowspan="1">396569</td></tr><tr class="failedeven"><td><a href="#m39">UR_TIM_01</a></td><td rowspan="1">1609869301658</td><td rowspan="1">396748</td></tr><tr><th colspan="4">Desktop1 &#8212; passed</th></tr><tr class="passedeven"><td rowspan="3">TestCases.TestCases</td><td><a href="#m40">DDR_BDDS_01</a></td><td rowspan="1">1609870491775</td><td rowspan="1">396596</td></tr><tr class="passedeven"><td><a href="#m41">DDR_EXT_01</a></td><td rowspan="1">1609870888375</td><td rowspan="1">396569</td></tr><tr class="passedeven"><td><a href="#m42">TC_Login</a></td><td rowspan="1">1609867467333</td><td rowspan="1">10592</td></tr></tbody></table><h2>Desktop1</h2><h3 id="m0">TestCases.TestCases#AR_CED_01</h3><table class="result"><tr class="param"><th>Parameter #1</th></tr><tr class="param stripe"><td>public void TestCases.TestCases.AR_CED_01(java.lang.reflect.Method)</td></tr><tr><th>Messages</th></tr><tr><td><div class="messages"><font color='blue'>################################DataSet: 1################################</font><br/><a href='Screenshots/TestFailure210.png'><font color='red'>Exception:no such element: Unable to locate element: {"method":"css selector","selector":"a[id='reportslink']"}
  (Session info: chrome=87.0.4280.88)
  (Driver info: chromedriver=72.0.3626.69 (3c16f8a135abc0d4da2dff33804db79b849a7c38),platform=Windows NT 10.0.18362 x86_64) (WARNING: The server did not provide any stacktrace information)
Command duration or timeout: 0 milliseconds
For documentation on this error, please visit: http://seleniumhq.org/exceptions/no_such_element.html
Build info: version: '3.6.0', revision: '6fbf3ec767', time: '2017-09-27T15:28:36.4Z'
System info: host: 'XPITAX-11568', ip: '192.168.0.104', os.name: 'Windows 10', os.arch: 'amd64', os.version: '10.0', java.version: '1.8.0_191'
Driver info: org.openqa.selenium.remote.RemoteWebDriver
Capabilities [{mobileEmulationEnabled=false, timeouts={implicit=0, pageLoad=300000, script=30000}, hasTouchScreen=false, platform=XP, acceptSslCerts=false, goog:chromeOptions={debuggerAddress=localhost:60530}, acceptInsecureCerts=false, webStorageEnabled=true, browserName=chrome, takesScreenshot=true, javascriptEnabled=true, platformName=XP, setWindowRect=true, unexpectedAlertBehaviour=ignore, applicationCacheEnabled=false, rotatable=false, networkConnectionEnabled=false, chrome={chromedriverVersion=72.0.3626.69 (3c16f8a135abc0d4da2dff33804db79b849a7c38), userDataDir=C:\Users\NTHIMM~1\AppData\Local\Temp\scoped_dir75192_30657}, takesHeapSnapshot=true, unhandledPromptBehavior=ignore, pageLoadStrategy=normal, databaseEnabled=false, handlesAlerts=true, version=87.0.4280.88, browserConnectionEnabled=false, proxy=Proxy(), nativeEvents=true, locationContextEnabled=true, cssSelectorsEnabled=true}]
Session ID: 884a3df4c5d0815e13ba7f8b8911751b
*** Element info: {Using=css selector, value=a[id='reportslink']}</font> </a><br/><a href='Screenshots/TestFailure211.png'><font color='red'>Switching to frame Frame path did not happen within 3 seconds</font> </a><br/><a href='Screenshots/TestFailure212.png'><font color='red'>Switching to frame Frame path did not happen within 3 seconds</font> </a><br/><a href='Screenshots/TestFailure213.png'><font color='red'>The given window "2" is failed to open</font> </a></div></td></tr><tr><th>Exception</th></tr><tr><td><div class="stacktrace">java.lang.AssertionError: null
	at utilities.Common.testFailed(Common.java:148)
	at TestCases.TestCases.TestEnd(TestCases.java:10774)
	at TestCases.TestCases.AR_CED_01(TestCases.java:6107)
	at java.util.concurrent.FutureTask.run(Unknown Source)
	at java.util.concurrent.ThreadPoolExecutor.runWorker(Unknown Source)
	at java.util.concurrent.ThreadPoolExecutor$Worker.run(Unknown Source)
	at java.lang.Thread.run(Unknown Source)
... Removed 18 stack frames</div></td></tr></table><p class="totop"><a href="#summary">back to summary</a></p><h3 id="m1">TestCases.TestCases#AR_GD_01</h3><table class="result"><tr class="param"><th>Parameter #1</th></tr><tr class="param stripe"><td>public void TestCases.TestCases.AR_GD_01(java.lang.reflect.Method)</td></tr><tr><th>Messages</th></tr><tr><td><div class="messages"><font color='blue'>################################DataSet: 1################################</font><br/><a href='Screenshots/TestFailure214.png'><font color='red'>Exception:no such element: Unable to locate element: {"method":"css selector","selector":"a[id='reportslink']"}
  (Session info: chrome=87.0.4280.88)
  (Driver info: chromedriver=72.0.3626.69 (3c16f8a135abc0d4da2dff33804db79b849a7c38),platform=Windows NT 10.0.18362 x86_64) (WARNING: The server did not provide any stacktrace information)
Command duration or timeout: 0 milliseconds
For documentation on this error, please visit: http://seleniumhq.org/exceptions/no_such_element.html
Build info: version: '3.6.0', revision: '6fbf3ec767', time: '2017-09-27T15:28:36.4Z'
System info: host: 'XPITAX-11568', ip: '192.168.0.104', os.name: 'Windows 10', os.arch: 'amd64', os.version: '10.0', java.version: '1.8.0_191'
Driver info: org.openqa.selenium.remote.RemoteWebDriver
Capabilities [{mobileEmulationEnabled=false, timeouts={implicit=0, pageLoad=300000, script=30000}, hasTouchScreen=false, platform=XP, acceptSslCerts=false, goog:chromeOptions={debuggerAddress=localhost:60530}, acceptInsecureCerts=false, webStorageEnabled=true, browserName=chrome, takesScreenshot=true, javascriptEnabled=true, platformName=XP, setWindowRect=true, unexpectedAlertBehaviour=ignore, applicationCacheEnabled=false, rotatable=false, networkConnectionEnabled=false, chrome={chromedriverVersion=72.0.3626.69 (3c16f8a135abc0d4da2dff33804db79b849a7c38), userDataDir=C:\Users\NTHIMM~1\AppData\Local\Temp\scoped_dir75192_30657}, takesHeapSnapshot=true, unhandledPromptBehavior=ignore, pageLoadStrategy=normal, databaseEnabled=false, handlesAlerts=true, version=87.0.4280.88, browserConnectionEnabled=false, proxy=Proxy(), nativeEvents=true, locationContextEnabled=true, cssSelectorsEnabled=true}]
Session ID: 884a3df4c5d0815e13ba7f8b8911751b
*** Element info: {Using=css selector, value=a[id='reportslink']}</font> </a><br/><a href='Screenshots/TestFailure215.png'><font color='red'>Switching to frame Frame path did not happen within 3 seconds</font> </a><br/><a href='Screenshots/TestFailure216.png'><font color='red'>Switching to frame Frame path did not happen within 3 seconds</font> </a><br/><a href='Screenshots/TestFailure217.png'><font color='red'>The given window "2" is failed to open</font> </a></div></td></tr><tr><th>Exception</th></tr><tr><td><div class="stacktrace">java.lang.AssertionError: null
	at utilities.Common.testFailed(Common.java:148)
	at TestCases.TestCases.TestEnd(TestCases.java:10774)
	at TestCases.TestCases.AR_GD_01(TestCases.java:5585)
	at java.util.concurrent.FutureTask.run(Unknown Source)
	at java.util.concurrent.ThreadPoolExecutor.runWorker(Unknown Source)
	at java.util.concurrent.ThreadPoolExecutor$Worker.run(Unknown Source)
	at java.lang.Thread.run(Unknown Source)
... Removed 18 stack frames</div></td></tr></table><p class="totop"><a href="#summary">back to summary</a></p><h3 id="m2">TestCases.TestCases#AR_OB_01</h3><table class="result"><tr class="param"><th>Parameter #1</th></tr><tr class="param stripe"><td>public void TestCases.TestCases.AR_OB_01(java.lang.reflect.Method)</td></tr><tr><th>Messages</th></tr><tr><td><div class="messages"><font color='blue'>################################DataSet: 1################################</font><br/><a href='Screenshots/TestFailure218.png'><font color='red'>Exception:no such element: Unable to locate element: {"method":"css selector","selector":"a[id='reportslink']"}
  (Session info: chrome=87.0.4280.88)
  (Driver info: chromedriver=72.0.3626.69 (3c16f8a135abc0d4da2dff33804db79b849a7c38),platform=Windows NT 10.0.18362 x86_64) (WARNING: The server did not provide any stacktrace information)
Command duration or timeout: 0 milliseconds
For documentation on this error, please visit: http://seleniumhq.org/exceptions/no_such_element.html
Build info: version: '3.6.0', revision: '6fbf3ec767', time: '2017-09-27T15:28:36.4Z'
System info: host: 'XPITAX-11568', ip: '192.168.0.104', os.name: 'Windows 10', os.arch: 'amd64', os.version: '10.0', java.version: '1.8.0_191'
Driver info: org.openqa.selenium.remote.RemoteWebDriver
Capabilities [{mobileEmulationEnabled=false, timeouts={implicit=0, pageLoad=300000, script=30000}, hasTouchScreen=false, platform=XP, acceptSslCerts=false, goog:chromeOptions={debuggerAddress=localhost:60530}, acceptInsecureCerts=false, webStorageEnabled=true, browserName=chrome, takesScreenshot=true, javascriptEnabled=true, platformName=XP, setWindowRect=true, unexpectedAlertBehaviour=ignore, applicationCacheEnabled=false, rotatable=false, networkConnectionEnabled=false, chrome={chromedriverVersion=72.0.3626.69 (3c16f8a135abc0d4da2dff33804db79b849a7c38), userDataDir=C:\Users\NTHIMM~1\AppData\Local\Temp\scoped_dir75192_30657}, takesHeapSnapshot=true, unhandledPromptBehavior=ignore, pageLoadStrategy=normal, databaseEnabled=false, handlesAlerts=true, version=87.0.4280.88, browserConnectionEnabled=false, proxy=Proxy(), nativeEvents=true, locationContextEnabled=true, cssSelectorsEnabled=true}]
Session ID: 884a3df4c5d0815e13ba7f8b8911751b
*** Element info: {Using=css selector, value=a[id='reportslink']}</font> </a><br/><a href='Screenshots/TestFailure219.png'><font color='red'>Switching to frame Frame path did not happen within 3 seconds</font> </a><br/><a href='Screenshots/TestFailure220.png'><font color='red'>Switching to frame Frame path did not happen within 3 seconds</font> </a><br/><a href='Screenshots/TestFailure221.png'><font color='red'>The given window "2" is failed to open</font> </a></div></td></tr><tr><th>Exception</th></tr><tr><td><div class="stacktrace">java.lang.AssertionError: null
	at utilities.Common.testFailed(Common.java:148)
	at TestCases.TestCases.TestEnd(TestCases.java:10774)
	at TestCases.TestCases.AR_OB_01(TestCases.java:4860)
	at java.util.concurrent.FutureTask.run(Unknown Source)
	at java.util.concurrent.ThreadPoolExecutor.runWorker(Unknown Source)
	at java.util.concurrent.ThreadPoolExecutor$Worker.run(Unknown Source)
	at java.lang.Thread.run(Unknown Source)
... Removed 18 stack frames</div></td></tr></table><p class="totop"><a href="#summary">back to summary</a></p><h3 id="m3">TestCases.TestCases#AR_RT_01</h3><table class="result"><tr class="param"><th>Parameter #1</th></tr><tr class="param stripe"><td>public void TestCases.TestCases.AR_RT_01(java.lang.reflect.Method)</td></tr><tr><th>Messages</th></tr><tr><td><div class="messages"><font color='blue'>################################DataSet: 1################################</font><br/><a href='Screenshots/TestFailure222.png'><font color='red'>Exception:no such element: Unable to locate element: {"method":"css selector","selector":"a[id='reportslink']"}
  (Session info: chrome=87.0.4280.88)
  (Driver info: chromedriver=72.0.3626.69 (3c16f8a135abc0d4da2dff33804db79b849a7c38),platform=Windows NT 10.0.18362 x86_64) (WARNING: The server did not provide any stacktrace information)
Command duration or timeout: 0 milliseconds
For documentation on this error, please visit: http://seleniumhq.org/exceptions/no_such_element.html
Build info: version: '3.6.0', revision: '6fbf3ec767', time: '2017-09-27T15:28:36.4Z'
System info: host: 'XPITAX-11568', ip: '192.168.0.104', os.name: 'Windows 10', os.arch: 'amd64', os.version: '10.0', java.version: '1.8.0_191'
Driver info: org.openqa.selenium.remote.RemoteWebDriver
Capabilities [{mobileEmulationEnabled=false, timeouts={implicit=0, pageLoad=300000, script=30000}, hasTouchScreen=false, platform=XP, acceptSslCerts=false, goog:chromeOptions={debuggerAddress=localhost:60530}, acceptInsecureCerts=false, webStorageEnabled=true, browserName=chrome, takesScreenshot=true, javascriptEnabled=true, platformName=XP, setWindowRect=true, unexpectedAlertBehaviour=ignore, applicationCacheEnabled=false, rotatable=false, networkConnectionEnabled=false, chrome={chromedriverVersion=72.0.3626.69 (3c16f8a135abc0d4da2dff33804db79b849a7c38), userDataDir=C:\Users\NTHIMM~1\AppData\Local\Temp\scoped_dir75192_30657}, takesHeapSnapshot=true, unhandledPromptBehavior=ignore, pageLoadStrategy=normal, databaseEnabled=false, handlesAlerts=true, version=87.0.4280.88, browserConnectionEnabled=false, proxy=Proxy(), nativeEvents=true, locationContextEnabled=true, cssSelectorsEnabled=true}]
Session ID: 884a3df4c5d0815e13ba7f8b8911751b
*** Element info: {Using=css selector, value=a[id='reportslink']}</font> </a><br/><a href='Screenshots/TestFailure223.png'><font color='red'>Switching to frame Frame path did not happen within 3 seconds</font> </a><br/><a href='Screenshots/TestFailure224.png'><font color='red'>Switching to frame Frame path did not happen within 3 seconds</font> </a><br/><a href='Screenshots/TestFailure225.png'><font color='red'>The given window "2" is failed to open</font> </a></div></td></tr><tr><th>Exception</th></tr><tr><td><div class="stacktrace">java.lang.AssertionError: null
	at utilities.Common.testFailed(Common.java:148)
	at TestCases.TestCases.TestEnd(TestCases.java:10774)
	at TestCases.TestCases.AR_RT_01(TestCases.java:5836)
	at java.util.concurrent.FutureTask.run(Unknown Source)
	at java.util.concurrent.ThreadPoolExecutor.runWorker(Unknown Source)
	at java.util.concurrent.ThreadPoolExecutor$Worker.run(Unknown Source)
	at java.lang.Thread.run(Unknown Source)
... Removed 18 stack frames</div></td></tr></table><p class="totop"><a href="#summary">back to summary</a></p><h3 id="m4">TestCases.TestCases#AR_SA_01</h3><table class="result"><tr class="param"><th>Parameter #1</th></tr><tr class="param stripe"><td>public void TestCases.TestCases.AR_SA_01(java.lang.reflect.Method)</td></tr><tr><th>Messages</th></tr><tr><td><div class="messages"><font color='blue'>################################DataSet: 1################################</font><br/><a href='Screenshots/TestFailure226.png'><font color='red'>Exception:no such element: Unable to locate element: {"method":"css selector","selector":"a[id='reportslink']"}
  (Session info: chrome=87.0.4280.88)
  (Driver info: chromedriver=72.0.3626.69 (3c16f8a135abc0d4da2dff33804db79b849a7c38),platform=Windows NT 10.0.18362 x86_64) (WARNING: The server did not provide any stacktrace information)
Command duration or timeout: 0 milliseconds
For documentation on this error, please visit: http://seleniumhq.org/exceptions/no_such_element.html
Build info: version: '3.6.0', revision: '6fbf3ec767', time: '2017-09-27T15:28:36.4Z'
System info: host: 'XPITAX-11568', ip: '192.168.0.104', os.name: 'Windows 10', os.arch: 'amd64', os.version: '10.0', java.version: '1.8.0_191'
Driver info: org.openqa.selenium.remote.RemoteWebDriver
Capabilities [{mobileEmulationEnabled=false, timeouts={implicit=0, pageLoad=300000, script=30000}, hasTouchScreen=false, platform=XP, acceptSslCerts=false, goog:chromeOptions={debuggerAddress=localhost:60530}, acceptInsecureCerts=false, webStorageEnabled=true, browserName=chrome, takesScreenshot=true, javascriptEnabled=true, platformName=XP, setWindowRect=true, unexpectedAlertBehaviour=ignore, applicationCacheEnabled=false, rotatable=false, networkConnectionEnabled=false, chrome={chromedriverVersion=72.0.3626.69 (3c16f8a135abc0d4da2dff33804db79b849a7c38), userDataDir=C:\Users\NTHIMM~1\AppData\Local\Temp\scoped_dir75192_30657}, takesHeapSnapshot=true, unhandledPromptBehavior=ignore, pageLoadStrategy=normal, databaseEnabled=false, handlesAlerts=true, version=87.0.4280.88, browserConnectionEnabled=false, proxy=Proxy(), nativeEvents=true, locationContextEnabled=true, cssSelectorsEnabled=true}]
Session ID: 884a3df4c5d0815e13ba7f8b8911751b
*** Element info: {Using=css selector, value=a[id='reportslink']}</font> </a><br/><a href='Screenshots/TestFailure227.png'><font color='red'>Switching to frame Frame path did not happen within 3 seconds</font> </a><br/><a href='Screenshots/TestFailure228.png'><font color='red'>Switching to frame Frame path did not happen within 3 seconds</font> </a><br/><a href='Screenshots/TestFailure229.png'><font color='red'>The given window "2" is failed to open</font> </a></div></td></tr><tr><th>Exception</th></tr><tr><td><div class="stacktrace">java.lang.AssertionError: null
	at utilities.Common.testFailed(Common.java:148)
	at TestCases.TestCases.TestEnd(TestCases.java:10774)
	at TestCases.TestCases.AR_SA_01(TestCases.java:4546)
	at java.util.concurrent.FutureTask.run(Unknown Source)
	at java.util.concurrent.ThreadPoolExecutor.runWorker(Unknown Source)
	at java.util.concurrent.ThreadPoolExecutor$Worker.run(Unknown Source)
	at java.lang.Thread.run(Unknown Source)
... Removed 18 stack frames</div></td></tr></table><p class="totop"><a href="#summary">back to summary</a></p><h3 id="m5">TestCases.TestCases#AR_UD_01</h3><table class="result"><tr class="param"><th>Parameter #1</th></tr><tr class="param stripe"><td>public void TestCases.TestCases.AR_UD_01(java.lang.reflect.Method)</td></tr><tr><th>Messages</th></tr><tr><td><div class="messages"><font color='blue'>################################DataSet: 1################################</font><br/><a href='Screenshots/TestFailure230.png'><font color='red'>Exception:no such element: Unable to locate element: {"method":"css selector","selector":"a[id='reportslink']"}
  (Session info: chrome=87.0.4280.88)
  (Driver info: chromedriver=72.0.3626.69 (3c16f8a135abc0d4da2dff33804db79b849a7c38),platform=Windows NT 10.0.18362 x86_64) (WARNING: The server did not provide any stacktrace information)
Command duration or timeout: 0 milliseconds
For documentation on this error, please visit: http://seleniumhq.org/exceptions/no_such_element.html
Build info: version: '3.6.0', revision: '6fbf3ec767', time: '2017-09-27T15:28:36.4Z'
System info: host: 'XPITAX-11568', ip: '192.168.0.104', os.name: 'Windows 10', os.arch: 'amd64', os.version: '10.0', java.version: '1.8.0_191'
Driver info: org.openqa.selenium.remote.RemoteWebDriver
Capabilities [{mobileEmulationEnabled=false, timeouts={implicit=0, pageLoad=300000, script=30000}, hasTouchScreen=false, platform=XP, acceptSslCerts=false, goog:chromeOptions={debuggerAddress=localhost:60530}, acceptInsecureCerts=false, webStorageEnabled=true, browserName=chrome, takesScreenshot=true, javascriptEnabled=true, platformName=XP, setWindowRect=true, unexpectedAlertBehaviour=ignore, applicationCacheEnabled=false, rotatable=false, networkConnectionEnabled=false, chrome={chromedriverVersion=72.0.3626.69 (3c16f8a135abc0d4da2dff33804db79b849a7c38), userDataDir=C:\Users\NTHIMM~1\AppData\Local\Temp\scoped_dir75192_30657}, takesHeapSnapshot=true, unhandledPromptBehavior=ignore, pageLoadStrategy=normal, databaseEnabled=false, handlesAlerts=true, version=87.0.4280.88, browserConnectionEnabled=false, proxy=Proxy(), nativeEvents=true, locationContextEnabled=true, cssSelectorsEnabled=true}]
Session ID: 884a3df4c5d0815e13ba7f8b8911751b
*** Element info: {Using=css selector, value=a[id='reportslink']}</font> </a><br/><a href='Screenshots/TestFailure231.png'><font color='red'>Switching to frame Frame path did not happen within 3 seconds</font> </a><br/><a href='Screenshots/TestFailure232.png'><font color='red'>Switching to frame Frame path did not happen within 3 seconds</font> </a><br/><a href='Screenshots/TestFailure233.png'><font color='red'>The given window "2" is failed to open</font> </a></div></td></tr><tr><th>Exception</th></tr><tr><td><div class="stacktrace">java.lang.AssertionError: null
	at utilities.Common.testFailed(Common.java:148)
	at TestCases.TestCases.TestEnd(TestCases.java:10774)
	at TestCases.TestCases.AR_UD_01(TestCases.java:4323)
	at java.util.concurrent.FutureTask.run(Unknown Source)
	at java.util.concurrent.ThreadPoolExecutor.runWorker(Unknown Source)
	at java.util.concurrent.ThreadPoolExecutor$Worker.run(Unknown Source)
	at java.lang.Thread.run(Unknown Source)
... Removed 18 stack frames</div></td></tr></table><p class="totop"><a href="#summary">back to summary</a></p><h3 id="m6">TestCases.TestCases#AR_WSM_01</h3><table class="result"><tr class="param"><th>Parameter #1</th></tr><tr class="param stripe"><td>public void TestCases.TestCases.AR_WSM_01(java.lang.reflect.Method)</td></tr><tr><th>Messages</th></tr><tr><td><div class="messages"><font color='blue'>################################DataSet: 1################################</font><br/><a href='Screenshots/TestFailure234.png'><font color='red'>Exception:no such element: Unable to locate element: {"method":"css selector","selector":"a[id='reportslink']"}
  (Session info: chrome=87.0.4280.88)
  (Driver info: chromedriver=72.0.3626.69 (3c16f8a135abc0d4da2dff33804db79b849a7c38),platform=Windows NT 10.0.18362 x86_64) (WARNING: The server did not provide any stacktrace information)
Command duration or timeout: 0 milliseconds
For documentation on this error, please visit: http://seleniumhq.org/exceptions/no_such_element.html
Build info: version: '3.6.0', revision: '6fbf3ec767', time: '2017-09-27T15:28:36.4Z'
System info: host: 'XPITAX-11568', ip: '192.168.0.104', os.name: 'Windows 10', os.arch: 'amd64', os.version: '10.0', java.version: '1.8.0_191'
Driver info: org.openqa.selenium.remote.RemoteWebDriver
Capabilities [{mobileEmulationEnabled=false, timeouts={implicit=0, pageLoad=300000, script=30000}, hasTouchScreen=false, platform=XP, acceptSslCerts=false, goog:chromeOptions={debuggerAddress=localhost:60530}, acceptInsecureCerts=false, webStorageEnabled=true, browserName=chrome, takesScreenshot=true, javascriptEnabled=true, platformName=XP, setWindowRect=true, unexpectedAlertBehaviour=ignore, applicationCacheEnabled=false, rotatable=false, networkConnectionEnabled=false, chrome={chromedriverVersion=72.0.3626.69 (3c16f8a135abc0d4da2dff33804db79b849a7c38), userDataDir=C:\Users\NTHIMM~1\AppData\Local\Temp\scoped_dir75192_30657}, takesHeapSnapshot=true, unhandledPromptBehavior=ignore, pageLoadStrategy=normal, databaseEnabled=false, handlesAlerts=true, version=87.0.4280.88, browserConnectionEnabled=false, proxy=Proxy(), nativeEvents=true, locationContextEnabled=true, cssSelectorsEnabled=true}]
Session ID: 884a3df4c5d0815e13ba7f8b8911751b
*** Element info: {Using=css selector, value=a[id='reportslink']}</font> </a><br/><a href='Screenshots/TestFailure235.png'><font color='red'>Switching to frame Frame path did not happen within 3 seconds</font> </a><br/><a href='Screenshots/TestFailure236.png'><font color='red'>Switching to frame Frame path did not happen within 3 seconds</font> </a><br/><a href='Screenshots/TestFailure237.png'><font color='red'>The given window "2" is failed to open</font> </a></div></td></tr><tr><th>Exception</th></tr><tr><td><div class="stacktrace">java.lang.AssertionError: null
	at utilities.Common.testFailed(Common.java:148)
	at TestCases.TestCases.TestEnd(TestCases.java:10774)
	at TestCases.TestCases.AR_WSM_01(TestCases.java:5116)
	at java.util.concurrent.FutureTask.run(Unknown Source)
	at java.util.concurrent.ThreadPoolExecutor.runWorker(Unknown Source)
	at java.util.concurrent.ThreadPoolExecutor$Worker.run(Unknown Source)
	at java.lang.Thread.run(Unknown Source)
... Removed 18 stack frames</div></td></tr></table><p class="totop"><a href="#summary">back to summary</a></p><h3 id="m7">TestCases.TestCases#AR_YTCR_01</h3><table class="result"><tr class="param"><th>Parameter #1</th></tr><tr class="param stripe"><td>public void TestCases.TestCases.AR_YTCR_01(java.lang.reflect.Method)</td></tr><tr><th>Messages</th></tr><tr><td><div class="messages"><font color='blue'>################################DataSet: 1################################</font><br/><a href='Screenshots/TestFailure238.png'><font color='red'>Exception:no such element: Unable to locate element: {"method":"css selector","selector":"a[id='reportslink']"}
  (Session info: chrome=87.0.4280.88)
  (Driver info: chromedriver=72.0.3626.69 (3c16f8a135abc0d4da2dff33804db79b849a7c38),platform=Windows NT 10.0.18362 x86_64) (WARNING: The server did not provide any stacktrace information)
Command duration or timeout: 0 milliseconds
For documentation on this error, please visit: http://seleniumhq.org/exceptions/no_such_element.html
Build info: version: '3.6.0', revision: '6fbf3ec767', time: '2017-09-27T15:28:36.4Z'
System info: host: 'XPITAX-11568', ip: '192.168.0.104', os.name: 'Windows 10', os.arch: 'amd64', os.version: '10.0', java.version: '1.8.0_191'
Driver info: org.openqa.selenium.remote.RemoteWebDriver
Capabilities [{mobileEmulationEnabled=false, timeouts={implicit=0, pageLoad=300000, script=30000}, hasTouchScreen=false, platform=XP, acceptSslCerts=false, goog:chromeOptions={debuggerAddress=localhost:60530}, acceptInsecureCerts=false, webStorageEnabled=true, browserName=chrome, takesScreenshot=true, javascriptEnabled=true, platformName=XP, setWindowRect=true, unexpectedAlertBehaviour=ignore, applicationCacheEnabled=false, rotatable=false, networkConnectionEnabled=false, chrome={chromedriverVersion=72.0.3626.69 (3c16f8a135abc0d4da2dff33804db79b849a7c38), userDataDir=C:\Users\NTHIMM~1\AppData\Local\Temp\scoped_dir75192_30657}, takesHeapSnapshot=true, unhandledPromptBehavior=ignore, pageLoadStrategy=normal, databaseEnabled=false, handlesAlerts=true, version=87.0.4280.88, browserConnectionEnabled=false, proxy=Proxy(), nativeEvents=true, locationContextEnabled=true, cssSelectorsEnabled=true}]
Session ID: 884a3df4c5d0815e13ba7f8b8911751b
*** Element info: {Using=css selector, value=a[id='reportslink']}</font> </a><br/><a href='Screenshots/TestFailure239.png'><font color='red'>Switching to frame Frame path did not happen within 3 seconds</font> </a><br/><a href='Screenshots/TestFailure240.png'><font color='red'>Switching to frame Frame path did not happen within 3 seconds</font> </a><br/><a href='Screenshots/TestFailure241.png'><font color='red'>Switching to frame Frame path did not happen within 3 seconds</font> </a><br/><a href='Screenshots/TestFailure242.png'><font color='red'>Year  element not found or its not in editable state within 3 timeouts</font> </a><br/><a href='Screenshots/TestFailure243.png'><font color='red'>Exception:null</font> </a><br/><a href='Screenshots/TestFailure244.png'><font color='red'>Switching to frame Frame path did not happen within 3 seconds</font> </a><br/><a href='Screenshots/TestFailure245.png'><font color='red'>Year  element not found or its not in editable state within 3 timeouts</font> </a><br/><a href='Screenshots/TestFailure246.png'><font color='red'>Exception:null</font> </a><br/><a href='Screenshots/TestFailure247.png'><font color='red'>Switching to frame Frame path did not happen within 3 seconds</font> </a><br/><font color='green'>5/8/19 is entered in date field.</font><br/><a href='Screenshots/TestFailure248.png'><font color='red'>Switching to frame Frame path did not happen within 3 seconds</font> </a><br/><a href='Screenshots/TestFailure249.png'><font color='red'>Switching to frame Frame path did not happen within 3 seconds</font> </a><br/><a href='Screenshots/TestFailure250.png'><font color='red'>Year  element not found or its not in editable state within 3 timeouts</font> </a><br/><a href='Screenshots/TestFailure251.png'><font color='red'>Exception:null</font> </a><br/><a href='Screenshots/TestFailure252.png'><font color='red'>Switching to frame Frame path did not happen within 3 seconds</font> </a><br/><a href='Screenshots/TestFailure253.png'><font color='red'>Year  element not found or its not in editable state within 3 timeouts</font> </a><br/><a href='Screenshots/TestFailure254.png'><font color='red'>Exception:null</font> </a><br/><a href='Screenshots/TestFailure255.png'><font color='red'>Switching to frame Frame path did not happen within 3 seconds</font> </a><br/><font color='green'>8/9/19 is entered in date field.</font><br/><a href='Screenshots/TestFailure256.png'><font color='red'>Switching to frame Frame path did not happen within 3 seconds</font> </a><br/><a href='Screenshots/TestFailure257.png'><font color='red'>The given window "2" is failed to open</font> </a></div></td></tr><tr><th>Exception</th></tr><tr><td><div class="stacktrace">java.lang.AssertionError: null
	at utilities.Common.testFailed(Common.java:148)
	at TestCases.TestCases.TestEnd(TestCases.java:10774)
	at TestCases.TestCases.AR_YTCR_01(TestCases.java:5348)
	at java.util.concurrent.FutureTask.run(Unknown Source)
	at java.util.concurrent.ThreadPoolExecutor.runWorker(Unknown Source)
	at java.util.concurrent.ThreadPoolExecutor$Worker.run(Unknown Source)
	at java.lang.Thread.run(Unknown Source)
... Removed 18 stack frames</div></td></tr></table><p class="totop"><a href="#summary">back to summary</a></p><h3 id="m8">TestCases.TestCases#CR_EDTL_01</h3><table class="result"><tr class="param"><th>Parameter #1</th></tr><tr class="param stripe"><td>public void TestCases.TestCases.CR_EDTL_01(java.lang.reflect.Method)</td></tr><tr><th>Messages</th></tr><tr><td><div class="messages"><font color='blue'>################################DataSet: 1################################</font><br/><a href='Screenshots/TestFailure194.png'><font color='red'>Exception:no such element: Unable to locate element: {"method":"css selector","selector":"a[id='reportslink']"}
  (Session info: chrome=87.0.4280.88)
  (Driver info: chromedriver=72.0.3626.69 (3c16f8a135abc0d4da2dff33804db79b849a7c38),platform=Windows NT 10.0.18362 x86_64) (WARNING: The server did not provide any stacktrace information)
Command duration or timeout: 0 milliseconds
For documentation on this error, please visit: http://seleniumhq.org/exceptions/no_such_element.html
Build info: version: '3.6.0', revision: '6fbf3ec767', time: '2017-09-27T15:28:36.4Z'
System info: host: 'XPITAX-11568', ip: '192.168.0.104', os.name: 'Windows 10', os.arch: 'amd64', os.version: '10.0', java.version: '1.8.0_191'
Driver info: org.openqa.selenium.remote.RemoteWebDriver
Capabilities [{mobileEmulationEnabled=false, timeouts={implicit=0, pageLoad=300000, script=30000}, hasTouchScreen=false, platform=XP, acceptSslCerts=false, goog:chromeOptions={debuggerAddress=localhost:60530}, acceptInsecureCerts=false, webStorageEnabled=true, browserName=chrome, takesScreenshot=true, javascriptEnabled=true, platformName=XP, setWindowRect=true, unexpectedAlertBehaviour=ignore, applicationCacheEnabled=false, rotatable=false, networkConnectionEnabled=false, chrome={chromedriverVersion=72.0.3626.69 (3c16f8a135abc0d4da2dff33804db79b849a7c38), userDataDir=C:\Users\NTHIMM~1\AppData\Local\Temp\scoped_dir75192_30657}, takesHeapSnapshot=true, unhandledPromptBehavior=ignore, pageLoadStrategy=normal, databaseEnabled=false, handlesAlerts=true, version=87.0.4280.88, browserConnectionEnabled=false, proxy=Proxy(), nativeEvents=true, locationContextEnabled=true, cssSelectorsEnabled=true}]
Session ID: 884a3df4c5d0815e13ba7f8b8911751b
*** Element info: {Using=css selector, value=a[id='reportslink']}</font> </a><br/><a href='Screenshots/TestFailure195.png'><font color='red'>Switching to frame Frame path did not happen within 3 seconds</font> </a><br/><a href='Screenshots/TestFailure196.png'><font color='red'>Switching to frame Frame path did not happen within 3 seconds</font> </a><br/><a href='Screenshots/TestFailure197.png'><font color='red'>The given window "2" is failed to open</font> </a></div></td></tr><tr><th>Exception</th></tr><tr><td><div class="stacktrace">java.lang.AssertionError: null
	at utilities.Common.testFailed(Common.java:148)
	at TestCases.TestCases.TestEnd(TestCases.java:10774)
	at TestCases.TestCases.CR_EDTL_01(TestCases.java:9465)
	at java.util.concurrent.FutureTask.run(Unknown Source)
	at java.util.concurrent.ThreadPoolExecutor.runWorker(Unknown Source)
	at java.util.concurrent.ThreadPoolExecutor$Worker.run(Unknown Source)
	at java.lang.Thread.run(Unknown Source)
... Removed 18 stack frames</div></td></tr></table><p class="totop"><a href="#summary">back to summary</a></p><h3 id="m9">TestCases.TestCases#CR_ED_01</h3><table class="result"><tr class="param"><th>Parameter #1</th></tr><tr class="param stripe"><td>public void TestCases.TestCases.CR_ED_01(java.lang.reflect.Method)</td></tr><tr><th>Messages</th></tr><tr><td><div class="messages"><font color='blue'>################################DataSet: 1################################</font><br/><a href='Screenshots/TestFailure190.png'><font color='red'>Exception:no such element: Unable to locate element: {"method":"css selector","selector":"a[id='reportslink']"}
  (Session info: chrome=87.0.4280.88)
  (Driver info: chromedriver=72.0.3626.69 (3c16f8a135abc0d4da2dff33804db79b849a7c38),platform=Windows NT 10.0.18362 x86_64) (WARNING: The server did not provide any stacktrace information)
Command duration or timeout: 0 milliseconds
For documentation on this error, please visit: http://seleniumhq.org/exceptions/no_such_element.html
Build info: version: '3.6.0', revision: '6fbf3ec767', time: '2017-09-27T15:28:36.4Z'
System info: host: 'XPITAX-11568', ip: '192.168.0.104', os.name: 'Windows 10', os.arch: 'amd64', os.version: '10.0', java.version: '1.8.0_191'
Driver info: org.openqa.selenium.remote.RemoteWebDriver
Capabilities [{mobileEmulationEnabled=false, timeouts={implicit=0, pageLoad=300000, script=30000}, hasTouchScreen=false, platform=XP, acceptSslCerts=false, goog:chromeOptions={debuggerAddress=localhost:60530}, acceptInsecureCerts=false, webStorageEnabled=true, browserName=chrome, takesScreenshot=true, javascriptEnabled=true, platformName=XP, setWindowRect=true, unexpectedAlertBehaviour=ignore, applicationCacheEnabled=false, rotatable=false, networkConnectionEnabled=false, chrome={chromedriverVersion=72.0.3626.69 (3c16f8a135abc0d4da2dff33804db79b849a7c38), userDataDir=C:\Users\NTHIMM~1\AppData\Local\Temp\scoped_dir75192_30657}, takesHeapSnapshot=true, unhandledPromptBehavior=ignore, pageLoadStrategy=normal, databaseEnabled=false, handlesAlerts=true, version=87.0.4280.88, browserConnectionEnabled=false, proxy=Proxy(), nativeEvents=true, locationContextEnabled=true, cssSelectorsEnabled=true}]
Session ID: 884a3df4c5d0815e13ba7f8b8911751b
*** Element info: {Using=css selector, value=a[id='reportslink']}</font> </a><br/><a href='Screenshots/TestFailure191.png'><font color='red'>Switching to frame Frame path did not happen within 3 seconds</font> </a><br/><a href='Screenshots/TestFailure192.png'><font color='red'>Switching to frame Frame path did not happen within 3 seconds</font> </a><br/><a href='Screenshots/TestFailure193.png'><font color='red'>The given window "2" is failed to open</font> </a></div></td></tr><tr><th>Exception</th></tr><tr><td><div class="stacktrace">java.lang.AssertionError: null
	at utilities.Common.testFailed(Common.java:148)
	at TestCases.TestCases.TestEnd(TestCases.java:10774)
	at TestCases.TestCases.CR_ED_01(TestCases.java:9172)
	at java.util.concurrent.FutureTask.run(Unknown Source)
	at java.util.concurrent.ThreadPoolExecutor.runWorker(Unknown Source)
	at java.util.concurrent.ThreadPoolExecutor$Worker.run(Unknown Source)
	at java.lang.Thread.run(Unknown Source)
... Removed 18 stack frames</div></td></tr></table><p class="totop"><a href="#summary">back to summary</a></p><h3 id="m10">TestCases.TestCases#CR_ESR_01</h3><table class="result"><tr class="param"><th>Parameter #1</th></tr><tr class="param stripe"><td>public void TestCases.TestCases.CR_ESR_01(java.lang.reflect.Method)</td></tr><tr><th>Messages</th></tr><tr><td><div class="messages"><font color='blue'>################################DataSet: 1################################</font><br/><a href='Screenshots/TestFailure198.png'><font color='red'>Exception:no such element: Unable to locate element: {"method":"css selector","selector":"a[id='reportslink']"}
  (Session info: chrome=87.0.4280.88)
  (Driver info: chromedriver=72.0.3626.69 (3c16f8a135abc0d4da2dff33804db79b849a7c38),platform=Windows NT 10.0.18362 x86_64) (WARNING: The server did not provide any stacktrace information)
Command duration or timeout: 0 milliseconds
For documentation on this error, please visit: http://seleniumhq.org/exceptions/no_such_element.html
Build info: version: '3.6.0', revision: '6fbf3ec767', time: '2017-09-27T15:28:36.4Z'
System info: host: 'XPITAX-11568', ip: '192.168.0.104', os.name: 'Windows 10', os.arch: 'amd64', os.version: '10.0', java.version: '1.8.0_191'
Driver info: org.openqa.selenium.remote.RemoteWebDriver
Capabilities [{mobileEmulationEnabled=false, timeouts={implicit=0, pageLoad=300000, script=30000}, hasTouchScreen=false, platform=XP, acceptSslCerts=false, goog:chromeOptions={debuggerAddress=localhost:60530}, acceptInsecureCerts=false, webStorageEnabled=true, browserName=chrome, takesScreenshot=true, javascriptEnabled=true, platformName=XP, setWindowRect=true, unexpectedAlertBehaviour=ignore, applicationCacheEnabled=false, rotatable=false, networkConnectionEnabled=false, chrome={chromedriverVersion=72.0.3626.69 (3c16f8a135abc0d4da2dff33804db79b849a7c38), userDataDir=C:\Users\NTHIMM~1\AppData\Local\Temp\scoped_dir75192_30657}, takesHeapSnapshot=true, unhandledPromptBehavior=ignore, pageLoadStrategy=normal, databaseEnabled=false, handlesAlerts=true, version=87.0.4280.88, browserConnectionEnabled=false, proxy=Proxy(), nativeEvents=true, locationContextEnabled=true, cssSelectorsEnabled=true}]
Session ID: 884a3df4c5d0815e13ba7f8b8911751b
*** Element info: {Using=css selector, value=a[id='reportslink']}</font> </a><br/><a href='Screenshots/TestFailure199.png'><font color='red'>Switching to frame Frame path did not happen within 3 seconds</font> </a><br/><a href='Screenshots/TestFailure200.png'><font color='red'>Switching to frame Frame path did not happen within 3 seconds</font> </a><br/><a href='Screenshots/TestFailure201.png'><font color='red'>The given window "2" is failed to open</font> </a></div></td></tr><tr><th>Exception</th></tr><tr><td><div class="stacktrace">java.lang.AssertionError: null
	at utilities.Common.testFailed(Common.java:148)
	at TestCases.TestCases.TestEnd(TestCases.java:10774)
	at TestCases.TestCases.CR_ESR_01(TestCases.java:9759)
	at java.util.concurrent.FutureTask.run(Unknown Source)
	at java.util.concurrent.ThreadPoolExecutor.runWorker(Unknown Source)
	at java.util.concurrent.ThreadPoolExecutor$Worker.run(Unknown Source)
	at java.lang.Thread.run(Unknown Source)
... Removed 18 stack frames</div></td></tr></table><p class="totop"><a href="#summary">back to summary</a></p><h3 id="m11">TestCases.TestCases#CR_SOD_01</h3><table class="result"><tr class="param"><th>Parameter #1</th></tr><tr class="param stripe"><td>public void TestCases.TestCases.CR_SOD_01(java.lang.reflect.Method)</td></tr><tr><th>Messages</th></tr><tr><td><div class="messages"><font color='blue'>################################DataSet: 1################################</font><br/><a href='Screenshots/TestFailure206.png'><font color='red'>Exception:no such element: Unable to locate element: {"method":"css selector","selector":"a[id='reportslink']"}
  (Session info: chrome=87.0.4280.88)
  (Driver info: chromedriver=72.0.3626.69 (3c16f8a135abc0d4da2dff33804db79b849a7c38),platform=Windows NT 10.0.18362 x86_64) (WARNING: The server did not provide any stacktrace information)
Command duration or timeout: 0 milliseconds
For documentation on this error, please visit: http://seleniumhq.org/exceptions/no_such_element.html
Build info: version: '3.6.0', revision: '6fbf3ec767', time: '2017-09-27T15:28:36.4Z'
System info: host: 'XPITAX-11568', ip: '192.168.0.104', os.name: 'Windows 10', os.arch: 'amd64', os.version: '10.0', java.version: '1.8.0_191'
Driver info: org.openqa.selenium.remote.RemoteWebDriver
Capabilities [{mobileEmulationEnabled=false, timeouts={implicit=0, pageLoad=300000, script=30000}, hasTouchScreen=false, platform=XP, acceptSslCerts=false, goog:chromeOptions={debuggerAddress=localhost:60530}, acceptInsecureCerts=false, webStorageEnabled=true, browserName=chrome, takesScreenshot=true, javascriptEnabled=true, platformName=XP, setWindowRect=true, unexpectedAlertBehaviour=ignore, applicationCacheEnabled=false, rotatable=false, networkConnectionEnabled=false, chrome={chromedriverVersion=72.0.3626.69 (3c16f8a135abc0d4da2dff33804db79b849a7c38), userDataDir=C:\Users\NTHIMM~1\AppData\Local\Temp\scoped_dir75192_30657}, takesHeapSnapshot=true, unhandledPromptBehavior=ignore, pageLoadStrategy=normal, databaseEnabled=false, handlesAlerts=true, version=87.0.4280.88, browserConnectionEnabled=false, proxy=Proxy(), nativeEvents=true, locationContextEnabled=true, cssSelectorsEnabled=true}]
Session ID: 884a3df4c5d0815e13ba7f8b8911751b
*** Element info: {Using=css selector, value=a[id='reportslink']}</font> </a><br/><a href='Screenshots/TestFailure207.png'><font color='red'>Switching to frame Frame path did not happen within 3 seconds</font> </a><br/><a href='Screenshots/TestFailure208.png'><font color='red'>Switching to frame Frame path did not happen within 3 seconds</font> </a><br/><a href='Screenshots/TestFailure209.png'><font color='red'>The given window "2" is failed to open</font> </a></div></td></tr><tr><th>Exception</th></tr><tr><td><div class="stacktrace">java.lang.AssertionError: null
	at utilities.Common.testFailed(Common.java:148)
	at TestCases.TestCases.TestEnd(TestCases.java:10774)
	at TestCases.TestCases.CR_SOD_01(TestCases.java:10355)
	at java.util.concurrent.FutureTask.run(Unknown Source)
	at java.util.concurrent.ThreadPoolExecutor.runWorker(Unknown Source)
	at java.util.concurrent.ThreadPoolExecutor$Worker.run(Unknown Source)
	at java.lang.Thread.run(Unknown Source)
... Removed 18 stack frames</div></td></tr></table><p class="totop"><a href="#summary">back to summary</a></p><h3 id="m12">TestCases.TestCases#CR_SO_01</h3><table class="result"><tr class="param"><th>Parameter #1</th></tr><tr class="param stripe"><td>public void TestCases.TestCases.CR_SO_01(java.lang.reflect.Method)</td></tr><tr><th>Messages</th></tr><tr><td><div class="messages"><font color='blue'>################################DataSet: 1################################</font><br/><a href='Screenshots/TestFailure202.png'><font color='red'>Exception:no such element: Unable to locate element: {"method":"css selector","selector":"a[id='reportslink']"}
  (Session info: chrome=87.0.4280.88)
  (Driver info: chromedriver=72.0.3626.69 (3c16f8a135abc0d4da2dff33804db79b849a7c38),platform=Windows NT 10.0.18362 x86_64) (WARNING: The server did not provide any stacktrace information)
Command duration or timeout: 0 milliseconds
For documentation on this error, please visit: http://seleniumhq.org/exceptions/no_such_element.html
Build info: version: '3.6.0', revision: '6fbf3ec767', time: '2017-09-27T15:28:36.4Z'
System info: host: 'XPITAX-11568', ip: '192.168.0.104', os.name: 'Windows 10', os.arch: 'amd64', os.version: '10.0', java.version: '1.8.0_191'
Driver info: org.openqa.selenium.remote.RemoteWebDriver
Capabilities [{mobileEmulationEnabled=false, timeouts={implicit=0, pageLoad=300000, script=30000}, hasTouchScreen=false, platform=XP, acceptSslCerts=false, goog:chromeOptions={debuggerAddress=localhost:60530}, acceptInsecureCerts=false, webStorageEnabled=true, browserName=chrome, takesScreenshot=true, javascriptEnabled=true, platformName=XP, setWindowRect=true, unexpectedAlertBehaviour=ignore, applicationCacheEnabled=false, rotatable=false, networkConnectionEnabled=false, chrome={chromedriverVersion=72.0.3626.69 (3c16f8a135abc0d4da2dff33804db79b849a7c38), userDataDir=C:\Users\NTHIMM~1\AppData\Local\Temp\scoped_dir75192_30657}, takesHeapSnapshot=true, unhandledPromptBehavior=ignore, pageLoadStrategy=normal, databaseEnabled=false, handlesAlerts=true, version=87.0.4280.88, browserConnectionEnabled=false, proxy=Proxy(), nativeEvents=true, locationContextEnabled=true, cssSelectorsEnabled=true}]
Session ID: 884a3df4c5d0815e13ba7f8b8911751b
*** Element info: {Using=css selector, value=a[id='reportslink']}</font> </a><br/><a href='Screenshots/TestFailure203.png'><font color='red'>Switching to frame Frame path did not happen within 3 seconds</font> </a><br/><a href='Screenshots/TestFailure204.png'><font color='red'>Switching to frame Frame path did not happen within 3 seconds</font> </a><br/><a href='Screenshots/TestFailure205.png'><font color='red'>The given window "2" is failed to open</font> </a></div></td></tr><tr><th>Exception</th></tr><tr><td><div class="stacktrace">java.lang.AssertionError: null
	at utilities.Common.testFailed(Common.java:148)
	at TestCases.TestCases.TestEnd(TestCases.java:10774)
	at TestCases.TestCases.CR_SO_01(TestCases.java:10051)
	at java.util.concurrent.FutureTask.run(Unknown Source)
	at java.util.concurrent.ThreadPoolExecutor.runWorker(Unknown Source)
	at java.util.concurrent.ThreadPoolExecutor$Worker.run(Unknown Source)
	at java.lang.Thread.run(Unknown Source)
... Removed 18 stack frames</div></td></tr></table><p class="totop"><a href="#summary">back to summary</a></p><h3 id="m13">TestCases.TestCases#DDR_BDDF_01</h3><table class="result"><tr class="param"><th>Parameter #1</th></tr><tr class="param stripe"><td>public void TestCases.TestCases.DDR_BDDF_01(java.lang.reflect.Method)</td></tr><tr><th>Messages</th></tr><tr><td><div class="messages"><font color='blue'>################################DataSet: 1################################</font><br/><a href='Screenshots/TestFailure28.png'><font color='red'>Exception:no such element: Unable to locate element: {"method":"css selector","selector":"a[id='reportslink']"}
  (Session info: chrome=87.0.4280.88)
  (Driver info: chromedriver=72.0.3626.69 (3c16f8a135abc0d4da2dff33804db79b849a7c38),platform=Windows NT 10.0.18362 x86_64) (WARNING: The server did not provide any stacktrace information)
Command duration or timeout: 0 milliseconds
For documentation on this error, please visit: http://seleniumhq.org/exceptions/no_such_element.html
Build info: version: '3.6.0', revision: '6fbf3ec767', time: '2017-09-27T15:28:36.4Z'
System info: host: 'XPITAX-11568', ip: '192.168.0.104', os.name: 'Windows 10', os.arch: 'amd64', os.version: '10.0', java.version: '1.8.0_191'
Driver info: org.openqa.selenium.remote.RemoteWebDriver
Capabilities [{mobileEmulationEnabled=false, timeouts={implicit=0, pageLoad=300000, script=30000}, hasTouchScreen=false, platform=XP, acceptSslCerts=false, goog:chromeOptions={debuggerAddress=localhost:60530}, acceptInsecureCerts=false, webStorageEnabled=true, browserName=chrome, takesScreenshot=true, javascriptEnabled=true, platformName=XP, setWindowRect=true, unexpectedAlertBehaviour=ignore, applicationCacheEnabled=false, rotatable=false, networkConnectionEnabled=false, chrome={chromedriverVersion=72.0.3626.69 (3c16f8a135abc0d4da2dff33804db79b849a7c38), userDataDir=C:\Users\NTHIMM~1\AppData\Local\Temp\scoped_dir75192_30657}, takesHeapSnapshot=true, unhandledPromptBehavior=ignore, pageLoadStrategy=normal, databaseEnabled=false, handlesAlerts=true, version=87.0.4280.88, browserConnectionEnabled=false, proxy=Proxy(), nativeEvents=true, locationContextEnabled=true, cssSelectorsEnabled=true}]
Session ID: 884a3df4c5d0815e13ba7f8b8911751b
*** Element info: {Using=css selector, value=a[id='reportslink']}</font> </a><br/><a href='Screenshots/TestFailure29.png'><font color='red'>Switching to frame Frame path did not happen within 3 seconds</font> </a><br/><a href='Screenshots/TestFailure30.png'><font color='red'>Switching to frame Frame path did not happen within 3 seconds</font> </a><br/><a href='Screenshots/TestFailure31.png'><font color='red'>The given window "2" is failed to open</font> </a></div></td></tr><tr><th>Exception</th></tr><tr><td><div class="stacktrace">java.lang.AssertionError: null
	at utilities.Common.testFailed(Common.java:148)
	at TestCases.TestCases.TestEnd(TestCases.java:10774)
	at TestCases.TestCases.DDR_BDDF_01(TestCases.java:7992)
	at java.util.concurrent.FutureTask.run(Unknown Source)
	at java.util.concurrent.ThreadPoolExecutor.runWorker(Unknown Source)
	at java.util.concurrent.ThreadPoolExecutor$Worker.run(Unknown Source)
	at java.lang.Thread.run(Unknown Source)
... Removed 18 stack frames</div></td></tr></table><p class="totop"><a href="#summary">back to summary</a></p><h3 id="m14">TestCases.TestCases#DDR_BD_01</h3><table class="result"><tr class="param"><th>Parameter #1</th></tr><tr class="param stripe"><td>public void TestCases.TestCases.DDR_BD_01(java.lang.reflect.Method)</td></tr><tr><th>Messages</th></tr><tr><td><div class="messages"><font color='blue'>################################DataSet: 1################################</font><br/><a href='Screenshots/TestFailure24.png'><font color='red'>Exception:no such element: Unable to locate element: {"method":"css selector","selector":"a[id='reportslink']"}
  (Session info: chrome=87.0.4280.88)
  (Driver info: chromedriver=72.0.3626.69 (3c16f8a135abc0d4da2dff33804db79b849a7c38),platform=Windows NT 10.0.18362 x86_64) (WARNING: The server did not provide any stacktrace information)
Command duration or timeout: 0 milliseconds
For documentation on this error, please visit: http://seleniumhq.org/exceptions/no_such_element.html
Build info: version: '3.6.0', revision: '6fbf3ec767', time: '2017-09-27T15:28:36.4Z'
System info: host: 'XPITAX-11568', ip: '192.168.0.104', os.name: 'Windows 10', os.arch: 'amd64', os.version: '10.0', java.version: '1.8.0_191'
Driver info: org.openqa.selenium.remote.RemoteWebDriver
Capabilities [{mobileEmulationEnabled=false, timeouts={implicit=0, pageLoad=300000, script=30000}, hasTouchScreen=false, platform=XP, acceptSslCerts=false, goog:chromeOptions={debuggerAddress=localhost:60530}, acceptInsecureCerts=false, webStorageEnabled=true, browserName=chrome, takesScreenshot=true, javascriptEnabled=true, platformName=XP, setWindowRect=true, unexpectedAlertBehaviour=ignore, applicationCacheEnabled=false, rotatable=false, networkConnectionEnabled=false, chrome={chromedriverVersion=72.0.3626.69 (3c16f8a135abc0d4da2dff33804db79b849a7c38), userDataDir=C:\Users\NTHIMM~1\AppData\Local\Temp\scoped_dir75192_30657}, takesHeapSnapshot=true, unhandledPromptBehavior=ignore, pageLoadStrategy=normal, databaseEnabled=false, handlesAlerts=true, version=87.0.4280.88, browserConnectionEnabled=false, proxy=Proxy(), nativeEvents=true, locationContextEnabled=true, cssSelectorsEnabled=true}]
Session ID: 884a3df4c5d0815e13ba7f8b8911751b
*** Element info: {Using=css selector, value=a[id='reportslink']}</font> </a><br/><a href='Screenshots/TestFailure25.png'><font color='red'>Switching to frame Frame path did not happen within 3 seconds</font> </a><br/><a href='Screenshots/TestFailure26.png'><font color='red'>Switching to frame Frame path did not happen within 3 seconds</font> </a><br/><a href='Screenshots/TestFailure27.png'><font color='red'>The given window "2" is failed to open</font> </a></div></td></tr><tr><th>Exception</th></tr><tr><td><div class="stacktrace">java.lang.AssertionError: null
	at utilities.Common.testFailed(Common.java:148)
	at TestCases.TestCases.TestEnd(TestCases.java:10774)
	at TestCases.TestCases.DDR_BD_01(TestCases.java:7704)
	at java.util.concurrent.FutureTask.run(Unknown Source)
	at java.util.concurrent.ThreadPoolExecutor.runWorker(Unknown Source)
	at java.util.concurrent.ThreadPoolExecutor$Worker.run(Unknown Source)
	at java.lang.Thread.run(Unknown Source)
... Removed 18 stack frames</div></td></tr></table><p class="totop"><a href="#summary">back to summary</a></p><h3 id="m15">TestCases.TestCases#DDR_SDF_01</h3><table class="result"><tr class="param"><th>Parameter #1</th></tr><tr class="param stripe"><td>public void TestCases.TestCases.DDR_SDF_01(java.lang.reflect.Method)</td></tr><tr><th>Messages</th></tr><tr><td><div class="messages"><font color='blue'>################################DataSet: 1################################</font><br/><a href='Screenshots/TestFailure40.png'><font color='red'>Exception:no such element: Unable to locate element: {"method":"css selector","selector":"a[id='reportslink']"}
  (Session info: chrome=87.0.4280.88)
  (Driver info: chromedriver=72.0.3626.69 (3c16f8a135abc0d4da2dff33804db79b849a7c38),platform=Windows NT 10.0.18362 x86_64) (WARNING: The server did not provide any stacktrace information)
Command duration or timeout: 0 milliseconds
For documentation on this error, please visit: http://seleniumhq.org/exceptions/no_such_element.html
Build info: version: '3.6.0', revision: '6fbf3ec767', time: '2017-09-27T15:28:36.4Z'
System info: host: 'XPITAX-11568', ip: '192.168.0.104', os.name: 'Windows 10', os.arch: 'amd64', os.version: '10.0', java.version: '1.8.0_191'
Driver info: org.openqa.selenium.remote.RemoteWebDriver
Capabilities [{mobileEmulationEnabled=false, timeouts={implicit=0, pageLoad=300000, script=30000}, hasTouchScreen=false, platform=XP, acceptSslCerts=false, goog:chromeOptions={debuggerAddress=localhost:60530}, acceptInsecureCerts=false, webStorageEnabled=true, browserName=chrome, takesScreenshot=true, javascriptEnabled=true, platformName=XP, setWindowRect=true, unexpectedAlertBehaviour=ignore, applicationCacheEnabled=false, rotatable=false, networkConnectionEnabled=false, chrome={chromedriverVersion=72.0.3626.69 (3c16f8a135abc0d4da2dff33804db79b849a7c38), userDataDir=C:\Users\NTHIMM~1\AppData\Local\Temp\scoped_dir75192_30657}, takesHeapSnapshot=true, unhandledPromptBehavior=ignore, pageLoadStrategy=normal, databaseEnabled=false, handlesAlerts=true, version=87.0.4280.88, browserConnectionEnabled=false, proxy=Proxy(), nativeEvents=true, locationContextEnabled=true, cssSelectorsEnabled=true}]
Session ID: 884a3df4c5d0815e13ba7f8b8911751b
*** Element info: {Using=css selector, value=a[id='reportslink']}</font> </a><br/><a href='Screenshots/TestFailure41.png'><font color='red'>Switching to frame Frame path did not happen within 3 seconds</font> </a><br/><a href='Screenshots/TestFailure42.png'><font color='red'>Switching to frame Frame path did not happen within 3 seconds</font> </a><br/><a href='Screenshots/TestFailure43.png'><font color='red'>The given window "2" is failed to open</font> </a></div></td></tr><tr><th>Exception</th></tr><tr><td><div class="stacktrace">java.lang.AssertionError: null
	at utilities.Common.testFailed(Common.java:148)
	at TestCases.TestCases.TestEnd(TestCases.java:10774)
	at TestCases.TestCases.DDR_SDF_01(TestCases.java:7430)
	at java.util.concurrent.FutureTask.run(Unknown Source)
	at java.util.concurrent.ThreadPoolExecutor.runWorker(Unknown Source)
	at java.util.concurrent.ThreadPoolExecutor$Worker.run(Unknown Source)
	at java.lang.Thread.run(Unknown Source)
... Removed 18 stack frames</div></td></tr></table><p class="totop"><a href="#summary">back to summary</a></p><h3 id="m16">TestCases.TestCases#DDR_SUM_01</h3><table class="result"><tr class="param"><th>Parameter #1</th></tr><tr class="param stripe"><td>public void TestCases.TestCases.DDR_SUM_01(java.lang.reflect.Method)</td></tr><tr><th>Messages</th></tr><tr><td><div class="messages"><font color='blue'>################################DataSet: 1################################</font><br/><a href='Screenshots/TestFailure44.png'><font color='red'>Exception:no such element: Unable to locate element: {"method":"css selector","selector":"a[id='reportslink']"}
  (Session info: chrome=87.0.4280.88)
  (Driver info: chromedriver=72.0.3626.69 (3c16f8a135abc0d4da2dff33804db79b849a7c38),platform=Windows NT 10.0.18362 x86_64) (WARNING: The server did not provide any stacktrace information)
Command duration or timeout: 0 milliseconds
For documentation on this error, please visit: http://seleniumhq.org/exceptions/no_such_element.html
Build info: version: '3.6.0', revision: '6fbf3ec767', time: '2017-09-27T15:28:36.4Z'
System info: host: 'XPITAX-11568', ip: '192.168.0.104', os.name: 'Windows 10', os.arch: 'amd64', os.version: '10.0', java.version: '1.8.0_191'
Driver info: org.openqa.selenium.remote.RemoteWebDriver
Capabilities [{mobileEmulationEnabled=false, timeouts={implicit=0, pageLoad=300000, script=30000}, hasTouchScreen=false, platform=XP, acceptSslCerts=false, goog:chromeOptions={debuggerAddress=localhost:60530}, acceptInsecureCerts=false, webStorageEnabled=true, browserName=chrome, takesScreenshot=true, javascriptEnabled=true, platformName=XP, setWindowRect=true, unexpectedAlertBehaviour=ignore, applicationCacheEnabled=false, rotatable=false, networkConnectionEnabled=false, chrome={chromedriverVersion=72.0.3626.69 (3c16f8a135abc0d4da2dff33804db79b849a7c38), userDataDir=C:\Users\NTHIMM~1\AppData\Local\Temp\scoped_dir75192_30657}, takesHeapSnapshot=true, unhandledPromptBehavior=ignore, pageLoadStrategy=normal, databaseEnabled=false, handlesAlerts=true, version=87.0.4280.88, browserConnectionEnabled=false, proxy=Proxy(), nativeEvents=true, locationContextEnabled=true, cssSelectorsEnabled=true}]
Session ID: 884a3df4c5d0815e13ba7f8b8911751b
*** Element info: {Using=css selector, value=a[id='reportslink']}</font> </a><br/><a href='Screenshots/TestFailure45.png'><font color='red'>Switching to frame Frame path did not happen within 3 seconds</font> </a><br/><a href='Screenshots/TestFailure46.png'><font color='red'>Switching to frame Frame path did not happen within 3 seconds</font> </a><br/><a href='Screenshots/TestFailure47.png'><font color='red'>The given window "2" is failed to open</font> </a></div></td></tr><tr><th>Exception</th></tr><tr><td><div class="stacktrace">java.lang.AssertionError: null
	at utilities.Common.testFailed(Common.java:148)
	at TestCases.TestCases.TestEnd(TestCases.java:10774)
	at TestCases.TestCases.DDR_SUM_01(TestCases.java:8861)
	at java.util.concurrent.FutureTask.run(Unknown Source)
	at java.util.concurrent.ThreadPoolExecutor.runWorker(Unknown Source)
	at java.util.concurrent.ThreadPoolExecutor$Worker.run(Unknown Source)
	at java.lang.Thread.run(Unknown Source)
... Removed 18 stack frames</div></td></tr></table><p class="totop"><a href="#summary">back to summary</a></p><h3 id="m17">TestCases.TestCases#SR_BUD_01</h3><table class="result"><tr class="param"><th>Parameter #1</th></tr><tr class="param stripe"><td>public void TestCases.TestCases.SR_BUD_01(java.lang.reflect.Method)</td></tr><tr><th>Messages</th></tr><tr><td><div class="messages"><font color='blue'>################################DataSet: 1################################</font><br/><a href='Screenshots/TestFailure178.png'><font color='red'>Exception:no such element: Unable to locate element: {"method":"css selector","selector":"a[id='reportslink']"}
  (Session info: chrome=87.0.4280.88)
  (Driver info: chromedriver=72.0.3626.69 (3c16f8a135abc0d4da2dff33804db79b849a7c38),platform=Windows NT 10.0.18362 x86_64) (WARNING: The server did not provide any stacktrace information)
Command duration or timeout: 0 milliseconds
For documentation on this error, please visit: http://seleniumhq.org/exceptions/no_such_element.html
Build info: version: '3.6.0', revision: '6fbf3ec767', time: '2017-09-27T15:28:36.4Z'
System info: host: 'XPITAX-11568', ip: '192.168.0.104', os.name: 'Windows 10', os.arch: 'amd64', os.version: '10.0', java.version: '1.8.0_191'
Driver info: org.openqa.selenium.remote.RemoteWebDriver
Capabilities [{mobileEmulationEnabled=false, timeouts={implicit=0, pageLoad=300000, script=30000}, hasTouchScreen=false, platform=XP, acceptSslCerts=false, goog:chromeOptions={debuggerAddress=localhost:60530}, acceptInsecureCerts=false, webStorageEnabled=true, browserName=chrome, takesScreenshot=true, javascriptEnabled=true, platformName=XP, setWindowRect=true, unexpectedAlertBehaviour=ignore, applicationCacheEnabled=false, rotatable=false, networkConnectionEnabled=false, chrome={chromedriverVersion=72.0.3626.69 (3c16f8a135abc0d4da2dff33804db79b849a7c38), userDataDir=C:\Users\NTHIMM~1\AppData\Local\Temp\scoped_dir75192_30657}, takesHeapSnapshot=true, unhandledPromptBehavior=ignore, pageLoadStrategy=normal, databaseEnabled=false, handlesAlerts=true, version=87.0.4280.88, browserConnectionEnabled=false, proxy=Proxy(), nativeEvents=true, locationContextEnabled=true, cssSelectorsEnabled=true}]
Session ID: 884a3df4c5d0815e13ba7f8b8911751b
*** Element info: {Using=css selector, value=a[id='reportslink']}</font> </a><br/><a href='Screenshots/TestFailure179.png'><font color='red'>Switching to frame Frame path did not happen within 3 seconds</font> </a><br/><a href='Screenshots/TestFailure180.png'><font color='red'>Switching to frame Frame path did not happen within 3 seconds</font> </a><br/><a href='Screenshots/TestFailure181.png'><font color='red'>The given window "2" is failed to open</font> </a></div></td></tr><tr><th>Exception</th></tr><tr><td><div class="stacktrace">java.lang.AssertionError: null
	at utilities.Common.testFailed(Common.java:148)
	at TestCases.TestCases.TestEnd(TestCases.java:10774)
	at TestCases.TestCases.SR_BUD_01(TestCases.java:6633)
	at java.util.concurrent.FutureTask.run(Unknown Source)
	at java.util.concurrent.ThreadPoolExecutor.runWorker(Unknown Source)
	at java.util.concurrent.ThreadPoolExecutor$Worker.run(Unknown Source)
	at java.lang.Thread.run(Unknown Source)
... Removed 18 stack frames</div></td></tr></table><p class="totop"><a href="#summary">back to summary</a></p><h3 id="m18">TestCases.TestCases#SR_TBS_01</h3><table class="result"><tr class="param"><th>Parameter #1</th></tr><tr class="param stripe"><td>public void TestCases.TestCases.SR_TBS_01(java.lang.reflect.Method)</td></tr><tr><th>Messages</th></tr><tr><td><div class="messages"><font color='blue'>################################DataSet: 1################################</font><br/><a href='Screenshots/TestFailure186.png'><font color='red'>Exception:no such element: Unable to locate element: {"method":"css selector","selector":"a[id='reportslink']"}
  (Session info: chrome=87.0.4280.88)
  (Driver info: chromedriver=72.0.3626.69 (3c16f8a135abc0d4da2dff33804db79b849a7c38),platform=Windows NT 10.0.18362 x86_64) (WARNING: The server did not provide any stacktrace information)
Command duration or timeout: 0 milliseconds
For documentation on this error, please visit: http://seleniumhq.org/exceptions/no_such_element.html
Build info: version: '3.6.0', revision: '6fbf3ec767', time: '2017-09-27T15:28:36.4Z'
System info: host: 'XPITAX-11568', ip: '192.168.0.104', os.name: 'Windows 10', os.arch: 'amd64', os.version: '10.0', java.version: '1.8.0_191'
Driver info: org.openqa.selenium.remote.RemoteWebDriver
Capabilities [{mobileEmulationEnabled=false, timeouts={implicit=0, pageLoad=300000, script=30000}, hasTouchScreen=false, platform=XP, acceptSslCerts=false, goog:chromeOptions={debuggerAddress=localhost:60530}, acceptInsecureCerts=false, webStorageEnabled=true, browserName=chrome, takesScreenshot=true, javascriptEnabled=true, platformName=XP, setWindowRect=true, unexpectedAlertBehaviour=ignore, applicationCacheEnabled=false, rotatable=false, networkConnectionEnabled=false, chrome={chromedriverVersion=72.0.3626.69 (3c16f8a135abc0d4da2dff33804db79b849a7c38), userDataDir=C:\Users\NTHIMM~1\AppData\Local\Temp\scoped_dir75192_30657}, takesHeapSnapshot=true, unhandledPromptBehavior=ignore, pageLoadStrategy=normal, databaseEnabled=false, handlesAlerts=true, version=87.0.4280.88, browserConnectionEnabled=false, proxy=Proxy(), nativeEvents=true, locationContextEnabled=true, cssSelectorsEnabled=true}]
Session ID: 884a3df4c5d0815e13ba7f8b8911751b
*** Element info: {Using=css selector, value=a[id='reportslink']}</font> </a><br/><a href='Screenshots/TestFailure187.png'><font color='red'>Switching to frame Frame path did not happen within 3 seconds</font> </a><br/><a href='Screenshots/TestFailure188.png'><font color='red'>Switching to frame Frame path did not happen within 3 seconds</font> </a><br/><a href='Screenshots/TestFailure189.png'><font color='red'>The given window "2" is failed to open</font> </a></div></td></tr><tr><th>Exception</th></tr><tr><td><div class="stacktrace">java.lang.AssertionError: null
	at utilities.Common.testFailed(Common.java:148)
	at TestCases.TestCases.TestEnd(TestCases.java:10774)
	at TestCases.TestCases.SR_TBS_01(TestCases.java:6873)
	at java.util.concurrent.FutureTask.run(Unknown Source)
	at java.util.concurrent.ThreadPoolExecutor.runWorker(Unknown Source)
	at java.util.concurrent.ThreadPoolExecutor$Worker.run(Unknown Source)
	at java.lang.Thread.run(Unknown Source)
... Removed 18 stack frames</div></td></tr></table><p class="totop"><a href="#summary">back to summary</a></p><h3 id="m19">TestCases.TestCases#SR_TTT_01</h3><table class="result"><tr class="param"><th>Parameter #1</th></tr><tr class="param stripe"><td>public void TestCases.TestCases.SR_TTT_01(java.lang.reflect.Method)</td></tr><tr><th>Messages</th></tr><tr><td><div class="messages"><font color='blue'>################################DataSet: 1################################</font><br/><a href='Screenshots/TestFailure182.png'><font color='red'>Exception:no such element: Unable to locate element: {"method":"css selector","selector":"a[id='reportslink']"}
  (Session info: chrome=87.0.4280.88)
  (Driver info: chromedriver=72.0.3626.69 (3c16f8a135abc0d4da2dff33804db79b849a7c38),platform=Windows NT 10.0.18362 x86_64) (WARNING: The server did not provide any stacktrace information)
Command duration or timeout: 0 milliseconds
For documentation on this error, please visit: http://seleniumhq.org/exceptions/no_such_element.html
Build info: version: '3.6.0', revision: '6fbf3ec767', time: '2017-09-27T15:28:36.4Z'
System info: host: 'XPITAX-11568', ip: '192.168.0.104', os.name: 'Windows 10', os.arch: 'amd64', os.version: '10.0', java.version: '1.8.0_191'
Driver info: org.openqa.selenium.remote.RemoteWebDriver
Capabilities [{mobileEmulationEnabled=false, timeouts={implicit=0, pageLoad=300000, script=30000}, hasTouchScreen=false, platform=XP, acceptSslCerts=false, goog:chromeOptions={debuggerAddress=localhost:60530}, acceptInsecureCerts=false, webStorageEnabled=true, browserName=chrome, takesScreenshot=true, javascriptEnabled=true, platformName=XP, setWindowRect=true, unexpectedAlertBehaviour=ignore, applicationCacheEnabled=false, rotatable=false, networkConnectionEnabled=false, chrome={chromedriverVersion=72.0.3626.69 (3c16f8a135abc0d4da2dff33804db79b849a7c38), userDataDir=C:\Users\NTHIMM~1\AppData\Local\Temp\scoped_dir75192_30657}, takesHeapSnapshot=true, unhandledPromptBehavior=ignore, pageLoadStrategy=normal, databaseEnabled=false, handlesAlerts=true, version=87.0.4280.88, browserConnectionEnabled=false, proxy=Proxy(), nativeEvents=true, locationContextEnabled=true, cssSelectorsEnabled=true}]
Session ID: 884a3df4c5d0815e13ba7f8b8911751b
*** Element info: {Using=css selector, value=a[id='reportslink']}</font> </a><br/><a href='Screenshots/TestFailure183.png'><font color='red'>Switching to frame Frame path did not happen within 3 seconds</font> </a><br/><a href='Screenshots/TestFailure184.png'><font color='red'>Switching to frame Frame path did not happen within 3 seconds</font> </a><br/><a href='Screenshots/TestFailure185.png'><font color='red'>The given window "2" is failed to open</font> </a></div></td></tr><tr><th>Exception</th></tr><tr><td><div class="stacktrace">java.lang.AssertionError: null
	at utilities.Common.testFailed(Common.java:148)
	at TestCases.TestCases.TestEnd(TestCases.java:10774)
	at TestCases.TestCases.SR_TTT_01(TestCases.java:7157)
	at java.util.concurrent.FutureTask.run(Unknown Source)
	at java.util.concurrent.ThreadPoolExecutor.runWorker(Unknown Source)
	at java.util.concurrent.ThreadPoolExecutor$Worker.run(Unknown Source)
	at java.lang.Thread.run(Unknown Source)
... Removed 18 stack frames</div></td></tr></table><p class="totop"><a href="#summary">back to summary</a></p><h3 id="m20">TestCases.TestCases#SR_UW_01</h3><table class="result"><tr class="param"><th>Parameter #1</th></tr><tr class="param stripe"><td>public void TestCases.TestCases.SR_UW_01(java.lang.reflect.Method)</td></tr><tr><th>Messages</th></tr><tr><td><div class="messages"><font color='blue'>################################DataSet: 1################################</font><br/><a href='Screenshots/TestFailure174.png'><font color='red'>Exception:no such element: Unable to locate element: {"method":"css selector","selector":"a[id='reportslink']"}
  (Session info: chrome=87.0.4280.88)
  (Driver info: chromedriver=72.0.3626.69 (3c16f8a135abc0d4da2dff33804db79b849a7c38),platform=Windows NT 10.0.18362 x86_64) (WARNING: The server did not provide any stacktrace information)
Command duration or timeout: 0 milliseconds
For documentation on this error, please visit: http://seleniumhq.org/exceptions/no_such_element.html
Build info: version: '3.6.0', revision: '6fbf3ec767', time: '2017-09-27T15:28:36.4Z'
System info: host: 'XPITAX-11568', ip: '192.168.0.104', os.name: 'Windows 10', os.arch: 'amd64', os.version: '10.0', java.version: '1.8.0_191'
Driver info: org.openqa.selenium.remote.RemoteWebDriver
Capabilities [{mobileEmulationEnabled=false, timeouts={implicit=0, pageLoad=300000, script=30000}, hasTouchScreen=false, platform=XP, acceptSslCerts=false, goog:chromeOptions={debuggerAddress=localhost:60530}, acceptInsecureCerts=false, webStorageEnabled=true, browserName=chrome, takesScreenshot=true, javascriptEnabled=true, platformName=XP, setWindowRect=true, unexpectedAlertBehaviour=ignore, applicationCacheEnabled=false, rotatable=false, networkConnectionEnabled=false, chrome={chromedriverVersion=72.0.3626.69 (3c16f8a135abc0d4da2dff33804db79b849a7c38), userDataDir=C:\Users\NTHIMM~1\AppData\Local\Temp\scoped_dir75192_30657}, takesHeapSnapshot=true, unhandledPromptBehavior=ignore, pageLoadStrategy=normal, databaseEnabled=false, handlesAlerts=true, version=87.0.4280.88, browserConnectionEnabled=false, proxy=Proxy(), nativeEvents=true, locationContextEnabled=true, cssSelectorsEnabled=true}]
Session ID: 884a3df4c5d0815e13ba7f8b8911751b
*** Element info: {Using=css selector, value=a[id='reportslink']}</font> </a><br/><a href='Screenshots/TestFailure175.png'><font color='red'>Switching to frame Frame path did not happen within 3 seconds</font> </a><br/><a href='Screenshots/TestFailure176.png'><font color='red'>Switching to frame Frame path did not happen within 3 seconds</font> </a><br/><a href='Screenshots/TestFailure177.png'><font color='red'>The given window "2" is failed to open</font> </a></div></td></tr><tr><th>Exception</th></tr><tr><td><div class="stacktrace">java.lang.AssertionError: null
	at utilities.Common.testFailed(Common.java:148)
	at TestCases.TestCases.TestEnd(TestCases.java:10774)
	at TestCases.TestCases.SR_UW_01(TestCases.java:6351)
	at java.util.concurrent.FutureTask.run(Unknown Source)
	at java.util.concurrent.ThreadPoolExecutor.runWorker(Unknown Source)
	at java.util.concurrent.ThreadPoolExecutor$Worker.run(Unknown Source)
	at java.lang.Thread.run(Unknown Source)
... Removed 18 stack frames</div></td></tr></table><p class="totop"><a href="#summary">back to summary</a></p><h3 id="m21">TestCases.TestCases#TC_Logout</h3><table class="result"><tr class="param"><th>Parameter #1</th></tr><tr class="param stripe"><td>public void TestCases.TestCases.TC_Logout(java.lang.reflect.Method)</td></tr><tr><th>Messages</th></tr><tr><td><div class="messages"><font color='blue'>################################DataSet: 1################################</font><br/><a href='Screenshots/TestFailure258.png'><font color='red'>Profile link failed to display in Home page</font> </a></div></td></tr><tr><th>Exception</th></tr><tr><td><div class="stacktrace">java.lang.AssertionError: null
	at utilities.Common.testFailed(Common.java:148)
	at TestCases.TestCases.TestEnd(TestCases.java:10774)
	at TestCases.TestCases.TC_Logout(TestCases.java:10766)
	at java.util.concurrent.FutureTask.run(Unknown Source)
	at java.util.concurrent.ThreadPoolExecutor.runWorker(Unknown Source)
	at java.util.concurrent.ThreadPoolExecutor$Worker.run(Unknown Source)
	at java.lang.Thread.run(Unknown Source)
... Removed 18 stack frames</div></td></tr></table><p class="totop"><a href="#summary">back to summary</a></p><h3 id="m22">TestCases.TestCases#TDR_BA_01</h3><table class="result"><tr class="param"><th>Parameter #1</th></tr><tr class="param stripe"><td>public void TestCases.TestCases.TDR_BA_01(java.lang.reflect.Method)</td></tr><tr><th>Messages</th></tr><tr><td><div class="messages"><font color='blue'>################################DataSet: 1################################</font><br/><a href='Screenshots/TestFailure84.png'><font color='red'>Exception:no such element: Unable to locate element: {"method":"css selector","selector":"#displayfirmname +div div[class*='wheel']"}
  (Session info: chrome=87.0.4280.88)
  (Driver info: chromedriver=72.0.3626.69 (3c16f8a135abc0d4da2dff33804db79b849a7c38),platform=Windows NT 10.0.18362 x86_64) (WARNING: The server did not provide any stacktrace information)
Command duration or timeout: 0 milliseconds
For documentation on this error, please visit: http://seleniumhq.org/exceptions/no_such_element.html
Build info: version: '3.6.0', revision: '6fbf3ec767', time: '2017-09-27T15:28:36.4Z'
System info: host: 'XPITAX-11568', ip: '192.168.0.104', os.name: 'Windows 10', os.arch: 'amd64', os.version: '10.0', java.version: '1.8.0_191'
Driver info: org.openqa.selenium.remote.RemoteWebDriver
Capabilities [{mobileEmulationEnabled=false, timeouts={implicit=0, pageLoad=300000, script=30000}, hasTouchScreen=false, platform=XP, acceptSslCerts=false, goog:chromeOptions={debuggerAddress=localhost:60530}, acceptInsecureCerts=false, webStorageEnabled=true, browserName=chrome, takesScreenshot=true, javascriptEnabled=true, platformName=XP, setWindowRect=true, unexpectedAlertBehaviour=ignore, applicationCacheEnabled=false, rotatable=false, networkConnectionEnabled=false, chrome={chromedriverVersion=72.0.3626.69 (3c16f8a135abc0d4da2dff33804db79b849a7c38), userDataDir=C:\Users\NTHIMM~1\AppData\Local\Temp\scoped_dir75192_30657}, takesHeapSnapshot=true, unhandledPromptBehavior=ignore, pageLoadStrategy=normal, databaseEnabled=false, handlesAlerts=true, version=87.0.4280.88, browserConnectionEnabled=false, proxy=Proxy(), nativeEvents=true, locationContextEnabled=true, cssSelectorsEnabled=true}]
Session ID: 884a3df4c5d0815e13ba7f8b8911751b
*** Element info: {Using=css selector, value=#displayfirmname +div div[class*='wheel']}</font> </a><br/><a href='Screenshots/TestFailure85.png'><font color='red'>Switching to frame Frame path did not happen within 30 seconds</font> </a><br/><a href='Screenshots/TestFailure86.png'><font color='red'>Mouse over action on 'Manage settings and defaults' element failed</font> </a><br/><a href='Screenshots/TestFailure87.png'><font color='red'>Exception:no such element: Unable to locate element: {"method":"css selector","selector":"a[id*='ContentPlaceHolder1_LinkManageFirmSettings']"}
  (Session info: chrome=87.0.4280.88)
  (Driver info: chromedriver=72.0.3626.69 (3c16f8a135abc0d4da2dff33804db79b849a7c38),platform=Windows NT 10.0.18362 x86_64) (WARNING: The server did not provide any stacktrace information)
Command duration or timeout: 0 milliseconds
For documentation on this error, please visit: http://seleniumhq.org/exceptions/no_such_element.html
Build info: version: '3.6.0', revision: '6fbf3ec767', time: '2017-09-27T15:28:36.4Z'
System info: host: 'XPITAX-11568', ip: '192.168.0.104', os.name: 'Windows 10', os.arch: 'amd64', os.version: '10.0', java.version: '1.8.0_191'
Driver info: org.openqa.selenium.remote.RemoteWebDriver
Capabilities [{mobileEmulationEnabled=false, timeouts={implicit=0, pageLoad=300000, script=30000}, hasTouchScreen=false, platform=XP, acceptSslCerts=false, goog:chromeOptions={debuggerAddress=localhost:60530}, acceptInsecureCerts=false, webStorageEnabled=true, browserName=chrome, takesScreenshot=true, javascriptEnabled=true, platformName=XP, setWindowRect=true, unexpectedAlertBehaviour=ignore, applicationCacheEnabled=false, rotatable=false, networkConnectionEnabled=false, chrome={chromedriverVersion=72.0.3626.69 (3c16f8a135abc0d4da2dff33804db79b849a7c38), userDataDir=C:\Users\NTHIMM~1\AppData\Local\Temp\scoped_dir75192_30657}, takesHeapSnapshot=true, unhandledPromptBehavior=ignore, pageLoadStrategy=normal, databaseEnabled=false, handlesAlerts=true, version=87.0.4280.88, browserConnectionEnabled=false, proxy=Proxy(), nativeEvents=true, locationContextEnabled=true, cssSelectorsEnabled=true}]
Session ID: 884a3df4c5d0815e13ba7f8b8911751b
*** Element info: {Using=css selector, value=a[id*='ContentPlaceHolder1_LinkManageFirmSettings']}</font> </a><br/><a href='Screenshots/TestFailure88.png'><font color='red'>Switching to frame Frame path did not happen within 3 seconds</font> </a><br/><a href='Screenshots/TestFailure89.png'><font color='red'></font> </a><br/><a href='Screenshots/TestFailure90.png'><font color='red'>Exception:no such element: Unable to locate element: {"method":"css selector","selector":"[id*='ContentPlaceHolder1_editrolerow_Sign']"}
  (Session info: chrome=87.0.4280.88)
  (Driver info: chromedriver=72.0.3626.69 (3c16f8a135abc0d4da2dff33804db79b849a7c38),platform=Windows NT 10.0.18362 x86_64) (WARNING: The server did not provide any stacktrace information)
Command duration or timeout: 0 milliseconds
For documentation on this error, please visit: http://seleniumhq.org/exceptions/no_such_element.html
Build info: version: '3.6.0', revision: '6fbf3ec767', time: '2017-09-27T15:28:36.4Z'
System info: host: 'XPITAX-11568', ip: '192.168.0.104', os.name: 'Windows 10', os.arch: 'amd64', os.version: '10.0', java.version: '1.8.0_191'
Driver info: org.openqa.selenium.remote.RemoteWebDriver
Capabilities [{mobileEmulationEnabled=false, timeouts={implicit=0, pageLoad=300000, script=30000}, hasTouchScreen=false, platform=XP, acceptSslCerts=false, goog:chromeOptions={debuggerAddress=localhost:60530}, acceptInsecureCerts=false, webStorageEnabled=true, browserName=chrome, takesScreenshot=true, javascriptEnabled=true, platformName=XP, setWindowRect=true, unexpectedAlertBehaviour=ignore, applicationCacheEnabled=false, rotatable=false, networkConnectionEnabled=false, chrome={chromedriverVersion=72.0.3626.69 (3c16f8a135abc0d4da2dff33804db79b849a7c38), userDataDir=C:\Users\NTHIMM~1\AppData\Local\Temp\scoped_dir75192_30657}, takesHeapSnapshot=true, unhandledPromptBehavior=ignore, pageLoadStrategy=normal, databaseEnabled=false, handlesAlerts=true, version=87.0.4280.88, browserConnectionEnabled=false, proxy=Proxy(), nativeEvents=true, locationContextEnabled=true, cssSelectorsEnabled=true}]
Session ID: 884a3df4c5d0815e13ba7f8b8911751b
*** Element info: {Using=css selector, value=[id*='ContentPlaceHolder1_editrolerow_Sign']}</font> </a><br/><a href='Screenshots/TestFailure91.png'><font color='red'>Switching to frame Frame path did not happen within 3 seconds</font> </a><br/><a href='Screenshots/TestFailure92.png'><font color='red'></font> </a><br/><a href='Screenshots/TestFailure93.png'><font color='red'>Switching to frame Frame path did not happen within 3 seconds</font> </a><br/><a href='Screenshots/TestFailure94.png'><font color='red'>Exception:no such element: Unable to locate element: {"method":"css selector","selector":"[id*='ContentPlaceHolder1_SRoles']"}
  (Session info: chrome=87.0.4280.88)
  (Driver info: chromedriver=72.0.3626.69 (3c16f8a135abc0d4da2dff33804db79b849a7c38),platform=Windows NT 10.0.18362 x86_64) (WARNING: The server did not provide any stacktrace information)
Command duration or timeout: 0 milliseconds
For documentation on this error, please visit: http://seleniumhq.org/exceptions/no_such_element.html
Build info: version: '3.6.0', revision: '6fbf3ec767', time: '2017-09-27T15:28:36.4Z'
System info: host: 'XPITAX-11568', ip: '192.168.0.104', os.name: 'Windows 10', os.arch: 'amd64', os.version: '10.0', java.version: '1.8.0_191'
Driver info: org.openqa.selenium.remote.RemoteWebDriver
Capabilities [{mobileEmulationEnabled=false, timeouts={implicit=0, pageLoad=300000, script=30000}, hasTouchScreen=false, platform=XP, acceptSslCerts=false, goog:chromeOptions={debuggerAddress=localhost:60530}, acceptInsecureCerts=false, webStorageEnabled=true, browserName=chrome, takesScreenshot=true, javascriptEnabled=true, platformName=XP, setWindowRect=true, unexpectedAlertBehaviour=ignore, applicationCacheEnabled=false, rotatable=false, networkConnectionEnabled=false, chrome={chromedriverVersion=72.0.3626.69 (3c16f8a135abc0d4da2dff33804db79b849a7c38), userDataDir=C:\Users\NTHIMM~1\AppData\Local\Temp\scoped_dir75192_30657}, takesHeapSnapshot=true, unhandledPromptBehavior=ignore, pageLoadStrategy=normal, databaseEnabled=false, handlesAlerts=true, version=87.0.4280.88, browserConnectionEnabled=false, proxy=Proxy(), nativeEvents=true, locationContextEnabled=true, cssSelectorsEnabled=true}]
Session ID: 884a3df4c5d0815e13ba7f8b8911751b
*** Element info: {Using=css selector, value=[id*='ContentPlaceHolder1_SRoles']}</font> </a><br/><a href='Screenshots/TestFailure95.png'><font color='red'>Exception:no such element: Unable to locate element: {"method":"css selector","selector":"a[id='reportslink']"}
  (Session info: chrome=87.0.4280.88)
  (Driver info: chromedriver=72.0.3626.69 (3c16f8a135abc0d4da2dff33804db79b849a7c38),platform=Windows NT 10.0.18362 x86_64) (WARNING: The server did not provide any stacktrace information)
Command duration or timeout: 0 milliseconds
For documentation on this error, please visit: http://seleniumhq.org/exceptions/no_such_element.html
Build info: version: '3.6.0', revision: '6fbf3ec767', time: '2017-09-27T15:28:36.4Z'
System info: host: 'XPITAX-11568', ip: '192.168.0.104', os.name: 'Windows 10', os.arch: 'amd64', os.version: '10.0', java.version: '1.8.0_191'
Driver info: org.openqa.selenium.remote.RemoteWebDriver
Capabilities [{mobileEmulationEnabled=false, timeouts={implicit=0, pageLoad=300000, script=30000}, hasTouchScreen=false, platform=XP, acceptSslCerts=false, goog:chromeOptions={debuggerAddress=localhost:60530}, acceptInsecureCerts=false, webStorageEnabled=true, browserName=chrome, takesScreenshot=true, javascriptEnabled=true, platformName=XP, setWindowRect=true, unexpectedAlertBehaviour=ignore, applicationCacheEnabled=false, rotatable=false, networkConnectionEnabled=false, chrome={chromedriverVersion=72.0.3626.69 (3c16f8a135abc0d4da2dff33804db79b849a7c38), userDataDir=C:\Users\NTHIMM~1\AppData\Local\Temp\scoped_dir75192_30657}, takesHeapSnapshot=true, unhandledPromptBehavior=ignore, pageLoadStrategy=normal, databaseEnabled=false, handlesAlerts=true, version=87.0.4280.88, browserConnectionEnabled=false, proxy=Proxy(), nativeEvents=true, locationContextEnabled=true, cssSelectorsEnabled=true}]
Session ID: 884a3df4c5d0815e13ba7f8b8911751b
*** Element info: {Using=css selector, value=a[id='reportslink']}</font> </a><br/><a href='Screenshots/TestFailure96.png'><font color='red'>Switching to frame Frame path did not happen within 3 seconds</font> </a><br/><a href='Screenshots/TestFailure97.png'><font color='red'>Switching to frame Frame path did not happen within 3 seconds</font> </a><br/><a href='Screenshots/TestFailure98.png'><font color='red'>Switching to frame Frame path did not happen within 3 seconds</font> </a><br/><a href='Screenshots/TestFailure99.png'><font color='red'>Switching to frame Frame path did not happen within 3 seconds</font> </a><br/><a href='Screenshots/TestFailure100.png'><font color='red'>Switching to frame Frame path did not happen within 3 seconds</font> </a><br/><a href='Screenshots/TestFailure101.png'><font color='red'>Switching to frame Frame path did not happen within 3 seconds</font> </a><br/><a href='Screenshots/TestFailure102.png'><font color='red'>Switching to frame Frame path did not happen within 3 seconds</font> </a><br/><a href='Screenshots/TestFailure103.png'><font color='red'>Switching to frame Frame path did not happen within 3 seconds</font> </a><br/><a href='Screenshots/TestFailure104.png'><font color='red'>Switching to frame Frame path did not happen within 3 seconds</font> </a><br/><a href='Screenshots/TestFailure105.png'><font color='red'>Switching to frame Frame path did not happen within 3 seconds</font> </a><br/><a href='Screenshots/TestFailure106.png'><font color='red'>Switching to frame Frame path did not happen within 3 seconds</font> </a><br/><a href='Screenshots/TestFailure107.png'><font color='red'>Switching to frame Frame path did not happen within 3 seconds</font> </a><br/><a href='Screenshots/TestFailure108.png'><font color='red'>Switching to frame Frame path did not happen within 3 seconds</font> </a><br/><a href='Screenshots/TestFailure109.png'><font color='red'>Switching to frame Frame path did not happen within 3 seconds</font> </a><br/><a href='Screenshots/TestFailure110.png'><font color='red'>Switching to frame Frame path did not happen within 3 seconds</font> </a><br/><a href='Screenshots/TestFailure111.png'><font color='red'>Switching to frame Frame path did not happen within 3 seconds</font> </a><br/><a href='Screenshots/TestFailure112.png'><font color='red'>Exception:no such element: Unable to locate element: {"method":"css selector","selector":"input[value='Export']"}
  (Session info: chrome=87.0.4280.88)
  (Driver info: chromedriver=72.0.3626.69 (3c16f8a135abc0d4da2dff33804db79b849a7c38),platform=Windows NT 10.0.18362 x86_64) (WARNING: The server did not provide any stacktrace information)
Command duration or timeout: 0 milliseconds
For documentation on this error, please visit: http://seleniumhq.org/exceptions/no_such_element.html
Build info: version: '3.6.0', revision: '6fbf3ec767', time: '2017-09-27T15:28:36.4Z'
System info: host: 'XPITAX-11568', ip: '192.168.0.104', os.name: 'Windows 10', os.arch: 'amd64', os.version: '10.0', java.version: '1.8.0_191'
Driver info: org.openqa.selenium.remote.RemoteWebDriver
Capabilities [{mobileEmulationEnabled=false, timeouts={implicit=0, pageLoad=300000, script=30000}, hasTouchScreen=false, platform=XP, acceptSslCerts=false, goog:chromeOptions={debuggerAddress=localhost:60530}, acceptInsecureCerts=false, webStorageEnabled=true, browserName=chrome, takesScreenshot=true, javascriptEnabled=true, platformName=XP, setWindowRect=true, unexpectedAlertBehaviour=ignore, applicationCacheEnabled=false, rotatable=false, networkConnectionEnabled=false, chrome={chromedriverVersion=72.0.3626.69 (3c16f8a135abc0d4da2dff33804db79b849a7c38), userDataDir=C:\Users\NTHIMM~1\AppData\Local\Temp\scoped_dir75192_30657}, takesHeapSnapshot=true, unhandledPromptBehavior=ignore, pageLoadStrategy=normal, databaseEnabled=false, handlesAlerts=true, version=87.0.4280.88, browserConnectionEnabled=false, proxy=Proxy(), nativeEvents=true, locationContextEnabled=true, cssSelectorsEnabled=true}]
Session ID: 884a3df4c5d0815e13ba7f8b8911751b
*** Element info: {Using=css selector, value=input[value='Export']}</font> </a></div></td></tr><tr><th>Exception</th></tr><tr><td><div class="stacktrace">java.lang.AssertionError: null
	at utilities.Common.testFailed(Common.java:148)
	at TestCases.TestCases.TestEnd(TestCases.java:10774)
	at TestCases.TestCases.TDR_BA_01(TestCases.java:3150)
	at java.util.concurrent.FutureTask.run(Unknown Source)
	at java.util.concurrent.ThreadPoolExecutor.runWorker(Unknown Source)
	at java.util.concurrent.ThreadPoolExecutor$Worker.run(Unknown Source)
	at java.lang.Thread.run(Unknown Source)
... Removed 18 stack frames</div></td></tr></table><p class="totop"><a href="#summary">back to summary</a></p><h3 id="m23">TestCases.TestCases#TDR_BS_01</h3><table class="result"><tr class="param"><th>Parameter #1</th></tr><tr class="param stripe"><td>public void TestCases.TestCases.TDR_BS_01(java.lang.reflect.Method)</td></tr><tr><th>Messages</th></tr><tr><td><div class="messages"><font color='blue'>################################DataSet: 1################################</font><br/><a href='Screenshots/TestFailure141.png'><font color='red'>Exception:no such element: Unable to locate element: {"method":"css selector","selector":"#displayfirmname +div div[class*='wheel']"}
  (Session info: chrome=87.0.4280.88)
  (Driver info: chromedriver=72.0.3626.69 (3c16f8a135abc0d4da2dff33804db79b849a7c38),platform=Windows NT 10.0.18362 x86_64) (WARNING: The server did not provide any stacktrace information)
Command duration or timeout: 0 milliseconds
For documentation on this error, please visit: http://seleniumhq.org/exceptions/no_such_element.html
Build info: version: '3.6.0', revision: '6fbf3ec767', time: '2017-09-27T15:28:36.4Z'
System info: host: 'XPITAX-11568', ip: '192.168.0.104', os.name: 'Windows 10', os.arch: 'amd64', os.version: '10.0', java.version: '1.8.0_191'
Driver info: org.openqa.selenium.remote.RemoteWebDriver
Capabilities [{mobileEmulationEnabled=false, timeouts={implicit=0, pageLoad=300000, script=30000}, hasTouchScreen=false, platform=XP, acceptSslCerts=false, goog:chromeOptions={debuggerAddress=localhost:60530}, acceptInsecureCerts=false, webStorageEnabled=true, browserName=chrome, takesScreenshot=true, javascriptEnabled=true, platformName=XP, setWindowRect=true, unexpectedAlertBehaviour=ignore, applicationCacheEnabled=false, rotatable=false, networkConnectionEnabled=false, chrome={chromedriverVersion=72.0.3626.69 (3c16f8a135abc0d4da2dff33804db79b849a7c38), userDataDir=C:\Users\NTHIMM~1\AppData\Local\Temp\scoped_dir75192_30657}, takesHeapSnapshot=true, unhandledPromptBehavior=ignore, pageLoadStrategy=normal, databaseEnabled=false, handlesAlerts=true, version=87.0.4280.88, browserConnectionEnabled=false, proxy=Proxy(), nativeEvents=true, locationContextEnabled=true, cssSelectorsEnabled=true}]
Session ID: 884a3df4c5d0815e13ba7f8b8911751b
*** Element info: {Using=css selector, value=#displayfirmname +div div[class*='wheel']}</font> </a><br/><a href='Screenshots/TestFailure142.png'><font color='red'>Switching to frame Frame path did not happen within 30 seconds</font> </a><br/><a href='Screenshots/TestFailure143.png'><font color='red'>Mouse over action on 'Manage settings and defaults' element failed</font> </a><br/><a href='Screenshots/TestFailure144.png'><font color='red'>Exception:no such element: Unable to locate element: {"method":"css selector","selector":"a[id*='ContentPlaceHolder1_LinkManageFirmSettings']"}
  (Session info: chrome=87.0.4280.88)
  (Driver info: chromedriver=72.0.3626.69 (3c16f8a135abc0d4da2dff33804db79b849a7c38),platform=Windows NT 10.0.18362 x86_64) (WARNING: The server did not provide any stacktrace information)
Command duration or timeout: 0 milliseconds
For documentation on this error, please visit: http://seleniumhq.org/exceptions/no_such_element.html
Build info: version: '3.6.0', revision: '6fbf3ec767', time: '2017-09-27T15:28:36.4Z'
System info: host: 'XPITAX-11568', ip: '192.168.0.104', os.name: 'Windows 10', os.arch: 'amd64', os.version: '10.0', java.version: '1.8.0_191'
Driver info: org.openqa.selenium.remote.RemoteWebDriver
Capabilities [{mobileEmulationEnabled=false, timeouts={implicit=0, pageLoad=300000, script=30000}, hasTouchScreen=false, platform=XP, acceptSslCerts=false, goog:chromeOptions={debuggerAddress=localhost:60530}, acceptInsecureCerts=false, webStorageEnabled=true, browserName=chrome, takesScreenshot=true, javascriptEnabled=true, platformName=XP, setWindowRect=true, unexpectedAlertBehaviour=ignore, applicationCacheEnabled=false, rotatable=false, networkConnectionEnabled=false, chrome={chromedriverVersion=72.0.3626.69 (3c16f8a135abc0d4da2dff33804db79b849a7c38), userDataDir=C:\Users\NTHIMM~1\AppData\Local\Temp\scoped_dir75192_30657}, takesHeapSnapshot=true, unhandledPromptBehavior=ignore, pageLoadStrategy=normal, databaseEnabled=false, handlesAlerts=true, version=87.0.4280.88, browserConnectionEnabled=false, proxy=Proxy(), nativeEvents=true, locationContextEnabled=true, cssSelectorsEnabled=true}]
Session ID: 884a3df4c5d0815e13ba7f8b8911751b
*** Element info: {Using=css selector, value=a[id*='ContentPlaceHolder1_LinkManageFirmSettings']}</font> </a><br/><a href='Screenshots/TestFailure145.png'><font color='red'>Switching to frame Frame path did not happen within 3 seconds</font> </a><br/><a href='Screenshots/TestFailure146.png'><font color='red'></font> </a><br/><a href='Screenshots/TestFailure147.png'><font color='red'>Exception:no such element: Unable to locate element: {"method":"css selector","selector":"[id*='ContentPlaceHolder1_editrolerow_Sign']"}
  (Session info: chrome=87.0.4280.88)
  (Driver info: chromedriver=72.0.3626.69 (3c16f8a135abc0d4da2dff33804db79b849a7c38),platform=Windows NT 10.0.18362 x86_64) (WARNING: The server did not provide any stacktrace information)
Command duration or timeout: 0 milliseconds
For documentation on this error, please visit: http://seleniumhq.org/exceptions/no_such_element.html
Build info: version: '3.6.0', revision: '6fbf3ec767', time: '2017-09-27T15:28:36.4Z'
System info: host: 'XPITAX-11568', ip: '192.168.0.104', os.name: 'Windows 10', os.arch: 'amd64', os.version: '10.0', java.version: '1.8.0_191'
Driver info: org.openqa.selenium.remote.RemoteWebDriver
Capabilities [{mobileEmulationEnabled=false, timeouts={implicit=0, pageLoad=300000, script=30000}, hasTouchScreen=false, platform=XP, acceptSslCerts=false, goog:chromeOptions={debuggerAddress=localhost:60530}, acceptInsecureCerts=false, webStorageEnabled=true, browserName=chrome, takesScreenshot=true, javascriptEnabled=true, platformName=XP, setWindowRect=true, unexpectedAlertBehaviour=ignore, applicationCacheEnabled=false, rotatable=false, networkConnectionEnabled=false, chrome={chromedriverVersion=72.0.3626.69 (3c16f8a135abc0d4da2dff33804db79b849a7c38), userDataDir=C:\Users\NTHIMM~1\AppData\Local\Temp\scoped_dir75192_30657}, takesHeapSnapshot=true, unhandledPromptBehavior=ignore, pageLoadStrategy=normal, databaseEnabled=false, handlesAlerts=true, version=87.0.4280.88, browserConnectionEnabled=false, proxy=Proxy(), nativeEvents=true, locationContextEnabled=true, cssSelectorsEnabled=true}]
Session ID: 884a3df4c5d0815e13ba7f8b8911751b
*** Element info: {Using=css selector, value=[id*='ContentPlaceHolder1_editrolerow_Sign']}</font> </a><br/><a href='Screenshots/TestFailure148.png'><font color='red'>Switching to frame Frame path did not happen within 3 seconds</font> </a><br/><a href='Screenshots/TestFailure149.png'><font color='red'></font> </a><br/><a href='Screenshots/TestFailure150.png'><font color='red'>Switching to frame Frame path did not happen within 3 seconds</font> </a><br/><a href='Screenshots/TestFailure151.png'><font color='red'>Exception:no such element: Unable to locate element: {"method":"css selector","selector":"[id*='ContentPlaceHolder1_SRoles']"}
  (Session info: chrome=87.0.4280.88)
  (Driver info: chromedriver=72.0.3626.69 (3c16f8a135abc0d4da2dff33804db79b849a7c38),platform=Windows NT 10.0.18362 x86_64) (WARNING: The server did not provide any stacktrace information)
Command duration or timeout: 0 milliseconds
For documentation on this error, please visit: http://seleniumhq.org/exceptions/no_such_element.html
Build info: version: '3.6.0', revision: '6fbf3ec767', time: '2017-09-27T15:28:36.4Z'
System info: host: 'XPITAX-11568', ip: '192.168.0.104', os.name: 'Windows 10', os.arch: 'amd64', os.version: '10.0', java.version: '1.8.0_191'
Driver info: org.openqa.selenium.remote.RemoteWebDriver
Capabilities [{mobileEmulationEnabled=false, timeouts={implicit=0, pageLoad=300000, script=30000}, hasTouchScreen=false, platform=XP, acceptSslCerts=false, goog:chromeOptions={debuggerAddress=localhost:60530}, acceptInsecureCerts=false, webStorageEnabled=true, browserName=chrome, takesScreenshot=true, javascriptEnabled=true, platformName=XP, setWindowRect=true, unexpectedAlertBehaviour=ignore, applicationCacheEnabled=false, rotatable=false, networkConnectionEnabled=false, chrome={chromedriverVersion=72.0.3626.69 (3c16f8a135abc0d4da2dff33804db79b849a7c38), userDataDir=C:\Users\NTHIMM~1\AppData\Local\Temp\scoped_dir75192_30657}, takesHeapSnapshot=true, unhandledPromptBehavior=ignore, pageLoadStrategy=normal, databaseEnabled=false, handlesAlerts=true, version=87.0.4280.88, browserConnectionEnabled=false, proxy=Proxy(), nativeEvents=true, locationContextEnabled=true, cssSelectorsEnabled=true}]
Session ID: 884a3df4c5d0815e13ba7f8b8911751b
*** Element info: {Using=css selector, value=[id*='ContentPlaceHolder1_SRoles']}</font> </a><br/><a href='Screenshots/TestFailure152.png'><font color='red'>Exception:no such element: Unable to locate element: {"method":"css selector","selector":"a[id='reportslink']"}
  (Session info: chrome=87.0.4280.88)
  (Driver info: chromedriver=72.0.3626.69 (3c16f8a135abc0d4da2dff33804db79b849a7c38),platform=Windows NT 10.0.18362 x86_64) (WARNING: The server did not provide any stacktrace information)
Command duration or timeout: 0 milliseconds
For documentation on this error, please visit: http://seleniumhq.org/exceptions/no_such_element.html
Build info: version: '3.6.0', revision: '6fbf3ec767', time: '2017-09-27T15:28:36.4Z'
System info: host: 'XPITAX-11568', ip: '192.168.0.104', os.name: 'Windows 10', os.arch: 'amd64', os.version: '10.0', java.version: '1.8.0_191'
Driver info: org.openqa.selenium.remote.RemoteWebDriver
Capabilities [{mobileEmulationEnabled=false, timeouts={implicit=0, pageLoad=300000, script=30000}, hasTouchScreen=false, platform=XP, acceptSslCerts=false, goog:chromeOptions={debuggerAddress=localhost:60530}, acceptInsecureCerts=false, webStorageEnabled=true, browserName=chrome, takesScreenshot=true, javascriptEnabled=true, platformName=XP, setWindowRect=true, unexpectedAlertBehaviour=ignore, applicationCacheEnabled=false, rotatable=false, networkConnectionEnabled=false, chrome={chromedriverVersion=72.0.3626.69 (3c16f8a135abc0d4da2dff33804db79b849a7c38), userDataDir=C:\Users\NTHIMM~1\AppData\Local\Temp\scoped_dir75192_30657}, takesHeapSnapshot=true, unhandledPromptBehavior=ignore, pageLoadStrategy=normal, databaseEnabled=false, handlesAlerts=true, version=87.0.4280.88, browserConnectionEnabled=false, proxy=Proxy(), nativeEvents=true, locationContextEnabled=true, cssSelectorsEnabled=true}]
Session ID: 884a3df4c5d0815e13ba7f8b8911751b
*** Element info: {Using=css selector, value=a[id='reportslink']}</font> </a><br/><a href='Screenshots/TestFailure153.png'><font color='red'>Switching to frame Frame path did not happen within 3 seconds</font> </a><br/><a href='Screenshots/TestFailure154.png'><font color='red'>Switching to frame Frame path did not happen within 3 seconds</font> </a><br/><a href='Screenshots/TestFailure155.png'><font color='red'>Switching to frame Frame path did not happen within 3 seconds</font> </a><br/><a href='Screenshots/TestFailure156.png'><font color='red'>Switching to frame Frame path did not happen within 3 seconds</font> </a><br/><a href='Screenshots/TestFailure157.png'><font color='red'>Switching to frame Frame path did not happen within 3 seconds</font> </a><br/><a href='Screenshots/TestFailure158.png'><font color='red'>Switching to frame Frame path did not happen within 3 seconds</font> </a><br/><a href='Screenshots/TestFailure159.png'><font color='red'>Switching to frame Frame path did not happen within 3 seconds</font> </a><br/><a href='Screenshots/TestFailure160.png'><font color='red'>Switching to frame Frame path did not happen within 3 seconds</font> </a><br/><a href='Screenshots/TestFailure161.png'><font color='red'>Switching to frame Frame path did not happen within 3 seconds</font> </a><br/><a href='Screenshots/TestFailure162.png'><font color='red'>Switching to frame Frame path did not happen within 3 seconds</font> </a><br/><a href='Screenshots/TestFailure163.png'><font color='red'>Switching to frame Frame path did not happen within 3 seconds</font> </a><br/><a href='Screenshots/TestFailure164.png'><font color='red'>Switching to frame Frame path did not happen within 3 seconds</font> </a><br/><a href='Screenshots/TestFailure165.png'><font color='red'>Switching to frame Frame path did not happen within 3 seconds</font> </a><br/><a href='Screenshots/TestFailure166.png'><font color='red'>Switching to frame Frame path did not happen within 3 seconds</font> </a><br/><a href='Screenshots/TestFailure167.png'><font color='red'>Switching to frame Frame path did not happen within 3 seconds</font> </a><br/><a href='Screenshots/TestFailure168.png'><font color='red'>Switching to frame Frame path did not happen within 3 seconds</font> </a><br/><a href='Screenshots/TestFailure169.png'><font color='red'>Switching to frame Frame path did not happen within 3 seconds</font> </a><br/><a href='Screenshots/TestFailure170.png'><font color='red'>Switching to frame Frame path did not happen within 3 seconds</font> </a><br/><a href='Screenshots/TestFailure171.png'><font color='red'>Switching to frame Frame path did not happen within 3 seconds</font> </a><br/><a href='Screenshots/TestFailure172.png'><font color='red'>Switching to frame Frame path did not happen within 3 seconds</font> </a><br/><a href='Screenshots/TestFailure173.png'><font color='red'>Exception:no such element: Unable to locate element: {"method":"css selector","selector":"input[value='Export']"}
  (Session info: chrome=87.0.4280.88)
  (Driver info: chromedriver=72.0.3626.69 (3c16f8a135abc0d4da2dff33804db79b849a7c38),platform=Windows NT 10.0.18362 x86_64) (WARNING: The server did not provide any stacktrace information)
Command duration or timeout: 0 milliseconds
For documentation on this error, please visit: http://seleniumhq.org/exceptions/no_such_element.html
Build info: version: '3.6.0', revision: '6fbf3ec767', time: '2017-09-27T15:28:36.4Z'
System info: host: 'XPITAX-11568', ip: '192.168.0.104', os.name: 'Windows 10', os.arch: 'amd64', os.version: '10.0', java.version: '1.8.0_191'
Driver info: org.openqa.selenium.remote.RemoteWebDriver
Capabilities [{mobileEmulationEnabled=false, timeouts={implicit=0, pageLoad=300000, script=30000}, hasTouchScreen=false, platform=XP, acceptSslCerts=false, goog:chromeOptions={debuggerAddress=localhost:60530}, acceptInsecureCerts=false, webStorageEnabled=true, browserName=chrome, takesScreenshot=true, javascriptEnabled=true, platformName=XP, setWindowRect=true, unexpectedAlertBehaviour=ignore, applicationCacheEnabled=false, rotatable=false, networkConnectionEnabled=false, chrome={chromedriverVersion=72.0.3626.69 (3c16f8a135abc0d4da2dff33804db79b849a7c38), userDataDir=C:\Users\NTHIMM~1\AppData\Local\Temp\scoped_dir75192_30657}, takesHeapSnapshot=true, unhandledPromptBehavior=ignore, pageLoadStrategy=normal, databaseEnabled=false, handlesAlerts=true, version=87.0.4280.88, browserConnectionEnabled=false, proxy=Proxy(), nativeEvents=true, locationContextEnabled=true, cssSelectorsEnabled=true}]
Session ID: 884a3df4c5d0815e13ba7f8b8911751b
*** Element info: {Using=css selector, value=input[value='Export']}</font> </a></div></td></tr><tr><th>Exception</th></tr><tr><td><div class="stacktrace">java.lang.AssertionError: null
	at utilities.Common.testFailed(Common.java:148)
	at TestCases.TestCases.TestEnd(TestCases.java:10774)
	at TestCases.TestCases.TDR_BS_01(TestCases.java:3183)
	at java.util.concurrent.FutureTask.run(Unknown Source)
	at java.util.concurrent.ThreadPoolExecutor.runWorker(Unknown Source)
	at java.util.concurrent.ThreadPoolExecutor$Worker.run(Unknown Source)
	at java.lang.Thread.run(Unknown Source)
... Removed 18 stack frames</div></td></tr></table><p class="totop"><a href="#summary">back to summary</a></p><h3 id="m24">TestCases.TestCases#TDR_CAS_01</h3><table class="result"><tr class="param"><th>Parameter #1</th></tr><tr class="param stripe"><td>public void TestCases.TestCases.TDR_CAS_01(java.lang.reflect.Method)</td></tr><tr><th>Messages</th></tr><tr><td><div class="messages"><font color='blue'>################################DataSet: 1################################</font><br/><a href='Screenshots/TestFailure48.png'><font color='red'>Exception:no such element: Unable to locate element: {"method":"css selector","selector":"a[id='reportslink']"}
  (Session info: chrome=87.0.4280.88)
  (Driver info: chromedriver=72.0.3626.69 (3c16f8a135abc0d4da2dff33804db79b849a7c38),platform=Windows NT 10.0.18362 x86_64) (WARNING: The server did not provide any stacktrace information)
Command duration or timeout: 0 milliseconds
For documentation on this error, please visit: http://seleniumhq.org/exceptions/no_such_element.html
Build info: version: '3.6.0', revision: '6fbf3ec767', time: '2017-09-27T15:28:36.4Z'
System info: host: 'XPITAX-11568', ip: '192.168.0.104', os.name: 'Windows 10', os.arch: 'amd64', os.version: '10.0', java.version: '1.8.0_191'
Driver info: org.openqa.selenium.remote.RemoteWebDriver
Capabilities [{mobileEmulationEnabled=false, timeouts={implicit=0, pageLoad=300000, script=30000}, hasTouchScreen=false, platform=XP, acceptSslCerts=false, goog:chromeOptions={debuggerAddress=localhost:60530}, acceptInsecureCerts=false, webStorageEnabled=true, browserName=chrome, takesScreenshot=true, javascriptEnabled=true, platformName=XP, setWindowRect=true, unexpectedAlertBehaviour=ignore, applicationCacheEnabled=false, rotatable=false, networkConnectionEnabled=false, chrome={chromedriverVersion=72.0.3626.69 (3c16f8a135abc0d4da2dff33804db79b849a7c38), userDataDir=C:\Users\NTHIMM~1\AppData\Local\Temp\scoped_dir75192_30657}, takesHeapSnapshot=true, unhandledPromptBehavior=ignore, pageLoadStrategy=normal, databaseEnabled=false, handlesAlerts=true, version=87.0.4280.88, browserConnectionEnabled=false, proxy=Proxy(), nativeEvents=true, locationContextEnabled=true, cssSelectorsEnabled=true}]
Session ID: 884a3df4c5d0815e13ba7f8b8911751b
*** Element info: {Using=css selector, value=a[id='reportslink']}</font> </a><br/><a href='Screenshots/TestFailure49.png'><font color='red'>Switching to frame Frame path did not happen within 3 seconds</font> </a><br/><a href='Screenshots/TestFailure50.png'><font color='red'>Switching to frame Frame path did not happen within 3 seconds</font> </a><br/><a href='Screenshots/TestFailure51.png'><font color='red'>The given window "2" is failed to open</font> </a></div></td></tr><tr><th>Exception</th></tr><tr><td><div class="stacktrace">java.lang.AssertionError: null
	at utilities.Common.testFailed(Common.java:148)
	at TestCases.TestCases.TestEnd(TestCases.java:10774)
	at TestCases.TestCases.TDR_CAS_01(TestCases.java:1336)
	at java.util.concurrent.FutureTask.run(Unknown Source)
	at java.util.concurrent.ThreadPoolExecutor.runWorker(Unknown Source)
	at java.util.concurrent.ThreadPoolExecutor$Worker.run(Unknown Source)
	at java.lang.Thread.run(Unknown Source)
... Removed 18 stack frames</div></td></tr></table><p class="totop"><a href="#summary">back to summary</a></p><h3 id="m25">TestCases.TestCases#TDR_DET_01</h3><table class="result"><tr class="param"><th>Parameter #1</th></tr><tr class="param stripe"><td>public void TestCases.TestCases.TDR_DET_01(java.lang.reflect.Method)</td></tr><tr><th>Messages</th></tr><tr><td><div class="messages"><font color='blue'>################################DataSet: 1################################</font><br/><a href='Screenshots/TestFailure52.png'><font color='red'>Exception:no such element: Unable to locate element: {"method":"css selector","selector":"a[id='reportslink']"}
  (Session info: chrome=87.0.4280.88)
  (Driver info: chromedriver=72.0.3626.69 (3c16f8a135abc0d4da2dff33804db79b849a7c38),platform=Windows NT 10.0.18362 x86_64) (WARNING: The server did not provide any stacktrace information)
Command duration or timeout: 0 milliseconds
For documentation on this error, please visit: http://seleniumhq.org/exceptions/no_such_element.html
Build info: version: '3.6.0', revision: '6fbf3ec767', time: '2017-09-27T15:28:36.4Z'
System info: host: 'XPITAX-11568', ip: '192.168.0.104', os.name: 'Windows 10', os.arch: 'amd64', os.version: '10.0', java.version: '1.8.0_191'
Driver info: org.openqa.selenium.remote.RemoteWebDriver
Capabilities [{mobileEmulationEnabled=false, timeouts={implicit=0, pageLoad=300000, script=30000}, hasTouchScreen=false, platform=XP, acceptSslCerts=false, goog:chromeOptions={debuggerAddress=localhost:60530}, acceptInsecureCerts=false, webStorageEnabled=true, browserName=chrome, takesScreenshot=true, javascriptEnabled=true, platformName=XP, setWindowRect=true, unexpectedAlertBehaviour=ignore, applicationCacheEnabled=false, rotatable=false, networkConnectionEnabled=false, chrome={chromedriverVersion=72.0.3626.69 (3c16f8a135abc0d4da2dff33804db79b849a7c38), userDataDir=C:\Users\NTHIMM~1\AppData\Local\Temp\scoped_dir75192_30657}, takesHeapSnapshot=true, unhandledPromptBehavior=ignore, pageLoadStrategy=normal, databaseEnabled=false, handlesAlerts=true, version=87.0.4280.88, browserConnectionEnabled=false, proxy=Proxy(), nativeEvents=true, locationContextEnabled=true, cssSelectorsEnabled=true}]
Session ID: 884a3df4c5d0815e13ba7f8b8911751b
*** Element info: {Using=css selector, value=a[id='reportslink']}</font> </a><br/><a href='Screenshots/TestFailure53.png'><font color='red'>Switching to frame Frame path did not happen within 3 seconds</font> </a><br/><a href='Screenshots/TestFailure54.png'><font color='red'>Switching to frame Frame path did not happen within 3 seconds</font> </a><br/><a href='Screenshots/TestFailure55.png'><font color='red'>The given window "2" is failed to open</font> </a></div></td></tr><tr><th>Exception</th></tr><tr><td><div class="stacktrace">java.lang.AssertionError: null
	at utilities.Common.testFailed(Common.java:148)
	at TestCases.TestCases.TestEnd(TestCases.java:10774)
	at TestCases.TestCases.TDR_DET_01(TestCases.java:1877)
	at java.util.concurrent.FutureTask.run(Unknown Source)
	at java.util.concurrent.ThreadPoolExecutor.runWorker(Unknown Source)
	at java.util.concurrent.ThreadPoolExecutor$Worker.run(Unknown Source)
	at java.lang.Thread.run(Unknown Source)
... Removed 18 stack frames</div></td></tr></table><p class="totop"><a href="#summary">back to summary</a></p><h3 id="m26">TestCases.TestCases#TDR_EA_01</h3><table class="result"><tr class="param"><th>Parameter #1</th></tr><tr class="param stripe"><td>public void TestCases.TestCases.TDR_EA_01(java.lang.reflect.Method)</td></tr><tr><th>Messages</th></tr><tr><td><div class="messages"><font color='blue'>################################DataSet: 1################################</font><br/><a href='Screenshots/TestFailure113.png'><font color='red'>Exception:no such element: Unable to locate element: {"method":"css selector","selector":"#displayfirmname +div div[class*='wheel']"}
  (Session info: chrome=87.0.4280.88)
  (Driver info: chromedriver=72.0.3626.69 (3c16f8a135abc0d4da2dff33804db79b849a7c38),platform=Windows NT 10.0.18362 x86_64) (WARNING: The server did not provide any stacktrace information)
Command duration or timeout: 0 milliseconds
For documentation on this error, please visit: http://seleniumhq.org/exceptions/no_such_element.html
Build info: version: '3.6.0', revision: '6fbf3ec767', time: '2017-09-27T15:28:36.4Z'
System info: host: 'XPITAX-11568', ip: '192.168.0.104', os.name: 'Windows 10', os.arch: 'amd64', os.version: '10.0', java.version: '1.8.0_191'
Driver info: org.openqa.selenium.remote.RemoteWebDriver
Capabilities [{mobileEmulationEnabled=false, timeouts={implicit=0, pageLoad=300000, script=30000}, hasTouchScreen=false, platform=XP, acceptSslCerts=false, goog:chromeOptions={debuggerAddress=localhost:60530}, acceptInsecureCerts=false, webStorageEnabled=true, browserName=chrome, takesScreenshot=true, javascriptEnabled=true, platformName=XP, setWindowRect=true, unexpectedAlertBehaviour=ignore, applicationCacheEnabled=false, rotatable=false, networkConnectionEnabled=false, chrome={chromedriverVersion=72.0.3626.69 (3c16f8a135abc0d4da2dff33804db79b849a7c38), userDataDir=C:\Users\NTHIMM~1\AppData\Local\Temp\scoped_dir75192_30657}, takesHeapSnapshot=true, unhandledPromptBehavior=ignore, pageLoadStrategy=normal, databaseEnabled=false, handlesAlerts=true, version=87.0.4280.88, browserConnectionEnabled=false, proxy=Proxy(), nativeEvents=true, locationContextEnabled=true, cssSelectorsEnabled=true}]
Session ID: 884a3df4c5d0815e13ba7f8b8911751b
*** Element info: {Using=css selector, value=#displayfirmname +div div[class*='wheel']}</font> </a><br/><a href='Screenshots/TestFailure114.png'><font color='red'>Switching to frame Frame path did not happen within 30 seconds</font> </a><br/><a href='Screenshots/TestFailure115.png'><font color='red'>Mouse over action on 'Manage settings and defaults' element failed</font> </a><br/><a href='Screenshots/TestFailure116.png'><font color='red'>Exception:no such element: Unable to locate element: {"method":"css selector","selector":"a[id*='ContentPlaceHolder1_LinkManageFirmSettings']"}
  (Session info: chrome=87.0.4280.88)
  (Driver info: chromedriver=72.0.3626.69 (3c16f8a135abc0d4da2dff33804db79b849a7c38),platform=Windows NT 10.0.18362 x86_64) (WARNING: The server did not provide any stacktrace information)
Command duration or timeout: 0 milliseconds
For documentation on this error, please visit: http://seleniumhq.org/exceptions/no_such_element.html
Build info: version: '3.6.0', revision: '6fbf3ec767', time: '2017-09-27T15:28:36.4Z'
System info: host: 'XPITAX-11568', ip: '192.168.0.104', os.name: 'Windows 10', os.arch: 'amd64', os.version: '10.0', java.version: '1.8.0_191'
Driver info: org.openqa.selenium.remote.RemoteWebDriver
Capabilities [{mobileEmulationEnabled=false, timeouts={implicit=0, pageLoad=300000, script=30000}, hasTouchScreen=false, platform=XP, acceptSslCerts=false, goog:chromeOptions={debuggerAddress=localhost:60530}, acceptInsecureCerts=false, webStorageEnabled=true, browserName=chrome, takesScreenshot=true, javascriptEnabled=true, platformName=XP, setWindowRect=true, unexpectedAlertBehaviour=ignore, applicationCacheEnabled=false, rotatable=false, networkConnectionEnabled=false, chrome={chromedriverVersion=72.0.3626.69 (3c16f8a135abc0d4da2dff33804db79b849a7c38), userDataDir=C:\Users\NTHIMM~1\AppData\Local\Temp\scoped_dir75192_30657}, takesHeapSnapshot=true, unhandledPromptBehavior=ignore, pageLoadStrategy=normal, databaseEnabled=false, handlesAlerts=true, version=87.0.4280.88, browserConnectionEnabled=false, proxy=Proxy(), nativeEvents=true, locationContextEnabled=true, cssSelectorsEnabled=true}]
Session ID: 884a3df4c5d0815e13ba7f8b8911751b
*** Element info: {Using=css selector, value=a[id*='ContentPlaceHolder1_LinkManageFirmSettings']}</font> </a><br/><a href='Screenshots/TestFailure117.png'><font color='red'>Switching to frame Frame path did not happen within 3 seconds</font> </a><br/><a href='Screenshots/TestFailure118.png'><font color='red'></font> </a><br/><a href='Screenshots/TestFailure119.png'><font color='red'>Exception:no such element: Unable to locate element: {"method":"css selector","selector":"[id*='ContentPlaceHolder1_editrolerow_Sign']"}
  (Session info: chrome=87.0.4280.88)
  (Driver info: chromedriver=72.0.3626.69 (3c16f8a135abc0d4da2dff33804db79b849a7c38),platform=Windows NT 10.0.18362 x86_64) (WARNING: The server did not provide any stacktrace information)
Command duration or timeout: 0 milliseconds
For documentation on this error, please visit: http://seleniumhq.org/exceptions/no_such_element.html
Build info: version: '3.6.0', revision: '6fbf3ec767', time: '2017-09-27T15:28:36.4Z'
System info: host: 'XPITAX-11568', ip: '192.168.0.104', os.name: 'Windows 10', os.arch: 'amd64', os.version: '10.0', java.version: '1.8.0_191'
Driver info: org.openqa.selenium.remote.RemoteWebDriver
Capabilities [{mobileEmulationEnabled=false, timeouts={implicit=0, pageLoad=300000, script=30000}, hasTouchScreen=false, platform=XP, acceptSslCerts=false, goog:chromeOptions={debuggerAddress=localhost:60530}, acceptInsecureCerts=false, webStorageEnabled=true, browserName=chrome, takesScreenshot=true, javascriptEnabled=true, platformName=XP, setWindowRect=true, unexpectedAlertBehaviour=ignore, applicationCacheEnabled=false, rotatable=false, networkConnectionEnabled=false, chrome={chromedriverVersion=72.0.3626.69 (3c16f8a135abc0d4da2dff33804db79b849a7c38), userDataDir=C:\Users\NTHIMM~1\AppData\Local\Temp\scoped_dir75192_30657}, takesHeapSnapshot=true, unhandledPromptBehavior=ignore, pageLoadStrategy=normal, databaseEnabled=false, handlesAlerts=true, version=87.0.4280.88, browserConnectionEnabled=false, proxy=Proxy(), nativeEvents=true, locationContextEnabled=true, cssSelectorsEnabled=true}]
Session ID: 884a3df4c5d0815e13ba7f8b8911751b
*** Element info: {Using=css selector, value=[id*='ContentPlaceHolder1_editrolerow_Sign']}</font> </a><br/><a href='Screenshots/TestFailure120.png'><font color='red'>Switching to frame Frame path did not happen within 3 seconds</font> </a><br/><a href='Screenshots/TestFailure121.png'><font color='red'></font> </a><br/><a href='Screenshots/TestFailure122.png'><font color='red'>Switching to frame Frame path did not happen within 3 seconds</font> </a><br/><a href='Screenshots/TestFailure123.png'><font color='red'>Exception:no such element: Unable to locate element: {"method":"css selector","selector":"[id*='ContentPlaceHolder1_SRoles']"}
  (Session info: chrome=87.0.4280.88)
  (Driver info: chromedriver=72.0.3626.69 (3c16f8a135abc0d4da2dff33804db79b849a7c38),platform=Windows NT 10.0.18362 x86_64) (WARNING: The server did not provide any stacktrace information)
Command duration or timeout: 0 milliseconds
For documentation on this error, please visit: http://seleniumhq.org/exceptions/no_such_element.html
Build info: version: '3.6.0', revision: '6fbf3ec767', time: '2017-09-27T15:28:36.4Z'
System info: host: 'XPITAX-11568', ip: '192.168.0.104', os.name: 'Windows 10', os.arch: 'amd64', os.version: '10.0', java.version: '1.8.0_191'
Driver info: org.openqa.selenium.remote.RemoteWebDriver
Capabilities [{mobileEmulationEnabled=false, timeouts={implicit=0, pageLoad=300000, script=30000}, hasTouchScreen=false, platform=XP, acceptSslCerts=false, goog:chromeOptions={debuggerAddress=localhost:60530}, acceptInsecureCerts=false, webStorageEnabled=true, browserName=chrome, takesScreenshot=true, javascriptEnabled=true, platformName=XP, setWindowRect=true, unexpectedAlertBehaviour=ignore, applicationCacheEnabled=false, rotatable=false, networkConnectionEnabled=false, chrome={chromedriverVersion=72.0.3626.69 (3c16f8a135abc0d4da2dff33804db79b849a7c38), userDataDir=C:\Users\NTHIMM~1\AppData\Local\Temp\scoped_dir75192_30657}, takesHeapSnapshot=true, unhandledPromptBehavior=ignore, pageLoadStrategy=normal, databaseEnabled=false, handlesAlerts=true, version=87.0.4280.88, browserConnectionEnabled=false, proxy=Proxy(), nativeEvents=true, locationContextEnabled=true, cssSelectorsEnabled=true}]
Session ID: 884a3df4c5d0815e13ba7f8b8911751b
*** Element info: {Using=css selector, value=[id*='ContentPlaceHolder1_SRoles']}</font> </a><br/><a href='Screenshots/TestFailure124.png'><font color='red'>Exception:no such element: Unable to locate element: {"method":"css selector","selector":"a[id='reportslink']"}
  (Session info: chrome=87.0.4280.88)
  (Driver info: chromedriver=72.0.3626.69 (3c16f8a135abc0d4da2dff33804db79b849a7c38),platform=Windows NT 10.0.18362 x86_64) (WARNING: The server did not provide any stacktrace information)
Command duration or timeout: 0 milliseconds
For documentation on this error, please visit: http://seleniumhq.org/exceptions/no_such_element.html
Build info: version: '3.6.0', revision: '6fbf3ec767', time: '2017-09-27T15:28:36.4Z'
System info: host: 'XPITAX-11568', ip: '192.168.0.104', os.name: 'Windows 10', os.arch: 'amd64', os.version: '10.0', java.version: '1.8.0_191'
Driver info: org.openqa.selenium.remote.RemoteWebDriver
Capabilities [{mobileEmulationEnabled=false, timeouts={implicit=0, pageLoad=300000, script=30000}, hasTouchScreen=false, platform=XP, acceptSslCerts=false, goog:chromeOptions={debuggerAddress=localhost:60530}, acceptInsecureCerts=false, webStorageEnabled=true, browserName=chrome, takesScreenshot=true, javascriptEnabled=true, platformName=XP, setWindowRect=true, unexpectedAlertBehaviour=ignore, applicationCacheEnabled=false, rotatable=false, networkConnectionEnabled=false, chrome={chromedriverVersion=72.0.3626.69 (3c16f8a135abc0d4da2dff33804db79b849a7c38), userDataDir=C:\Users\NTHIMM~1\AppData\Local\Temp\scoped_dir75192_30657}, takesHeapSnapshot=true, unhandledPromptBehavior=ignore, pageLoadStrategy=normal, databaseEnabled=false, handlesAlerts=true, version=87.0.4280.88, browserConnectionEnabled=false, proxy=Proxy(), nativeEvents=true, locationContextEnabled=true, cssSelectorsEnabled=true}]
Session ID: 884a3df4c5d0815e13ba7f8b8911751b
*** Element info: {Using=css selector, value=a[id='reportslink']}</font> </a><br/><a href='Screenshots/TestFailure125.png'><font color='red'>Switching to frame Frame path did not happen within 3 seconds</font> </a><br/><a href='Screenshots/TestFailure126.png'><font color='red'>Switching to frame Frame path did not happen within 3 seconds</font> </a><br/><a href='Screenshots/TestFailure127.png'><font color='red'>Switching to frame Frame path did not happen within 3 seconds</font> </a><br/><a href='Screenshots/TestFailure128.png'><font color='red'>Switching to frame Frame path did not happen within 3 seconds</font> </a><br/><a href='Screenshots/TestFailure129.png'><font color='red'>Switching to frame Frame path did not happen within 3 seconds</font> </a><br/><a href='Screenshots/TestFailure130.png'><font color='red'>Switching to frame Frame path did not happen within 3 seconds</font> </a><br/><a href='Screenshots/TestFailure131.png'><font color='red'>Switching to frame Frame path did not happen within 3 seconds</font> </a><br/><a href='Screenshots/TestFailure132.png'><font color='red'>Switching to frame Frame path did not happen within 3 seconds</font> </a><br/><a href='Screenshots/TestFailure133.png'><font color='red'>Switching to frame Frame path did not happen within 3 seconds</font> </a><br/><a href='Screenshots/TestFailure134.png'><font color='red'>Switching to frame Frame path did not happen within 3 seconds</font> </a><br/><a href='Screenshots/TestFailure135.png'><font color='red'>Switching to frame Frame path did not happen within 3 seconds</font> </a><br/><a href='Screenshots/TestFailure136.png'><font color='red'>Switching to frame Frame path did not happen within 3 seconds</font> </a><br/><a href='Screenshots/TestFailure137.png'><font color='red'>Switching to frame Frame path did not happen within 3 seconds</font> </a><br/><a href='Screenshots/TestFailure138.png'><font color='red'>Switching to frame Frame path did not happen within 3 seconds</font> </a><br/><a href='Screenshots/TestFailure139.png'><font color='red'>Switching to frame Frame path did not happen within 3 seconds</font> </a><br/><a href='Screenshots/TestFailure140.png'><font color='red'>Exception:no such element: Unable to locate element: {"method":"css selector","selector":"input[value='Export']"}
  (Session info: chrome=87.0.4280.88)
  (Driver info: chromedriver=72.0.3626.69 (3c16f8a135abc0d4da2dff33804db79b849a7c38),platform=Windows NT 10.0.18362 x86_64) (WARNING: The server did not provide any stacktrace information)
Command duration or timeout: 0 milliseconds
For documentation on this error, please visit: http://seleniumhq.org/exceptions/no_such_element.html
Build info: version: '3.6.0', revision: '6fbf3ec767', time: '2017-09-27T15:28:36.4Z'
System info: host: 'XPITAX-11568', ip: '192.168.0.104', os.name: 'Windows 10', os.arch: 'amd64', os.version: '10.0', java.version: '1.8.0_191'
Driver info: org.openqa.selenium.remote.RemoteWebDriver
Capabilities [{mobileEmulationEnabled=false, timeouts={implicit=0, pageLoad=300000, script=30000}, hasTouchScreen=false, platform=XP, acceptSslCerts=false, goog:chromeOptions={debuggerAddress=localhost:60530}, acceptInsecureCerts=false, webStorageEnabled=true, browserName=chrome, takesScreenshot=true, javascriptEnabled=true, platformName=XP, setWindowRect=true, unexpectedAlertBehaviour=ignore, applicationCacheEnabled=false, rotatable=false, networkConnectionEnabled=false, chrome={chromedriverVersion=72.0.3626.69 (3c16f8a135abc0d4da2dff33804db79b849a7c38), userDataDir=C:\Users\NTHIMM~1\AppData\Local\Temp\scoped_dir75192_30657}, takesHeapSnapshot=true, unhandledPromptBehavior=ignore, pageLoadStrategy=normal, databaseEnabled=false, handlesAlerts=true, version=87.0.4280.88, browserConnectionEnabled=false, proxy=Proxy(), nativeEvents=true, locationContextEnabled=true, cssSelectorsEnabled=true}]
Session ID: 884a3df4c5d0815e13ba7f8b8911751b
*** Element info: {Using=css selector, value=input[value='Export']}</font> </a></div></td></tr><tr><th>Exception</th></tr><tr><td><div class="stacktrace">java.lang.AssertionError: null
	at utilities.Common.testFailed(Common.java:148)
	at TestCases.TestCases.TestEnd(TestCases.java:10774)
	at TestCases.TestCases.TDR_EA_01(TestCases.java:3218)
	at java.util.concurrent.FutureTask.run(Unknown Source)
	at java.util.concurrent.ThreadPoolExecutor.runWorker(Unknown Source)
	at java.util.concurrent.ThreadPoolExecutor$Worker.run(Unknown Source)
	at java.lang.Thread.run(Unknown Source)
... Removed 18 stack frames</div></td></tr></table><p class="totop"><a href="#summary">back to summary</a></p><h3 id="m27">TestCases.TestCases#TDR_EFS_01</h3><table class="result"><tr class="param"><th>Parameter #1</th></tr><tr class="param stripe"><td>public void TestCases.TestCases.TDR_EFS_01(java.lang.reflect.Method)</td></tr><tr><th>Messages</th></tr><tr><td><div class="messages"><font color='blue'>################################DataSet: 1################################</font><br/><a href='Screenshots/TestFailure56.png'><font color='red'>Exception:no such element: Unable to locate element: {"method":"css selector","selector":"a[id='reportslink']"}
  (Session info: chrome=87.0.4280.88)
  (Driver info: chromedriver=72.0.3626.69 (3c16f8a135abc0d4da2dff33804db79b849a7c38),platform=Windows NT 10.0.18362 x86_64) (WARNING: The server did not provide any stacktrace information)
Command duration or timeout: 0 milliseconds
For documentation on this error, please visit: http://seleniumhq.org/exceptions/no_such_element.html
Build info: version: '3.6.0', revision: '6fbf3ec767', time: '2017-09-27T15:28:36.4Z'
System info: host: 'XPITAX-11568', ip: '192.168.0.104', os.name: 'Windows 10', os.arch: 'amd64', os.version: '10.0', java.version: '1.8.0_191'
Driver info: org.openqa.selenium.remote.RemoteWebDriver
Capabilities [{mobileEmulationEnabled=false, timeouts={implicit=0, pageLoad=300000, script=30000}, hasTouchScreen=false, platform=XP, acceptSslCerts=false, goog:chromeOptions={debuggerAddress=localhost:60530}, acceptInsecureCerts=false, webStorageEnabled=true, browserName=chrome, takesScreenshot=true, javascriptEnabled=true, platformName=XP, setWindowRect=true, unexpectedAlertBehaviour=ignore, applicationCacheEnabled=false, rotatable=false, networkConnectionEnabled=false, chrome={chromedriverVersion=72.0.3626.69 (3c16f8a135abc0d4da2dff33804db79b849a7c38), userDataDir=C:\Users\NTHIMM~1\AppData\Local\Temp\scoped_dir75192_30657}, takesHeapSnapshot=true, unhandledPromptBehavior=ignore, pageLoadStrategy=normal, databaseEnabled=false, handlesAlerts=true, version=87.0.4280.88, browserConnectionEnabled=false, proxy=Proxy(), nativeEvents=true, locationContextEnabled=true, cssSelectorsEnabled=true}]
Session ID: 884a3df4c5d0815e13ba7f8b8911751b
*** Element info: {Using=css selector, value=a[id='reportslink']}</font> </a><br/><a href='Screenshots/TestFailure57.png'><font color='red'>Switching to frame Frame path did not happen within 3 seconds</font> </a><br/><a href='Screenshots/TestFailure58.png'><font color='red'>Switching to frame Frame path did not happen within 3 seconds</font> </a><br/><a href='Screenshots/TestFailure59.png'><font color='red'>The given window "2" is failed to open</font> </a></div></td></tr><tr><th>Exception</th></tr><tr><td><div class="stacktrace">java.lang.AssertionError: null
	at utilities.Common.testFailed(Common.java:148)
	at TestCases.TestCases.TestEnd(TestCases.java:10774)
	at TestCases.TestCases.TDR_EFS_01(TestCases.java:1054)
	at java.util.concurrent.FutureTask.run(Unknown Source)
	at java.util.concurrent.ThreadPoolExecutor.runWorker(Unknown Source)
	at java.util.concurrent.ThreadPoolExecutor$Worker.run(Unknown Source)
	at java.lang.Thread.run(Unknown Source)
... Removed 18 stack frames</div></td></tr></table><p class="totop"><a href="#summary">back to summary</a></p><h3 id="m28">TestCases.TestCases#TDR_OUT_01</h3><table class="result"><tr class="param"><th>Parameter #1</th></tr><tr class="param stripe"><td>public void TestCases.TestCases.TDR_OUT_01(java.lang.reflect.Method)</td></tr><tr><th>Messages</th></tr><tr><td><div class="messages"><font color='blue'>################################DataSet: 1################################</font><br/><a href='Screenshots/TestFailure60.png'><font color='red'>Exception:no such element: Unable to locate element: {"method":"css selector","selector":"a[id='reportslink']"}
  (Session info: chrome=87.0.4280.88)
  (Driver info: chromedriver=72.0.3626.69 (3c16f8a135abc0d4da2dff33804db79b849a7c38),platform=Windows NT 10.0.18362 x86_64) (WARNING: The server did not provide any stacktrace information)
Command duration or timeout: 0 milliseconds
For documentation on this error, please visit: http://seleniumhq.org/exceptions/no_such_element.html
Build info: version: '3.6.0', revision: '6fbf3ec767', time: '2017-09-27T15:28:36.4Z'
System info: host: 'XPITAX-11568', ip: '192.168.0.104', os.name: 'Windows 10', os.arch: 'amd64', os.version: '10.0', java.version: '1.8.0_191'
Driver info: org.openqa.selenium.remote.RemoteWebDriver
Capabilities [{mobileEmulationEnabled=false, timeouts={implicit=0, pageLoad=300000, script=30000}, hasTouchScreen=false, platform=XP, acceptSslCerts=false, goog:chromeOptions={debuggerAddress=localhost:60530}, acceptInsecureCerts=false, webStorageEnabled=true, browserName=chrome, takesScreenshot=true, javascriptEnabled=true, platformName=XP, setWindowRect=true, unexpectedAlertBehaviour=ignore, applicationCacheEnabled=false, rotatable=false, networkConnectionEnabled=false, chrome={chromedriverVersion=72.0.3626.69 (3c16f8a135abc0d4da2dff33804db79b849a7c38), userDataDir=C:\Users\NTHIMM~1\AppData\Local\Temp\scoped_dir75192_30657}, takesHeapSnapshot=true, unhandledPromptBehavior=ignore, pageLoadStrategy=normal, databaseEnabled=false, handlesAlerts=true, version=87.0.4280.88, browserConnectionEnabled=false, proxy=Proxy(), nativeEvents=true, locationContextEnabled=true, cssSelectorsEnabled=true}]
Session ID: 884a3df4c5d0815e13ba7f8b8911751b
*** Element info: {Using=css selector, value=a[id='reportslink']}</font> </a><br/><a href='Screenshots/TestFailure61.png'><font color='red'>Switching to frame Frame path did not happen within 3 seconds</font> </a><br/><a href='Screenshots/TestFailure62.png'><font color='red'>Switching to frame Frame path did not happen within 3 seconds</font> </a><br/><a href='Screenshots/TestFailure63.png'><font color='red'>The given window "2" is failed to open</font> </a></div></td></tr><tr><th>Exception</th></tr><tr><td><div class="stacktrace">java.lang.AssertionError: null
	at utilities.Common.testFailed(Common.java:148)
	at TestCases.TestCases.TestEnd(TestCases.java:10774)
	at TestCases.TestCases.TDR_OUT_01(TestCases.java:2652)
	at java.util.concurrent.FutureTask.run(Unknown Source)
	at java.util.concurrent.ThreadPoolExecutor.runWorker(Unknown Source)
	at java.util.concurrent.ThreadPoolExecutor$Worker.run(Unknown Source)
	at java.lang.Thread.run(Unknown Source)
... Removed 18 stack frames</div></td></tr></table><p class="totop"><a href="#summary">back to summary</a></p><h3 id="m29">TestCases.TestCases#TDR_SBCE_001</h3><table class="result"><tr class="param"><th>Parameter #1</th></tr><tr class="param stripe"><td>public void TestCases.TestCases.TDR_SBCE_001(java.lang.reflect.Method)</td></tr><tr><th>Messages</th></tr><tr><td><div class="messages"><font color='blue'>################################DataSet: 1################################</font><br/><a href='Screenshots/TestFailure64.png'><font color='red'>Exception:no such element: Unable to locate element: {"method":"css selector","selector":"a[id='reportslink']"}
  (Session info: chrome=87.0.4280.88)
  (Driver info: chromedriver=72.0.3626.69 (3c16f8a135abc0d4da2dff33804db79b849a7c38),platform=Windows NT 10.0.18362 x86_64) (WARNING: The server did not provide any stacktrace information)
Command duration or timeout: 0 milliseconds
For documentation on this error, please visit: http://seleniumhq.org/exceptions/no_such_element.html
Build info: version: '3.6.0', revision: '6fbf3ec767', time: '2017-09-27T15:28:36.4Z'
System info: host: 'XPITAX-11568', ip: '192.168.0.104', os.name: 'Windows 10', os.arch: 'amd64', os.version: '10.0', java.version: '1.8.0_191'
Driver info: org.openqa.selenium.remote.RemoteWebDriver
Capabilities [{mobileEmulationEnabled=false, timeouts={implicit=0, pageLoad=300000, script=30000}, hasTouchScreen=false, platform=XP, acceptSslCerts=false, goog:chromeOptions={debuggerAddress=localhost:60530}, acceptInsecureCerts=false, webStorageEnabled=true, browserName=chrome, takesScreenshot=true, javascriptEnabled=true, platformName=XP, setWindowRect=true, unexpectedAlertBehaviour=ignore, applicationCacheEnabled=false, rotatable=false, networkConnectionEnabled=false, chrome={chromedriverVersion=72.0.3626.69 (3c16f8a135abc0d4da2dff33804db79b849a7c38), userDataDir=C:\Users\NTHIMM~1\AppData\Local\Temp\scoped_dir75192_30657}, takesHeapSnapshot=true, unhandledPromptBehavior=ignore, pageLoadStrategy=normal, databaseEnabled=false, handlesAlerts=true, version=87.0.4280.88, browserConnectionEnabled=false, proxy=Proxy(), nativeEvents=true, locationContextEnabled=true, cssSelectorsEnabled=true}]
Session ID: 884a3df4c5d0815e13ba7f8b8911751b
*** Element info: {Using=css selector, value=a[id='reportslink']}</font> </a><br/><a href='Screenshots/TestFailure65.png'><font color='red'>Switching to frame Frame path did not happen within 3 seconds</font> </a><br/><a href='Screenshots/TestFailure66.png'><font color='red'>Switching to frame Frame path did not happen within 3 seconds</font> </a><br/><a href='Screenshots/TestFailure67.png'><font color='red'>The given window "2" is failed to open</font> </a></div></td></tr><tr><th>Exception</th></tr><tr><td><div class="stacktrace">java.lang.AssertionError: null
	at utilities.Common.testFailed(Common.java:148)
	at TestCases.TestCases.TestEnd(TestCases.java:10774)
	at TestCases.TestCases.TDR_SBCE_001(TestCases.java:2406)
	at java.util.concurrent.FutureTask.run(Unknown Source)
	at java.util.concurrent.ThreadPoolExecutor.runWorker(Unknown Source)
	at java.util.concurrent.ThreadPoolExecutor$Worker.run(Unknown Source)
	at java.lang.Thread.run(Unknown Source)
... Removed 18 stack frames</div></td></tr></table><p class="totop"><a href="#summary">back to summary</a></p><h3 id="m30">TestCases.TestCases#TDR_SBD_01</h3><table class="result"><tr class="param"><th>Parameter #1</th></tr><tr class="param stripe"><td>public void TestCases.TestCases.TDR_SBD_01(java.lang.reflect.Method)</td></tr><tr><th>Messages</th></tr><tr><td><div class="messages"><font color='blue'>################################DataSet: 1################################</font><br/><a href='Screenshots/TestFailure72.png'><font color='red'>Exception:no such element: Unable to locate element: {"method":"css selector","selector":"a[id='reportslink']"}
  (Session info: chrome=87.0.4280.88)
  (Driver info: chromedriver=72.0.3626.69 (3c16f8a135abc0d4da2dff33804db79b849a7c38),platform=Windows NT 10.0.18362 x86_64) (WARNING: The server did not provide any stacktrace information)
Command duration or timeout: 0 milliseconds
For documentation on this error, please visit: http://seleniumhq.org/exceptions/no_such_element.html
Build info: version: '3.6.0', revision: '6fbf3ec767', time: '2017-09-27T15:28:36.4Z'
System info: host: 'XPITAX-11568', ip: '192.168.0.104', os.name: 'Windows 10', os.arch: 'amd64', os.version: '10.0', java.version: '1.8.0_191'
Driver info: org.openqa.selenium.remote.RemoteWebDriver
Capabilities [{mobileEmulationEnabled=false, timeouts={implicit=0, pageLoad=300000, script=30000}, hasTouchScreen=false, platform=XP, acceptSslCerts=false, goog:chromeOptions={debuggerAddress=localhost:60530}, acceptInsecureCerts=false, webStorageEnabled=true, browserName=chrome, takesScreenshot=true, javascriptEnabled=true, platformName=XP, setWindowRect=true, unexpectedAlertBehaviour=ignore, applicationCacheEnabled=false, rotatable=false, networkConnectionEnabled=false, chrome={chromedriverVersion=72.0.3626.69 (3c16f8a135abc0d4da2dff33804db79b849a7c38), userDataDir=C:\Users\NTHIMM~1\AppData\Local\Temp\scoped_dir75192_30657}, takesHeapSnapshot=true, unhandledPromptBehavior=ignore, pageLoadStrategy=normal, databaseEnabled=false, handlesAlerts=true, version=87.0.4280.88, browserConnectionEnabled=false, proxy=Proxy(), nativeEvents=true, locationContextEnabled=true, cssSelectorsEnabled=true}]
Session ID: 884a3df4c5d0815e13ba7f8b8911751b
*** Element info: {Using=css selector, value=a[id='reportslink']}</font> </a><br/><a href='Screenshots/TestFailure73.png'><font color='red'>Switching to frame Frame path did not happen within 3 seconds</font> </a><br/><a href='Screenshots/TestFailure74.png'><font color='red'>Switching to frame Frame path did not happen within 3 seconds</font> </a><br/><a href='Screenshots/TestFailure75.png'><font color='red'>The given window "2" is failed to open</font> </a></div></td></tr><tr><th>Exception</th></tr><tr><td><div class="stacktrace">java.lang.AssertionError: null
	at utilities.Common.testFailed(Common.java:148)
	at TestCases.TestCases.TestEnd(TestCases.java:10774)
	at TestCases.TestCases.TDR_SBD_01(TestCases.java:1619)
	at java.util.concurrent.FutureTask.run(Unknown Source)
	at java.util.concurrent.ThreadPoolExecutor.runWorker(Unknown Source)
	at java.util.concurrent.ThreadPoolExecutor$Worker.run(Unknown Source)
	at java.lang.Thread.run(Unknown Source)
... Removed 18 stack frames</div></td></tr></table><p class="totop"><a href="#summary">back to summary</a></p><h3 id="m31">TestCases.TestCases#TDR_SBS_001</h3><table class="result"><tr class="param"><th>Parameter #1</th></tr><tr class="param stripe"><td>public void TestCases.TestCases.TDR_SBS_001(java.lang.reflect.Method)</td></tr><tr><th>Messages</th></tr><tr><td><div class="messages"><font color='blue'>################################DataSet: 1################################</font><br/><a href='Screenshots/TestFailure68.png'><font color='red'>Exception:no such element: Unable to locate element: {"method":"css selector","selector":"a[id='reportslink']"}
  (Session info: chrome=87.0.4280.88)
  (Driver info: chromedriver=72.0.3626.69 (3c16f8a135abc0d4da2dff33804db79b849a7c38),platform=Windows NT 10.0.18362 x86_64) (WARNING: The server did not provide any stacktrace information)
Command duration or timeout: 0 milliseconds
For documentation on this error, please visit: http://seleniumhq.org/exceptions/no_such_element.html
Build info: version: '3.6.0', revision: '6fbf3ec767', time: '2017-09-27T15:28:36.4Z'
System info: host: 'XPITAX-11568', ip: '192.168.0.104', os.name: 'Windows 10', os.arch: 'amd64', os.version: '10.0', java.version: '1.8.0_191'
Driver info: org.openqa.selenium.remote.RemoteWebDriver
Capabilities [{mobileEmulationEnabled=false, timeouts={implicit=0, pageLoad=300000, script=30000}, hasTouchScreen=false, platform=XP, acceptSslCerts=false, goog:chromeOptions={debuggerAddress=localhost:60530}, acceptInsecureCerts=false, webStorageEnabled=true, browserName=chrome, takesScreenshot=true, javascriptEnabled=true, platformName=XP, setWindowRect=true, unexpectedAlertBehaviour=ignore, applicationCacheEnabled=false, rotatable=false, networkConnectionEnabled=false, chrome={chromedriverVersion=72.0.3626.69 (3c16f8a135abc0d4da2dff33804db79b849a7c38), userDataDir=C:\Users\NTHIMM~1\AppData\Local\Temp\scoped_dir75192_30657}, takesHeapSnapshot=true, unhandledPromptBehavior=ignore, pageLoadStrategy=normal, databaseEnabled=false, handlesAlerts=true, version=87.0.4280.88, browserConnectionEnabled=false, proxy=Proxy(), nativeEvents=true, locationContextEnabled=true, cssSelectorsEnabled=true}]
Session ID: 884a3df4c5d0815e13ba7f8b8911751b
*** Element info: {Using=css selector, value=a[id='reportslink']}</font> </a><br/><a href='Screenshots/TestFailure69.png'><font color='red'>Switching to frame Frame path did not happen within 3 seconds</font> </a><br/><a href='Screenshots/TestFailure70.png'><font color='red'>Switching to frame Frame path did not happen within 3 seconds</font> </a><br/><a href='Screenshots/TestFailure71.png'><font color='red'>The given window "2" is failed to open</font> </a></div></td></tr><tr><th>Exception</th></tr><tr><td><div class="stacktrace">java.lang.AssertionError: null
	at utilities.Common.testFailed(Common.java:148)
	at TestCases.TestCases.TestEnd(TestCases.java:10774)
	at TestCases.TestCases.TDR_SBS_001(TestCases.java:2147)
	at java.util.concurrent.FutureTask.run(Unknown Source)
	at java.util.concurrent.ThreadPoolExecutor.runWorker(Unknown Source)
	at java.util.concurrent.ThreadPoolExecutor$Worker.run(Unknown Source)
	at java.lang.Thread.run(Unknown Source)
... Removed 18 stack frames</div></td></tr></table><p class="totop"><a href="#summary">back to summary</a></p><h3 id="m32">TestCases.TestCases#TDR_TSA_01</h3><table class="result"><tr class="param"><th>Parameter #1</th></tr><tr class="param stripe"><td>public void TestCases.TestCases.TDR_TSA_01(java.lang.reflect.Method)</td></tr><tr><th>Messages</th></tr><tr><td><div class="messages"><font color='blue'>################################DataSet: 1################################</font><br/><a href='Screenshots/TestFailure80.png'><font color='red'>Exception:no such element: Unable to locate element: {"method":"css selector","selector":"a[id='reportslink']"}
  (Session info: chrome=87.0.4280.88)
  (Driver info: chromedriver=72.0.3626.69 (3c16f8a135abc0d4da2dff33804db79b849a7c38),platform=Windows NT 10.0.18362 x86_64) (WARNING: The server did not provide any stacktrace information)
Command duration or timeout: 0 milliseconds
For documentation on this error, please visit: http://seleniumhq.org/exceptions/no_such_element.html
Build info: version: '3.6.0', revision: '6fbf3ec767', time: '2017-09-27T15:28:36.4Z'
System info: host: 'XPITAX-11568', ip: '192.168.0.104', os.name: 'Windows 10', os.arch: 'amd64', os.version: '10.0', java.version: '1.8.0_191'
Driver info: org.openqa.selenium.remote.RemoteWebDriver
Capabilities [{mobileEmulationEnabled=false, timeouts={implicit=0, pageLoad=300000, script=30000}, hasTouchScreen=false, platform=XP, acceptSslCerts=false, goog:chromeOptions={debuggerAddress=localhost:60530}, acceptInsecureCerts=false, webStorageEnabled=true, browserName=chrome, takesScreenshot=true, javascriptEnabled=true, platformName=XP, setWindowRect=true, unexpectedAlertBehaviour=ignore, applicationCacheEnabled=false, rotatable=false, networkConnectionEnabled=false, chrome={chromedriverVersion=72.0.3626.69 (3c16f8a135abc0d4da2dff33804db79b849a7c38), userDataDir=C:\Users\NTHIMM~1\AppData\Local\Temp\scoped_dir75192_30657}, takesHeapSnapshot=true, unhandledPromptBehavior=ignore, pageLoadStrategy=normal, databaseEnabled=false, handlesAlerts=true, version=87.0.4280.88, browserConnectionEnabled=false, proxy=Proxy(), nativeEvents=true, locationContextEnabled=true, cssSelectorsEnabled=true}]
Session ID: 884a3df4c5d0815e13ba7f8b8911751b
*** Element info: {Using=css selector, value=a[id='reportslink']}</font> </a><br/><a href='Screenshots/TestFailure81.png'><font color='red'>Switching to frame Frame path did not happen within 3 seconds</font> </a><br/><a href='Screenshots/TestFailure82.png'><font color='red'>Switching to frame Frame path did not happen within 3 seconds</font> </a><br/><a href='Screenshots/TestFailure83.png'><font color='red'>The given window "2" is failed to open</font> </a></div></td></tr><tr><th>Exception</th></tr><tr><td><div class="stacktrace">java.lang.AssertionError: null
	at utilities.Common.testFailed(Common.java:148)
	at TestCases.TestCases.TestEnd(TestCases.java:10774)
	at TestCases.TestCases.TDR_TSA_01(TestCases.java:2893)
	at java.util.concurrent.FutureTask.run(Unknown Source)
	at java.util.concurrent.ThreadPoolExecutor.runWorker(Unknown Source)
	at java.util.concurrent.ThreadPoolExecutor$Worker.run(Unknown Source)
	at java.lang.Thread.run(Unknown Source)
... Removed 18 stack frames</div></td></tr></table><p class="totop"><a href="#summary">back to summary</a></p><h3 id="m33">TestCases.TestCases#TDR_TTC_01</h3><table class="result"><tr class="param"><th>Parameter #1</th></tr><tr class="param stripe"><td>public void TestCases.TestCases.TDR_TTC_01(java.lang.reflect.Method)</td></tr><tr><th>Messages</th></tr><tr><td><div class="messages"><font color='blue'>################################DataSet: 1################################</font><br/><a href='Screenshots/TestFailure76.png'><font color='red'>Exception:no such element: Unable to locate element: {"method":"css selector","selector":"a[id='reportslink']"}
  (Session info: chrome=87.0.4280.88)
  (Driver info: chromedriver=72.0.3626.69 (3c16f8a135abc0d4da2dff33804db79b849a7c38),platform=Windows NT 10.0.18362 x86_64) (WARNING: The server did not provide any stacktrace information)
Command duration or timeout: 0 milliseconds
For documentation on this error, please visit: http://seleniumhq.org/exceptions/no_such_element.html
Build info: version: '3.6.0', revision: '6fbf3ec767', time: '2017-09-27T15:28:36.4Z'
System info: host: 'XPITAX-11568', ip: '192.168.0.104', os.name: 'Windows 10', os.arch: 'amd64', os.version: '10.0', java.version: '1.8.0_191'
Driver info: org.openqa.selenium.remote.RemoteWebDriver
Capabilities [{mobileEmulationEnabled=false, timeouts={implicit=0, pageLoad=300000, script=30000}, hasTouchScreen=false, platform=XP, acceptSslCerts=false, goog:chromeOptions={debuggerAddress=localhost:60530}, acceptInsecureCerts=false, webStorageEnabled=true, browserName=chrome, takesScreenshot=true, javascriptEnabled=true, platformName=XP, setWindowRect=true, unexpectedAlertBehaviour=ignore, applicationCacheEnabled=false, rotatable=false, networkConnectionEnabled=false, chrome={chromedriverVersion=72.0.3626.69 (3c16f8a135abc0d4da2dff33804db79b849a7c38), userDataDir=C:\Users\NTHIMM~1\AppData\Local\Temp\scoped_dir75192_30657}, takesHeapSnapshot=true, unhandledPromptBehavior=ignore, pageLoadStrategy=normal, databaseEnabled=false, handlesAlerts=true, version=87.0.4280.88, browserConnectionEnabled=false, proxy=Proxy(), nativeEvents=true, locationContextEnabled=true, cssSelectorsEnabled=true}]
Session ID: 884a3df4c5d0815e13ba7f8b8911751b
*** Element info: {Using=css selector, value=a[id='reportslink']}</font> </a><br/><a href='Screenshots/TestFailure77.png'><font color='red'>Switching to frame Frame path did not happen within 3 seconds</font> </a><br/><a href='Screenshots/TestFailure78.png'><font color='red'>Switching to frame Frame path did not happen within 3 seconds</font> </a><br/><a href='Screenshots/TestFailure79.png'><font color='red'>The given window "2" is failed to open</font> </a></div></td></tr><tr><th>Exception</th></tr><tr><td><div class="stacktrace">java.lang.AssertionError: null
	at utilities.Common.testFailed(Common.java:148)
	at TestCases.TestCases.TestEnd(TestCases.java:10774)
	at TestCases.TestCases.TDR_TTC_01(TestCases.java:3262)
	at java.util.concurrent.FutureTask.run(Unknown Source)
	at java.util.concurrent.ThreadPoolExecutor.runWorker(Unknown Source)
	at java.util.concurrent.ThreadPoolExecutor$Worker.run(Unknown Source)
	at java.lang.Thread.run(Unknown Source)
... Removed 18 stack frames</div></td></tr></table><p class="totop"><a href="#summary">back to summary</a></p><h3 id="m34">TestCases.TestCases#UR_CLD_01</h3><table class="result"><tr class="param"><th>Parameter #1</th></tr><tr class="param stripe"><td>public void TestCases.TestCases.UR_CLD_01(java.lang.reflect.Method)</td></tr><tr><th>Messages</th></tr><tr><td><div class="messages"><font color='blue'>################################DataSet: 1################################</font><br/><a href='Screenshots/TestFailure12.png'><font color='red'>Exception:no such element: Unable to locate element: {"method":"css selector","selector":"a[id='reportslink']"}
  (Session info: chrome=87.0.4280.88)
  (Driver info: chromedriver=72.0.3626.69 (3c16f8a135abc0d4da2dff33804db79b849a7c38),platform=Windows NT 10.0.18362 x86_64) (WARNING: The server did not provide any stacktrace information)
Command duration or timeout: 0 milliseconds
For documentation on this error, please visit: http://seleniumhq.org/exceptions/no_such_element.html
Build info: version: '3.6.0', revision: '6fbf3ec767', time: '2017-09-27T15:28:36.4Z'
System info: host: 'XPITAX-11568', ip: '192.168.0.104', os.name: 'Windows 10', os.arch: 'amd64', os.version: '10.0', java.version: '1.8.0_191'
Driver info: org.openqa.selenium.remote.RemoteWebDriver
Capabilities [{mobileEmulationEnabled=false, timeouts={implicit=0, pageLoad=300000, script=30000}, hasTouchScreen=false, platform=XP, acceptSslCerts=false, goog:chromeOptions={debuggerAddress=localhost:60530}, acceptInsecureCerts=false, webStorageEnabled=true, browserName=chrome, takesScreenshot=true, javascriptEnabled=true, platformName=XP, setWindowRect=true, unexpectedAlertBehaviour=ignore, applicationCacheEnabled=false, rotatable=false, networkConnectionEnabled=false, chrome={chromedriverVersion=72.0.3626.69 (3c16f8a135abc0d4da2dff33804db79b849a7c38), userDataDir=C:\Users\NTHIMM~1\AppData\Local\Temp\scoped_dir75192_30657}, takesHeapSnapshot=true, unhandledPromptBehavior=ignore, pageLoadStrategy=normal, databaseEnabled=false, handlesAlerts=true, version=87.0.4280.88, browserConnectionEnabled=false, proxy=Proxy(), nativeEvents=true, locationContextEnabled=true, cssSelectorsEnabled=true}]
Session ID: 884a3df4c5d0815e13ba7f8b8911751b
*** Element info: {Using=css selector, value=a[id='reportslink']}</font> </a><br/><a href='Screenshots/TestFailure13.png'><font color='red'>Switching to frame Frame path did not happen within 3 seconds</font> </a><br/><a href='Screenshots/TestFailure14.png'><font color='red'>Switching to frame Frame path did not happen within 3 seconds</font> </a><br/><a href='Screenshots/TestFailure15.png'><font color='red'>The given window "2" is failed to open</font> </a></div></td></tr><tr><th>Exception</th></tr><tr><td><div class="stacktrace">java.lang.AssertionError: null
	at utilities.Common.testFailed(Common.java:148)
	at TestCases.TestCases.TestEnd(TestCases.java:10774)
	at TestCases.TestCases.UR_CLD_01(TestCases.java:431)
	at java.util.concurrent.FutureTask.run(Unknown Source)
	at java.util.concurrent.ThreadPoolExecutor.runWorker(Unknown Source)
	at java.util.concurrent.ThreadPoolExecutor$Worker.run(Unknown Source)
	at java.lang.Thread.run(Unknown Source)
... Removed 18 stack frames</div></td></tr></table><p class="totop"><a href="#summary">back to summary</a></p><h3 id="m35">TestCases.TestCases#UR_CLS_01</h3><table class="result"><tr class="param"><th>Parameter #1</th></tr><tr class="param stripe"><td>public void TestCases.TestCases.UR_CLS_01(java.lang.reflect.Method)</td></tr><tr><th>Messages</th></tr><tr><td><div class="messages"><font color='blue'>################################DataSet: 1################################</font><br/><a href='Screenshots/TestFailure8.png'><font color='red'>Exception:no such element: Unable to locate element: {"method":"css selector","selector":"a[id='reportslink']"}
  (Session info: chrome=87.0.4280.88)
  (Driver info: chromedriver=72.0.3626.69 (3c16f8a135abc0d4da2dff33804db79b849a7c38),platform=Windows NT 10.0.18362 x86_64) (WARNING: The server did not provide any stacktrace information)
Command duration or timeout: 0 milliseconds
For documentation on this error, please visit: http://seleniumhq.org/exceptions/no_such_element.html
Build info: version: '3.6.0', revision: '6fbf3ec767', time: '2017-09-27T15:28:36.4Z'
System info: host: 'XPITAX-11568', ip: '192.168.0.104', os.name: 'Windows 10', os.arch: 'amd64', os.version: '10.0', java.version: '1.8.0_191'
Driver info: org.openqa.selenium.remote.RemoteWebDriver
Capabilities [{mobileEmulationEnabled=false, timeouts={implicit=0, pageLoad=300000, script=30000}, hasTouchScreen=false, platform=XP, acceptSslCerts=false, goog:chromeOptions={debuggerAddress=localhost:60530}, acceptInsecureCerts=false, webStorageEnabled=true, browserName=chrome, takesScreenshot=true, javascriptEnabled=true, platformName=XP, setWindowRect=true, unexpectedAlertBehaviour=ignore, applicationCacheEnabled=false, rotatable=false, networkConnectionEnabled=false, chrome={chromedriverVersion=72.0.3626.69 (3c16f8a135abc0d4da2dff33804db79b849a7c38), userDataDir=C:\Users\NTHIMM~1\AppData\Local\Temp\scoped_dir75192_30657}, takesHeapSnapshot=true, unhandledPromptBehavior=ignore, pageLoadStrategy=normal, databaseEnabled=false, handlesAlerts=true, version=87.0.4280.88, browserConnectionEnabled=false, proxy=Proxy(), nativeEvents=true, locationContextEnabled=true, cssSelectorsEnabled=true}]
Session ID: 884a3df4c5d0815e13ba7f8b8911751b
*** Element info: {Using=css selector, value=a[id='reportslink']}</font> </a><br/><a href='Screenshots/TestFailure9.png'><font color='red'>Switching to frame Frame path did not happen within 3 seconds</font> </a><br/><a href='Screenshots/TestFailure10.png'><font color='red'>Switching to frame Frame path did not happen within 3 seconds</font> </a><br/><a href='Screenshots/TestFailure11.png'><font color='red'>The given window "2" is failed to open</font> </a></div></td></tr><tr><th>Exception</th></tr><tr><td><div class="stacktrace">java.lang.AssertionError: null
	at utilities.Common.testFailed(Common.java:148)
	at TestCases.TestCases.TestEnd(TestCases.java:10774)
	at TestCases.TestCases.UR_CLS_01(TestCases.java:799)
	at java.util.concurrent.FutureTask.run(Unknown Source)
	at java.util.concurrent.ThreadPoolExecutor.runWorker(Unknown Source)
	at java.util.concurrent.ThreadPoolExecutor$Worker.run(Unknown Source)
	at java.lang.Thread.run(Unknown Source)
... Removed 18 stack frames</div></td></tr></table><p class="totop"><a href="#summary">back to summary</a></p><h3 id="m36">TestCases.TestCases#UR_IPA_01</h3><table class="result"><tr class="param"><th>Parameter #1</th></tr><tr class="param stripe"><td>public void TestCases.TestCases.UR_IPA_01(java.lang.reflect.Method)</td></tr><tr><th>Messages</th></tr><tr><td><div class="messages"><font color='blue'>################################DataSet: 1################################</font><br/><font color='blue'>Reports page is displayed successfully</font><br/><font color='green'>Click on: Reports tab </font><br/><font color='green'>The page Log in loaded successfully</font><br/><a href='Screenshots/TestFailure1.png'><font color='red'>Switching to frame Frame path did not happen within 30 seconds</font> </a><br/><a href='Screenshots/TestFailure2.png'><font color='red'>Switching to frame Frame path did not happen within 3 seconds</font> </a><br/><a href='Screenshots/TestFailure3.png'><font color='red'>The given window "2" is failed to open</font> </a></div></td></tr><tr><th>Exception</th></tr><tr><td><div class="stacktrace">java.lang.AssertionError: null
	at utilities.Common.testFailed(Common.java:148)
	at TestCases.TestCases.TestEnd(TestCases.java:10774)
	at TestCases.TestCases.UR_IPA_01(TestCases.java:150)
	at java.util.concurrent.FutureTask.run(Unknown Source)
	at java.util.concurrent.ThreadPoolExecutor.runWorker(Unknown Source)
	at java.util.concurrent.ThreadPoolExecutor$Worker.run(Unknown Source)
	at java.lang.Thread.run(Unknown Source)
... Removed 18 stack frames</div></td></tr></table><p class="totop"><a href="#summary">back to summary</a></p><h3 id="m37">TestCases.TestCases#UR_IPO_01</h3><table class="result"><tr class="param"><th>Parameter #1</th></tr><tr class="param stripe"><td>public void TestCases.TestCases.UR_IPO_01(java.lang.reflect.Method)</td></tr><tr><th>Messages</th></tr><tr><td><div class="messages"><font color='blue'>################################DataSet: 1################################</font><br/><a href='Screenshots/TestFailure4.png'><font color='red'>Exception:no such element: Unable to locate element: {"method":"css selector","selector":"a[id='reportslink']"}
  (Session info: chrome=87.0.4280.88)
  (Driver info: chromedriver=72.0.3626.69 (3c16f8a135abc0d4da2dff33804db79b849a7c38),platform=Windows NT 10.0.18362 x86_64) (WARNING: The server did not provide any stacktrace information)
Command duration or timeout: 0 milliseconds
For documentation on this error, please visit: http://seleniumhq.org/exceptions/no_such_element.html
Build info: version: '3.6.0', revision: '6fbf3ec767', time: '2017-09-27T15:28:36.4Z'
System info: host: 'XPITAX-11568', ip: '192.168.0.104', os.name: 'Windows 10', os.arch: 'amd64', os.version: '10.0', java.version: '1.8.0_191'
Driver info: org.openqa.selenium.remote.RemoteWebDriver
Capabilities [{mobileEmulationEnabled=false, timeouts={implicit=0, pageLoad=300000, script=30000}, hasTouchScreen=false, platform=XP, acceptSslCerts=false, goog:chromeOptions={debuggerAddress=localhost:60530}, acceptInsecureCerts=false, webStorageEnabled=true, browserName=chrome, takesScreenshot=true, javascriptEnabled=true, platformName=XP, setWindowRect=true, unexpectedAlertBehaviour=ignore, applicationCacheEnabled=false, rotatable=false, networkConnectionEnabled=false, chrome={chromedriverVersion=72.0.3626.69 (3c16f8a135abc0d4da2dff33804db79b849a7c38), userDataDir=C:\Users\NTHIMM~1\AppData\Local\Temp\scoped_dir75192_30657}, takesHeapSnapshot=true, unhandledPromptBehavior=ignore, pageLoadStrategy=normal, databaseEnabled=false, handlesAlerts=true, version=87.0.4280.88, browserConnectionEnabled=false, proxy=Proxy(), nativeEvents=true, locationContextEnabled=true, cssSelectorsEnabled=true}]
Session ID: 884a3df4c5d0815e13ba7f8b8911751b
*** Element info: {Using=css selector, value=a[id='reportslink']}</font> </a><br/><a href='Screenshots/TestFailure5.png'><font color='red'>Switching to frame Frame path did not happen within 3 seconds</font> </a><br/><a href='Screenshots/TestFailure6.png'><font color='red'>Switching to frame Frame path did not happen within 3 seconds</font> </a><br/><a href='Screenshots/TestFailure7.png'><font color='red'>The given window "2" is failed to open</font> </a></div></td></tr><tr><th>Exception</th></tr><tr><td><div class="stacktrace">java.lang.AssertionError: null
	at utilities.Common.testFailed(Common.java:148)
	at TestCases.TestCases.TestEnd(TestCases.java:10774)
	at TestCases.TestCases.UR_IPO_01(TestCases.java:3532)
	at java.util.concurrent.FutureTask.run(Unknown Source)
	at java.util.concurrent.ThreadPoolExecutor.runWorker(Unknown Source)
	at java.util.concurrent.ThreadPoolExecutor$Worker.run(Unknown Source)
	at java.lang.Thread.run(Unknown Source)
... Removed 18 stack frames</div></td></tr></table><p class="totop"><a href="#summary">back to summary</a></p><h3 id="m38">TestCases.TestCases#UR_MCT_01</h3><table class="result"><tr class="param"><th>Parameter #1</th></tr><tr class="param stripe"><td>public void TestCases.TestCases.UR_MCT_01(java.lang.reflect.Method)</td></tr><tr><th>Messages</th></tr><tr><td><div class="messages"><font color='blue'>################################DataSet: 1################################</font><br/><a href='Screenshots/TestFailure16.png'><font color='red'>Exception:no such element: Unable to locate element: {"method":"css selector","selector":"a[id='reportslink']"}
  (Session info: chrome=87.0.4280.88)
  (Driver info: chromedriver=72.0.3626.69 (3c16f8a135abc0d4da2dff33804db79b849a7c38),platform=Windows NT 10.0.18362 x86_64) (WARNING: The server did not provide any stacktrace information)
Command duration or timeout: 0 milliseconds
For documentation on this error, please visit: http://seleniumhq.org/exceptions/no_such_element.html
Build info: version: '3.6.0', revision: '6fbf3ec767', time: '2017-09-27T15:28:36.4Z'
System info: host: 'XPITAX-11568', ip: '192.168.0.104', os.name: 'Windows 10', os.arch: 'amd64', os.version: '10.0', java.version: '1.8.0_191'
Driver info: org.openqa.selenium.remote.RemoteWebDriver
Capabilities [{mobileEmulationEnabled=false, timeouts={implicit=0, pageLoad=300000, script=30000}, hasTouchScreen=false, platform=XP, acceptSslCerts=false, goog:chromeOptions={debuggerAddress=localhost:60530}, acceptInsecureCerts=false, webStorageEnabled=true, browserName=chrome, takesScreenshot=true, javascriptEnabled=true, platformName=XP, setWindowRect=true, unexpectedAlertBehaviour=ignore, applicationCacheEnabled=false, rotatable=false, networkConnectionEnabled=false, chrome={chromedriverVersion=72.0.3626.69 (3c16f8a135abc0d4da2dff33804db79b849a7c38), userDataDir=C:\Users\NTHIMM~1\AppData\Local\Temp\scoped_dir75192_30657}, takesHeapSnapshot=true, unhandledPromptBehavior=ignore, pageLoadStrategy=normal, databaseEnabled=false, handlesAlerts=true, version=87.0.4280.88, browserConnectionEnabled=false, proxy=Proxy(), nativeEvents=true, locationContextEnabled=true, cssSelectorsEnabled=true}]
Session ID: 884a3df4c5d0815e13ba7f8b8911751b
*** Element info: {Using=css selector, value=a[id='reportslink']}</font> </a><br/><a href='Screenshots/TestFailure17.png'><font color='red'>Switching to frame Frame path did not happen within 3 seconds</font> </a><br/><a href='Screenshots/TestFailure18.png'><font color='red'>Switching to frame Frame path did not happen within 3 seconds</font> </a><br/><a href='Screenshots/TestFailure19.png'><font color='red'>The given window "2" is failed to open</font> </a></div></td></tr><tr><th>Exception</th></tr><tr><td><div class="stacktrace">java.lang.AssertionError: null
	at utilities.Common.testFailed(Common.java:148)
	at TestCases.TestCases.TestEnd(TestCases.java:10774)
	at TestCases.TestCases.UR_MCT_01(TestCases.java:3813)
	at java.util.concurrent.FutureTask.run(Unknown Source)
	at java.util.concurrent.ThreadPoolExecutor.runWorker(Unknown Source)
	at java.util.concurrent.ThreadPoolExecutor$Worker.run(Unknown Source)
	at java.lang.Thread.run(Unknown Source)
... Removed 18 stack frames</div></td></tr></table><p class="totop"><a href="#summary">back to summary</a></p><h3 id="m39">TestCases.TestCases#UR_TIM_01</h3><table class="result"><tr class="param"><th>Parameter #1</th></tr><tr class="param stripe"><td>public void TestCases.TestCases.UR_TIM_01(java.lang.reflect.Method)</td></tr><tr><th>Messages</th></tr><tr><td><div class="messages"><font color='blue'>################################DataSet: 1################################</font><br/><a href='Screenshots/TestFailure20.png'><font color='red'>Exception:no such element: Unable to locate element: {"method":"css selector","selector":"a[id='reportslink']"}
  (Session info: chrome=87.0.4280.88)
  (Driver info: chromedriver=72.0.3626.69 (3c16f8a135abc0d4da2dff33804db79b849a7c38),platform=Windows NT 10.0.18362 x86_64) (WARNING: The server did not provide any stacktrace information)
Command duration or timeout: 0 milliseconds
For documentation on this error, please visit: http://seleniumhq.org/exceptions/no_such_element.html
Build info: version: '3.6.0', revision: '6fbf3ec767', time: '2017-09-27T15:28:36.4Z'
System info: host: 'XPITAX-11568', ip: '192.168.0.104', os.name: 'Windows 10', os.arch: 'amd64', os.version: '10.0', java.version: '1.8.0_191'
Driver info: org.openqa.selenium.remote.RemoteWebDriver
Capabilities [{mobileEmulationEnabled=false, timeouts={implicit=0, pageLoad=300000, script=30000}, hasTouchScreen=false, platform=XP, acceptSslCerts=false, goog:chromeOptions={debuggerAddress=localhost:60530}, acceptInsecureCerts=false, webStorageEnabled=true, browserName=chrome, takesScreenshot=true, javascriptEnabled=true, platformName=XP, setWindowRect=true, unexpectedAlertBehaviour=ignore, applicationCacheEnabled=false, rotatable=false, networkConnectionEnabled=false, chrome={chromedriverVersion=72.0.3626.69 (3c16f8a135abc0d4da2dff33804db79b849a7c38), userDataDir=C:\Users\NTHIMM~1\AppData\Local\Temp\scoped_dir75192_30657}, takesHeapSnapshot=true, unhandledPromptBehavior=ignore, pageLoadStrategy=normal, databaseEnabled=false, handlesAlerts=true, version=87.0.4280.88, browserConnectionEnabled=false, proxy=Proxy(), nativeEvents=true, locationContextEnabled=true, cssSelectorsEnabled=true}]
Session ID: 884a3df4c5d0815e13ba7f8b8911751b
*** Element info: {Using=css selector, value=a[id='reportslink']}</font> </a><br/><a href='Screenshots/TestFailure21.png'><font color='red'>Switching to frame Frame path did not happen within 3 seconds</font> </a><br/><a href='Screenshots/TestFailure22.png'><font color='red'>Switching to frame Frame path did not happen within 3 seconds</font> </a><br/><a href='Screenshots/TestFailure23.png'><font color='red'>The given window "2" is failed to open</font> </a></div></td></tr><tr><th>Exception</th></tr><tr><td><div class="stacktrace">java.lang.AssertionError: null
	at utilities.Common.testFailed(Common.java:148)
	at TestCases.TestCases.TestEnd(TestCases.java:10774)
	at TestCases.TestCases.UR_TIM_01(TestCases.java:4067)
	at java.util.concurrent.FutureTask.run(Unknown Source)
	at java.util.concurrent.ThreadPoolExecutor.runWorker(Unknown Source)
	at java.util.concurrent.ThreadPoolExecutor$Worker.run(Unknown Source)
	at java.lang.Thread.run(Unknown Source)
... Removed 18 stack frames</div></td></tr></table><p class="totop"><a href="#summary">back to summary</a></p><h3 id="m40">TestCases.TestCases#DDR_BDDS_01</h3><table class="result"><tr class="param"><th>Parameter #1</th></tr><tr class="param stripe"><td>public void TestCases.TestCases.DDR_BDDS_01(java.lang.reflect.Method)</td></tr><tr><th>Messages</th></tr><tr><td><div class="messages"><font color='blue'>################################DataSet: 1################################</font><br/><a href='Screenshots/TestFailure32.png'><font color='red'>Exception:no such element: Unable to locate element: {"method":"css selector","selector":"a[id='reportslink']"}
  (Session info: chrome=87.0.4280.88)
  (Driver info: chromedriver=72.0.3626.69 (3c16f8a135abc0d4da2dff33804db79b849a7c38),platform=Windows NT 10.0.18362 x86_64) (WARNING: The server did not provide any stacktrace information)
Command duration or timeout: 0 milliseconds
For documentation on this error, please visit: http://seleniumhq.org/exceptions/no_such_element.html
Build info: version: '3.6.0', revision: '6fbf3ec767', time: '2017-09-27T15:28:36.4Z'
System info: host: 'XPITAX-11568', ip: '192.168.0.104', os.name: 'Windows 10', os.arch: 'amd64', os.version: '10.0', java.version: '1.8.0_191'
Driver info: org.openqa.selenium.remote.RemoteWebDriver
Capabilities [{mobileEmulationEnabled=false, timeouts={implicit=0, pageLoad=300000, script=30000}, hasTouchScreen=false, platform=XP, acceptSslCerts=false, goog:chromeOptions={debuggerAddress=localhost:60530}, acceptInsecureCerts=false, webStorageEnabled=true, browserName=chrome, takesScreenshot=true, javascriptEnabled=true, platformName=XP, setWindowRect=true, unexpectedAlertBehaviour=ignore, applicationCacheEnabled=false, rotatable=false, networkConnectionEnabled=false, chrome={chromedriverVersion=72.0.3626.69 (3c16f8a135abc0d4da2dff33804db79b849a7c38), userDataDir=C:\Users\NTHIMM~1\AppData\Local\Temp\scoped_dir75192_30657}, takesHeapSnapshot=true, unhandledPromptBehavior=ignore, pageLoadStrategy=normal, databaseEnabled=false, handlesAlerts=true, version=87.0.4280.88, browserConnectionEnabled=false, proxy=Proxy(), nativeEvents=true, locationContextEnabled=true, cssSelectorsEnabled=true}]
Session ID: 884a3df4c5d0815e13ba7f8b8911751b
*** Element info: {Using=css selector, value=a[id='reportslink']}</font> </a><br/><a href='Screenshots/TestFailure33.png'><font color='red'>Switching to frame Frame path did not happen within 3 seconds</font> </a><br/><a href='Screenshots/TestFailure34.png'><font color='red'>Switching to frame Frame path did not happen within 3 seconds</font> </a><br/><a href='Screenshots/TestFailure35.png'><font color='red'>The given window "2" is failed to open</font> </a></div></td></tr></table><p class="totop"><a href="#summary">back to summary</a></p><h3 id="m41">TestCases.TestCases#DDR_EXT_01</h3><table class="result"><tr class="param"><th>Parameter #1</th></tr><tr class="param stripe"><td>public void TestCases.TestCases.DDR_EXT_01(java.lang.reflect.Method)</td></tr><tr><th>Messages</th></tr><tr><td><div class="messages"><font color='blue'>################################DataSet: 1################################</font><br/><a href='Screenshots/TestFailure36.png'><font color='red'>Exception:no such element: Unable to locate element: {"method":"css selector","selector":"a[id='reportslink']"}
  (Session info: chrome=87.0.4280.88)
  (Driver info: chromedriver=72.0.3626.69 (3c16f8a135abc0d4da2dff33804db79b849a7c38),platform=Windows NT 10.0.18362 x86_64) (WARNING: The server did not provide any stacktrace information)
Command duration or timeout: 0 milliseconds
For documentation on this error, please visit: http://seleniumhq.org/exceptions/no_such_element.html
Build info: version: '3.6.0', revision: '6fbf3ec767', time: '2017-09-27T15:28:36.4Z'
System info: host: 'XPITAX-11568', ip: '192.168.0.104', os.name: 'Windows 10', os.arch: 'amd64', os.version: '10.0', java.version: '1.8.0_191'
Driver info: org.openqa.selenium.remote.RemoteWebDriver
Capabilities [{mobileEmulationEnabled=false, timeouts={implicit=0, pageLoad=300000, script=30000}, hasTouchScreen=false, platform=XP, acceptSslCerts=false, goog:chromeOptions={debuggerAddress=localhost:60530}, acceptInsecureCerts=false, webStorageEnabled=true, browserName=chrome, takesScreenshot=true, javascriptEnabled=true, platformName=XP, setWindowRect=true, unexpectedAlertBehaviour=ignore, applicationCacheEnabled=false, rotatable=false, networkConnectionEnabled=false, chrome={chromedriverVersion=72.0.3626.69 (3c16f8a135abc0d4da2dff33804db79b849a7c38), userDataDir=C:\Users\NTHIMM~1\AppData\Local\Temp\scoped_dir75192_30657}, takesHeapSnapshot=true, unhandledPromptBehavior=ignore, pageLoadStrategy=normal, databaseEnabled=false, handlesAlerts=true, version=87.0.4280.88, browserConnectionEnabled=false, proxy=Proxy(), nativeEvents=true, locationContextEnabled=true, cssSelectorsEnabled=true}]
Session ID: 884a3df4c5d0815e13ba7f8b8911751b
*** Element info: {Using=css selector, value=a[id='reportslink']}</font> </a><br/><a href='Screenshots/TestFailure37.png'><font color='red'>Switching to frame Frame path did not happen within 3 seconds</font> </a><br/><a href='Screenshots/TestFailure38.png'><font color='red'>Switching to frame Frame path did not happen within 3 seconds</font> </a><br/><a href='Screenshots/TestFailure39.png'><font color='red'>The given window "2" is failed to open</font> </a></div></td></tr></table><p class="totop"><a href="#summary">back to summary</a></p><h3 id="m42">TestCases.TestCases#TC_Login</h3><table class="result"><tr class="param"><th>Parameter #1</th></tr><tr class="param stripe"><td>public void TestCases.TestCases.TC_Login(java.lang.reflect.Method)</td></tr><tr><th>Messages</th></tr><tr><td><div class="messages"><font color='blue'>################################DataSet: 1################################</font><br/><font color='blue'>Server Details : BLR-QA-FE-1</font><br/><font color='green'>Type '117web@xcmsolutions.com' in : Username </font><br/><font color='green'>Type '789xcm@#' in : Password </font><br/><font color='green'>Click on: Login button </font><br/><font color='green'>Home page is displayed</font></div></td></tr></table><p class="totop"><a href="#summary">back to summary</a></p></body></html>