<html>
<head>
<title>TestNG:  Desktop1</title>
<link href="../testng.css" rel="stylesheet" type="text/css" />
<link href="../my-testng.css" rel="stylesheet" type="text/css" />

<style type="text/css">
.log { display: none;} 
.stack-trace { display: none;} 
</style>
<script type="text/javascript">
<!--
function flip(e) {
  current = e.style.display;
  if (current == 'block') {
    e.style.display = 'none';
    return 0;
  }
  else {
    e.style.display = 'block';
    return 1;
  }
}

function toggleBox(szDivId, elem, msg1, msg2)
{
  var res = -1;  if (document.getElementById) {
    res = flip(document.getElementById(szDivId));
  }
  else if (document.all) {
    // this is the way old msie versions work
    res = flip(document.all[szDivId]);
  }
  if(elem) {
    if(res == 0) elem.innerHTML = msg1; else elem.innerHTML = msg2;
  }

}

function toggleAllBoxes() {
  if (document.getElementsByTagName) {
    d = document.getElementsByTagName('div');
    for (i = 0; i < d.length; i++) {
      if (d[i].className == 'log') {
        flip(d[i]);
      }
    }
  }
}

// -->
</script>

</head>
<body>
<h2 align='center'>Desktop1</h2><table border='1' align="center">
<tr>
<td>Tests passed/Failed/Skipped:</td><td>32/11/0</td>
</tr><tr>
<td>Started on:</td><td>Sat Dec 05 07:53:06 IST 2020</td>
</tr>
<tr><td>Total time:</td><td>9808 seconds (9808048 ms)</td>
</tr><tr>
<td>Included groups:</td><td></td>
</tr><tr>
<td>Excluded groups:</td><td></td>
</tr>
</table><p/>
<small><i>(Hover the method name to see the test class name)</i></small><p/>
<table width='100%' border='1' class='invocation-failed'>
<tr><td colspan='4' align='center'><b>FAILED TESTS</b></td></tr>
<tr><td><b>Test method</b></td>
<td width="30%"><b>Exception</b></td>
<td width="10%"><b>Time (seconds)</b></td>
<td><b>Instance</b></td>
</tr>
<tr>
<td title='TestCases.TestCases.AR_CED_01()'><b>AR_CED_01</b><br>Test class: TestCases.TestCases<br>Parameters: public void TestCases.TestCases.AR_CED_01(java.lang.reflect.Method)<br/>
<a href="#Output-439889493" onClick='toggleBox("Output-439889493", this, "Show output", "Hide output");'>Show output</a>

<a href="#Output-439889493" onClick="toggleAllBoxes();">Show all outputs</a>
<div class='log' id="Output-439889493">
<font color='blue'>################################DataSet: 1################################</font><br/>
<a href='Screenshots/TestFailure31.png'><font color='red'>Exception:no such element: Unable to locate element: {"method":"css selector","selector":"a[id='reportslink']"}
  (Session info: chrome=87.0.4280.88)
  (Driver info: chromedriver=72.0.3626.69 (3c16f8a135abc0d4da2dff33804db79b849a7c38),platform=Windows NT 10.0.18362 x86_64) (WARNING: The server did not provide any stacktrace information)
Command duration or timeout: 0 milliseconds
For documentation on this error, please visit: http://seleniumhq.org/exceptions/no_such_element.html
Build info: version: '3.6.0', revision: '6fbf3ec767', time: '2017-09-27T15:28:36.4Z'
System info: host: 'XPITAX-11568', ip: '192.168.0.101', os.name: 'Windows 10', os.arch: 'amd64', os.version: '10.0', java.version: '1.8.0_191'
Driver info: org.openqa.selenium.remote.RemoteWebDriver
Capabilities [{mobileEmulationEnabled=false, timeouts={implicit=0, pageLoad=300000, script=30000}, hasTouchScreen=false, platform=XP, acceptSslCerts=false, goog:chromeOptions={debuggerAddress=localhost:52246}, acceptInsecureCerts=false, webStorageEnabled=true, browserName=chrome, takesScreenshot=true, javascriptEnabled=true, platformName=XP, setWindowRect=true, unexpectedAlertBehaviour=ignore, applicationCacheEnabled=false, rotatable=false, networkConnectionEnabled=false, chrome={chromedriverVersion=72.0.3626.69 (3c16f8a135abc0d4da2dff33804db79b849a7c38), userDataDir=C:\Users\NTHIMM~1\AppData\Local\Temp\scoped_dir55824_30418}, takesHeapSnapshot=true, unhandledPromptBehavior=ignore, pageLoadStrategy=normal, databaseEnabled=false, handlesAlerts=true, version=87.0.4280.88, browserConnectionEnabled=false, proxy=Proxy(), nativeEvents=true, locationContextEnabled=true, cssSelectorsEnabled=true}]
Session ID: 0ad916bd97accf2c6a735afc33e32c60
*** Element info: {Using=css selector, value=a[id='reportslink']}</font> </a><br/>
<a href='Screenshots/TestFailure32.png'><font color='red'>Switching to frame Frame path did not happen within 3 seconds</font> </a><br/>
<a href='Screenshots/TestFailure33.png'><font color='red'>Switching to frame Frame path did not happen within 3 seconds</font> </a><br/>
<a href='Screenshots/TestFailure34.png'><font color='red'>The given window "2" is failed to open</font> </a><br/>
</div>
</td>
<td><div><pre>java.lang.AssertionError: null
	at utilities.Common.testFailed(Common.java:148)
	at TestCases.TestCases.TestEnd(TestCases.java:10774)
	at TestCases.TestCases.AR_CED_01(TestCases.java:6107)
	at java.util.concurrent.FutureTask.run(Unknown Source)
	at java.util.concurrent.ThreadPoolExecutor.runWorker(Unknown Source)
	at java.util.concurrent.ThreadPoolExecutor$Worker.run(Unknown Source)
	at java.lang.Thread.run(Unknown Source)
... Removed 18 stack frames</pre></div><a href='#' onClick='toggleBox("stack-trace439889493", this, "Click to show all stack frames", "Click to hide stack frames")'>Click to show all stack frames</a>
<div class='stack-trace' id='stack-trace439889493'><pre>java.lang.AssertionError: null
	at org.testng.Assert.fail(Assert.java:94)
	at org.testng.Assert.fail(Assert.java:101)
	at utilities.Common.testFailed(Common.java:148)
	at TestCases.TestCases.TestEnd(TestCases.java:10774)
	at TestCases.TestCases.AR_CED_01(TestCases.java:6107)
	at sun.reflect.NativeMethodAccessorImpl.invoke0(Native Method)
	at sun.reflect.NativeMethodAccessorImpl.invoke(Unknown Source)
	at sun.reflect.DelegatingMethodAccessorImpl.invoke(Unknown Source)
	at java.lang.reflect.Method.invoke(Unknown Source)
	at org.testng.internal.MethodInvocationHelper.invokeMethod(MethodInvocationHelper.java:104)
	at org.testng.internal.Invoker.invokeMethod(Invoker.java:645)
	at org.testng.internal.Invoker.invokeTestMethod(Invoker.java:851)
	at org.testng.internal.Invoker.invokeTestMethods(Invoker.java:1177)
	at org.testng.internal.TestMethodWorker.invokeTestMethods(TestMethodWorker.java:129)
	at org.testng.internal.TestMethodWorker.run(TestMethodWorker.java:112)
	at org.testng.TestRunner.privateRun(TestRunner.java:756)
	at org.testng.TestRunner.run(TestRunner.java:610)
	at org.testng.SuiteRunner.runTest(SuiteRunner.java:387)
	at org.testng.SuiteRunner.access$000(SuiteRunner.java:39)
	at org.testng.SuiteRunner$SuiteWorker.run(SuiteRunner.java:421)
	at org.testng.internal.thread.ThreadUtil$2.call(ThreadUtil.java:64)
	at java.util.concurrent.FutureTask.run(Unknown Source)
	at java.util.concurrent.ThreadPoolExecutor.runWorker(Unknown Source)
	at java.util.concurrent.ThreadPoolExecutor$Worker.run(Unknown Source)
	at java.lang.Thread.run(Unknown Source)
</pre></div></td>
<td>395</td>
<td>TestCases.TestCases@2096442d</td></tr>
<tr>
<td title='TestCases.TestCases.AR_GD_01()'><b>AR_GD_01</b><br>Test class: TestCases.TestCases<br>Parameters: public void TestCases.TestCases.AR_GD_01(java.lang.reflect.Method)<br/>
<a href="#Output-1261058254" onClick='toggleBox("Output-1261058254", this, "Show output", "Hide output");'>Show output</a>

<a href="#Output-1261058254" onClick="toggleAllBoxes();">Show all outputs</a>
<div class='log' id="Output-1261058254">
<font color='blue'>################################DataSet: 1################################</font><br/>
<a href='Screenshots/TestFailure35.png'><font color='red'>Exception:no such element: Unable to locate element: {"method":"css selector","selector":"a[id='reportslink']"}
  (Session info: chrome=87.0.4280.88)
  (Driver info: chromedriver=72.0.3626.69 (3c16f8a135abc0d4da2dff33804db79b849a7c38),platform=Windows NT 10.0.18362 x86_64) (WARNING: The server did not provide any stacktrace information)
Command duration or timeout: 0 milliseconds
For documentation on this error, please visit: http://seleniumhq.org/exceptions/no_such_element.html
Build info: version: '3.6.0', revision: '6fbf3ec767', time: '2017-09-27T15:28:36.4Z'
System info: host: 'XPITAX-11568', ip: '192.168.0.101', os.name: 'Windows 10', os.arch: 'amd64', os.version: '10.0', java.version: '1.8.0_191'
Driver info: org.openqa.selenium.remote.RemoteWebDriver
Capabilities [{mobileEmulationEnabled=false, timeouts={implicit=0, pageLoad=300000, script=30000}, hasTouchScreen=false, platform=XP, acceptSslCerts=false, goog:chromeOptions={debuggerAddress=localhost:52246}, acceptInsecureCerts=false, webStorageEnabled=true, browserName=chrome, takesScreenshot=true, javascriptEnabled=true, platformName=XP, setWindowRect=true, unexpectedAlertBehaviour=ignore, applicationCacheEnabled=false, rotatable=false, networkConnectionEnabled=false, chrome={chromedriverVersion=72.0.3626.69 (3c16f8a135abc0d4da2dff33804db79b849a7c38), userDataDir=C:\Users\NTHIMM~1\AppData\Local\Temp\scoped_dir55824_30418}, takesHeapSnapshot=true, unhandledPromptBehavior=ignore, pageLoadStrategy=normal, databaseEnabled=false, handlesAlerts=true, version=87.0.4280.88, browserConnectionEnabled=false, proxy=Proxy(), nativeEvents=true, locationContextEnabled=true, cssSelectorsEnabled=true}]
Session ID: 0ad916bd97accf2c6a735afc33e32c60
*** Element info: {Using=css selector, value=a[id='reportslink']}</font> </a><br/>
<a href='Screenshots/TestFailure36.png'><font color='red'>Switching to frame Frame path did not happen within 3 seconds</font> </a><br/>
<a href='Screenshots/TestFailure37.png'><font color='red'>Switching to frame Frame path did not happen within 3 seconds</font> </a><br/>
<a href='Screenshots/TestFailure38.png'><font color='red'>The given window "2" is failed to open</font> </a><br/>
</div>
</td>
<td><div><pre>java.lang.AssertionError: null
	at utilities.Common.testFailed(Common.java:148)
	at TestCases.TestCases.TestEnd(TestCases.java:10774)
	at TestCases.TestCases.AR_GD_01(TestCases.java:5585)
	at java.util.concurrent.FutureTask.run(Unknown Source)
	at java.util.concurrent.ThreadPoolExecutor.runWorker(Unknown Source)
	at java.util.concurrent.ThreadPoolExecutor$Worker.run(Unknown Source)
	at java.lang.Thread.run(Unknown Source)
... Removed 18 stack frames</pre></div><a href='#' onClick='toggleBox("stack-trace1261058254", this, "Click to show all stack frames", "Click to hide stack frames")'>Click to show all stack frames</a>
<div class='stack-trace' id='stack-trace1261058254'><pre>java.lang.AssertionError: null
	at org.testng.Assert.fail(Assert.java:94)
	at org.testng.Assert.fail(Assert.java:101)
	at utilities.Common.testFailed(Common.java:148)
	at TestCases.TestCases.TestEnd(TestCases.java:10774)
	at TestCases.TestCases.AR_GD_01(TestCases.java:5585)
	at sun.reflect.NativeMethodAccessorImpl.invoke0(Native Method)
	at sun.reflect.NativeMethodAccessorImpl.invoke(Unknown Source)
	at sun.reflect.DelegatingMethodAccessorImpl.invoke(Unknown Source)
	at java.lang.reflect.Method.invoke(Unknown Source)
	at org.testng.internal.MethodInvocationHelper.invokeMethod(MethodInvocationHelper.java:104)
	at org.testng.internal.Invoker.invokeMethod(Invoker.java:645)
	at org.testng.internal.Invoker.invokeTestMethod(Invoker.java:851)
	at org.testng.internal.Invoker.invokeTestMethods(Invoker.java:1177)
	at org.testng.internal.TestMethodWorker.invokeTestMethods(TestMethodWorker.java:129)
	at org.testng.internal.TestMethodWorker.run(TestMethodWorker.java:112)
	at org.testng.TestRunner.privateRun(TestRunner.java:756)
	at org.testng.TestRunner.run(TestRunner.java:610)
	at org.testng.SuiteRunner.runTest(SuiteRunner.java:387)
	at org.testng.SuiteRunner.access$000(SuiteRunner.java:39)
	at org.testng.SuiteRunner$SuiteWorker.run(SuiteRunner.java:421)
	at org.testng.internal.thread.ThreadUtil$2.call(ThreadUtil.java:64)
	at java.util.concurrent.FutureTask.run(Unknown Source)
	at java.util.concurrent.ThreadPoolExecutor.runWorker(Unknown Source)
	at java.util.concurrent.ThreadPoolExecutor$Worker.run(Unknown Source)
	at java.lang.Thread.run(Unknown Source)
</pre></div></td>
<td>395</td>
<td>TestCases.TestCases@2096442d</td></tr>
<tr>
<td title='TestCases.TestCases.AR_OB_01()'><b>AR_OB_01</b><br>Test class: TestCases.TestCases<br>Parameters: public void TestCases.TestCases.AR_OB_01(java.lang.reflect.Method)<br/>
<a href="#Output-299372544" onClick='toggleBox("Output-299372544", this, "Show output", "Hide output");'>Show output</a>

<a href="#Output-299372544" onClick="toggleAllBoxes();">Show all outputs</a>
<div class='log' id="Output-299372544">
<font color='blue'>################################DataSet: 1################################</font><br/>
<a href='Screenshots/TestFailure39.png'><font color='red'>Exception:no such element: Unable to locate element: {"method":"css selector","selector":"a[id='reportslink']"}
  (Session info: chrome=87.0.4280.88)
  (Driver info: chromedriver=72.0.3626.69 (3c16f8a135abc0d4da2dff33804db79b849a7c38),platform=Windows NT 10.0.18362 x86_64) (WARNING: The server did not provide any stacktrace information)
Command duration or timeout: 0 milliseconds
For documentation on this error, please visit: http://seleniumhq.org/exceptions/no_such_element.html
Build info: version: '3.6.0', revision: '6fbf3ec767', time: '2017-09-27T15:28:36.4Z'
System info: host: 'XPITAX-11568', ip: '192.168.0.101', os.name: 'Windows 10', os.arch: 'amd64', os.version: '10.0', java.version: '1.8.0_191'
Driver info: org.openqa.selenium.remote.RemoteWebDriver
Capabilities [{mobileEmulationEnabled=false, timeouts={implicit=0, pageLoad=300000, script=30000}, hasTouchScreen=false, platform=XP, acceptSslCerts=false, goog:chromeOptions={debuggerAddress=localhost:52246}, acceptInsecureCerts=false, webStorageEnabled=true, browserName=chrome, takesScreenshot=true, javascriptEnabled=true, platformName=XP, setWindowRect=true, unexpectedAlertBehaviour=ignore, applicationCacheEnabled=false, rotatable=false, networkConnectionEnabled=false, chrome={chromedriverVersion=72.0.3626.69 (3c16f8a135abc0d4da2dff33804db79b849a7c38), userDataDir=C:\Users\NTHIMM~1\AppData\Local\Temp\scoped_dir55824_30418}, takesHeapSnapshot=true, unhandledPromptBehavior=ignore, pageLoadStrategy=normal, databaseEnabled=false, handlesAlerts=true, version=87.0.4280.88, browserConnectionEnabled=false, proxy=Proxy(), nativeEvents=true, locationContextEnabled=true, cssSelectorsEnabled=true}]
Session ID: 0ad916bd97accf2c6a735afc33e32c60
*** Element info: {Using=css selector, value=a[id='reportslink']}</font> </a><br/>
<a href='Screenshots/TestFailure40.png'><font color='red'>Switching to frame Frame path did not happen within 3 seconds</font> </a><br/>
<a href='Screenshots/TestFailure41.png'><font color='red'>Switching to frame Frame path did not happen within 3 seconds</font> </a><br/>
<a href='Screenshots/TestFailure42.png'><font color='red'>The given window "2" is failed to open</font> </a><br/>
</div>
</td>
<td><div><pre>java.lang.AssertionError: null
	at utilities.Common.testFailed(Common.java:148)
	at TestCases.TestCases.TestEnd(TestCases.java:10774)
	at TestCases.TestCases.AR_OB_01(TestCases.java:4860)
	at java.util.concurrent.FutureTask.run(Unknown Source)
	at java.util.concurrent.ThreadPoolExecutor.runWorker(Unknown Source)
	at java.util.concurrent.ThreadPoolExecutor$Worker.run(Unknown Source)
	at java.lang.Thread.run(Unknown Source)
... Removed 18 stack frames</pre></div><a href='#' onClick='toggleBox("stack-trace299372544", this, "Click to show all stack frames", "Click to hide stack frames")'>Click to show all stack frames</a>
<div class='stack-trace' id='stack-trace299372544'><pre>java.lang.AssertionError: null
	at org.testng.Assert.fail(Assert.java:94)
	at org.testng.Assert.fail(Assert.java:101)
	at utilities.Common.testFailed(Common.java:148)
	at TestCases.TestCases.TestEnd(TestCases.java:10774)
	at TestCases.TestCases.AR_OB_01(TestCases.java:4860)
	at sun.reflect.NativeMethodAccessorImpl.invoke0(Native Method)
	at sun.reflect.NativeMethodAccessorImpl.invoke(Unknown Source)
	at sun.reflect.DelegatingMethodAccessorImpl.invoke(Unknown Source)
	at java.lang.reflect.Method.invoke(Unknown Source)
	at org.testng.internal.MethodInvocationHelper.invokeMethod(MethodInvocationHelper.java:104)
	at org.testng.internal.Invoker.invokeMethod(Invoker.java:645)
	at org.testng.internal.Invoker.invokeTestMethod(Invoker.java:851)
	at org.testng.internal.Invoker.invokeTestMethods(Invoker.java:1177)
	at org.testng.internal.TestMethodWorker.invokeTestMethods(TestMethodWorker.java:129)
	at org.testng.internal.TestMethodWorker.run(TestMethodWorker.java:112)
	at org.testng.TestRunner.privateRun(TestRunner.java:756)
	at org.testng.TestRunner.run(TestRunner.java:610)
	at org.testng.SuiteRunner.runTest(SuiteRunner.java:387)
	at org.testng.SuiteRunner.access$000(SuiteRunner.java:39)
	at org.testng.SuiteRunner$SuiteWorker.run(SuiteRunner.java:421)
	at org.testng.internal.thread.ThreadUtil$2.call(ThreadUtil.java:64)
	at java.util.concurrent.FutureTask.run(Unknown Source)
	at java.util.concurrent.ThreadPoolExecutor.runWorker(Unknown Source)
	at java.util.concurrent.ThreadPoolExecutor$Worker.run(Unknown Source)
	at java.lang.Thread.run(Unknown Source)
</pre></div></td>
<td>395</td>
<td>TestCases.TestCases@2096442d</td></tr>
<tr>
<td title='TestCases.TestCases.AR_RT_01()'><b>AR_RT_01</b><br>Test class: TestCases.TestCases<br>Parameters: public void TestCases.TestCases.AR_RT_01(java.lang.reflect.Method)<br/>
<a href="#Output-1168375963" onClick='toggleBox("Output-1168375963", this, "Show output", "Hide output");'>Show output</a>

<a href="#Output-1168375963" onClick="toggleAllBoxes();">Show all outputs</a>
<div class='log' id="Output-1168375963">
<font color='blue'>################################DataSet: 1################################</font><br/>
<a href='Screenshots/TestFailure43.png'><font color='red'>Exception:no such element: Unable to locate element: {"method":"css selector","selector":"a[id='reportslink']"}
  (Session info: chrome=87.0.4280.88)
  (Driver info: chromedriver=72.0.3626.69 (3c16f8a135abc0d4da2dff33804db79b849a7c38),platform=Windows NT 10.0.18362 x86_64) (WARNING: The server did not provide any stacktrace information)
Command duration or timeout: 0 milliseconds
For documentation on this error, please visit: http://seleniumhq.org/exceptions/no_such_element.html
Build info: version: '3.6.0', revision: '6fbf3ec767', time: '2017-09-27T15:28:36.4Z'
System info: host: 'XPITAX-11568', ip: '192.168.0.101', os.name: 'Windows 10', os.arch: 'amd64', os.version: '10.0', java.version: '1.8.0_191'
Driver info: org.openqa.selenium.remote.RemoteWebDriver
Capabilities [{mobileEmulationEnabled=false, timeouts={implicit=0, pageLoad=300000, script=30000}, hasTouchScreen=false, platform=XP, acceptSslCerts=false, goog:chromeOptions={debuggerAddress=localhost:52246}, acceptInsecureCerts=false, webStorageEnabled=true, browserName=chrome, takesScreenshot=true, javascriptEnabled=true, platformName=XP, setWindowRect=true, unexpectedAlertBehaviour=ignore, applicationCacheEnabled=false, rotatable=false, networkConnectionEnabled=false, chrome={chromedriverVersion=72.0.3626.69 (3c16f8a135abc0d4da2dff33804db79b849a7c38), userDataDir=C:\Users\NTHIMM~1\AppData\Local\Temp\scoped_dir55824_30418}, takesHeapSnapshot=true, unhandledPromptBehavior=ignore, pageLoadStrategy=normal, databaseEnabled=false, handlesAlerts=true, version=87.0.4280.88, browserConnectionEnabled=false, proxy=Proxy(), nativeEvents=true, locationContextEnabled=true, cssSelectorsEnabled=true}]
Session ID: 0ad916bd97accf2c6a735afc33e32c60
*** Element info: {Using=css selector, value=a[id='reportslink']}</font> </a><br/>
<a href='Screenshots/TestFailure44.png'><font color='red'>Switching to frame Frame path did not happen within 3 seconds</font> </a><br/>
<a href='Screenshots/TestFailure45.png'><font color='red'>Switching to frame Frame path did not happen within 3 seconds</font> </a><br/>
<a href='Screenshots/TestFailure46.png'><font color='red'>The given window "2" is failed to open</font> </a><br/>
</div>
</td>
<td><div><pre>java.lang.AssertionError: null
	at utilities.Common.testFailed(Common.java:148)
	at TestCases.TestCases.TestEnd(TestCases.java:10774)
	at TestCases.TestCases.AR_RT_01(TestCases.java:5836)
	at java.util.concurrent.FutureTask.run(Unknown Source)
	at java.util.concurrent.ThreadPoolExecutor.runWorker(Unknown Source)
	at java.util.concurrent.ThreadPoolExecutor$Worker.run(Unknown Source)
	at java.lang.Thread.run(Unknown Source)
... Removed 18 stack frames</pre></div><a href='#' onClick='toggleBox("stack-trace1168375963", this, "Click to show all stack frames", "Click to hide stack frames")'>Click to show all stack frames</a>
<div class='stack-trace' id='stack-trace1168375963'><pre>java.lang.AssertionError: null
	at org.testng.Assert.fail(Assert.java:94)
	at org.testng.Assert.fail(Assert.java:101)
	at utilities.Common.testFailed(Common.java:148)
	at TestCases.TestCases.TestEnd(TestCases.java:10774)
	at TestCases.TestCases.AR_RT_01(TestCases.java:5836)
	at sun.reflect.NativeMethodAccessorImpl.invoke0(Native Method)
	at sun.reflect.NativeMethodAccessorImpl.invoke(Unknown Source)
	at sun.reflect.DelegatingMethodAccessorImpl.invoke(Unknown Source)
	at java.lang.reflect.Method.invoke(Unknown Source)
	at org.testng.internal.MethodInvocationHelper.invokeMethod(MethodInvocationHelper.java:104)
	at org.testng.internal.Invoker.invokeMethod(Invoker.java:645)
	at org.testng.internal.Invoker.invokeTestMethod(Invoker.java:851)
	at org.testng.internal.Invoker.invokeTestMethods(Invoker.java:1177)
	at org.testng.internal.TestMethodWorker.invokeTestMethods(TestMethodWorker.java:129)
	at org.testng.internal.TestMethodWorker.run(TestMethodWorker.java:112)
	at org.testng.TestRunner.privateRun(TestRunner.java:756)
	at org.testng.TestRunner.run(TestRunner.java:610)
	at org.testng.SuiteRunner.runTest(SuiteRunner.java:387)
	at org.testng.SuiteRunner.access$000(SuiteRunner.java:39)
	at org.testng.SuiteRunner$SuiteWorker.run(SuiteRunner.java:421)
	at org.testng.internal.thread.ThreadUtil$2.call(ThreadUtil.java:64)
	at java.util.concurrent.FutureTask.run(Unknown Source)
	at java.util.concurrent.ThreadPoolExecutor.runWorker(Unknown Source)
	at java.util.concurrent.ThreadPoolExecutor$Worker.run(Unknown Source)
	at java.lang.Thread.run(Unknown Source)
</pre></div></td>
<td>395</td>
<td>TestCases.TestCases@2096442d</td></tr>
<tr>
<td title='TestCases.TestCases.CR_ESR_01()'><b>CR_ESR_01</b><br>Test class: TestCases.TestCases<br>Parameters: public void TestCases.TestCases.CR_ESR_01(java.lang.reflect.Method)<br/>
<a href="#Output-375199076" onClick='toggleBox("Output-375199076", this, "Show output", "Hide output");'>Show output</a>

<a href="#Output-375199076" onClick="toggleAllBoxes();">Show all outputs</a>
<div class='log' id="Output-375199076">
<font color='blue'>################################DataSet: 1################################</font><br/>
<font color='blue'>Reports page is displayed successfully</font><br/>
<font color='green'>Click on: Reports tab </font><br/>
<font color='green'>The page qat.xcmsolutions.com loaded successfully</font><br/>
<a href='Screenshots/TestFailure20.png'><font color='red'>Switching to frame Frame path did not happen within 30 seconds</font> </a><br/>
<a href='Screenshots/TestFailure21.png'><font color='red'>Switching to frame Frame path did not happen within 3 seconds</font> </a><br/>
<a href='Screenshots/TestFailure22.png'><font color='red'>The given window "2" is failed to open</font> </a><br/>
</div>
</td>
<td><div><pre>java.lang.AssertionError: null
	at utilities.Common.testFailed(Common.java:148)
	at TestCases.TestCases.TestEnd(TestCases.java:10774)
	at TestCases.TestCases.CR_ESR_01(TestCases.java:9759)
	at java.util.concurrent.FutureTask.run(Unknown Source)
	at java.util.concurrent.ThreadPoolExecutor.runWorker(Unknown Source)
	at java.util.concurrent.ThreadPoolExecutor$Worker.run(Unknown Source)
	at java.lang.Thread.run(Unknown Source)
... Removed 18 stack frames</pre></div><a href='#' onClick='toggleBox("stack-trace375199076", this, "Click to show all stack frames", "Click to hide stack frames")'>Click to show all stack frames</a>
<div class='stack-trace' id='stack-trace375199076'><pre>java.lang.AssertionError: null
	at org.testng.Assert.fail(Assert.java:94)
	at org.testng.Assert.fail(Assert.java:101)
	at utilities.Common.testFailed(Common.java:148)
	at TestCases.TestCases.TestEnd(TestCases.java:10774)
	at TestCases.TestCases.CR_ESR_01(TestCases.java:9759)
	at sun.reflect.NativeMethodAccessorImpl.invoke0(Native Method)
	at sun.reflect.NativeMethodAccessorImpl.invoke(Unknown Source)
	at sun.reflect.DelegatingMethodAccessorImpl.invoke(Unknown Source)
	at java.lang.reflect.Method.invoke(Unknown Source)
	at org.testng.internal.MethodInvocationHelper.invokeMethod(MethodInvocationHelper.java:104)
	at org.testng.internal.Invoker.invokeMethod(Invoker.java:645)
	at org.testng.internal.Invoker.invokeTestMethod(Invoker.java:851)
	at org.testng.internal.Invoker.invokeTestMethods(Invoker.java:1177)
	at org.testng.internal.TestMethodWorker.invokeTestMethods(TestMethodWorker.java:129)
	at org.testng.internal.TestMethodWorker.run(TestMethodWorker.java:112)
	at org.testng.TestRunner.privateRun(TestRunner.java:756)
	at org.testng.TestRunner.run(TestRunner.java:610)
	at org.testng.SuiteRunner.runTest(SuiteRunner.java:387)
	at org.testng.SuiteRunner.access$000(SuiteRunner.java:39)
	at org.testng.SuiteRunner$SuiteWorker.run(SuiteRunner.java:421)
	at org.testng.internal.thread.ThreadUtil$2.call(ThreadUtil.java:64)
	at java.util.concurrent.FutureTask.run(Unknown Source)
	at java.util.concurrent.ThreadPoolExecutor.runWorker(Unknown Source)
	at java.util.concurrent.ThreadPoolExecutor$Worker.run(Unknown Source)
	at java.lang.Thread.run(Unknown Source)
</pre></div></td>
<td>330</td>
<td>TestCases.TestCases@2096442d</td></tr>
<tr>
<td title='TestCases.TestCases.CR_SOD_01()'><b>CR_SOD_01</b><br>Test class: TestCases.TestCases<br>Parameters: public void TestCases.TestCases.CR_SOD_01(java.lang.reflect.Method)<br/>
<a href="#Output-1642420659" onClick='toggleBox("Output-1642420659", this, "Show output", "Hide output");'>Show output</a>

<a href="#Output-1642420659" onClick="toggleAllBoxes();">Show all outputs</a>
<div class='log' id="Output-1642420659">
<font color='blue'>################################DataSet: 1################################</font><br/>
<a href='Screenshots/TestFailure27.png'><font color='red'>Exception:no such element: Unable to locate element: {"method":"css selector","selector":"a[id='reportslink']"}
  (Session info: chrome=87.0.4280.88)
  (Driver info: chromedriver=72.0.3626.69 (3c16f8a135abc0d4da2dff33804db79b849a7c38),platform=Windows NT 10.0.18362 x86_64) (WARNING: The server did not provide any stacktrace information)
Command duration or timeout: 0 milliseconds
For documentation on this error, please visit: http://seleniumhq.org/exceptions/no_such_element.html
Build info: version: '3.6.0', revision: '6fbf3ec767', time: '2017-09-27T15:28:36.4Z'
System info: host: 'XPITAX-11568', ip: '192.168.0.101', os.name: 'Windows 10', os.arch: 'amd64', os.version: '10.0', java.version: '1.8.0_191'
Driver info: org.openqa.selenium.remote.RemoteWebDriver
Capabilities [{mobileEmulationEnabled=false, timeouts={implicit=0, pageLoad=300000, script=30000}, hasTouchScreen=false, platform=XP, acceptSslCerts=false, goog:chromeOptions={debuggerAddress=localhost:52246}, acceptInsecureCerts=false, webStorageEnabled=true, browserName=chrome, takesScreenshot=true, javascriptEnabled=true, platformName=XP, setWindowRect=true, unexpectedAlertBehaviour=ignore, applicationCacheEnabled=false, rotatable=false, networkConnectionEnabled=false, chrome={chromedriverVersion=72.0.3626.69 (3c16f8a135abc0d4da2dff33804db79b849a7c38), userDataDir=C:\Users\NTHIMM~1\AppData\Local\Temp\scoped_dir55824_30418}, takesHeapSnapshot=true, unhandledPromptBehavior=ignore, pageLoadStrategy=normal, databaseEnabled=false, handlesAlerts=true, version=87.0.4280.88, browserConnectionEnabled=false, proxy=Proxy(), nativeEvents=true, locationContextEnabled=true, cssSelectorsEnabled=true}]
Session ID: 0ad916bd97accf2c6a735afc33e32c60
*** Element info: {Using=css selector, value=a[id='reportslink']}</font> </a><br/>
<a href='Screenshots/TestFailure28.png'><font color='red'>Switching to frame Frame path did not happen within 3 seconds</font> </a><br/>
<a href='Screenshots/TestFailure29.png'><font color='red'>Switching to frame Frame path did not happen within 3 seconds</font> </a><br/>
<a href='Screenshots/TestFailure30.png'><font color='red'>The given window "2" is failed to open</font> </a><br/>
</div>
</td>
<td><div><pre>java.lang.AssertionError: null
	at utilities.Common.testFailed(Common.java:148)
	at TestCases.TestCases.TestEnd(TestCases.java:10774)
	at TestCases.TestCases.CR_SOD_01(TestCases.java:10355)
	at java.util.concurrent.FutureTask.run(Unknown Source)
	at java.util.concurrent.ThreadPoolExecutor.runWorker(Unknown Source)
	at java.util.concurrent.ThreadPoolExecutor$Worker.run(Unknown Source)
	at java.lang.Thread.run(Unknown Source)
... Removed 18 stack frames</pre></div><a href='#' onClick='toggleBox("stack-trace1642420659", this, "Click to show all stack frames", "Click to hide stack frames")'>Click to show all stack frames</a>
<div class='stack-trace' id='stack-trace1642420659'><pre>java.lang.AssertionError: null
	at org.testng.Assert.fail(Assert.java:94)
	at org.testng.Assert.fail(Assert.java:101)
	at utilities.Common.testFailed(Common.java:148)
	at TestCases.TestCases.TestEnd(TestCases.java:10774)
	at TestCases.TestCases.CR_SOD_01(TestCases.java:10355)
	at sun.reflect.NativeMethodAccessorImpl.invoke0(Native Method)
	at sun.reflect.NativeMethodAccessorImpl.invoke(Unknown Source)
	at sun.reflect.DelegatingMethodAccessorImpl.invoke(Unknown Source)
	at java.lang.reflect.Method.invoke(Unknown Source)
	at org.testng.internal.MethodInvocationHelper.invokeMethod(MethodInvocationHelper.java:104)
	at org.testng.internal.Invoker.invokeMethod(Invoker.java:645)
	at org.testng.internal.Invoker.invokeTestMethod(Invoker.java:851)
	at org.testng.internal.Invoker.invokeTestMethods(Invoker.java:1177)
	at org.testng.internal.TestMethodWorker.invokeTestMethods(TestMethodWorker.java:129)
	at org.testng.internal.TestMethodWorker.run(TestMethodWorker.java:112)
	at org.testng.TestRunner.privateRun(TestRunner.java:756)
	at org.testng.TestRunner.run(TestRunner.java:610)
	at org.testng.SuiteRunner.runTest(SuiteRunner.java:387)
	at org.testng.SuiteRunner.access$000(SuiteRunner.java:39)
	at org.testng.SuiteRunner$SuiteWorker.run(SuiteRunner.java:421)
	at org.testng.internal.thread.ThreadUtil$2.call(ThreadUtil.java:64)
	at java.util.concurrent.FutureTask.run(Unknown Source)
	at java.util.concurrent.ThreadPoolExecutor.runWorker(Unknown Source)
	at java.util.concurrent.ThreadPoolExecutor$Worker.run(Unknown Source)
	at java.lang.Thread.run(Unknown Source)
</pre></div></td>
<td>395</td>
<td>TestCases.TestCases@2096442d</td></tr>
<tr>
<td title='TestCases.TestCases.CR_SO_01()'><b>CR_SO_01</b><br>Test class: TestCases.TestCases<br>Parameters: public void TestCases.TestCases.CR_SO_01(java.lang.reflect.Method)<br/>
<a href="#Output-967573752" onClick='toggleBox("Output-967573752", this, "Show output", "Hide output");'>Show output</a>

<a href="#Output-967573752" onClick="toggleAllBoxes();">Show all outputs</a>
<div class='log' id="Output-967573752">
<font color='blue'>################################DataSet: 1################################</font><br/>
<a href='Screenshots/TestFailure23.png'><font color='red'>Exception:no such element: Unable to locate element: {"method":"css selector","selector":"a[id='reportslink']"}
  (Session info: chrome=87.0.4280.88)
  (Driver info: chromedriver=72.0.3626.69 (3c16f8a135abc0d4da2dff33804db79b849a7c38),platform=Windows NT 10.0.18362 x86_64) (WARNING: The server did not provide any stacktrace information)
Command duration or timeout: 0 milliseconds
For documentation on this error, please visit: http://seleniumhq.org/exceptions/no_such_element.html
Build info: version: '3.6.0', revision: '6fbf3ec767', time: '2017-09-27T15:28:36.4Z'
System info: host: 'XPITAX-11568', ip: '192.168.0.101', os.name: 'Windows 10', os.arch: 'amd64', os.version: '10.0', java.version: '1.8.0_191'
Driver info: org.openqa.selenium.remote.RemoteWebDriver
Capabilities [{mobileEmulationEnabled=false, timeouts={implicit=0, pageLoad=300000, script=30000}, hasTouchScreen=false, platform=XP, acceptSslCerts=false, goog:chromeOptions={debuggerAddress=localhost:52246}, acceptInsecureCerts=false, webStorageEnabled=true, browserName=chrome, takesScreenshot=true, javascriptEnabled=true, platformName=XP, setWindowRect=true, unexpectedAlertBehaviour=ignore, applicationCacheEnabled=false, rotatable=false, networkConnectionEnabled=false, chrome={chromedriverVersion=72.0.3626.69 (3c16f8a135abc0d4da2dff33804db79b849a7c38), userDataDir=C:\Users\NTHIMM~1\AppData\Local\Temp\scoped_dir55824_30418}, takesHeapSnapshot=true, unhandledPromptBehavior=ignore, pageLoadStrategy=normal, databaseEnabled=false, handlesAlerts=true, version=87.0.4280.88, browserConnectionEnabled=false, proxy=Proxy(), nativeEvents=true, locationContextEnabled=true, cssSelectorsEnabled=true}]
Session ID: 0ad916bd97accf2c6a735afc33e32c60
*** Element info: {Using=css selector, value=a[id='reportslink']}</font> </a><br/>
<a href='Screenshots/TestFailure24.png'><font color='red'>Switching to frame Frame path did not happen within 3 seconds</font> </a><br/>
<a href='Screenshots/TestFailure25.png'><font color='red'>Switching to frame Frame path did not happen within 3 seconds</font> </a><br/>
<a href='Screenshots/TestFailure26.png'><font color='red'>The given window "2" is failed to open</font> </a><br/>
</div>
</td>
<td><div><pre>java.lang.AssertionError: null
	at utilities.Common.testFailed(Common.java:148)
	at TestCases.TestCases.TestEnd(TestCases.java:10774)
	at TestCases.TestCases.CR_SO_01(TestCases.java:10051)
	at java.util.concurrent.FutureTask.run(Unknown Source)
	at java.util.concurrent.ThreadPoolExecutor.runWorker(Unknown Source)
	at java.util.concurrent.ThreadPoolExecutor$Worker.run(Unknown Source)
	at java.lang.Thread.run(Unknown Source)
... Removed 18 stack frames</pre></div><a href='#' onClick='toggleBox("stack-trace967573752", this, "Click to show all stack frames", "Click to hide stack frames")'>Click to show all stack frames</a>
<div class='stack-trace' id='stack-trace967573752'><pre>java.lang.AssertionError: null
	at org.testng.Assert.fail(Assert.java:94)
	at org.testng.Assert.fail(Assert.java:101)
	at utilities.Common.testFailed(Common.java:148)
	at TestCases.TestCases.TestEnd(TestCases.java:10774)
	at TestCases.TestCases.CR_SO_01(TestCases.java:10051)
	at sun.reflect.NativeMethodAccessorImpl.invoke0(Native Method)
	at sun.reflect.NativeMethodAccessorImpl.invoke(Unknown Source)
	at sun.reflect.DelegatingMethodAccessorImpl.invoke(Unknown Source)
	at java.lang.reflect.Method.invoke(Unknown Source)
	at org.testng.internal.MethodInvocationHelper.invokeMethod(MethodInvocationHelper.java:104)
	at org.testng.internal.Invoker.invokeMethod(Invoker.java:645)
	at org.testng.internal.Invoker.invokeTestMethod(Invoker.java:851)
	at org.testng.internal.Invoker.invokeTestMethods(Invoker.java:1177)
	at org.testng.internal.TestMethodWorker.invokeTestMethods(TestMethodWorker.java:129)
	at org.testng.internal.TestMethodWorker.run(TestMethodWorker.java:112)
	at org.testng.TestRunner.privateRun(TestRunner.java:756)
	at org.testng.TestRunner.run(TestRunner.java:610)
	at org.testng.SuiteRunner.runTest(SuiteRunner.java:387)
	at org.testng.SuiteRunner.access$000(SuiteRunner.java:39)
	at org.testng.SuiteRunner$SuiteWorker.run(SuiteRunner.java:421)
	at org.testng.internal.thread.ThreadUtil$2.call(ThreadUtil.java:64)
	at java.util.concurrent.FutureTask.run(Unknown Source)
	at java.util.concurrent.ThreadPoolExecutor.runWorker(Unknown Source)
	at java.util.concurrent.ThreadPoolExecutor$Worker.run(Unknown Source)
	at java.lang.Thread.run(Unknown Source)
</pre></div></td>
<td>395</td>
<td>TestCases.TestCases@2096442d</td></tr>
<tr>
<td title='TestCases.TestCases.TDR_CAS_01()'><b>TDR_CAS_01</b><br>Test class: TestCases.TestCases<br>Parameters: public void TestCases.TestCases.TDR_CAS_01(java.lang.reflect.Method)<br/>
<a href="#Output-218842994" onClick='toggleBox("Output-218842994", this, "Show output", "Hide output");'>Show output</a>

<a href="#Output-218842994" onClick="toggleAllBoxes();">Show all outputs</a>
<div class='log' id="Output-218842994">
<font color='blue'>################################DataSet: 1################################</font><br/>
<font color='blue'>Reports page is displayed successfully</font><br/>
<font color='green'>Click on: Reports tab </font><br/>
<font color='green'>The page  loaded successfully</font><br/>
<font color='blue'>Combined Assembly and Shipping Report link is clicked Successfully</font><br/>
<a href='Screenshots/TestFailure17.png'><font color='red'></font> </a><br/>
<a href='Screenshots/TestFailure17.png'><font color='red'></font> </a><br/>
<a href='Screenshots/TestFailure17.png'><font color='red'>Not able to find Run Report</font> </a><br/>
<a href='Screenshots/TestFailure18.png'><font color='red'>The given window "2" is failed to open</font> </a><br/>
</div>
</td>
<td><div><pre>java.lang.AssertionError: null
	at utilities.Common.testFailed(Common.java:148)
	at TestCases.TestCases.TestEnd(TestCases.java:10774)
	at TestCases.TestCases.TDR_CAS_01(TestCases.java:1336)
	at java.util.concurrent.FutureTask.run(Unknown Source)
	at java.util.concurrent.ThreadPoolExecutor.runWorker(Unknown Source)
	at java.util.concurrent.ThreadPoolExecutor$Worker.run(Unknown Source)
	at java.lang.Thread.run(Unknown Source)
... Removed 18 stack frames</pre></div><a href='#' onClick='toggleBox("stack-trace218842994", this, "Click to show all stack frames", "Click to hide stack frames")'>Click to show all stack frames</a>
<div class='stack-trace' id='stack-trace218842994'><pre>java.lang.AssertionError: null
	at org.testng.Assert.fail(Assert.java:94)
	at org.testng.Assert.fail(Assert.java:101)
	at utilities.Common.testFailed(Common.java:148)
	at TestCases.TestCases.TestEnd(TestCases.java:10774)
	at TestCases.TestCases.TDR_CAS_01(TestCases.java:1336)
	at sun.reflect.NativeMethodAccessorImpl.invoke0(Native Method)
	at sun.reflect.NativeMethodAccessorImpl.invoke(Unknown Source)
	at sun.reflect.DelegatingMethodAccessorImpl.invoke(Unknown Source)
	at java.lang.reflect.Method.invoke(Unknown Source)
	at org.testng.internal.MethodInvocationHelper.invokeMethod(MethodInvocationHelper.java:104)
	at org.testng.internal.Invoker.invokeMethod(Invoker.java:645)
	at org.testng.internal.Invoker.invokeTestMethod(Invoker.java:851)
	at org.testng.internal.Invoker.invokeTestMethods(Invoker.java:1177)
	at org.testng.internal.TestMethodWorker.invokeTestMethods(TestMethodWorker.java:129)
	at org.testng.internal.TestMethodWorker.run(TestMethodWorker.java:112)
	at org.testng.TestRunner.privateRun(TestRunner.java:756)
	at org.testng.TestRunner.run(TestRunner.java:610)
	at org.testng.SuiteRunner.runTest(SuiteRunner.java:387)
	at org.testng.SuiteRunner.access$000(SuiteRunner.java:39)
	at org.testng.SuiteRunner$SuiteWorker.run(SuiteRunner.java:421)
	at org.testng.internal.thread.ThreadUtil$2.call(ThreadUtil.java:64)
	at java.util.concurrent.FutureTask.run(Unknown Source)
	at java.util.concurrent.ThreadPoolExecutor.runWorker(Unknown Source)
	at java.util.concurrent.ThreadPoolExecutor$Worker.run(Unknown Source)
	at java.lang.Thread.run(Unknown Source)
</pre></div></td>
<td>450</td>
<td>TestCases.TestCases@2096442d</td></tr>
<tr>
<td title='TestCases.TestCases.TDR_SBS_001()'><b>TDR_SBS_001</b><br>Test class: TestCases.TestCases<br>Parameters: public void TestCases.TestCases.TDR_SBS_001(java.lang.reflect.Method)<br/>
<a href="#Output-1467859433" onClick='toggleBox("Output-1467859433", this, "Show output", "Hide output");'>Show output</a>

<a href="#Output-1467859433" onClick="toggleAllBoxes();">Show all outputs</a>
<div class='log' id="Output-1467859433">
<font color='blue'>################################DataSet: 1################################</font><br/>
<font color='blue'>Reports page is displayed successfully</font><br/>
<font color='green'>Click on: Reports tab </font><br/>
<font color='green'>The page  loaded successfully</font><br/>
<font color='blue'>Search By Status Report link is clicked Successfully</font><br/>
<font color='green'>"" button is clicked Successfully.</font><br/>
<font color='green'>"" button is present in Reports page.</font><br/>
<font color='green'>The page  loaded successfully</font><br/>
<a href='Screenshots/TestFailure19.png'><font color='red'>The given window "2" is failed to open</font> </a><br/>
</div>
</td>
<td><div><pre>java.lang.AssertionError: null
	at utilities.Common.testFailed(Common.java:148)
	at TestCases.TestCases.TestEnd(TestCases.java:10774)
	at TestCases.TestCases.TDR_SBS_001(TestCases.java:2147)
	at java.util.concurrent.FutureTask.run(Unknown Source)
	at java.util.concurrent.ThreadPoolExecutor.runWorker(Unknown Source)
	at java.util.concurrent.ThreadPoolExecutor$Worker.run(Unknown Source)
	at java.lang.Thread.run(Unknown Source)
... Removed 18 stack frames</pre></div><a href='#' onClick='toggleBox("stack-trace1467859433", this, "Click to show all stack frames", "Click to hide stack frames")'>Click to show all stack frames</a>
<div class='stack-trace' id='stack-trace1467859433'><pre>java.lang.AssertionError: null
	at org.testng.Assert.fail(Assert.java:94)
	at org.testng.Assert.fail(Assert.java:101)
	at utilities.Common.testFailed(Common.java:148)
	at TestCases.TestCases.TestEnd(TestCases.java:10774)
	at TestCases.TestCases.TDR_SBS_001(TestCases.java:2147)
	at sun.reflect.NativeMethodAccessorImpl.invoke0(Native Method)
	at sun.reflect.NativeMethodAccessorImpl.invoke(Unknown Source)
	at sun.reflect.DelegatingMethodAccessorImpl.invoke(Unknown Source)
	at java.lang.reflect.Method.invoke(Unknown Source)
	at org.testng.internal.MethodInvocationHelper.invokeMethod(MethodInvocationHelper.java:104)
	at org.testng.internal.Invoker.invokeMethod(Invoker.java:645)
	at org.testng.internal.Invoker.invokeTestMethod(Invoker.java:851)
	at org.testng.internal.Invoker.invokeTestMethods(Invoker.java:1177)
	at org.testng.internal.TestMethodWorker.invokeTestMethods(TestMethodWorker.java:129)
	at org.testng.internal.TestMethodWorker.run(TestMethodWorker.java:112)
	at org.testng.TestRunner.privateRun(TestRunner.java:756)
	at org.testng.TestRunner.run(TestRunner.java:610)
	at org.testng.SuiteRunner.runTest(SuiteRunner.java:387)
	at org.testng.SuiteRunner.access$000(SuiteRunner.java:39)
	at org.testng.SuiteRunner$SuiteWorker.run(SuiteRunner.java:421)
	at org.testng.internal.thread.ThreadUtil$2.call(ThreadUtil.java:64)
	at java.util.concurrent.FutureTask.run(Unknown Source)
	at java.util.concurrent.ThreadPoolExecutor.runWorker(Unknown Source)
	at java.util.concurrent.ThreadPoolExecutor$Worker.run(Unknown Source)
	at java.lang.Thread.run(Unknown Source)
</pre></div></td>
<td>279</td>
<td>TestCases.TestCases@2096442d</td></tr>
<tr>
<td title='TestCases.TestCases.UR_IPA_01()'><b>UR_IPA_01</b><br>Test class: TestCases.TestCases<br>Parameters: public void TestCases.TestCases.UR_IPA_01(java.lang.reflect.Method)<br/>
<a href="#Output-63014336" onClick='toggleBox("Output-63014336", this, "Show output", "Hide output");'>Show output</a>

<a href="#Output-63014336" onClick="toggleAllBoxes();">Show all outputs</a>
<div class='log' id="Output-63014336">
<font color='blue'>################################DataSet: 1################################</font><br/>
<font color='blue'>Reports page is displayed successfully</font><br/>
<font color='green'>Click on: Reports tab </font><br/>
<font color='green'>The page  loaded successfully</font><br/>
<font color='blue'>Issues & Points - All Report link is clicked Successfully</font><br/>
<a href='Screenshots/TestFailure9.png'><font color='red'></font> </a><br/>
<a href='Screenshots/TestFailure9.png'><font color='red'></font> </a><br/>
<a href='Screenshots/TestFailure9.png'><font color='red'></font> </a><br/>
<a href='Screenshots/TestFailure9.png'><font color='red'></font> </a><br/>
<a href='Screenshots/TestFailure9.png'><font color='red'></font> </a><br/>
<a href='Screenshots/TestFailure9.png'><font color='red'></font> </a><br/>
<a href='Screenshots/TestFailure9.png'><font color='red'></font> </a><br/>
<a href='Screenshots/TestFailure9.png'><font color='red'></font> </a><br/>
<a href='Screenshots/TestFailure9.png'><font color='red'>Not able to find Run Report</font> </a><br/>
<a href='Screenshots/TestFailure10.png'><font color='red'>The given window "2" is failed to open</font> </a><br/>
</div>
</td>
<td><div><pre>java.lang.AssertionError: null
	at utilities.Common.testFailed(Common.java:148)
	at TestCases.TestCases.TestEnd(TestCases.java:10774)
	at TestCases.TestCases.UR_IPA_01(TestCases.java:150)
	at java.util.concurrent.FutureTask.run(Unknown Source)
	at java.util.concurrent.ThreadPoolExecutor.runWorker(Unknown Source)
	at java.util.concurrent.ThreadPoolExecutor$Worker.run(Unknown Source)
	at java.lang.Thread.run(Unknown Source)
... Removed 18 stack frames</pre></div><a href='#' onClick='toggleBox("stack-trace63014336", this, "Click to show all stack frames", "Click to hide stack frames")'>Click to show all stack frames</a>
<div class='stack-trace' id='stack-trace63014336'><pre>java.lang.AssertionError: null
	at org.testng.Assert.fail(Assert.java:94)
	at org.testng.Assert.fail(Assert.java:101)
	at utilities.Common.testFailed(Common.java:148)
	at TestCases.TestCases.TestEnd(TestCases.java:10774)
	at TestCases.TestCases.UR_IPA_01(TestCases.java:150)
	at sun.reflect.NativeMethodAccessorImpl.invoke0(Native Method)
	at sun.reflect.NativeMethodAccessorImpl.invoke(Unknown Source)
	at sun.reflect.DelegatingMethodAccessorImpl.invoke(Unknown Source)
	at java.lang.reflect.Method.invoke(Unknown Source)
	at org.testng.internal.MethodInvocationHelper.invokeMethod(MethodInvocationHelper.java:104)
	at org.testng.internal.Invoker.invokeMethod(Invoker.java:645)
	at org.testng.internal.Invoker.invokeTestMethod(Invoker.java:851)
	at org.testng.internal.Invoker.invokeTestMethods(Invoker.java:1177)
	at org.testng.internal.TestMethodWorker.invokeTestMethods(TestMethodWorker.java:129)
	at org.testng.internal.TestMethodWorker.run(TestMethodWorker.java:112)
	at org.testng.TestRunner.privateRun(TestRunner.java:756)
	at org.testng.TestRunner.run(TestRunner.java:610)
	at org.testng.SuiteRunner.runTest(SuiteRunner.java:387)
	at org.testng.SuiteRunner.access$000(SuiteRunner.java:39)
	at org.testng.SuiteRunner$SuiteWorker.run(SuiteRunner.java:421)
	at org.testng.internal.thread.ThreadUtil$2.call(ThreadUtil.java:64)
	at java.util.concurrent.FutureTask.run(Unknown Source)
	at java.util.concurrent.ThreadPoolExecutor.runWorker(Unknown Source)
	at java.util.concurrent.ThreadPoolExecutor$Worker.run(Unknown Source)
	at java.lang.Thread.run(Unknown Source)
</pre></div></td>
<td>723</td>
<td>TestCases.TestCases@2096442d</td></tr>
<tr>
<td title='TestCases.TestCases.UR_TIM_01()'><b>UR_TIM_01</b><br>Test class: TestCases.TestCases<br>Parameters: public void TestCases.TestCases.UR_TIM_01(java.lang.reflect.Method)<br/>
<a href="#Output-1121602816" onClick='toggleBox("Output-1121602816", this, "Show output", "Hide output");'>Show output</a>

<a href="#Output-1121602816" onClick="toggleAllBoxes();">Show all outputs</a>
<div class='log' id="Output-1121602816">
<font color='blue'>################################DataSet: 1################################</font><br/>
<font color='blue'>Reports page is displayed successfully</font><br/>
<font color='green'>Click on: Reports tab </font><br/>
<font color='green'>The page  loaded successfully</font><br/>
<font color='blue'>Tasks I Moved Report link is clicked Successfully</font><br/>
<a href='Screenshots/TestFailure11.png'><font color='red'>Not able to find Run Report</font> </a><br/>
<a href='Screenshots/TestFailure12.png'><font color='red'>The given window "2" is failed to open</font> </a><br/>
</div>
</td>
<td><div><pre>java.lang.AssertionError: null
	at utilities.Common.testFailed(Common.java:148)
	at TestCases.TestCases.TestEnd(TestCases.java:10774)
	at TestCases.TestCases.UR_TIM_01(TestCases.java:4067)
	at java.util.concurrent.FutureTask.run(Unknown Source)
	at java.util.concurrent.ThreadPoolExecutor.runWorker(Unknown Source)
	at java.util.concurrent.ThreadPoolExecutor$Worker.run(Unknown Source)
	at java.lang.Thread.run(Unknown Source)
... Removed 18 stack frames</pre></div><a href='#' onClick='toggleBox("stack-trace1121602816", this, "Click to show all stack frames", "Click to hide stack frames")'>Click to show all stack frames</a>
<div class='stack-trace' id='stack-trace1121602816'><pre>java.lang.AssertionError: null
	at org.testng.Assert.fail(Assert.java:94)
	at org.testng.Assert.fail(Assert.java:101)
	at utilities.Common.testFailed(Common.java:148)
	at TestCases.TestCases.TestEnd(TestCases.java:10774)
	at TestCases.TestCases.UR_TIM_01(TestCases.java:4067)
	at sun.reflect.NativeMethodAccessorImpl.invoke0(Native Method)
	at sun.reflect.NativeMethodAccessorImpl.invoke(Unknown Source)
	at sun.reflect.DelegatingMethodAccessorImpl.invoke(Unknown Source)
	at java.lang.reflect.Method.invoke(Unknown Source)
	at org.testng.internal.MethodInvocationHelper.invokeMethod(MethodInvocationHelper.java:104)
	at org.testng.internal.Invoker.invokeMethod(Invoker.java:645)
	at org.testng.internal.Invoker.invokeTestMethod(Invoker.java:851)
	at org.testng.internal.Invoker.invokeTestMethods(Invoker.java:1177)
	at org.testng.internal.TestMethodWorker.invokeTestMethods(TestMethodWorker.java:129)
	at org.testng.internal.TestMethodWorker.run(TestMethodWorker.java:112)
	at org.testng.TestRunner.privateRun(TestRunner.java:756)
	at org.testng.TestRunner.run(TestRunner.java:610)
	at org.testng.SuiteRunner.runTest(SuiteRunner.java:387)
	at org.testng.SuiteRunner.access$000(SuiteRunner.java:39)
	at org.testng.SuiteRunner$SuiteWorker.run(SuiteRunner.java:421)
	at org.testng.internal.thread.ThreadUtil$2.call(ThreadUtil.java:64)
	at java.util.concurrent.FutureTask.run(Unknown Source)
	at java.util.concurrent.ThreadPoolExecutor.runWorker(Unknown Source)
	at java.util.concurrent.ThreadPoolExecutor$Worker.run(Unknown Source)
	at java.lang.Thread.run(Unknown Source)
</pre></div></td>
<td>281</td>
<td>TestCases.TestCases@2096442d</td></tr>
</table><p>
<table width='100%' border='1' class='invocation-passed'>
<tr><td colspan='4' align='center'><b>PASSED TESTS</b></td></tr>
<tr><td><b>Test method</b></td>
<td width="30%"><b>Exception</b></td>
<td width="10%"><b>Time (seconds)</b></td>
<td><b>Instance</b></td>
</tr>
<tr>
<td title='TestCases.TestCases.AR_SA_01()'><b>AR_SA_01</b><br>Test class: TestCases.TestCases<br>Parameters: public void TestCases.TestCases.AR_SA_01(java.lang.reflect.Method)<br/>
<a href="#Output-273459336" onClick='toggleBox("Output-273459336", this, "Show output", "Hide output");'>Show output</a>

<a href="#Output-273459336" onClick="toggleAllBoxes();">Show all outputs</a>
<div class='log' id="Output-273459336">
<font color='blue'>################################DataSet: 1################################</font><br/>
<font color='blue'>Reports page is displayed successfully</font><br/>
<font color='green'>Click on: Reports tab </font><br/>
<font color='green'>The page  loaded successfully</font><br/>
<font color='blue'>Staffing Assignments Report link is clicked Successfully</font><br/>
<font color='green'>"Run Report" button is clicked Successfully.</font><br/>
<font color='green'>"Run Report" button is present in Reports page.</font><br/>
<font color='green'>The page  loaded successfully</font><br/>
<font color='green'>Manage Staffing - By Client & Task Report Window has opened Successfully.</font><br/>
</div>
</td>
<td></td>
<td>164</td>
<td>TestCases.TestCases@2096442d</td></tr>
<tr>
<td title='TestCases.TestCases.AR_UD_01()'><b>AR_UD_01</b><br>Test class: TestCases.TestCases<br>Parameters: public void TestCases.TestCases.AR_UD_01(java.lang.reflect.Method)<br/>
<a href="#Output-1072591719" onClick='toggleBox("Output-1072591719", this, "Show output", "Hide output");'>Show output</a>

<a href="#Output-1072591719" onClick="toggleAllBoxes();">Show all outputs</a>
<div class='log' id="Output-1072591719">
<font color='blue'>################################DataSet: 1################################</font><br/>
<font color='blue'>Reports page is displayed successfully</font><br/>
<font color='green'>Click on: Reports tab </font><br/>
<font color='green'>The page  loaded successfully</font><br/>
<font color='blue'>User Details Report link is clicked Successfully</font><br/>
<font color='green'>"Run Report" button is clicked Successfully.</font><br/>
<font color='green'>"Run Report" button is present in Reports page.</font><br/>
<font color='green'>The page  loaded successfully</font><br/>
<font color='green'>User Details Report Window has opened Successfully.</font><br/>
</div>
</td>
<td></td>
<td>165</td>
<td>TestCases.TestCases@2096442d</td></tr>
<tr>
<td title='TestCases.TestCases.AR_WSM_01()'><b>AR_WSM_01</b><br>Test class: TestCases.TestCases<br>Parameters: public void TestCases.TestCases.AR_WSM_01(java.lang.reflect.Method)<br/>
<a href="#Output-1893443358" onClick='toggleBox("Output-1893443358", this, "Show output", "Hide output");'>Show output</a>

<a href="#Output-1893443358" onClick="toggleAllBoxes();">Show all outputs</a>
<div class='log' id="Output-1893443358">
<font color='blue'>################################DataSet: 1################################</font><br/>
<font color='blue'>Reports page is displayed successfully</font><br/>
<font color='green'>Click on: Reports tab </font><br/>
<font color='green'>The page  loaded successfully</font><br/>
<font color='blue'>Workflow Status Mapping Report link is clicked Successfully</font><br/>
<font color='green'>"Run Report" button is clicked Successfully.</font><br/>
<font color='green'>"Run Report" button is present in Reports page.</font><br/>
<font color='green'>The page  loaded successfully</font><br/>
<font color='green'>Workflow Mapping Report Report Window has opened Successfully.</font><br/>
</div>
</td>
<td></td>
<td>160</td>
<td>TestCases.TestCases@2096442d</td></tr>
<tr>
<td title='TestCases.TestCases.AR_YTCR_01()'><b>AR_YTCR_01</b><br>Test class: TestCases.TestCases<br>Parameters: public void TestCases.TestCases.AR_YTCR_01(java.lang.reflect.Method)<br/>
<a href="#Output-1966100585" onClick='toggleBox("Output-1966100585", this, "Show output", "Hide output");'>Show output</a>

<a href="#Output-1966100585" onClick="toggleAllBoxes();">Show all outputs</a>
<div class='log' id="Output-1966100585">
<font color='blue'>################################DataSet: 1################################</font><br/>
<font color='blue'>Reports page is displayed successfully</font><br/>
<font color='green'>Click on: Reports tab </font><br/>
<font color='green'>The page  loaded successfully</font><br/>
<font color='blue'>Yearly Tax Comparison Report Report link is clicked Successfully</font><br/>
<font color='green'>Period End is entered Successfully aganist </font><br/>
<font color='green'>5/8/19 is entered in date field.</font><br/>
<font color='green'>Report as of is entered Successfully aganist </font><br/>
<font color='green'>8/9/19 is entered in date field.</font><br/>
<font color='green'>"Run Report" button is clicked Successfully.</font><br/>
<font color='green'>"Run Report" button is present in Reports page.</font><br/>
<font color='green'>The page  loaded successfully</font><br/>
<font color='green'>Yearly Tax Comparison Report Report Window has opened Successfully.</font><br/>
</div>
</td>
<td></td>
<td>172</td>
<td>TestCases.TestCases@2096442d</td></tr>
<tr>
<td title='TestCases.TestCases.CR_EDTL_01()'><b>CR_EDTL_01</b><br>Test class: TestCases.TestCases<br>Parameters: public void TestCases.TestCases.CR_EDTL_01(java.lang.reflect.Method)<br/>
<a href="#Output-613974600" onClick='toggleBox("Output-613974600", this, "Show output", "Hide output");'>Show output</a>

<a href="#Output-613974600" onClick="toggleAllBoxes();">Show all outputs</a>
<div class='log' id="Output-613974600">
<font color='blue'>################################DataSet: 1################################</font><br/>
<font color='blue'>Reports page is displayed successfully</font><br/>
<font color='green'>Click on: Reports tab </font><br/>
<font color='green'>The page  loaded successfully</font><br/>
<font color='blue'>Engagement Details Report link is clicked Successfully</font><br/>
<font color='green'>"Run Report" button is clicked Successfully.</font><br/>
<font color='green'>"Run Report" button is present in Reports page.</font><br/>
<font color='green'>The page  loaded successfully</font><br/>
<font color='green'>Task Details - Engagement Details Report Window has opened Successfully.</font><br/>
</div>
</td>
<td></td>
<td>168</td>
<td>TestCases.TestCases@2096442d</td></tr>
<tr>
<td title='TestCases.TestCases.CR_ED_01()'><b>CR_ED_01</b><br>Test class: TestCases.TestCases<br>Parameters: public void TestCases.TestCases.CR_ED_01(java.lang.reflect.Method)<br/>
<a href="#Output-1941726995" onClick='toggleBox("Output-1941726995", this, "Show output", "Hide output");'>Show output</a>

<a href="#Output-1941726995" onClick="toggleAllBoxes();">Show all outputs</a>
<div class='log' id="Output-1941726995">
<font color='blue'>################################DataSet: 1################################</font><br/>
<font color='blue'>Reports page is displayed successfully</font><br/>
<font color='green'>Click on: Reports tab </font><br/>
<font color='green'>The page  loaded successfully</font><br/>
<font color='blue'>Engagement Dates Report link is clicked Successfully</font><br/>
<font color='green'>"Run Report" button is clicked Successfully.</font><br/>
<font color='green'>"Run Report" button is present in Reports page.</font><br/>
<font color='green'>The page  loaded successfully</font><br/>
<font color='green'>Task Details - Engagement Dates Report Window has opened Successfully.</font><br/>
</div>
</td>
<td></td>
<td>162</td>
<td>TestCases.TestCases@2096442d</td></tr>
<tr>
<td title='TestCases.TestCases.DDR_BDDF_01()'><b>DDR_BDDF_01</b><br>Test class: TestCases.TestCases<br>Parameters: public void TestCases.TestCases.DDR_BDDF_01(java.lang.reflect.Method)<br/>
<a href="#Output-119242291" onClick='toggleBox("Output-119242291", this, "Show output", "Hide output");'>Show output</a>

<a href="#Output-119242291" onClick="toggleAllBoxes();">Show all outputs</a>
<div class='log' id="Output-119242291">
<font color='blue'>################################DataSet: 1################################</font><br/>
<font color='blue'>Reports page is displayed successfully</font><br/>
<font color='green'>Click on: Reports tab </font><br/>
<font color='green'>The page  loaded successfully</font><br/>
<font color='blue'>By Deliverables - Distributable Format Report link is clicked Successfully</font><br/>
<font color='green'>"Run Report" button is clicked Successfully.</font><br/>
<font color='green'>"Run Report" button is present in Reports page.</font><br/>
<font color='green'>The page  loaded successfully</font><br/>
<font color='green'>Custom Jurisdiction Report Report Window has opened Successfully.</font><br/>
</div>
</td>
<td></td>
<td>161</td>
<td>TestCases.TestCases@2096442d</td></tr>
<tr>
<td title='TestCases.TestCases.DDR_BDDS_01()'><b>DDR_BDDS_01</b><br>Test class: TestCases.TestCases<br>Parameters: public void TestCases.TestCases.DDR_BDDS_01(java.lang.reflect.Method)<br/>
<a href="#Output-781747846" onClick='toggleBox("Output-781747846", this, "Show output", "Hide output");'>Show output</a>

<a href="#Output-781747846" onClick="toggleAllBoxes();">Show all outputs</a>
<div class='log' id="Output-781747846">
<font color='blue'>################################DataSet: 1################################</font><br/>
<font color='blue'>Reports page is displayed successfully</font><br/>
<font color='green'>Click on: Reports tab </font><br/>
<font color='green'>The page  loaded successfully</font><br/>
<font color='blue'>Billing - Due Date Summary with Deliverable Count Report link is clicked Successfully</font><br/>
<font color='green'>"Run Report" button is clicked Successfully.</font><br/>
<font color='green'>"Run Report" button is present in Reports page.</font><br/>
<font color='green'>The page  loaded successfully</font><br/>
<font color='green'>Billing - Due Date Summary with Jurisdiction Count Report Window has opened Successfully.</font><br/>
</div>
</td>
<td></td>
<td>162</td>
<td>TestCases.TestCases@2096442d</td></tr>
<tr>
<td title='TestCases.TestCases.DDR_BD_01()'><b>DDR_BD_01</b><br>Test class: TestCases.TestCases<br>Parameters: public void TestCases.TestCases.DDR_BD_01(java.lang.reflect.Method)<br/>
<a href="#Output-506278476" onClick='toggleBox("Output-506278476", this, "Show output", "Hide output");'>Show output</a>

<a href="#Output-506278476" onClick="toggleAllBoxes();">Show all outputs</a>
<div class='log' id="Output-506278476">
<font color='blue'>################################DataSet: 1################################</font><br/>
<font color='blue'>Reports page is displayed successfully</font><br/>
<font color='green'>Click on: Reports tab </font><br/>
<font color='green'>The page  loaded successfully</font><br/>
<font color='blue'>By Deliverables Report link is clicked Successfully</font><br/>
<font color='green'>"Run Report" button is clicked Successfully.</font><br/>
<font color='green'>"Run Report" button is present in Reports page.</font><br/>
<font color='green'>The page  loaded successfully</font><br/>
<font color='green'>Due Date - Jurisdictions Report Window has opened Successfully.</font><br/>
</div>
</td>
<td></td>
<td>162</td>
<td>TestCases.TestCases@2096442d</td></tr>
<tr>
<td title='TestCases.TestCases.DDR_EXT_01()'><b>DDR_EXT_01</b><br>Test class: TestCases.TestCases<br>Parameters: public void TestCases.TestCases.DDR_EXT_01(java.lang.reflect.Method)<br/>
<a href="#Output-1487447662" onClick='toggleBox("Output-1487447662", this, "Show output", "Hide output");'>Show output</a>

<a href="#Output-1487447662" onClick="toggleAllBoxes();">Show all outputs</a>
<div class='log' id="Output-1487447662">
<font color='blue'>################################DataSet: 1################################</font><br/>
<font color='blue'>Reports page is displayed successfully</font><br/>
<font color='green'>Click on: Reports tab </font><br/>
<font color='green'>The page  loaded successfully</font><br/>
<font color='blue'>Extension Report link is clicked Successfully</font><br/>
<a href='Screenshots/TestFailure13.png'><font color='red'>Not able to find Run Report</font> </a><br/>
<a href='Screenshots/TestFailure14.png'><font color='red'>The given window "2" is failed to open</font> </a><br/>
</div>
</td>
<td></td>
<td>281</td>
<td>TestCases.TestCases@2096442d</td></tr>
<tr>
<td title='TestCases.TestCases.DDR_SDF_01()'><b>DDR_SDF_01</b><br>Test class: TestCases.TestCases<br>Parameters: public void TestCases.TestCases.DDR_SDF_01(java.lang.reflect.Method)<br/>
<a href="#Output-1577880623" onClick='toggleBox("Output-1577880623", this, "Show output", "Hide output");'>Show output</a>

<a href="#Output-1577880623" onClick="toggleAllBoxes();">Show all outputs</a>
<div class='log' id="Output-1577880623">
<font color='blue'>################################DataSet: 1################################</font><br/>
<font color='blue'>Reports page is displayed successfully</font><br/>
<font color='green'>Click on: Reports tab </font><br/>
<font color='green'>The page  loaded successfully</font><br/>
<font color='blue'>Summary - Distributable Format Report link is clicked Successfully</font><br/>
<font color='green'>"Run Report" button is clicked Successfully.</font><br/>
<font color='green'>"Run Report" button is present in Reports page.</font><br/>
<font color='green'>The page  loaded successfully</font><br/>
<font color='green'>Custom Summary Report Report Window has opened Successfully.</font><br/>
</div>
</td>
<td></td>
<td>167</td>
<td>TestCases.TestCases@2096442d</td></tr>
<tr>
<td title='TestCases.TestCases.DDR_SUM_01()'><b>DDR_SUM_01</b><br>Test class: TestCases.TestCases<br>Parameters: public void TestCases.TestCases.DDR_SUM_01(java.lang.reflect.Method)<br/>
<a href="#Output-77199747" onClick='toggleBox("Output-77199747", this, "Show output", "Hide output");'>Show output</a>

<a href="#Output-77199747" onClick="toggleAllBoxes();">Show all outputs</a>
<div class='log' id="Output-77199747">
<font color='blue'>################################DataSet: 1################################</font><br/>
<font color='blue'>Reports page is displayed successfully</font><br/>
<font color='green'>Click on: Reports tab </font><br/>
<font color='green'>The page  loaded successfully</font><br/>
<font color='blue'>Summary Report link is clicked Successfully</font><br/>
<font color='green'>"Run Report" button is clicked Successfully.</font><br/>
<font color='green'>"Run Report" button is present in Reports page.</font><br/>
<font color='green'>The page  loaded successfully</font><br/>
<font color='green'>Due Date - Summary Report Window has opened Successfully.</font><br/>
</div>
</td>
<td></td>
<td>166</td>
<td>TestCases.TestCases@2096442d</td></tr>
<tr>
<td title='TestCases.TestCases.SR_BUD_01()'><b>SR_BUD_01</b><br>Test class: TestCases.TestCases<br>Parameters: public void TestCases.TestCases.SR_BUD_01(java.lang.reflect.Method)<br/>
<a href="#Output-1998902960" onClick='toggleBox("Output-1998902960", this, "Show output", "Hide output");'>Show output</a>

<a href="#Output-1998902960" onClick="toggleAllBoxes();">Show all outputs</a>
<div class='log' id="Output-1998902960">
<font color='blue'>################################DataSet: 1################################</font><br/>
<font color='blue'>Reports page is displayed successfully</font><br/>
<font color='green'>Click on: Reports tab </font><br/>
<font color='green'>The page  loaded successfully</font><br/>
<font color='blue'>Budgeting Report link is clicked Successfully</font><br/>
<font color='green'>"Run Report" button is clicked Successfully.</font><br/>
<font color='green'>"Run Report" button is present in Reports page.</font><br/>
<font color='green'>The page  loaded successfully</font><br/>
<font color='green'>Budgeting Details Report Window has opened Successfully.</font><br/>
</div>
</td>
<td></td>
<td>160</td>
<td>TestCases.TestCases@2096442d</td></tr>
<tr>
<td title='TestCases.TestCases.SR_TBS_01()'><b>SR_TBS_01</b><br>Test class: TestCases.TestCases<br>Parameters: public void TestCases.TestCases.SR_TBS_01(java.lang.reflect.Method)<br/>
<a href="#Output-1571912962" onClick='toggleBox("Output-1571912962", this, "Show output", "Hide output");'>Show output</a>

<a href="#Output-1571912962" onClick="toggleAllBoxes();">Show all outputs</a>
<div class='log' id="Output-1571912962">
<font color='blue'>################################DataSet: 1################################</font><br/>
<font color='blue'>Reports page is displayed successfully</font><br/>
<font color='green'>Click on: Reports tab </font><br/>
<font color='green'>The page  loaded successfully</font><br/>
<font color='blue'>Tasks By Status Report link is clicked Successfully</font><br/>
<font color='green'>"Run Report" button is clicked Successfully.</font><br/>
<font color='green'>"Run Report" button is present in Reports page.</font><br/>
<font color='green'>The page  loaded successfully</font><br/>
<font color='green'>Summary - By Status Report Window has opened Successfully.</font><br/>
</div>
</td>
<td></td>
<td>166</td>
<td>TestCases.TestCases@2096442d</td></tr>
<tr>
<td title='TestCases.TestCases.SR_TTT_01()'><b>SR_TTT_01</b><br>Test class: TestCases.TestCases<br>Parameters: public void TestCases.TestCases.SR_TTT_01(java.lang.reflect.Method)<br/>
<a href="#Output-726685018" onClick='toggleBox("Output-726685018", this, "Show output", "Hide output");'>Show output</a>

<a href="#Output-726685018" onClick="toggleAllBoxes();">Show all outputs</a>
<div class='log' id="Output-726685018">
<font color='blue'>################################DataSet: 1################################</font><br/>
<font color='blue'>Reports page is displayed successfully</font><br/>
<font color='green'>Click on: Reports tab </font><br/>
<font color='green'>The page  loaded successfully</font><br/>
<font color='blue'>Tasks By Task Type Report link is clicked Successfully</font><br/>
<font color='green'>"Run Report" button is clicked Successfully.</font><br/>
<font color='green'>"Run Report" button is present in Reports page.</font><br/>
<font color='green'>The page  loaded successfully</font><br/>
<font color='green'>Summary - By Task Type Report Window has opened Successfully.</font><br/>
</div>
</td>
<td></td>
<td>164</td>
<td>TestCases.TestCases@2096442d</td></tr>
<tr>
<td title='TestCases.TestCases.SR_UW_01()'><b>SR_UW_01</b><br>Test class: TestCases.TestCases<br>Parameters: public void TestCases.TestCases.SR_UW_01(java.lang.reflect.Method)<br/>
<a href="#Output-914268686" onClick='toggleBox("Output-914268686", this, "Show output", "Hide output");'>Show output</a>

<a href="#Output-914268686" onClick="toggleAllBoxes();">Show all outputs</a>
<div class='log' id="Output-914268686">
<font color='blue'>################################DataSet: 1################################</font><br/>
<font color='blue'>Reports page is displayed successfully</font><br/>
<font color='green'>Click on: Reports tab </font><br/>
<font color='green'>The page  loaded successfully</font><br/>
<font color='blue'>User Workload Report link is clicked Successfully</font><br/>
<font color='green'>"Run Report" button is clicked Successfully.</font><br/>
<font color='green'>"Run Report" button is present in Reports page.</font><br/>
<font color='green'>The page  loaded successfully</font><br/>
<font color='green'>User Workload Report Window has opened Successfully.</font><br/>
</div>
</td>
<td></td>
<td>111</td>
<td>TestCases.TestCases@2096442d</td></tr>
<tr>
<td title='TestCases.TestCases.TC_Login()'><b>TC_Login</b><br>Test class: TestCases.TestCases<br>Parameters: public void TestCases.TestCases.TC_Login(java.lang.reflect.Method)<br/>
<a href="#Output-1374982662" onClick='toggleBox("Output-1374982662", this, "Show output", "Hide output");'>Show output</a>

<a href="#Output-1374982662" onClick="toggleAllBoxes();">Show all outputs</a>
<div class='log' id="Output-1374982662">
<font color='blue'>################################DataSet: 1################################</font><br/>
<font color='blue'>Server Details : BLR-QA-FE-1</font><br/>
<font color='green'>Type '117web@xcmsolutions.com' in : Username </font><br/>
<font color='green'>Type 'Xpitax@789' in : Password </font><br/>
<font color='green'>Click on: Login button </font><br/>
<font color='green'>Home page is displayed</font><br/>
</div>
</td>
<td></td>
<td>42</td>
<td>TestCases.TestCases@2096442d</td></tr>
<tr>
<td title='TestCases.TestCases.TC_Logout()'><b>TC_Logout</b><br>Test class: TestCases.TestCases<br>Parameters: public void TestCases.TestCases.TC_Logout(java.lang.reflect.Method)<br/>
<a href="#Output-797736012" onClick='toggleBox("Output-797736012", this, "Show output", "Hide output");'>Show output</a>

<a href="#Output-797736012" onClick="toggleAllBoxes();">Show all outputs</a>
<div class='log' id="Output-797736012">
<font color='blue'>################################DataSet: 1################################</font><br/>
<font color='green'>Click on: Profile link </font><br/>
<font color='green'>Click on: Log off </font><br/>
</div>
</td>
<td></td>
<td>1</td>
<td>TestCases.TestCases@2096442d</td></tr>
<tr>
<td title='TestCases.TestCases.TDR_BA_01()'><b>TDR_BA_01</b><br>Test class: TestCases.TestCases<br>Parameters: public void TestCases.TestCases.TDR_BA_01(java.lang.reflect.Method)<br/>
<a href="#Output-882022027" onClick='toggleBox("Output-882022027", this, "Show output", "Hide output");'>Show output</a>

<a href="#Output-882022027" onClick="toggleAllBoxes();">Show all outputs</a>
<div class='log' id="Output-882022027">
<font color='blue'>################################DataSet: 1################################</font><br/>
<font color='green'>Utilites icon is successfully clicked.</font><br/>
<font color='green'>Click on: Utilities button icon </font><br/>
<font color='green'>The page  loaded successfully</font><br/>
<font color='green'>Move the mouse over 'Manage settings and defaults'</font><br/>
<font color='green'>Click on: Manage settings and defaults</font><br/>
<font color='green'>Click on: Edit Role Names </font><br/>
<font color='green'>Use Defaults Radio Button is selected in utilities Page</font><br/>
<font color='green'>The page  loaded successfully</font><br/>
<font color='green'>Click on: Save role name </font><br/>
<font color='green'>Click on Alert OK button</font><br/>
<font color='green'>Save role name button is clicked successfully.</font><br/>
<font color='blue'>Reports page is displayed successfully</font><br/>
<font color='green'>Click on: Reports tab </font><br/>
<font color='green'>The page  loaded successfully</font><br/>
<font color='blue'>Budget & Actual Report link is clicked Successfully</font><br/>
<font color='green'>Dropdown value is Selected Successfully</font><br/>
<font color='green'>Dropdown value is Selected Successfully</font><br/>
<font color='green'>Tax - 1040 Individual is selected from Dropdown list.</font><br/>
<font color='green'>Tax - 1040 Individual is selected from dropdown list.</font><br/>
<font color='blue'>Size of Fiscal Year Dropdown is : 11</font><br/>
<font color='blue'>Fiscal Year dropdown values are : [2015, 2016, 2017, 2018, 2019, 2020, 2021, 2022, 2023, 2024, 2025]</font><br/>
<font color='green'>Fiscal Year is entered Successfully</font><br/>
<font color='green'>Dropdown value is Selected Successfully</font><br/>
<font color='green'>Dropdown value is Selected Successfully</font><br/>
<font color='green'>Dropdown value is Selected Successfully</font><br/>
<font color='blue'>Export button is displayed successfully</font><br/>
<font color='green'>Click on: Export Button </font><br/>
<font color='green'>The page  loaded successfully</font><br/>
<font color='green'>  File has downloaded successfully.</font><br/>
<font color='blue'>Time taken to open the  report is: 4027 Milli Seconds.</font><br/>
</div>
</td>
<td></td>
<td>246</td>
<td>TestCases.TestCases@2096442d</td></tr>
<tr>
<td title='TestCases.TestCases.TDR_BS_01()'><b>TDR_BS_01</b><br>Test class: TestCases.TestCases<br>Parameters: public void TestCases.TestCases.TDR_BS_01(java.lang.reflect.Method)<br/>
<a href="#Output-1445442493" onClick='toggleBox("Output-1445442493", this, "Show output", "Hide output");'>Show output</a>

<a href="#Output-1445442493" onClick="toggleAllBoxes();">Show all outputs</a>
<div class='log' id="Output-1445442493">
<font color='blue'>################################DataSet: 1################################</font><br/>
<font color='green'>Utilites icon is successfully clicked.</font><br/>
<font color='green'>Click on: Utilities button icon </font><br/>
<font color='green'>The page  loaded successfully</font><br/>
<font color='green'>Move the mouse over 'Manage settings and defaults'</font><br/>
<font color='green'>Click on: Manage settings and defaults</font><br/>
<font color='green'>Click on: Edit Role Names </font><br/>
<font color='green'>Use Defaults Radio Button is selected in utilities Page</font><br/>
<font color='green'>The page  loaded successfully</font><br/>
<font color='green'>Click on: Save role name </font><br/>
<font color='green'>Click on Alert OK button</font><br/>
<font color='green'>Save role name button is clicked successfully.</font><br/>
<font color='blue'>Reports page is displayed successfully</font><br/>
<font color='green'>Click on: Reports tab </font><br/>
<font color='green'>The page  loaded successfully</font><br/>
<font color='blue'>Budget & Staff Report link is clicked Successfully</font><br/>
<font color='green'>Tax - 1040 Individual is selected from Dropdown list.</font><br/>
<font color='green'>Tax - 1040 Individual is selected from dropdown list.</font><br/>
<font color='blue'>Size of Fiscal Year Dropdown is : 11</font><br/>
<font color='blue'>Fiscal Year dropdown values are : [2015, 2016, 2017, 2018, 2019, 2020, 2021, 2022, 2023, 2024, 2025]</font><br/>
<font color='green'>Fiscal Year is entered Successfully</font><br/>
<font color='green'>Dropdown value is Selected Successfully</font><br/>
<font color='green'>Dropdown value is Selected Successfully</font><br/>
<font color='green'>Dropdown value is Selected Successfully</font><br/>
<font color='blue'>Export button is displayed successfully</font><br/>
<font color='green'>Click on: Export Button </font><br/>
<font color='green'>The page  loaded successfully</font><br/>
<font color='green'>  File has downloaded successfully.</font><br/>
<font color='blue'>Time taken to open the  report is: 4051 Milli Seconds.</font><br/>
</div>
</td>
<td></td>
<td>305</td>
<td>TestCases.TestCases@2096442d</td></tr>
<tr>
<td title='TestCases.TestCases.TDR_DET_01()'><b>TDR_DET_01</b><br>Test class: TestCases.TestCases<br>Parameters: public void TestCases.TestCases.TDR_DET_01(java.lang.reflect.Method)<br/>
<a href="#Output-1363009985" onClick='toggleBox("Output-1363009985", this, "Show output", "Hide output");'>Show output</a>

<a href="#Output-1363009985" onClick="toggleAllBoxes();">Show all outputs</a>
<div class='log' id="Output-1363009985">
<font color='blue'>################################DataSet: 1################################</font><br/>
<font color='blue'>Reports page is displayed successfully</font><br/>
<font color='green'>Click on: Reports tab </font><br/>
<font color='green'>The page  loaded successfully</font><br/>
<font color='blue'>Detailed Report link is clicked Successfully</font><br/>
<font color='green'>"Run Report" button is clicked Successfully.</font><br/>
<font color='green'>"Run Report" button is present in Reports page.</font><br/>
<font color='green'>The page  loaded successfully</font><br/>
<font color='green'>Task Details - Large Report Window has opened Successfully.</font><br/>
</div>
</td>
<td></td>
<td>171</td>
<td>TestCases.TestCases@2096442d</td></tr>
<tr>
<td title='TestCases.TestCases.TDR_EA_01()'><b>TDR_EA_01</b><br>Test class: TestCases.TestCases<br>Parameters: public void TestCases.TestCases.TDR_EA_01(java.lang.reflect.Method)<br/>
<a href="#Output-578844640" onClick='toggleBox("Output-578844640", this, "Show output", "Hide output");'>Show output</a>

<a href="#Output-578844640" onClick="toggleAllBoxes();">Show all outputs</a>
<div class='log' id="Output-578844640">
<font color='blue'>################################DataSet: 1################################</font><br/>
<font color='green'>Utilites icon is successfully clicked.</font><br/>
<font color='green'>Click on: Utilities button icon </font><br/>
<font color='green'>The page  loaded successfully</font><br/>
<font color='green'>Move the mouse over 'Manage settings and defaults'</font><br/>
<font color='green'>Click on: Manage settings and defaults</font><br/>
<font color='green'>Click on: Edit Role Names </font><br/>
<font color='green'>Use Defaults Radio Button is selected in utilities Page</font><br/>
<font color='green'>The page  loaded successfully</font><br/>
<font color='green'>Click on: Save role name </font><br/>
<font color='green'>Click on Alert OK button</font><br/>
<font color='green'>Save role name button is clicked successfully.</font><br/>
<font color='blue'>Reports page is displayed successfully</font><br/>
<font color='green'>Click on: Reports tab </font><br/>
<font color='green'>The page  loaded successfully</font><br/>
<font color='blue'>Export Actual Report link is clicked Successfully</font><br/>
<font color='green'>Dropdown value is Selected Successfully</font><br/>
<font color='green'>Tax - 1040 Individual is selected from Dropdown list.</font><br/>
<font color='green'>Tax - 1040 Individual is selected from dropdown list.</font><br/>
<font color='green'>Fiscal Year is entered Successfully</font><br/>
<font color='blue'>Size of Fiscal Year Dropdown is : 11</font><br/>
<font color='blue'>Fiscal Year dropdown values are : [2015, 2016, 2017, 2018, 2019, 2020, 2021, 2022, 2023, 2024, 2025]</font><br/>
<font color='green'>Dropdown value is Selected Successfully</font><br/>
<font color='green'>Dropdown value is Selected Successfully</font><br/>
<font color='green'>Dropdown value is Selected Successfully</font><br/>
<font color='blue'>Export button is displayed successfully</font><br/>
<font color='green'>Click on: Export Button </font><br/>
<font color='green'>The page  loaded successfully</font><br/>
<font color='green'>  File has downloaded successfully.</font><br/>
<font color='blue'>Time taken to open the  report is: 4086 Milli Seconds.</font><br/>
</div>
</td>
<td></td>
<td>211</td>
<td>TestCases.TestCases@2096442d</td></tr>
<tr>
<td title='TestCases.TestCases.TDR_EFS_01()'><b>TDR_EFS_01</b><br>Test class: TestCases.TestCases<br>Parameters: public void TestCases.TestCases.TDR_EFS_01(java.lang.reflect.Method)<br/>
<a href="#Output-529733129" onClick='toggleBox("Output-529733129", this, "Show output", "Hide output");'>Show output</a>

<a href="#Output-529733129" onClick="toggleAllBoxes();">Show all outputs</a>
<div class='log' id="Output-529733129">
<font color='blue'>################################DataSet: 1################################</font><br/>
<font color='blue'>Reports page is displayed successfully</font><br/>
<font color='green'>Click on: Reports tab </font><br/>
<font color='green'>The page  loaded successfully</font><br/>
<font color='blue'>eFile Status Report link is clicked Successfully</font><br/>
<font color='green'>"Run Report" button is clicked Successfully.</font><br/>
<font color='green'>"Run Report" button is present in Reports page.</font><br/>
<font color='green'>The page  loaded successfully</font><br/>
<font color='green'>Task Details - eFile Status Report Window has opened Successfully.</font><br/>
</div>
</td>
<td></td>
<td>161</td>
<td>TestCases.TestCases@2096442d</td></tr>
<tr>
<td title='TestCases.TestCases.TDR_OUT_01()'><b>TDR_OUT_01</b><br>Test class: TestCases.TestCases<br>Parameters: public void TestCases.TestCases.TDR_OUT_01(java.lang.reflect.Method)<br/>
<a href="#Output-2137259890" onClick='toggleBox("Output-2137259890", this, "Show output", "Hide output");'>Show output</a>

<a href="#Output-2137259890" onClick="toggleAllBoxes();">Show all outputs</a>
<div class='log' id="Output-2137259890">
<font color='blue'>################################DataSet: 1################################</font><br/>
<font color='blue'>Reports page is displayed successfully</font><br/>
<font color='green'>Click on: Reports tab </font><br/>
<font color='green'>The page  loaded successfully</font><br/>
<font color='blue'>Outsourced Report link is clicked Successfully</font><br/>
<font color='green'>"Run Report" button is clicked Successfully.</font><br/>
<font color='green'>"Run Report" button is present in Reports page.</font><br/>
<font color='green'>The page  loaded successfully</font><br/>
<font color='green'>Task Details - Outsourced Report Window has opened Successfully.</font><br/>
</div>
</td>
<td></td>
<td>161</td>
<td>TestCases.TestCases@2096442d</td></tr>
<tr>
<td title='TestCases.TestCases.TDR_SBCE_001()'><b>TDR_SBCE_001</b><br>Test class: TestCases.TestCases<br>Parameters: public void TestCases.TestCases.TDR_SBCE_001(java.lang.reflect.Method)<br/>
<a href="#Output-717387150" onClick='toggleBox("Output-717387150", this, "Show output", "Hide output");'>Show output</a>

<a href="#Output-717387150" onClick="toggleAllBoxes();">Show all outputs</a>
<div class='log' id="Output-717387150">
<font color='blue'>################################DataSet: 1################################</font><br/>
<font color='blue'>Reports page is displayed successfully</font><br/>
<font color='green'>Click on: Reports tab </font><br/>
<font color='green'>The page  loaded successfully</font><br/>
<font color='blue'>Search By Client/Entity Report link is clicked Successfully</font><br/>
<font color='green'>"Run Report" button is clicked Successfully.</font><br/>
<font color='green'>"Run Report" button is present in Reports page.</font><br/>
<font color='green'>The page  loaded successfully</font><br/>
<font color='green'>Task Details - By Client Report Window has opened Successfully.</font><br/>
</div>
</td>
<td></td>
<td>161</td>
<td>TestCases.TestCases@2096442d</td></tr>
<tr>
<td title='TestCases.TestCases.TDR_SBD_01()'><b>TDR_SBD_01</b><br>Test class: TestCases.TestCases<br>Parameters: public void TestCases.TestCases.TDR_SBD_01(java.lang.reflect.Method)<br/>
<a href="#Output-1513821097" onClick='toggleBox("Output-1513821097", this, "Show output", "Hide output");'>Show output</a>

<a href="#Output-1513821097" onClick="toggleAllBoxes();">Show all outputs</a>
<div class='log' id="Output-1513821097">
<font color='blue'>################################DataSet: 1################################</font><br/>
<font color='blue'>Reports page is displayed successfully</font><br/>
<font color='green'>Click on: Reports tab </font><br/>
<font color='green'>The page  loaded successfully</font><br/>
<font color='blue'>Search By Date Report link is clicked Successfully</font><br/>
<font color='green'>"Run Report" button is clicked Successfully.</font><br/>
<font color='green'>"Run Report" button is present in Reports page.</font><br/>
<font color='green'>The page  loaded successfully</font><br/>
<font color='green'>Task Details - By Date Report Window has opened Successfully.</font><br/>
</div>
</td>
<td></td>
<td>162</td>
<td>TestCases.TestCases@2096442d</td></tr>
<tr>
<td title='TestCases.TestCases.TDR_TSA_01()'><b>TDR_TSA_01</b><br>Test class: TestCases.TestCases<br>Parameters: public void TestCases.TestCases.TDR_TSA_01(java.lang.reflect.Method)<br/>
<a href="#Output-737080262" onClick='toggleBox("Output-737080262", this, "Show output", "Hide output");'>Show output</a>

<a href="#Output-737080262" onClick="toggleAllBoxes();">Show all outputs</a>
<div class='log' id="Output-737080262">
<font color='blue'>################################DataSet: 1################################</font><br/>
<font color='blue'>Reports page is displayed successfully</font><br/>
<font color='green'>Click on: Reports tab </font><br/>
<font color='green'>The page  loaded successfully</font><br/>
<font color='blue'>Task Status Aging Report link is clicked Successfully</font><br/>
<font color='green'>"Run Report" button is clicked Successfully.</font><br/>
<font color='green'>"Run Report" button is present in Reports page.</font><br/>
<font color='green'>The page  loaded successfully</font><br/>
<font color='green'>Task Status Aging Report Report Window has opened Successfully.</font><br/>
</div>
</td>
<td></td>
<td>169</td>
<td>TestCases.TestCases@2096442d</td></tr>
<tr>
<td title='TestCases.TestCases.TDR_TTC_01()'><b>TDR_TTC_01</b><br>Test class: TestCases.TestCases<br>Parameters: public void TestCases.TestCases.TDR_TTC_01(java.lang.reflect.Method)<br/>
<a href="#Output-1490839316" onClick='toggleBox("Output-1490839316", this, "Show output", "Hide output");'>Show output</a>

<a href="#Output-1490839316" onClick="toggleAllBoxes();">Show all outputs</a>
<div class='log' id="Output-1490839316">
<font color='blue'>################################DataSet: 1################################</font><br/>
<font color='blue'>Reports page is displayed successfully</font><br/>
<font color='green'>Click on: Reports tab </font><br/>
<font color='green'>The page  loaded successfully</font><br/>
<font color='blue'>Time Taken To Complete Report link is clicked Successfully</font><br/>
<font color='green'>"Run Report" button is clicked Successfully.</font><br/>
<font color='green'>"Run Report" button is present in Reports page.</font><br/>
<font color='green'>The page  loaded successfully</font><br/>
<font color='green'>Task Details - Time Taken to Complete Report Window has opened Successfully.</font><br/>
</div>
</td>
<td></td>
<td>163</td>
<td>TestCases.TestCases@2096442d</td></tr>
<tr>
<td title='TestCases.TestCases.UR_CLD_01()'><b>UR_CLD_01</b><br>Test class: TestCases.TestCases<br>Parameters: public void TestCases.TestCases.UR_CLD_01(java.lang.reflect.Method)<br/>
<a href="#Output-1079539667" onClick='toggleBox("Output-1079539667", this, "Show output", "Hide output");'>Show output</a>

<a href="#Output-1079539667" onClick="toggleAllBoxes();">Show all outputs</a>
<div class='log' id="Output-1079539667">
<font color='blue'>################################DataSet: 1################################</font><br/>
<font color='blue'>Reports page is displayed successfully</font><br/>
<font color='green'>Click on: Reports tab </font><br/>
<font color='green'>The page  loaded successfully</font><br/>
<font color='blue'>CheckList Details Report link is clicked Successfully</font><br/>
<font color='green'>"Run Report" button is clicked Successfully.</font><br/>
<font color='green'>"Run Report" button is present in Reports page.</font><br/>
<font color='green'>The page  loaded successfully</font><br/>
<font color='green'>CheckList Details Report Window has opened Successfully.</font><br/>
</div>
</td>
<td></td>
<td>188</td>
<td>TestCases.TestCases@2096442d</td></tr>
<tr>
<td title='TestCases.TestCases.UR_CLS_01()'><b>UR_CLS_01</b><br>Test class: TestCases.TestCases<br>Parameters: public void TestCases.TestCases.UR_CLS_01(java.lang.reflect.Method)<br/>
<a href="#Output-1584887804" onClick='toggleBox("Output-1584887804", this, "Show output", "Hide output");'>Show output</a>

<a href="#Output-1584887804" onClick="toggleAllBoxes();">Show all outputs</a>
<div class='log' id="Output-1584887804">
<font color='blue'>################################DataSet: 1################################</font><br/>
<font color='blue'>Reports page is displayed successfully</font><br/>
<font color='green'>Click on: Reports tab </font><br/>
<font color='green'>The page  loaded successfully</font><br/>
<font color='blue'>CheckList Status Report link is clicked Successfully</font><br/>
<font color='green'>"Run Report" button is clicked Successfully.</font><br/>
<font color='green'>"Run Report" button is present in Reports page.</font><br/>
<font color='green'>The page  loaded successfully</font><br/>
<font color='green'>Checklist Report Report Window has opened Successfully.</font><br/>
</div>
</td>
<td></td>
<td>167</td>
<td>TestCases.TestCases@2096442d</td></tr>
<tr>
<td title='TestCases.TestCases.UR_IPO_01()'><b>UR_IPO_01</b><br>Test class: TestCases.TestCases<br>Parameters: public void TestCases.TestCases.UR_IPO_01(java.lang.reflect.Method)<br/>
<a href="#Output-1999640199" onClick='toggleBox("Output-1999640199", this, "Show output", "Hide output");'>Show output</a>

<a href="#Output-1999640199" onClick="toggleAllBoxes();">Show all outputs</a>
<div class='log' id="Output-1999640199">
<font color='blue'>################################DataSet: 1################################</font><br/>
<font color='blue'>Reports page is displayed successfully</font><br/>
<font color='green'>Click on: Reports tab </font><br/>
<font color='green'>The page  loaded successfully</font><br/>
<font color='blue'>Issues & Points - Open Report link is clicked Successfully</font><br/>
<font color='green'>"Run Report" button is clicked Successfully.</font><br/>
<font color='green'>"Run Report" button is present in Reports page.</font><br/>
<font color='green'>The page  loaded successfully</font><br/>
<font color='green'>Issues/Points - Open Report Window has opened Successfully.</font><br/>
</div>
</td>
<td></td>
<td>173</td>
<td>TestCases.TestCases@2096442d</td></tr>
<tr>
<td title='TestCases.TestCases.UR_MCT_01()'><b>UR_MCT_01</b><br>Test class: TestCases.TestCases<br>Parameters: public void TestCases.TestCases.UR_MCT_01(java.lang.reflect.Method)<br/>
<a href="#Output-97640441" onClick='toggleBox("Output-97640441", this, "Show output", "Hide output");'>Show output</a>

<a href="#Output-97640441" onClick="toggleAllBoxes();">Show all outputs</a>
<div class='log' id="Output-97640441">
<font color='blue'>################################DataSet: 1################################</font><br/>
<font color='blue'>Reports page is displayed successfully</font><br/>
<font color='green'>Click on: Reports tab </font><br/>
<font color='green'>The page  loaded successfully</font><br/>
<font color='blue'>My Clients/Entities - Tasks Report link is clicked Successfully</font><br/>
<font color='green'>"Run Report" button is clicked Successfully.</font><br/>
<font color='green'>"Run Report" button is present in Reports page.</font><br/>
<font color='green'>The page  loaded successfully</font><br/>
<font color='green'>My Clients - Tasks Report Window has opened Successfully.</font><br/>
</div>
</td>
<td></td>
<td>168</td>
<td>TestCases.TestCases@2096442d</td></tr>
</table><p>
</body>
</html>